#
# There is insufficient memory for the Java Runtime Environment to continue.
# Native memory allocation (malloc) failed to allocate 1633776 bytes for Chunk::new
# Possible reasons:
#   The system is out of physical RAM or swap space
#   The process is running with CompressedOops enabled, and the Java Heap may be blocking the growth of the native heap
# Possible solutions:
#   Reduce memory load on the system
#   Increase physical memory or swap space
#   Check if swap backing store is full
#   Decrease Java heap size (-Xmx/-Xms)
#   Decrease number of Java threads
#   Decrease Java thread stack sizes (-Xss)
#   Set larger code cache with -XX:ReservedCodeCacheSize=
#   JVM is running with Zero Based Compressed Oops mode in which the Java heap is
#     placed in the first 32GB address space. The Java Heap base address is the
#     maximum limit for the native heap growth. Please use -XX:HeapBaseMinAddress
#     to set the Java Heap base and to place the Java Heap above 32GB virtual address.
# This output file may be truncated or incomplete.
#
#  Out of Memory Error (arena.cpp:189), pid=25708, tid=24348
#
# JRE version: Java(TM) SE Runtime Environment (17.0.12+8) (build 17.0.12+8-LTS-286)
# Java VM: Java HotSpot(TM) 64-Bit Server VM (17.0.12+8-LTS-286, mixed mode, sharing, tiered, compressed oops, compressed class ptrs, g1 gc, windows-amd64)
# No core dump will be written. Minidumps are not enabled by default on client versions of Windows
#

---------------  S U M M A R Y ------------

Command Line: -Dclassworlds.conf=C:\Users\sheta\.m2\wrapper\dists\apache-maven-3.9.9\977a63e90f436cd6ade95b4c0e10c20c\bin\m2.conf -Dmaven.home=C:\Users\sheta\.m2\wrapper\dists\apache-maven-3.9.9\977a63e90f436cd6ade95b4c0e10c20c -Dlibrary.jansi.path=C:\Users\sheta\.m2\wrapper\dists\apache-maven-3.9.9\977a63e90f436cd6ade95b4c0e10c20c\lib\jansi-native -Dmaven.multiModuleProjectDirectory=C:\Users\sheta\Downloads\CodeAmigosProject\CodeAmigosProject\CodeAmigos--Backend-main org.codehaus.plexus.classworlds.launcher.Launcher spring-boot:run

Host: 12th Gen Intel(R) Core(TM) i5-1235U, 12 cores, 15G,  Windows 11 , 64 bit Build 26100 (10.0.26100.7309)
Time: Sun Jan 11 20:19:17 2026 India Standard Time elapsed time: 4.183725 seconds (0d 0h 0m 4s)

---------------  T H R E A D  ---------------

Current thread (0x000001236d11c180):  JavaThread "C2 CompilerThread0" daemon [_thread_in_native, id=24348, stack(0x0000001381100000,0x0000001381200000)]


Current CompileTask:
C2:   4183 3871   !   4       org.codehaus.plexus.interpolation.StringSearchInterpolator::interpolate (668 bytes)

Stack: [0x0000001381100000,0x0000001381200000]
Native frames: (J=compiled Java code, j=interpreted, Vv=VM code, C=native code)
V  [jvm.dll+0x67a04a]
V  [jvm.dll+0x7da4ed]
V  [jvm.dll+0x7dbe33]
V  [jvm.dll+0x7dc4a3]
V  [jvm.dll+0x24508f]
V  [jvm.dll+0xab773]
V  [jvm.dll+0xabd3c]
V  [jvm.dll+0x361b9f]
V  [jvm.dll+0x1ba64a]
V  [jvm.dll+0x216997]
V  [jvm.dll+0x215c6f]
V  [jvm.dll+0x1a2960]
V  [jvm.dll+0x22610b]
V  [jvm.dll+0x2242ab]
V  [jvm.dll+0x79075c]
V  [jvm.dll+0x78abea]
V  [jvm.dll+0x678f35]
C  [ucrtbase.dll+0x37b0]
C  [KERNEL32.DLL+0x2e8d7]
C  [ntdll.dll+0x8c53c]


---------------  P R O C E S S  ---------------

Threads class SMR info:
_java_thread_list=0x000001236e50b050, length=15, elements={
0x0000012345f030e0, 0x0000012368f1e610, 0x0000012368f1f1d0, 0x000001236d119790,
0x000001236d11a060, 0x000001236d11aa20, 0x000001236d11b3e0, 0x000001236d11c180,
0x000001236d122140, 0x000001236d13d320, 0x000001236d25ae90, 0x000001236d26fba0,
0x000001236d661bc0, 0x000001236dccb050, 0x000001236de7c2a0
}

Java Threads: ( => current thread )
  0x0000012345f030e0 JavaThread "main" [_thread_in_vm, id=19304, stack(0x0000001380400000,0x0000001380500000)]
  0x0000012368f1e610 JavaThread "Reference Handler" daemon [_thread_blocked, id=6356, stack(0x0000001380b00000,0x0000001380c00000)]
  0x0000012368f1f1d0 JavaThread "Finalizer" daemon [_thread_blocked, id=6592, stack(0x0000001380c00000,0x0000001380d00000)]
  0x000001236d119790 JavaThread "Signal Dispatcher" daemon [_thread_blocked, id=24100, stack(0x0000001380d00000,0x0000001380e00000)]
  0x000001236d11a060 JavaThread "Attach Listener" daemon [_thread_blocked, id=16288, stack(0x0000001380e00000,0x0000001380f00000)]
  0x000001236d11aa20 JavaThread "Service Thread" daemon [_thread_blocked, id=26420, stack(0x0000001380f00000,0x0000001381000000)]
  0x000001236d11b3e0 JavaThread "Monitor Deflation Thread" daemon [_thread_blocked, id=9000, stack(0x0000001381000000,0x0000001381100000)]
=>0x000001236d11c180 JavaThread "C2 CompilerThread0" daemon [_thread_in_native, id=24348, stack(0x0000001381100000,0x0000001381200000)]
  0x000001236d122140 JavaThread "C1 CompilerThread0" daemon [_thread_blocked, id=3824, stack(0x0000001381200000,0x0000001381300000)]
  0x000001236d13d320 JavaThread "Sweeper thread" daemon [_thread_blocked, id=21656, stack(0x0000001381300000,0x0000001381400000)]
  0x000001236d25ae90 JavaThread "Notification Thread" daemon [_thread_blocked, id=24928, stack(0x0000001381400000,0x0000001381500000)]
  0x000001236d26fba0 JavaThread "Common-Cleaner" daemon [_thread_blocked, id=26040, stack(0x0000001381600000,0x0000001381700000)]
  0x000001236d661bc0 JavaThread "C2 CompilerThread1" daemon [_thread_in_native, id=18000, stack(0x0000001381700000,0x0000001381800000)]
  0x000001236dccb050 JavaThread "C2 CompilerThread2" daemon [_thread_in_native, id=25620, stack(0x0000001381800000,0x0000001381900000)]
  0x000001236de7c2a0 JavaThread "Thread-1" daemon [_thread_blocked, id=14424, stack(0x0000001382100000,0x0000001382200000)]

Other Threads:
  0x0000012368f11b50 VMThread "VM Thread" [stack: 0x0000001380a00000,0x0000001380b00000] [id=25556]
  0x0000012345faddd0 WatcherThread [stack: 0x0000001381500000,0x0000001381600000] [id=12516]
  0x0000012345f6f380 GCTaskThread "GC Thread#0" [stack: 0x0000001380500000,0x0000001380600000] [id=18636]
  0x000001236dbe6dc0 GCTaskThread "GC Thread#1" [stack: 0x0000001381900000,0x0000001381a00000] [id=24260]
  0x000001236d292d50 GCTaskThread "GC Thread#2" [stack: 0x0000001381a00000,0x0000001381b00000] [id=23672]
  0x000001236dccb920 GCTaskThread "GC Thread#3" [stack: 0x0000001381b00000,0x0000001381c00000] [id=26540]
  0x000001236dccbbe0 GCTaskThread "GC Thread#4" [stack: 0x0000001381c00000,0x0000001381d00000] [id=14224]
  0x000001236db147f0 GCTaskThread "GC Thread#5" [stack: 0x0000001381d00000,0x0000001381e00000] [id=19396]
  0x000001236daa9860 GCTaskThread "GC Thread#6" [stack: 0x0000001381e00000,0x0000001381f00000] [id=25072]
  0x000001236dae3e90 GCTaskThread "GC Thread#7" [stack: 0x0000001381f00000,0x0000001382000000] [id=25136]
  0x000001236daa68a0 GCTaskThread "GC Thread#8" [stack: 0x0000001382000000,0x0000001382100000] [id=24920]
  0x0000012345f7fe90 ConcurrentGCThread "G1 Main Marker" [stack: 0x0000001380600000,0x0000001380700000] [id=2524]
  0x0000012345f82580 ConcurrentGCThread "G1 Conc#0" [stack: 0x0000001380700000,0x0000001380800000] [id=3444]
  0x0000012345fcd9e0 ConcurrentGCThread "G1 Refine#0" [stack: 0x0000001380800000,0x0000001380900000] [id=25820]
  0x0000012368dcb530 ConcurrentGCThread "G1 Service" [stack: 0x0000001380900000,0x0000001380a00000] [id=11428]

Threads with active compile tasks:
C2 CompilerThread0     4225 3871   !   4       org.codehaus.plexus.interpolation.StringSearchInterpolator::interpolate (668 bytes)
C2 CompilerThread1     4225 4075   !   4       org.apache.maven.model.ModelBase::clone (397 bytes)
C2 CompilerThread2     4225 3978       4       org.apache.maven.model.inheritance.DefaultInheritanceAssembler$InheritanceModelMerger::mergePluginContainer_Plugins (433 bytes)

VM state: not at safepoint (normal execution)

VM Mutex/Monitor currently owned by a thread: None

Heap address: 0x0000000704400000, size: 4028 MB, Compressed Oops mode: Zero based, Oop shift amount: 3

CDS archive(s) mapped at: [0x0000012300000000-0x0000012300bd0000-0x0000012300bd0000), size 12386304, SharedBaseAddress: 0x0000012300000000, ArchiveRelocationMode: 1.
Compressed class space mapped at: 0x0000012301000000-0x0000012341000000, reserved size: 1073741824
Narrow klass base: 0x0000012300000000, Narrow klass shift: 0, Narrow klass range: 0x100000000

GC Precious Log:
 CPUs: 12 total, 12 available
 Memory: 16108M
 Large Page Support: Disabled
 NUMA Support: Disabled
 Compressed Oops: Enabled (Zero based)
 Heap Region Size: 2M
 Heap Min Capacity: 8M
 Heap Initial Capacity: 252M
 Heap Max Capacity: 4028M
 Pre-touch: Disabled
 Parallel Workers: 10
 Concurrent Workers: 3
 Concurrent Refinement Workers: 10
 Periodic GC: Disabled

Heap:
 garbage-first heap   total 258048K, used 128062K [0x0000000704400000, 0x0000000800000000)
  region size 2048K, 62 young (126976K), 1 survivors (2048K)
 Metaspace       used 15967K, committed 16128K, reserved 1114112K
  class space    used 1862K, committed 1920K, reserved 1048576K

Heap Regions: E=young(eden), S=young(survivor), O=old, HS=humongous(starts), HC=humongous(continues), CS=collection set, F=free, OA=open archive, CA=closed archive, TAMS=top-at-mark-start (previous, next)
|   0|0x0000000704400000, 0x0000000704600000, 0x0000000704600000|100%| O|  |TAMS 0x0000000704400000, 0x0000000704400000| Untracked 
|   1|0x0000000704600000, 0x000000070475e600, 0x0000000704800000| 68%| O|  |TAMS 0x0000000704600000, 0x0000000704600000| Untracked 
|   2|0x0000000704800000, 0x0000000704800000, 0x0000000704a00000|  0%| F|  |TAMS 0x0000000704800000, 0x0000000704800000| Untracked 
|   3|0x0000000704a00000, 0x0000000704a00000, 0x0000000704c00000|  0%| F|  |TAMS 0x0000000704a00000, 0x0000000704a00000| Untracked 
|   4|0x0000000704c00000, 0x0000000704c00000, 0x0000000704e00000|  0%| F|  |TAMS 0x0000000704c00000, 0x0000000704c00000| Untracked 
|   5|0x0000000704e00000, 0x0000000704e00000, 0x0000000705000000|  0%| F|  |TAMS 0x0000000704e00000, 0x0000000704e00000| Untracked 
|   6|0x0000000705000000, 0x0000000705000000, 0x0000000705200000|  0%| F|  |TAMS 0x0000000705000000, 0x0000000705000000| Untracked 
|   7|0x0000000705200000, 0x0000000705200000, 0x0000000705400000|  0%| F|  |TAMS 0x0000000705200000, 0x0000000705200000| Untracked 
|   8|0x0000000705400000, 0x0000000705400000, 0x0000000705600000|  0%| F|  |TAMS 0x0000000705400000, 0x0000000705400000| Untracked 
|   9|0x0000000705600000, 0x0000000705600000, 0x0000000705800000|  0%| F|  |TAMS 0x0000000705600000, 0x0000000705600000| Untracked 
|  10|0x0000000705800000, 0x0000000705800000, 0x0000000705a00000|  0%| F|  |TAMS 0x0000000705800000, 0x0000000705800000| Untracked 
|  11|0x0000000705a00000, 0x0000000705a00000, 0x0000000705c00000|  0%| F|  |TAMS 0x0000000705a00000, 0x0000000705a00000| Untracked 
|  12|0x0000000705c00000, 0x0000000705c00000, 0x0000000705e00000|  0%| F|  |TAMS 0x0000000705c00000, 0x0000000705c00000| Untracked 
|  13|0x0000000705e00000, 0x0000000705e00000, 0x0000000706000000|  0%| F|  |TAMS 0x0000000705e00000, 0x0000000705e00000| Untracked 
|  14|0x0000000706000000, 0x0000000706000000, 0x0000000706200000|  0%| F|  |TAMS 0x0000000706000000, 0x0000000706000000| Untracked 
|  15|0x0000000706200000, 0x0000000706200000, 0x0000000706400000|  0%| F|  |TAMS 0x0000000706200000, 0x0000000706200000| Untracked 
|  16|0x0000000706400000, 0x0000000706400000, 0x0000000706600000|  0%| F|  |TAMS 0x0000000706400000, 0x0000000706400000| Untracked 
|  17|0x0000000706600000, 0x0000000706600000, 0x0000000706800000|  0%| F|  |TAMS 0x0000000706600000, 0x0000000706600000| Untracked 
|  18|0x0000000706800000, 0x0000000706800000, 0x0000000706a00000|  0%| F|  |TAMS 0x0000000706800000, 0x0000000706800000| Untracked 
|  19|0x0000000706a00000, 0x0000000706a00000, 0x0000000706c00000|  0%| F|  |TAMS 0x0000000706a00000, 0x0000000706a00000| Untracked 
|  20|0x0000000706c00000, 0x0000000706c00000, 0x0000000706e00000|  0%| F|  |TAMS 0x0000000706c00000, 0x0000000706c00000| Untracked 
|  21|0x0000000706e00000, 0x0000000706e00000, 0x0000000707000000|  0%| F|  |TAMS 0x0000000706e00000, 0x0000000706e00000| Untracked 
|  22|0x0000000707000000, 0x0000000707000000, 0x0000000707200000|  0%| F|  |TAMS 0x0000000707000000, 0x0000000707000000| Untracked 
|  23|0x0000000707200000, 0x0000000707200000, 0x0000000707400000|  0%| F|  |TAMS 0x0000000707200000, 0x0000000707200000| Untracked 
|  24|0x0000000707400000, 0x0000000707400000, 0x0000000707600000|  0%| F|  |TAMS 0x0000000707400000, 0x0000000707400000| Untracked 
|  25|0x0000000707600000, 0x0000000707600000, 0x0000000707800000|  0%| F|  |TAMS 0x0000000707600000, 0x0000000707600000| Untracked 
|  26|0x0000000707800000, 0x0000000707800000, 0x0000000707a00000|  0%| F|  |TAMS 0x0000000707800000, 0x0000000707800000| Untracked 
|  27|0x0000000707a00000, 0x0000000707a00000, 0x0000000707c00000|  0%| F|  |TAMS 0x0000000707a00000, 0x0000000707a00000| Untracked 
|  28|0x0000000707c00000, 0x0000000707c00000, 0x0000000707e00000|  0%| F|  |TAMS 0x0000000707c00000, 0x0000000707c00000| Untracked 
|  29|0x0000000707e00000, 0x0000000707e00000, 0x0000000708000000|  0%| F|  |TAMS 0x0000000707e00000, 0x0000000707e00000| Untracked 
|  30|0x0000000708000000, 0x0000000708000000, 0x0000000708200000|  0%| F|  |TAMS 0x0000000708000000, 0x0000000708000000| Untracked 
|  31|0x0000000708200000, 0x0000000708200000, 0x0000000708400000|  0%| F|  |TAMS 0x0000000708200000, 0x0000000708200000| Untracked 
|  32|0x0000000708400000, 0x0000000708400000, 0x0000000708600000|  0%| F|  |TAMS 0x0000000708400000, 0x0000000708400000| Untracked 
|  33|0x0000000708600000, 0x0000000708600000, 0x0000000708800000|  0%| F|  |TAMS 0x0000000708600000, 0x0000000708600000| Untracked 
|  34|0x0000000708800000, 0x0000000708800000, 0x0000000708a00000|  0%| F|  |TAMS 0x0000000708800000, 0x0000000708800000| Untracked 
|  35|0x0000000708a00000, 0x0000000708a00000, 0x0000000708c00000|  0%| F|  |TAMS 0x0000000708a00000, 0x0000000708a00000| Untracked 
|  36|0x0000000708c00000, 0x0000000708c00000, 0x0000000708e00000|  0%| F|  |TAMS 0x0000000708c00000, 0x0000000708c00000| Untracked 
|  37|0x0000000708e00000, 0x0000000708e00000, 0x0000000709000000|  0%| F|  |TAMS 0x0000000708e00000, 0x0000000708e00000| Untracked 
|  38|0x0000000709000000, 0x0000000709000000, 0x0000000709200000|  0%| F|  |TAMS 0x0000000709000000, 0x0000000709000000| Untracked 
|  39|0x0000000709200000, 0x0000000709200000, 0x0000000709400000|  0%| F|  |TAMS 0x0000000709200000, 0x0000000709200000| Untracked 
|  40|0x0000000709400000, 0x0000000709400000, 0x0000000709600000|  0%| F|  |TAMS 0x0000000709400000, 0x0000000709400000| Untracked 
|  41|0x0000000709600000, 0x0000000709600000, 0x0000000709800000|  0%| F|  |TAMS 0x0000000709600000, 0x0000000709600000| Untracked 
|  42|0x0000000709800000, 0x0000000709800000, 0x0000000709a00000|  0%| F|  |TAMS 0x0000000709800000, 0x0000000709800000| Untracked 
|  43|0x0000000709a00000, 0x0000000709a00000, 0x0000000709c00000|  0%| F|  |TAMS 0x0000000709a00000, 0x0000000709a00000| Untracked 
|  44|0x0000000709c00000, 0x0000000709c00000, 0x0000000709e00000|  0%| F|  |TAMS 0x0000000709c00000, 0x0000000709c00000| Untracked 
|  45|0x0000000709e00000, 0x0000000709e00000, 0x000000070a000000|  0%| F|  |TAMS 0x0000000709e00000, 0x0000000709e00000| Untracked 
|  46|0x000000070a000000, 0x000000070a000000, 0x000000070a200000|  0%| F|  |TAMS 0x000000070a000000, 0x000000070a000000| Untracked 
|  47|0x000000070a200000, 0x000000070a200000, 0x000000070a400000|  0%| F|  |TAMS 0x000000070a200000, 0x000000070a200000| Untracked 
|  48|0x000000070a400000, 0x000000070a400000, 0x000000070a600000|  0%| F|  |TAMS 0x000000070a400000, 0x000000070a400000| Untracked 
|  49|0x000000070a600000, 0x000000070a600000, 0x000000070a800000|  0%| F|  |TAMS 0x000000070a600000, 0x000000070a600000| Untracked 
|  50|0x000000070a800000, 0x000000070a800000, 0x000000070aa00000|  0%| F|  |TAMS 0x000000070a800000, 0x000000070a800000| Untracked 
|  51|0x000000070aa00000, 0x000000070aa00000, 0x000000070ac00000|  0%| F|  |TAMS 0x000000070aa00000, 0x000000070aa00000| Untracked 
|  52|0x000000070ac00000, 0x000000070ac00000, 0x000000070ae00000|  0%| F|  |TAMS 0x000000070ac00000, 0x000000070ac00000| Untracked 
|  53|0x000000070ae00000, 0x000000070ae00000, 0x000000070b000000|  0%| F|  |TAMS 0x000000070ae00000, 0x000000070ae00000| Untracked 
|  54|0x000000070b000000, 0x000000070b000000, 0x000000070b200000|  0%| F|  |TAMS 0x000000070b000000, 0x000000070b000000| Untracked 
|  55|0x000000070b200000, 0x000000070b200000, 0x000000070b400000|  0%| F|  |TAMS 0x000000070b200000, 0x000000070b200000| Untracked 
|  56|0x000000070b400000, 0x000000070b400000, 0x000000070b600000|  0%| F|  |TAMS 0x000000070b400000, 0x000000070b400000| Untracked 
|  57|0x000000070b600000, 0x000000070b600000, 0x000000070b800000|  0%| F|  |TAMS 0x000000070b600000, 0x000000070b600000| Untracked 
|  58|0x000000070b800000, 0x000000070b800000, 0x000000070ba00000|  0%| F|  |TAMS 0x000000070b800000, 0x000000070b800000| Untracked 
|  59|0x000000070ba00000, 0x000000070ba00000, 0x000000070bc00000|  0%| F|  |TAMS 0x000000070ba00000, 0x000000070ba00000| Untracked 
|  60|0x000000070bc00000, 0x000000070bc00000, 0x000000070be00000|  0%| F|  |TAMS 0x000000070bc00000, 0x000000070bc00000| Untracked 
|  61|0x000000070be00000, 0x000000070be00000, 0x000000070c000000|  0%| F|  |TAMS 0x000000070be00000, 0x000000070be00000| Untracked 
|  62|0x000000070c000000, 0x000000070c000000, 0x000000070c200000|  0%| F|  |TAMS 0x000000070c000000, 0x000000070c000000| Untracked 
|  63|0x000000070c200000, 0x000000070c200000, 0x000000070c400000|  0%| F|  |TAMS 0x000000070c200000, 0x000000070c200000| Untracked 
|  64|0x000000070c400000, 0x000000070c600000, 0x000000070c600000|100%| E|  |TAMS 0x000000070c400000, 0x000000070c400000| Complete 
|  65|0x000000070c600000, 0x000000070c800000, 0x000000070c800000|100%| E|CS|TAMS 0x000000070c600000, 0x000000070c600000| Complete 
|  66|0x000000070c800000, 0x000000070ca00000, 0x000000070ca00000|100%| E|CS|TAMS 0x000000070c800000, 0x000000070c800000| Complete 
|  67|0x000000070ca00000, 0x000000070cc00000, 0x000000070cc00000|100%| E|CS|TAMS 0x000000070ca00000, 0x000000070ca00000| Complete 
|  68|0x000000070cc00000, 0x000000070ce00000, 0x000000070ce00000|100%| E|CS|TAMS 0x000000070cc00000, 0x000000070cc00000| Complete 
|  69|0x000000070ce00000, 0x000000070d000000, 0x000000070d000000|100%| E|CS|TAMS 0x000000070ce00000, 0x000000070ce00000| Complete 
|  70|0x000000070d000000, 0x000000070d200000, 0x000000070d200000|100%| E|CS|TAMS 0x000000070d000000, 0x000000070d000000| Complete 
|  71|0x000000070d200000, 0x000000070d400000, 0x000000070d400000|100%| E|CS|TAMS 0x000000070d200000, 0x000000070d200000| Complete 
|  72|0x000000070d400000, 0x000000070d600000, 0x000000070d600000|100%| E|CS|TAMS 0x000000070d400000, 0x000000070d400000| Complete 
|  73|0x000000070d600000, 0x000000070d800000, 0x000000070d800000|100%| E|CS|TAMS 0x000000070d600000, 0x000000070d600000| Complete 
|  74|0x000000070d800000, 0x000000070da00000, 0x000000070da00000|100%| E|CS|TAMS 0x000000070d800000, 0x000000070d800000| Complete 
|  75|0x000000070da00000, 0x000000070dc00000, 0x000000070dc00000|100%| E|CS|TAMS 0x000000070da00000, 0x000000070da00000| Complete 
|  76|0x000000070dc00000, 0x000000070de00000, 0x000000070de00000|100%| E|CS|TAMS 0x000000070dc00000, 0x000000070dc00000| Complete 
|  77|0x000000070de00000, 0x000000070e000000, 0x000000070e000000|100%| E|CS|TAMS 0x000000070de00000, 0x000000070de00000| Complete 
|  78|0x000000070e000000, 0x000000070e200000, 0x000000070e200000|100%| E|CS|TAMS 0x000000070e000000, 0x000000070e000000| Complete 
|  79|0x000000070e200000, 0x000000070e400000, 0x000000070e400000|100%| E|CS|TAMS 0x000000070e200000, 0x000000070e200000| Complete 
|  80|0x000000070e400000, 0x000000070e600000, 0x000000070e600000|100%| E|CS|TAMS 0x000000070e400000, 0x000000070e400000| Complete 
|  81|0x000000070e600000, 0x000000070e800000, 0x000000070e800000|100%| E|CS|TAMS 0x000000070e600000, 0x000000070e600000| Complete 
|  82|0x000000070e800000, 0x000000070ea00000, 0x000000070ea00000|100%| E|CS|TAMS 0x000000070e800000, 0x000000070e800000| Complete 
|  83|0x000000070ea00000, 0x000000070ec00000, 0x000000070ec00000|100%| E|CS|TAMS 0x000000070ea00000, 0x000000070ea00000| Complete 
|  84|0x000000070ec00000, 0x000000070ee00000, 0x000000070ee00000|100%| E|CS|TAMS 0x000000070ec00000, 0x000000070ec00000| Complete 
|  85|0x000000070ee00000, 0x000000070f000000, 0x000000070f000000|100%| E|CS|TAMS 0x000000070ee00000, 0x000000070ee00000| Complete 
|  86|0x000000070f000000, 0x000000070f200000, 0x000000070f200000|100%| E|CS|TAMS 0x000000070f000000, 0x000000070f000000| Complete 
|  87|0x000000070f200000, 0x000000070f400000, 0x000000070f400000|100%| E|CS|TAMS 0x000000070f200000, 0x000000070f200000| Complete 
|  88|0x000000070f400000, 0x000000070f600000, 0x000000070f600000|100%| E|CS|TAMS 0x000000070f400000, 0x000000070f400000| Complete 
|  89|0x000000070f600000, 0x000000070f800000, 0x000000070f800000|100%| E|CS|TAMS 0x000000070f600000, 0x000000070f600000| Complete 
|  90|0x000000070f800000, 0x000000070fa00000, 0x000000070fa00000|100%| E|CS|TAMS 0x000000070f800000, 0x000000070f800000| Complete 
|  91|0x000000070fa00000, 0x000000070fc00000, 0x000000070fc00000|100%| E|CS|TAMS 0x000000070fa00000, 0x000000070fa00000| Complete 
|  92|0x000000070fc00000, 0x000000070fe00000, 0x000000070fe00000|100%| E|CS|TAMS 0x000000070fc00000, 0x000000070fc00000| Complete 
|  93|0x000000070fe00000, 0x0000000710000000, 0x0000000710000000|100%| E|CS|TAMS 0x000000070fe00000, 0x000000070fe00000| Complete 
|  94|0x0000000710000000, 0x0000000710200000, 0x0000000710200000|100%| E|CS|TAMS 0x0000000710000000, 0x0000000710000000| Complete 
|  95|0x0000000710200000, 0x0000000710400000, 0x0000000710400000|100%| E|CS|TAMS 0x0000000710200000, 0x0000000710200000| Complete 
|  96|0x0000000710400000, 0x0000000710600000, 0x0000000710600000|100%| E|CS|TAMS 0x0000000710400000, 0x0000000710400000| Complete 
|  97|0x0000000710600000, 0x0000000710800000, 0x0000000710800000|100%| E|CS|TAMS 0x0000000710600000, 0x0000000710600000| Complete 
|  98|0x0000000710800000, 0x0000000710a00000, 0x0000000710a00000|100%| E|CS|TAMS 0x0000000710800000, 0x0000000710800000| Complete 
|  99|0x0000000710a00000, 0x0000000710c00000, 0x0000000710c00000|100%| E|CS|TAMS 0x0000000710a00000, 0x0000000710a00000| Complete 
| 100|0x0000000710c00000, 0x0000000710e00000, 0x0000000710e00000|100%| E|CS|TAMS 0x0000000710c00000, 0x0000000710c00000| Complete 
| 101|0x0000000710e00000, 0x0000000711000000, 0x0000000711000000|100%| E|CS|TAMS 0x0000000710e00000, 0x0000000710e00000| Complete 
| 102|0x0000000711000000, 0x0000000711200000, 0x0000000711200000|100%| E|CS|TAMS 0x0000000711000000, 0x0000000711000000| Complete 
| 103|0x0000000711200000, 0x0000000711400000, 0x0000000711400000|100%| E|CS|TAMS 0x0000000711200000, 0x0000000711200000| Complete 
| 104|0x0000000711400000, 0x0000000711600000, 0x0000000711600000|100%| E|CS|TAMS 0x0000000711400000, 0x0000000711400000| Complete 
| 105|0x0000000711600000, 0x0000000711800000, 0x0000000711800000|100%| E|CS|TAMS 0x0000000711600000, 0x0000000711600000| Complete 
| 106|0x0000000711800000, 0x0000000711a00000, 0x0000000711a00000|100%| E|CS|TAMS 0x0000000711800000, 0x0000000711800000| Complete 
| 107|0x0000000711a00000, 0x0000000711c00000, 0x0000000711c00000|100%| E|CS|TAMS 0x0000000711a00000, 0x0000000711a00000| Complete 
| 108|0x0000000711c00000, 0x0000000711db1400, 0x0000000711e00000| 84%| S|CS|TAMS 0x0000000711c00000, 0x0000000711c00000| Complete 
| 109|0x0000000711e00000, 0x0000000712000000, 0x0000000712000000|100%| E|CS|TAMS 0x0000000711e00000, 0x0000000711e00000| Complete 
| 110|0x0000000712000000, 0x0000000712200000, 0x0000000712200000|100%| E|CS|TAMS 0x0000000712000000, 0x0000000712000000| Complete 
| 111|0x0000000712200000, 0x0000000712400000, 0x0000000712400000|100%| E|CS|TAMS 0x0000000712200000, 0x0000000712200000| Complete 
| 112|0x0000000712400000, 0x0000000712600000, 0x0000000712600000|100%| E|CS|TAMS 0x0000000712400000, 0x0000000712400000| Complete 
| 113|0x0000000712600000, 0x0000000712800000, 0x0000000712800000|100%| E|CS|TAMS 0x0000000712600000, 0x0000000712600000| Complete 
| 114|0x0000000712800000, 0x0000000712a00000, 0x0000000712a00000|100%| E|CS|TAMS 0x0000000712800000, 0x0000000712800000| Complete 
| 115|0x0000000712a00000, 0x0000000712c00000, 0x0000000712c00000|100%| E|CS|TAMS 0x0000000712a00000, 0x0000000712a00000| Complete 
| 116|0x0000000712c00000, 0x0000000712e00000, 0x0000000712e00000|100%| E|CS|TAMS 0x0000000712c00000, 0x0000000712c00000| Complete 
| 117|0x0000000712e00000, 0x0000000713000000, 0x0000000713000000|100%| E|CS|TAMS 0x0000000712e00000, 0x0000000712e00000| Complete 
| 118|0x0000000713000000, 0x0000000713200000, 0x0000000713200000|100%| E|CS|TAMS 0x0000000713000000, 0x0000000713000000| Complete 
| 119|0x0000000713200000, 0x0000000713400000, 0x0000000713400000|100%| E|CS|TAMS 0x0000000713200000, 0x0000000713200000| Complete 
| 120|0x0000000713400000, 0x0000000713600000, 0x0000000713600000|100%| E|CS|TAMS 0x0000000713400000, 0x0000000713400000| Complete 
| 121|0x0000000713600000, 0x0000000713800000, 0x0000000713800000|100%| E|CS|TAMS 0x0000000713600000, 0x0000000713600000| Complete 
| 122|0x0000000713800000, 0x0000000713a00000, 0x0000000713a00000|100%| E|CS|TAMS 0x0000000713800000, 0x0000000713800000| Complete 
| 123|0x0000000713a00000, 0x0000000713c00000, 0x0000000713c00000|100%| E|CS|TAMS 0x0000000713a00000, 0x0000000713a00000| Complete 
| 124|0x0000000713c00000, 0x0000000713e00000, 0x0000000713e00000|100%| E|CS|TAMS 0x0000000713c00000, 0x0000000713c00000| Complete 
| 125|0x0000000713e00000, 0x0000000714000000, 0x0000000714000000|100%| E|CS|TAMS 0x0000000713e00000, 0x0000000713e00000| Complete 

Card table byte_map: [0x000001235d4f0000,0x000001235dcd0000] _byte_map_base: 0x0000012359cce000

Marking Bits (Prev, Next): (CMBitMap*) 0x0000012345f6f9a0, (CMBitMap*) 0x0000012345f6f9e0
 Prev Bits: [0x000001235e4b0000, 0x00000123623a0000)
 Next Bits: [0x00000123623a0000, 0x0000012366290000)

Polling page: 0x0000012343ea0000

Metaspace:

Usage:
  Non-class:     13.77 MB used.
      Class:      1.82 MB used.
       Both:     15.59 MB used.

Virtual space:
  Non-class space:       64.00 MB reserved,      13.88 MB ( 22%) committed,  1 nodes.
      Class space:        1.00 GB reserved,       1.88 MB ( <1%) committed,  1 nodes.
             Both:        1.06 GB reserved,      15.75 MB (  1%) committed. 

Chunk freelists:
   Non-Class:  1.62 MB
       Class:  13.95 MB
        Both:  15.58 MB

MaxMetaspaceSize: unlimited
CompressedClassSpaceSize: 1.00 GB
Initial GC threshold: 21.00 MB
Current GC threshold: 21.00 MB
CDS: on
MetaspaceReclaimPolicy: balanced
 - commit_granule_bytes: 65536.
 - commit_granule_words: 8192.
 - virtual_space_node_default_size: 8388608.
 - enlarge_chunks_in_place: 1.
 - new_chunks_are_fully_committed: 0.
 - uncommit_free_chunks: 1.
 - use_allocation_guard: 0.
 - handle_deallocations: 1.


Internal statistics:

num_allocs_failed_limit: 0.
num_arena_births: 104.
num_arena_deaths: 0.
num_vsnodes_births: 2.
num_vsnodes_deaths: 0.
num_space_committed: 252.
num_space_uncommitted: 0.
num_chunks_returned_to_freelist: 0.
num_chunks_taken_from_freelist: 662.
num_chunk_merges: 0.
num_chunk_splits: 453.
num_chunks_enlarged: 360.
num_inconsistent_stats: 0.

CodeHeap 'non-profiled nmethods': size=120000Kb used=2120Kb max_used=2120Kb free=117879Kb
 bounds [0x0000012355290000, 0x0000012355500000, 0x000001235c7c0000]
CodeHeap 'profiled nmethods': size=120000Kb used=8684Kb max_used=8684Kb free=111315Kb
 bounds [0x000001234d7c0000, 0x000001234e040000, 0x0000012354cf0000]
CodeHeap 'non-nmethods': size=5760Kb used=1179Kb max_used=1228Kb free=4580Kb
 bounds [0x0000012354cf0000, 0x0000012354f60000, 0x0000012355290000]
 total_blobs=4562 nmethods=4092 adapters=382
 compilation: enabled
              stopped_count=0, restarted_count=0
 full_count=0

Compilation events (20 events):
Event: 3.141 Thread 0x000001236d122140 nmethod 4071 0x000001234e02cb10 code [0x000001234e02cd80, 0x000001234e02d8b8]
Event: 3.141 Thread 0x000001236d122140 4069       3       org.eclipse.aether.resolution.VersionRequest::setArtifact (7 bytes)
Event: 3.141 Thread 0x000001236d122140 nmethod 4069 0x000001234e02dc10 code [0x000001234e02dda0, 0x000001234e02def8]
Event: 3.141 Thread 0x000001236d122140 4070       3       org.eclipse.aether.resolution.VersionRequest::setTrace (7 bytes)
Event: 3.141 Thread 0x000001236d122140 nmethod 4070 0x000001234e02df90 code [0x000001234e02e120, 0x000001234e02e278]
Event: 3.144 Thread 0x000001236d122140 4072       3       org.apache.maven.model.Build::<init> (5 bytes)
Event: 3.144 Thread 0x000001236d122140 nmethod 4072 0x000001234e02e310 code [0x000001234e02e4c0, 0x000001234e02e738]
Event: 3.145 Thread 0x000001236d122140 4073       3       org.eclipse.aether.artifact.DefaultArtifact::<init> (17 bytes)
Event: 3.145 Thread 0x000001236d122140 nmethod 4073 0x000001234e02e890 code [0x000001234e02ea20, 0x000001234e02eb68]
Event: 3.145 Thread 0x000001236d122140 4074       3       org.eclipse.aether.artifact.DefaultArtifact::<init> (62 bytes)
Event: 3.146 Thread 0x000001236d122140 nmethod 4074 0x000001234e02ec10 code [0x000001234e02ee80, 0x000001234e02fcd8]
Event: 3.153 Thread 0x000001236d122140 4076       3       java.lang.ThreadLocal$ThreadLocalMap::getEntryAfterMiss (59 bytes)
Event: 3.154 Thread 0x000001236d122140 nmethod 4076 0x000001234e030110 code [0x000001234e030300, 0x000001234e030928]
Event: 3.161 Thread 0x000001236d661bc0 nmethod 4064 0x000001235549fe10 code [0x00000123554a0060, 0x00000123554a1068]
Event: 3.161 Thread 0x000001236d661bc0 4075   !   4       org.apache.maven.model.ModelBase::clone (397 bytes)
Event: 3.162 Thread 0x000001236d122140 4077       3       org.apache.maven.model.Model::setPomFile (17 bytes)
Event: 3.162 Thread 0x000001236d122140 nmethod 4077 0x000001234e030b90 code [0x000001234e030d40, 0x000001234e030f48]
Event: 3.165 Thread 0x000001236d122140 4078       3       java.nio.charset.CharsetDecoder::<init> (10 bytes)
Event: 3.165 Thread 0x000001236d122140 nmethod 4078 0x000001234e031010 code [0x000001234e0311c0, 0x000001234e031308]
Event: 3.223 Thread 0x000001236d122140 4082       3       org.slf4j.impl.StaticLoggerBinder::getSingleton (4 bytes)

GC Heap History (4 events):
Event: 0.685 GC heap before
{Heap before GC invocations=0 (full 0):
 garbage-first heap   total 258048K, used 22528K [0x0000000704400000, 0x0000000800000000)
  region size 2048K, 11 young (22528K), 0 survivors (0K)
 Metaspace       used 5425K, committed 5632K, reserved 1114112K
  class space    used 653K, committed 768K, reserved 1048576K
}
Event: 0.690 GC heap after
{Heap after GC invocations=1 (full 0):
 garbage-first heap   total 258048K, used 3736K [0x0000000704400000, 0x0000000800000000)
  region size 2048K, 2 young (4096K), 2 survivors (4096K)
 Metaspace       used 5425K, committed 5632K, reserved 1114112K
  class space    used 653K, committed 768K, reserved 1048576K
}
Event: 1.227 GC heap before
{Heap before GC invocations=1 (full 0):
 garbage-first heap   total 258048K, used 34456K [0x0000000704400000, 0x0000000800000000)
  region size 2048K, 17 young (34816K), 2 survivors (4096K)
 Metaspace       used 9297K, committed 9472K, reserved 1114112K
  class space    used 1129K, committed 1216K, reserved 1048576K
}
Event: 1.232 GC heap after
{Heap after GC invocations=2 (full 0):
 garbage-first heap   total 258048K, used 5182K [0x0000000704400000, 0x0000000800000000)
  region size 2048K, 1 young (2048K), 1 survivors (2048K)
 Metaspace       used 9297K, committed 9472K, reserved 1114112K
  class space    used 1129K, committed 1216K, reserved 1048576K
}

Deoptimization events (20 events):
Event: 2.783 Thread 0x0000012345f030e0 Uncommon trap: trap_request=0xffffffbe fr.pc=0x000001235546b0e8 relative=0x0000000000001108
Event: 2.784 Thread 0x0000012345f030e0 Uncommon trap: reason=profile_predicate action=maybe_recompile pc=0x000001235546b0e8 method=java.util.concurrent.ConcurrentHashMap.putAll(Ljava/util/Map;)V @ 28 c2
Event: 2.784 Thread 0x0000012345f030e0 DEOPT PACKING pc=0x000001235546b0e8 sp=0x00000013804fc2c0
Event: 2.784 Thread 0x0000012345f030e0 DEOPT UNPACKING pc=0x0000012354d423a3 sp=0x00000013804fc290 mode 2
Event: 2.784 Thread 0x0000012345f030e0 Uncommon trap: trap_request=0xffffffbe fr.pc=0x000001235546b0e8 relative=0x0000000000001108
Event: 2.784 Thread 0x0000012345f030e0 Uncommon trap: reason=profile_predicate action=maybe_recompile pc=0x000001235546b0e8 method=java.util.concurrent.ConcurrentHashMap.putAll(Ljava/util/Map;)V @ 28 c2
Event: 2.784 Thread 0x0000012345f030e0 DEOPT PACKING pc=0x000001235546b0e8 sp=0x00000013804fbfd0
Event: 2.784 Thread 0x0000012345f030e0 DEOPT UNPACKING pc=0x0000012354d423a3 sp=0x00000013804fbfa0 mode 2
Event: 2.784 Thread 0x0000012345f030e0 Uncommon trap: trap_request=0xffffffbe fr.pc=0x000001235546b0e8 relative=0x0000000000001108
Event: 2.784 Thread 0x0000012345f030e0 Uncommon trap: reason=profile_predicate action=maybe_recompile pc=0x000001235546b0e8 method=java.util.concurrent.ConcurrentHashMap.putAll(Ljava/util/Map;)V @ 28 c2
Event: 2.784 Thread 0x0000012345f030e0 DEOPT PACKING pc=0x000001235546b0e8 sp=0x00000013804fc2c0
Event: 2.784 Thread 0x0000012345f030e0 DEOPT UNPACKING pc=0x0000012354d423a3 sp=0x00000013804fc290 mode 2
Event: 2.817 Thread 0x0000012345f030e0 DEOPT PACKING pc=0x000001234ded923d sp=0x00000013804fbee0
Event: 2.817 Thread 0x0000012345f030e0 DEOPT UNPACKING pc=0x0000012354d42b43 sp=0x00000013804fb3e8 mode 0
Event: 2.924 Thread 0x0000012345f030e0 DEOPT PACKING pc=0x000001234ded923d sp=0x00000013804fbee0
Event: 2.924 Thread 0x0000012345f030e0 DEOPT UNPACKING pc=0x0000012354d42b43 sp=0x00000013804fb3e8 mode 0
Event: 3.030 Thread 0x0000012345f030e0 DEOPT PACKING pc=0x000001234ded923d sp=0x00000013804fbe10
Event: 3.030 Thread 0x0000012345f030e0 DEOPT UNPACKING pc=0x0000012354d42b43 sp=0x00000013804fb318 mode 0
Event: 4.176 Thread 0x0000012345f030e0 DEOPT PACKING pc=0x000001234dc1ed89 sp=0x00000013804fbfb0
Event: 4.176 Thread 0x0000012345f030e0 DEOPT UNPACKING pc=0x0000012354d42b43 sp=0x00000013804fb490 mode 0

Classes unloaded (0 events):
No events

Classes redefined (0 events):
No events

Internal exceptions (20 events):
Event: 0.559 Thread 0x0000012345f030e0 Exception <a 'java/lang/NoSuchMethodError'{0x00000007131e7db8}: 'int java.lang.invoke.DirectMethodHandle$Holder.invokeSpecialIFC(java.lang.Object, java.lang.Object, java.lang.Object, java.lang.Object, java.lang.Object)'> (0x00000007131e7db8) 
thrown [s\open\src\hotspot\share\interpreter\linkResolver.cpp, line 759]
Event: 0.600 Thread 0x0000012345f030e0 Exception <a 'java/lang/NoSuchMethodError'{0x0000000712f99338}: 'java.lang.Object java.lang.invoke.DirectMethodHandle$Holder.newInvokeSpecial(java.lang.Object, java.lang.Object, java.lang.Object, java.lang.Object, java.lang.Object)'> (0x0000000712f99338) 
thrown [s\open\src\hotspot\share\interpreter\linkResolver.cpp, line 759]
Event: 0.626 Thread 0x0000012345f030e0 Exception <a 'java/lang/NoSuchMethodError'{0x0000000712ca5638}: 'int java.lang.invoke.DirectMethodHandle$Holder.invokeStaticInit(java.lang.Object, java.lang.Object)'> (0x0000000712ca5638) 
thrown [s\open\src\hotspot\share\interpreter\linkResolver.cpp, line 759]
Event: 0.634 Thread 0x0000012345f030e0 Exception <a 'java/lang/NoClassDefFoundError'{0x0000000712cdeb88}: javax/enterprise/inject/Typed> (0x0000000712cdeb88) 
thrown [s\open\src\hotspot\share\classfile\systemDictionary.cpp, line 245]
Event: 1.359 Thread 0x0000012345f030e0 Exception <a 'java/lang/NoSuchMethodError'{0x00000007138a3a90}: 'void java.lang.invoke.DirectMethodHandle$Holder.invokeStaticInit(java.lang.Object, java.lang.Object, java.lang.Object)'> (0x00000007138a3a90) 
thrown [s\open\src\hotspot\share\interpreter\linkResolver.cpp, line 759]
Event: 1.365 Thread 0x0000012345f030e0 Exception <a 'java/lang/ExceptionInInitializerError'{0x00000007138cfdc0}> (0x00000007138cfdc0) 
thrown [s\open\src\hotspot\share\oops\instanceKlass.cpp, line 1216]
Event: 1.398 Thread 0x0000012345f030e0 Implicit null exception at 0x000001235531942f to 0x0000012355319590
Event: 1.401 Thread 0x0000012345f030e0 Exception <a 'java/lang/NoSuchMethodError'{0x00000007139e4e78}: 'java.lang.Object java.lang.invoke.Invokers$Holder.invokeExact_MT(java.lang.Object, int, java.lang.Object)'> (0x00000007139e4e78) 
thrown [s\open\src\hotspot\share\interpreter\linkResolver.cpp, line 759]
Event: 1.415 Thread 0x0000012345f030e0 Exception <a 'java/lang/NoSuchMethodError'{0x00000007136510f8}: 'int java.lang.invoke.DirectMethodHandle$Holder.invokeSpecial(java.lang.Object, java.lang.Object, java.lang.Object, java.lang.Object)'> (0x00000007136510f8) 
thrown [s\open\src\hotspot\share\interpreter\linkResolver.cpp, line 759]
Event: 1.637 Thread 0x0000012345f030e0 Exception <a 'java/lang/NoClassDefFoundError'{0x0000000712e8ccf0}: com/google/inject/servlet/ServletModuleTargetVisitor> (0x0000000712e8ccf0) 
thrown [s\open\src\hotspot\share\classfile\systemDictionary.cpp, line 245]
Event: 1.694 Thread 0x0000012345f030e0 Exception <a 'java/lang/NoSuchMethodError'{0x0000000712c22e60}: 'void java.lang.invoke.DirectMethodHandle$Holder.invokeVirtual(java.lang.Object, java.lang.Object)'> (0x0000000712c22e60) 
thrown [s\open\src\hotspot\share\interpreter\linkResolver.cpp, line 759]
Event: 1.714 Thread 0x0000012345f030e0 Exception <a 'java/lang/NoSuchMethodError'{0x0000000712c9b4a0}: 'java.lang.Object java.lang.invoke.DirectMethodHandle$Holder.invokeStaticInit(java.lang.Object, int, int, int, int)'> (0x0000000712c9b4a0) 
thrown [s\open\src\hotspot\share\interpreter\linkResolver.cpp, line 759]
Event: 1.826 Thread 0x0000012345f030e0 Implicit null exception at 0x00000123552b5072 to 0x00000123552b5654
Event: 1.827 Thread 0x0000012345f030e0 Implicit null exception at 0x00000123552c06f2 to 0x00000123552c0ce8
Event: 1.868 Thread 0x0000012345f030e0 Exception <a 'java/lang/NoSuchMethodError'{0x00000007126e21c0}: 'void java.lang.invoke.DirectMethodHandle$Holder.invokeSpecial(java.lang.Object, java.lang.Object, java.lang.Object, java.lang.Object, java.lang.Object)'> (0x00000007126e21c0) 
thrown [s\open\src\hotspot\share\interpreter\linkResolver.cpp, line 759]
Event: 1.873 Thread 0x0000012345f030e0 Exception <a 'java/lang/NoSuchMethodError'{0x00000007126ff848}: 'void java.lang.invoke.DirectMethodHandle$Holder.invokeSpecial(java.lang.Object, java.lang.Object, java.lang.Object, java.lang.Object, java.lang.Object, java.lang.Object)'> (0x00000007126ff848) 
thrown [s\open\src\hotspot\share\interpreter\linkResolver.cpp, line 759]
Event: 1.890 Thread 0x0000012345f030e0 Exception <a 'java/lang/NoSuchMethodError'{0x00000007127f8e08}: 'java.lang.Object java.lang.invoke.DirectMethodHandle$Holder.invokeVirtual(java.lang.Object, java.lang.Object, java.lang.Object)'> (0x00000007127f8e08) 
thrown [s\open\src\hotspot\share\interpreter\linkResolver.cpp, line 759]
Event: 2.397 Thread 0x0000012345f030e0 Implicit null exception at 0x00000123553a1fbb to 0x00000123553a35cc
Event: 2.398 Thread 0x0000012345f030e0 Implicit null exception at 0x000001235534f46d to 0x000001235534f644
Event: 2.398 Thread 0x0000012345f030e0 Implicit null exception at 0x0000012355322c58 to 0x0000012355322cee

VM Operations (20 events):
Event: 1.622 Executing VM operation: HandshakeAllThreads done
Event: 1.703 Executing VM operation: HandshakeAllThreads
Event: 1.703 Executing VM operation: HandshakeAllThreads done
Event: 1.728 Executing VM operation: HandshakeAllThreads
Event: 1.728 Executing VM operation: HandshakeAllThreads done
Event: 1.798 Executing VM operation: HandshakeAllThreads
Event: 1.798 Executing VM operation: HandshakeAllThreads done
Event: 1.799 Executing VM operation: HandshakeAllThreads
Event: 1.799 Executing VM operation: HandshakeAllThreads done
Event: 1.879 Executing VM operation: ICBufferFull
Event: 1.880 Executing VM operation: ICBufferFull done
Event: 2.249 Executing VM operation: ICBufferFull
Event: 2.249 Executing VM operation: ICBufferFull done
Event: 2.408 Executing VM operation: HandshakeAllThreads
Event: 2.408 Executing VM operation: HandshakeAllThreads done
Event: 2.438 Executing VM operation: ICBufferFull
Event: 2.438 Executing VM operation: ICBufferFull done
Event: 2.828 Executing VM operation: ICBufferFull
Event: 2.828 Executing VM operation: ICBufferFull done
Event: 3.843 Executing VM operation: Cleanup

Events (20 events):
Event: 1.857 loading class java/util/AbstractMap$2
Event: 1.857 loading class java/util/AbstractMap$2 done
Event: 1.857 loading class java/util/AbstractMap$2$1
Event: 1.858 loading class java/util/AbstractMap$2$1 done
Event: 1.870 loading class java/lang/invoke/MethodHandle$1
Event: 1.870 loading class java/lang/invoke/MethodHandle$1 done
Event: 2.032 loading class java/util/stream/Streams$RangeIntSpliterator
Event: 2.032 loading class java/util/stream/Streams$RangeIntSpliterator done
Event: 2.310 loading class java/util/stream/MatchOps$MatchKind
Event: 2.311 loading class java/util/stream/MatchOps$MatchKind done
Event: 2.311 loading class java/util/stream/MatchOps
Event: 2.311 loading class java/util/stream/MatchOps done
Event: 2.311 loading class java/util/stream/MatchOps$MatchOp
Event: 2.311 loading class java/util/stream/MatchOps$MatchOp done
Event: 2.311 loading class java/util/stream/MatchOps$BooleanTerminalSink
Event: 2.311 loading class java/util/stream/MatchOps$BooleanTerminalSink done
Event: 2.311 loading class java/util/stream/MatchOps$1MatchSink
Event: 2.311 loading class java/util/stream/MatchOps$1MatchSink done
Event: 2.500 loading class sun/nio/cs/ISO_8859_1$Decoder
Event: 2.500 loading class sun/nio/cs/ISO_8859_1$Decoder done


Dynamic libraries:
0x00007ff751890000 - 0x00007ff7518a0000 	C:\Program Files\Java\jdk-17\bin\java.exe
0x00007ffc73ea0000 - 0x00007ffc74107000 	C:\WINDOWS\SYSTEM32\ntdll.dll
0x00007ffc72d90000 - 0x00007ffc72e59000 	C:\WINDOWS\System32\KERNEL32.DLL
0x00007ffc713e0000 - 0x00007ffc717cf000 	C:\WINDOWS\System32\KERNELBASE.dll
0x00007ffc718d0000 - 0x00007ffc71a1b000 	C:\WINDOWS\System32\ucrtbase.dll
0x00007ffbe7130000 - 0x00007ffbe7149000 	C:\Program Files\Java\jdk-17\bin\jli.dll
0x00007ffbf0820000 - 0x00007ffbf083b000 	C:\Program Files\Java\jdk-17\bin\VCRUNTIME140.dll
0x00007ffc72070000 - 0x00007ffc72124000 	C:\WINDOWS\System32\ADVAPI32.dll
0x00007ffc72130000 - 0x00007ffc721d9000 	C:\WINDOWS\System32\msvcrt.dll
0x00007ffc73210000 - 0x00007ffc732b6000 	C:\WINDOWS\System32\sechost.dll
0x00007ffc72c70000 - 0x00007ffc72d88000 	C:\WINDOWS\System32\RPCRT4.dll
0x00007ffc73b10000 - 0x00007ffc73cd5000 	C:\WINDOWS\System32\USER32.dll
0x00007ffc718a0000 - 0x00007ffc718c7000 	C:\WINDOWS\System32\win32u.dll
0x00007ffc731e0000 - 0x00007ffc7320b000 	C:\WINDOWS\System32\GDI32.dll
0x00007ffc541a0000 - 0x00007ffc54433000 	C:\WINDOWS\WinSxS\amd64_microsoft.windows.common-controls_6595b64144ccf1df_6.0.26100.7309_none_3e05feeae336a044\COMCTL32.dll
0x00007ffc70ff0000 - 0x00007ffc7111c000 	C:\WINDOWS\System32\gdi32full.dll
0x00007ffc711b0000 - 0x00007ffc71253000 	C:\WINDOWS\System32\msvcp_win.dll
0x00007ffc57290000 - 0x00007ffc5729b000 	C:\WINDOWS\SYSTEM32\VERSION.dll
0x00007ffc71ca0000 - 0x00007ffc71cd1000 	C:\WINDOWS\System32\IMM32.DLL
0x00007ffbf0810000 - 0x00007ffbf081c000 	C:\Program Files\Java\jdk-17\bin\vcruntime140_1.dll
0x00007ffbc4e80000 - 0x00007ffbc4f0e000 	C:\Program Files\Java\jdk-17\bin\msvcp140.dll
0x00007ffbbdd60000 - 0x00007ffbbe940000 	C:\Program Files\Java\jdk-17\bin\server\jvm.dll
0x00007ffc73ce0000 - 0x00007ffc73ce8000 	C:\WINDOWS\System32\PSAPI.DLL
0x00007ffc51f90000 - 0x00007ffc51f9a000 	C:\WINDOWS\SYSTEM32\WSOCK32.dll
0x00007ffc68360000 - 0x00007ffc68395000 	C:\WINDOWS\SYSTEM32\WINMM.dll
0x00007ffc72b10000 - 0x00007ffc72b84000 	C:\WINDOWS\System32\WS2_32.dll
0x00007ffc6fd70000 - 0x00007ffc6fd8b000 	C:\WINDOWS\SYSTEM32\kernel.appcore.dll
0x00007ffbe7120000 - 0x00007ffbe712a000 	C:\Program Files\Java\jdk-17\bin\jimage.dll
0x00007ffc6e140000 - 0x00007ffc6e382000 	C:\WINDOWS\SYSTEM32\DBGHELP.DLL
0x00007ffc71ce0000 - 0x00007ffc72065000 	C:\WINDOWS\System32\combase.dll
0x00007ffc72b90000 - 0x00007ffc72c66000 	C:\WINDOWS\System32\OLEAUT32.dll
0x00007ffc505d0000 - 0x00007ffc5060c000 	C:\WINDOWS\SYSTEM32\dbgcore.DLL
0x00007ffc71a20000 - 0x00007ffc71ac5000 	C:\WINDOWS\System32\bcryptPrimitives.dll
0x00007ffbe6fd0000 - 0x00007ffbe6ff5000 	C:\Program Files\Java\jdk-17\bin\java.dll
0x00007ffbc1ab0000 - 0x00007ffbc1b87000 	C:\Program Files\Java\jdk-17\bin\jsvml.dll
0x00007ffc732c0000 - 0x00007ffc73a13000 	C:\WINDOWS\System32\SHELL32.dll
0x00007ffc71ad0000 - 0x00007ffc71c3a000 	C:\WINDOWS\System32\wintypes.dll
0x00007ffc6ebb0000 - 0x00007ffc6f40e000 	C:\WINDOWS\SYSTEM32\windows.storage.dll
0x00007ffc72250000 - 0x00007ffc72345000 	C:\WINDOWS\System32\SHCORE.dll
0x00007ffc721e0000 - 0x00007ffc72246000 	C:\WINDOWS\System32\shlwapi.dll
0x00007ffc70f10000 - 0x00007ffc70f39000 	C:\WINDOWS\SYSTEM32\profapi.dll
0x00007ffbe2500000 - 0x00007ffbe2519000 	C:\Program Files\Java\jdk-17\bin\net.dll
0x00007ffc621c0000 - 0x00007ffc622e8000 	C:\WINDOWS\SYSTEM32\WINHTTP.dll
0x00007ffc702c0000 - 0x00007ffc7032b000 	C:\WINDOWS\system32\mswsock.dll
0x00007ffbdfec0000 - 0x00007ffbdfed6000 	C:\Program Files\Java\jdk-17\bin\nio.dll
0x00007ffbca180000 - 0x00007ffbca198000 	C:\Program Files\Java\jdk-17\bin\zip.dll
0x00007ffbc8a50000 - 0x00007ffbc8a74000 	C:\Users\sheta\.m2\wrapper\dists\apache-maven-3.9.9\977a63e90f436cd6ade95b4c0e10c20c\lib\jansi-native\Windows\x86_64\jansi.dll
0x00007ffbe6fc0000 - 0x00007ffbe6fd0000 	C:\Program Files\Java\jdk-17\bin\verify.dll

dbghelp: loaded successfully - version: 4.0.5 - missing functions: none
symbol engine: initialized successfully - sym options: 0x614 - pdb path: .;C:\Program Files\Java\jdk-17\bin;C:\WINDOWS\SYSTEM32;C:\WINDOWS\WinSxS\amd64_microsoft.windows.common-controls_6595b64144ccf1df_6.0.26100.7309_none_3e05feeae336a044;C:\Program Files\Java\jdk-17\bin\server;C:\Users\sheta\.m2\wrapper\dists\apache-maven-3.9.9\977a63e90f436cd6ade95b4c0e10c20c\lib\jansi-native\Windows\x86_64

VM Arguments:
jvm_args: -Dclassworlds.conf=C:\Users\sheta\.m2\wrapper\dists\apache-maven-3.9.9\977a63e90f436cd6ade95b4c0e10c20c\bin\m2.conf -Dmaven.home=C:\Users\sheta\.m2\wrapper\dists\apache-maven-3.9.9\977a63e90f436cd6ade95b4c0e10c20c -Dlibrary.jansi.path=C:\Users\sheta\.m2\wrapper\dists\apache-maven-3.9.9\977a63e90f436cd6ade95b4c0e10c20c\lib\jansi-native -Dmaven.multiModuleProjectDirectory=C:\Users\sheta\Downloads\CodeAmigosProject\CodeAmigosProject\CodeAmigos--Backend-main 
java_command: org.codehaus.plexus.classworlds.launcher.Launcher spring-boot:run
java_class_path (initial): C:\Users\sheta\.m2\wrapper\dists\apache-maven-3.9.9\977a63e90f436cd6ade95b4c0e10c20c\boot\plexus-classworlds-2.8.0.jar
Launcher Type: SUN_STANDARD

[Global flags]
     intx CICompilerCount                          = 4                                         {product} {ergonomic}
     uint ConcGCThreads                            = 3                                         {product} {ergonomic}
     uint G1ConcRefinementThreads                  = 10                                        {product} {ergonomic}
   size_t G1HeapRegionSize                         = 2097152                                   {product} {ergonomic}
    uintx GCDrainStackTargetSize                   = 64                                        {product} {ergonomic}
   size_t InitialHeapSize                          = 264241152                                 {product} {ergonomic}
   size_t MarkStackSize                            = 4194304                                   {product} {ergonomic}
   size_t MaxHeapSize                              = 4223664128                                {product} {ergonomic}
   size_t MaxNewSize                               = 2533359616                                {product} {ergonomic}
   size_t MinHeapDeltaBytes                        = 2097152                                   {product} {ergonomic}
   size_t MinHeapSize                              = 8388608                                   {product} {ergonomic}
    uintx NonNMethodCodeHeapSize                   = 5839372                                {pd product} {ergonomic}
    uintx NonProfiledCodeHeapSize                  = 122909434                              {pd product} {ergonomic}
    uintx ProfiledCodeHeapSize                     = 122909434                              {pd product} {ergonomic}
    uintx ReservedCodeCacheSize                    = 251658240                              {pd product} {ergonomic}
     bool SegmentedCodeCache                       = true                                      {product} {ergonomic}
   size_t SoftMaxHeapSize                          = 4223664128                             {manageable} {ergonomic}
     bool UseCompressedClassPointers               = true                           {product lp64_product} {ergonomic}
     bool UseCompressedOops                        = true                           {product lp64_product} {ergonomic}
     bool UseG1GC                                  = true                                      {product} {ergonomic}
     bool UseLargePagesIndividualAllocation        = false                                  {pd product} {ergonomic}

Logging:
Log output configuration:
 #0: stdout all=warning uptime,level,tags
 #1: stderr all=off uptime,level,tags

Environment Variables:
PATH=C:\Program Files\Common Files\Oracle\Java\javapath;C:\WINDOWS\system32;C:\WINDOWS;C:\WINDOWS\System32\Wbem;C:\WINDOWS\System32\WindowsPowerShell\v1.0\;C:\WINDOWS\System32\OpenSSH\;C:\MinGW\bin;C:\Windows\System32\Wbem;C:\ProgramData\chocolatey\bin;C:\Program Files\nodejs;C:\Program Files\Git\cmd;E:\coding\PY;C:\Users\sheta\AppData\Local\Programs\Python\Python313;C:\Users\sheta\AppData\Local\Programs\Python\Python313\Scripts;C:\Program Files\Docker\Docker\resources\bin;C:\Program Files\cursor\resources\app\bin;C:\Program Files\MongoDB\Server\8.2;C:\Users\sheta\Downloads\flutter_windows_3.35.4-stable\flutter\bin;C:\Users\sheta\Downloads\apache-maven-3.9.11-bin\apache-maven-3.9.11\bin;C:\Program Files\MySQL\MySQL Server 8.0\bin;C:\Program Files\MySQL\MySQL Shell 8.0\bin\;C:\Users\sheta\AppData\Local\Programs\Python\Python313\Scripts\;C:\Users\sheta\AppData\Local\Programs\Python\Python313\;C:\Users\sheta\AppData\Local\Microsoft\WindowsApps;C:\Users\sheta\AppData\Local\Programs\Microsoft VS Code\bin;C:\Users\sheta\AppData\Roaming\npm;C:\Users\sheta\AppData\Local\Programs\mongosh\;C:\Users\sheta\AppData\Local\Programs\Antigravity\bin;C:\Users\sheta\AppData\Local\Programs\Qoder\bin;C:\Users\sheta\AppData\Local\GitHubDesktop\bin
USERNAME=Darshan_Sheta
LANG=en_US.UTF-8
OS=Windows_NT
PROCESSOR_IDENTIFIER=Intel64 Family 6 Model 154 Stepping 4, GenuineIntel



---------------  S Y S T E M  ---------------

OS:
 Windows 11 , 64 bit Build 26100 (10.0.26100.7309)
OS uptime: 0 days 0:08 hours
Hyper-V role detected

CPU: total 12 (initial active 12) (6 cores per cpu, 2 threads per core) family 6 model 154 stepping 4 microcode 0x437, cx8, cmov, fxsr, ht, mmx, 3dnowpref, sse, sse2, sse3, ssse3, sse4.1, sse4.2, popcnt, lzcnt, tsc, tscinvbit, avx, avx2, aes, erms, clmul, bmi1, bmi2, adx, sha, fma, vzeroupper, clflush, clflushopt, clwb, hv

Memory: 4k page, system-wide physical 16108M (3246M free)
TotalPageFile size 16108M (AvailPageFile size 144M)
current process WorkingSet (physical memory assigned to process): 231M, peak: 231M
current process commit charge ("private bytes"): 407M, peak: 407M

vm_info: Java HotSpot(TM) 64-Bit Server VM (17.0.12+8-LTS-286) for windows-amd64 JRE (17.0.12+8-LTS-286), built on Jun  5 2024 06:46:59 by "mach5one" with MS VC++ 17.6 (VS2022)

END.
