#
# There is insufficient memory for the Java Runtime Environment to continue.
# Native memory allocation (mmap) failed to map 268435456 bytes for G1 virtual space
# Possible reasons:
#   The system is out of physical RAM or swap space
#   The process is running with CompressedOops enabled, and the Java Heap may be blocking the growth of the native heap
# Possible solutions:
#   Reduce memory load on the system
#   Increase physical memory or swap space
#   Check if swap backing store is full
#   Decrease Java heap size (-Xmx/-Xms)
#   Decrease number of Java threads
#   Decrease Java thread stack sizes (-Xss)
#   Set larger code cache with -XX:ReservedCodeCacheSize=
#   JVM is running with Zero Based Compressed Oops mode in which the Java heap is
#     placed in the first 32GB address space. The Java Heap base address is the
#     maximum limit for the native heap growth. Please use -XX:HeapBaseMinAddress
#     to set the Java Heap base and to place the Java Heap above 32GB virtual address.
# This output file may be truncated or incomplete.
#
#  Out of Memory Error (os_windows.cpp:3548), pid=27804, tid=13716
#
# JRE version: Java(TM) SE Runtime Environment (17.0.12+8) (build 17.0.12+8-LTS-286)
# Java VM: Java HotSpot(TM) 64-Bit Server VM (17.0.12+8-LTS-286, mixed mode, sharing, tiered, compressed oops, compressed class ptrs, g1 gc, windows-amd64)
# No core dump will be written. Minidumps are not enabled by default on client versions of Windows
#

---------------  S U M M A R Y ------------

Command Line: -Dclassworlds.conf=C:\Users\sheta\.m2\wrapper\dists\apache-maven-3.9.9\977a63e90f436cd6ade95b4c0e10c20c\bin\m2.conf -Dmaven.home=C:\Users\sheta\.m2\wrapper\dists\apache-maven-3.9.9\977a63e90f436cd6ade95b4c0e10c20c -Dlibrary.jansi.path=C:\Users\sheta\.m2\wrapper\dists\apache-maven-3.9.9\977a63e90f436cd6ade95b4c0e10c20c\lib\jansi-native -Dmaven.multiModuleProjectDirectory=C:\Users\sheta\Downloads\CodeAmigos--Backend-main (1) (1)\CodeAmigos--Backend-main (1)\CodeAmigos--Backend-main (1)\CodeAmigos--Backend-main org.codehaus.plexus.classworlds.launcher.Launcher spring-boot:run

Host: 12th Gen Intel(R) Core(TM) i5-1235U, 12 cores, 15G,  Windows 11 , 64 bit Build 26100 (10.0.26100.7309)
Time: Sat Jan 10 16:56:28 2026 India Standard Time elapsed time: 6.740966 seconds (0d 0h 0m 6s)

---------------  T H R E A D  ---------------

Current thread (0x00000266423564a0):  VMThread "VM Thread" [stack: 0x000000d27ba00000,0x000000d27bb00000] [id=13716]

Stack: [0x000000d27ba00000,0x000000d27bb00000]
Native frames: (J=compiled Java code, j=interpreted, Vv=VM code, C=native code)
V  [jvm.dll+0x67a04a]
V  [jvm.dll+0x7da4ed]
V  [jvm.dll+0x7dbe33]
V  [jvm.dll+0x7dc4a3]
V  [jvm.dll+0x24508f]
V  [jvm.dll+0x677089]
V  [jvm.dll+0x66bd32]
V  [jvm.dll+0x301fa6]
V  [jvm.dll+0x309546]
V  [jvm.dll+0x359d2e]
V  [jvm.dll+0x359f5f]
V  [jvm.dll+0x2d9078]
V  [jvm.dll+0x2d74ad]
V  [jvm.dll+0x2d6afc]
V  [jvm.dll+0x31a65b]
V  [jvm.dll+0x7e0d9b]
V  [jvm.dll+0x7e1ad4]
V  [jvm.dll+0x7e1fed]
V  [jvm.dll+0x7e23c4]
V  [jvm.dll+0x7e2490]
V  [jvm.dll+0x78abea]
V  [jvm.dll+0x678f35]
C  [ucrtbase.dll+0x37b0]
C  [KERNEL32.DLL+0x2e8d7]
C  [ntdll.dll+0x8c53c]

VM_Operation (0x000000d27b4fb310): G1CollectForAllocation, mode: safepoint, requested by thread 0x000002661f346510


---------------  P R O C E S S  ---------------

Threads class SMR info:
_java_thread_list=0x0000026688c9b690, length=15, elements={
0x000002661f346510, 0x000002664235a5e0, 0x000002664235cbc0, 0x00000266424820a0,
0x0000026642482580, 0x0000026642482a60, 0x0000026642486f50, 0x0000026642487850,
0x0000026642497e70, 0x000002664249a490, 0x00000266425d09c0, 0x00000266425d7560,
0x000002668831d4b0, 0x0000026688840000, 0x0000026688f48ec0
}

Java Threads: ( => current thread )
  0x000002661f346510 JavaThread "main" [_thread_blocked, id=27288, stack(0x000000d27b400000,0x000000d27b500000)]
  0x000002664235a5e0 JavaThread "Reference Handler" daemon [_thread_blocked, id=16620, stack(0x000000d27bb00000,0x000000d27bc00000)]
  0x000002664235cbc0 JavaThread "Finalizer" daemon [_thread_blocked, id=29768, stack(0x000000d27bc00000,0x000000d27bd00000)]
  0x00000266424820a0 JavaThread "Signal Dispatcher" daemon [_thread_blocked, id=27884, stack(0x000000d27bd00000,0x000000d27be00000)]
  0x0000026642482580 JavaThread "Attach Listener" daemon [_thread_blocked, id=26964, stack(0x000000d27be00000,0x000000d27bf00000)]
  0x0000026642482a60 JavaThread "Service Thread" daemon [_thread_blocked, id=29560, stack(0x000000d27bf00000,0x000000d27c000000)]
  0x0000026642486f50 JavaThread "Monitor Deflation Thread" daemon [_thread_blocked, id=4280, stack(0x000000d27c000000,0x000000d27c100000)]
  0x0000026642487850 JavaThread "C2 CompilerThread0" daemon [_thread_blocked, id=30636, stack(0x000000d27c100000,0x000000d27c200000)]
  0x0000026642497e70 JavaThread "C1 CompilerThread0" daemon [_thread_blocked, id=32204, stack(0x000000d27c200000,0x000000d27c300000)]
  0x000002664249a490 JavaThread "Sweeper thread" daemon [_thread_blocked, id=23600, stack(0x000000d27c300000,0x000000d27c400000)]
  0x00000266425d09c0 JavaThread "Notification Thread" daemon [_thread_blocked, id=2060, stack(0x000000d27c400000,0x000000d27c500000)]
  0x00000266425d7560 JavaThread "Common-Cleaner" daemon [_thread_blocked, id=30796, stack(0x000000d27c600000,0x000000d27c700000)]
  0x000002668831d4b0 JavaThread "C2 CompilerThread1" daemon [_thread_blocked, id=21212, stack(0x000000d27c700000,0x000000d27c800000)]
  0x0000026688840000 JavaThread "C2 CompilerThread2" daemon [_thread_blocked, id=10804, stack(0x000000d27c800000,0x000000d27c900000)]
  0x0000026688f48ec0 JavaThread "Thread-1" daemon [_thread_blocked, id=30708, stack(0x000000d27d100000,0x000000d27d200000)]

Other Threads:
=>0x00000266423564a0 VMThread "VM Thread" [stack: 0x000000d27ba00000,0x000000d27bb00000] [id=13716]
  0x00000266425d32c0 WatcherThread [stack: 0x000000d27c500000,0x000000d27c600000] [id=11420]
  0x000002661f3b1940 GCTaskThread "GC Thread#0" [stack: 0x000000d27b500000,0x000000d27b600000] [id=24820]
  0x0000026688850910 GCTaskThread "GC Thread#1" [stack: 0x000000d27c900000,0x000000d27ca00000] [id=24664]
  0x00000266426bd680 GCTaskThread "GC Thread#2" [stack: 0x000000d27ca00000,0x000000d27cb00000] [id=16424]
  0x00000266887f1660 GCTaskThread "GC Thread#3" [stack: 0x000000d27cb00000,0x000000d27cc00000] [id=28728]
  0x00000266887f1920 GCTaskThread "GC Thread#4" [stack: 0x000000d27cc00000,0x000000d27cd00000] [id=27224]
  0x00000266884471a0 GCTaskThread "GC Thread#5" [stack: 0x000000d27cd00000,0x000000d27ce00000] [id=5744]
  0x0000026688876fd0 GCTaskThread "GC Thread#6" [stack: 0x000000d27ce00000,0x000000d27cf00000] [id=22640]
  0x0000026688a2b040 GCTaskThread "GC Thread#7" [stack: 0x000000d27cf00000,0x000000d27d000000] [id=25228]
  0x00000266888c0c20 GCTaskThread "GC Thread#8" [stack: 0x000000d27d000000,0x000000d27d100000] [id=14928]
  0x000002668a797b30 GCTaskThread "GC Thread#9" [stack: 0x000000d27d200000,0x000000d27d300000] [id=28184]
  0x000002661f3c25b0 ConcurrentGCThread "G1 Main Marker" [stack: 0x000000d27b600000,0x000000d27b700000] [id=9644]
  0x000002661f3c49e0 ConcurrentGCThread "G1 Conc#0" [stack: 0x000000d27b700000,0x000000d27b800000] [id=12592]
  0x0000026642210150 ConcurrentGCThread "G1 Refine#0" [stack: 0x000000d27b800000,0x000000d27b900000] [id=9232]
  0x0000026642212450 ConcurrentGCThread "G1 Service" [stack: 0x000000d27b900000,0x000000d27ba00000] [id=32580]

Threads with active compile tasks:
C2 CompilerThread0     6756 4356       4       org.codehaus.plexus.util.xml.pull.MXParser::nextImpl (1203 bytes)
C2 CompilerThread1     6757 4250   !   4       org.apache.maven.model.ModelBase::clone (397 bytes)
C2 CompilerThread2     6757 4333   !   4       org.apache.maven.model.BuildBase::clone (211 bytes)

VM state: at safepoint (normal execution)

VM Mutex/Monitor currently owned by a thread:  ([mutex/lock_event])
[0x000002661f342e40] Threads_lock - owner thread: 0x00000266423564a0
[0x000002661f343740] Heap_lock - owner thread: 0x000002661f346510

Heap address: 0x0000000704400000, size: 4028 MB, Compressed Oops mode: Zero based, Oop shift amount: 3

CDS archive(s) mapped at: [0x0000026643000000-0x0000026643bd0000-0x0000026643bd0000), size 12386304, SharedBaseAddress: 0x0000026643000000, ArchiveRelocationMode: 1.
Compressed class space mapped at: 0x0000026644000000-0x0000026684000000, reserved size: 1073741824
Narrow klass base: 0x0000026643000000, Narrow klass shift: 0, Narrow klass range: 0x100000000

GC Precious Log:
 CPUs: 12 total, 12 available
 Memory: 16108M
 Large Page Support: Disabled
 NUMA Support: Disabled
 Compressed Oops: Enabled (Zero based)
 Heap Region Size: 2M
 Heap Min Capacity: 8M
 Heap Initial Capacity: 252M
 Heap Max Capacity: 4028M
 Pre-touch: Disabled
 Parallel Workers: 10
 Concurrent Workers: 3
 Concurrent Refinement Workers: 10
 Periodic GC: Disabled

Heap:
 garbage-first heap   total 258048K, used 15351K [0x0000000704400000, 0x0000000800000000)
  region size 2048K, 1 young (2048K), 1 survivors (2048K)
 Metaspace       used 16197K, committed 16320K, reserved 1114112K
  class space    used 1868K, committed 1920K, reserved 1048576K

Heap Regions: E=young(eden), S=young(survivor), O=old, HS=humongous(starts), HC=humongous(continues), CS=collection set, F=free, OA=open archive, CA=closed archive, TAMS=top-at-mark-start (previous, next)
|   0|0x0000000704400000, 0x0000000704600000, 0x0000000704600000|100%| O|  |TAMS 0x0000000704400000, 0x0000000704400000| Untracked 
|   1|0x0000000704600000, 0x0000000704800000, 0x0000000704800000|100%| O|  |TAMS 0x0000000704600000, 0x0000000704600000| Untracked 
|   2|0x0000000704800000, 0x0000000704a00000, 0x0000000704a00000|100%| O|  |TAMS 0x0000000704800000, 0x0000000704800000| Untracked 
|   3|0x0000000704a00000, 0x0000000704c00000, 0x0000000704c00000|100%| O|  |TAMS 0x0000000704a00000, 0x0000000704a00000| Untracked 
|   4|0x0000000704c00000, 0x0000000704e00000, 0x0000000704e00000|100%| O|  |TAMS 0x0000000704c00000, 0x0000000704c00000| Untracked 
|   5|0x0000000704e00000, 0x0000000705000000, 0x0000000705000000|100%| O|  |TAMS 0x0000000704e00000, 0x0000000704e00000| Untracked 
|   6|0x0000000705000000, 0x000000070519b600, 0x0000000705200000| 80%| O|  |TAMS 0x0000000705000000, 0x0000000705000000| Untracked 
|   7|0x0000000705200000, 0x0000000705200000, 0x0000000705400000|  0%| F|  |TAMS 0x0000000705200000, 0x0000000705200000| Untracked 
|   8|0x0000000705400000, 0x0000000705400000, 0x0000000705600000|  0%| F|  |TAMS 0x0000000705400000, 0x0000000705400000| Untracked 
|   9|0x0000000705600000, 0x0000000705600000, 0x0000000705800000|  0%| F|  |TAMS 0x0000000705600000, 0x0000000705600000| Untracked 
|  10|0x0000000705800000, 0x0000000705800000, 0x0000000705a00000|  0%| F|  |TAMS 0x0000000705800000, 0x0000000705800000| Untracked 
|  11|0x0000000705a00000, 0x0000000705a00000, 0x0000000705c00000|  0%| F|  |TAMS 0x0000000705a00000, 0x0000000705a00000| Untracked 
|  12|0x0000000705c00000, 0x0000000705c00000, 0x0000000705e00000|  0%| F|  |TAMS 0x0000000705c00000, 0x0000000705c00000| Untracked 
|  13|0x0000000705e00000, 0x0000000705e00000, 0x0000000706000000|  0%| F|  |TAMS 0x0000000705e00000, 0x0000000705e00000| Untracked 
|  14|0x0000000706000000, 0x0000000706000000, 0x0000000706200000|  0%| F|  |TAMS 0x0000000706000000, 0x0000000706000000| Untracked 
|  15|0x0000000706200000, 0x0000000706200000, 0x0000000706400000|  0%| F|  |TAMS 0x0000000706200000, 0x0000000706200000| Untracked 
|  16|0x0000000706400000, 0x0000000706400000, 0x0000000706600000|  0%| F|  |TAMS 0x0000000706400000, 0x0000000706400000| Untracked 
|  17|0x0000000706600000, 0x0000000706600000, 0x0000000706800000|  0%| F|  |TAMS 0x0000000706600000, 0x0000000706600000| Untracked 
|  18|0x0000000706800000, 0x0000000706800000, 0x0000000706a00000|  0%| F|  |TAMS 0x0000000706800000, 0x0000000706800000| Untracked 
|  19|0x0000000706a00000, 0x0000000706a00000, 0x0000000706c00000|  0%| F|  |TAMS 0x0000000706a00000, 0x0000000706a00000| Untracked 
|  20|0x0000000706c00000, 0x0000000706c00000, 0x0000000706e00000|  0%| F|  |TAMS 0x0000000706c00000, 0x0000000706c00000| Untracked 
|  21|0x0000000706e00000, 0x0000000706e00000, 0x0000000707000000|  0%| F|  |TAMS 0x0000000706e00000, 0x0000000706e00000| Untracked 
|  22|0x0000000707000000, 0x0000000707000000, 0x0000000707200000|  0%| F|  |TAMS 0x0000000707000000, 0x0000000707000000| Untracked 
|  23|0x0000000707200000, 0x0000000707200000, 0x0000000707400000|  0%| F|  |TAMS 0x0000000707200000, 0x0000000707200000| Untracked 
|  24|0x0000000707400000, 0x0000000707400000, 0x0000000707600000|  0%| F|  |TAMS 0x0000000707400000, 0x0000000707400000| Untracked 
|  25|0x0000000707600000, 0x0000000707600000, 0x0000000707800000|  0%| F|  |TAMS 0x0000000707600000, 0x0000000707600000| Untracked 
|  26|0x0000000707800000, 0x0000000707800000, 0x0000000707a00000|  0%| F|  |TAMS 0x0000000707800000, 0x0000000707800000| Untracked 
|  27|0x0000000707a00000, 0x0000000707a00000, 0x0000000707c00000|  0%| F|  |TAMS 0x0000000707a00000, 0x0000000707a00000| Untracked 
|  28|0x0000000707c00000, 0x0000000707c00000, 0x0000000707e00000|  0%| F|  |TAMS 0x0000000707c00000, 0x0000000707c00000| Untracked 
|  29|0x0000000707e00000, 0x0000000707e00000, 0x0000000708000000|  0%| F|  |TAMS 0x0000000707e00000, 0x0000000707e00000| Untracked 
|  30|0x0000000708000000, 0x0000000708000000, 0x0000000708200000|  0%| F|  |TAMS 0x0000000708000000, 0x0000000708000000| Untracked 
|  31|0x0000000708200000, 0x0000000708200000, 0x0000000708400000|  0%| F|  |TAMS 0x0000000708200000, 0x0000000708200000| Untracked 
|  32|0x0000000708400000, 0x0000000708400000, 0x0000000708600000|  0%| F|  |TAMS 0x0000000708400000, 0x0000000708400000| Untracked 
|  33|0x0000000708600000, 0x0000000708600000, 0x0000000708800000|  0%| F|  |TAMS 0x0000000708600000, 0x0000000708600000| Untracked 
|  34|0x0000000708800000, 0x0000000708800000, 0x0000000708a00000|  0%| F|  |TAMS 0x0000000708800000, 0x0000000708800000| Untracked 
|  35|0x0000000708a00000, 0x0000000708a00000, 0x0000000708c00000|  0%| F|  |TAMS 0x0000000708a00000, 0x0000000708a00000| Untracked 
|  36|0x0000000708c00000, 0x0000000708c00000, 0x0000000708e00000|  0%| F|  |TAMS 0x0000000708c00000, 0x0000000708c00000| Untracked 
|  37|0x0000000708e00000, 0x0000000708e00000, 0x0000000709000000|  0%| F|  |TAMS 0x0000000708e00000, 0x0000000708e00000| Untracked 
|  38|0x0000000709000000, 0x0000000709000000, 0x0000000709200000|  0%| F|  |TAMS 0x0000000709000000, 0x0000000709000000| Untracked 
|  39|0x0000000709200000, 0x0000000709200000, 0x0000000709400000|  0%| F|  |TAMS 0x0000000709200000, 0x0000000709200000| Untracked 
|  40|0x0000000709400000, 0x0000000709400000, 0x0000000709600000|  0%| F|  |TAMS 0x0000000709400000, 0x0000000709400000| Untracked 
|  41|0x0000000709600000, 0x0000000709600000, 0x0000000709800000|  0%| F|  |TAMS 0x0000000709600000, 0x0000000709600000| Untracked 
|  42|0x0000000709800000, 0x0000000709800000, 0x0000000709a00000|  0%| F|  |TAMS 0x0000000709800000, 0x0000000709800000| Untracked 
|  43|0x0000000709a00000, 0x0000000709a00000, 0x0000000709c00000|  0%| F|  |TAMS 0x0000000709a00000, 0x0000000709a00000| Untracked 
|  44|0x0000000709c00000, 0x0000000709c00000, 0x0000000709e00000|  0%| F|  |TAMS 0x0000000709c00000, 0x0000000709c00000| Untracked 
|  45|0x0000000709e00000, 0x0000000709e00000, 0x000000070a000000|  0%| F|  |TAMS 0x0000000709e00000, 0x0000000709e00000| Untracked 
|  46|0x000000070a000000, 0x000000070a000000, 0x000000070a200000|  0%| F|  |TAMS 0x000000070a000000, 0x000000070a000000| Untracked 
|  47|0x000000070a200000, 0x000000070a200000, 0x000000070a400000|  0%| F|  |TAMS 0x000000070a200000, 0x000000070a200000| Untracked 
|  48|0x000000070a400000, 0x000000070a400000, 0x000000070a600000|  0%| F|  |TAMS 0x000000070a400000, 0x000000070a400000| Untracked 
|  49|0x000000070a600000, 0x000000070a600000, 0x000000070a800000|  0%| F|  |TAMS 0x000000070a600000, 0x000000070a600000| Untracked 
|  50|0x000000070a800000, 0x000000070a800000, 0x000000070aa00000|  0%| F|  |TAMS 0x000000070a800000, 0x000000070a800000| Untracked 
|  51|0x000000070aa00000, 0x000000070aa00000, 0x000000070ac00000|  0%| F|  |TAMS 0x000000070aa00000, 0x000000070aa00000| Untracked 
|  52|0x000000070ac00000, 0x000000070ac00000, 0x000000070ae00000|  0%| F|  |TAMS 0x000000070ac00000, 0x000000070ac00000| Untracked 
|  53|0x000000070ae00000, 0x000000070ae00000, 0x000000070b000000|  0%| F|  |TAMS 0x000000070ae00000, 0x000000070ae00000| Untracked 
|  54|0x000000070b000000, 0x000000070b000000, 0x000000070b200000|  0%| F|  |TAMS 0x000000070b000000, 0x000000070b000000| Untracked 
|  55|0x000000070b200000, 0x000000070b200000, 0x000000070b400000|  0%| F|  |TAMS 0x000000070b200000, 0x000000070b200000| Untracked 
|  56|0x000000070b400000, 0x000000070b400000, 0x000000070b600000|  0%| F|  |TAMS 0x000000070b400000, 0x000000070b400000| Untracked 
|  57|0x000000070b600000, 0x000000070b600000, 0x000000070b800000|  0%| F|  |TAMS 0x000000070b600000, 0x000000070b600000| Untracked 
|  58|0x000000070b800000, 0x000000070b800000, 0x000000070ba00000|  0%| F|  |TAMS 0x000000070b800000, 0x000000070b800000| Untracked 
|  59|0x000000070ba00000, 0x000000070ba00000, 0x000000070bc00000|  0%| F|  |TAMS 0x000000070ba00000, 0x000000070ba00000| Untracked 
|  60|0x000000070bc00000, 0x000000070bc00000, 0x000000070be00000|  0%| F|  |TAMS 0x000000070bc00000, 0x000000070bc00000| Untracked 
|  61|0x000000070be00000, 0x000000070be00000, 0x000000070c000000|  0%| F|  |TAMS 0x000000070be00000, 0x000000070be00000| Untracked 
|  62|0x000000070c000000, 0x000000070c000000, 0x000000070c200000|  0%| F|  |TAMS 0x000000070c000000, 0x000000070c000000| Untracked 
|  63|0x000000070c200000, 0x000000070c200000, 0x000000070c400000|  0%| F|  |TAMS 0x000000070c200000, 0x000000070c200000| Untracked 
|  64|0x000000070c400000, 0x000000070c400000, 0x000000070c600000|  0%| F|  |TAMS 0x000000070c400000, 0x000000070c400000| Untracked 
|  65|0x000000070c600000, 0x000000070c600000, 0x000000070c800000|  0%| F|  |TAMS 0x000000070c600000, 0x000000070c600000| Untracked 
|  66|0x000000070c800000, 0x000000070c800000, 0x000000070ca00000|  0%| F|  |TAMS 0x000000070c800000, 0x000000070c800000| Untracked 
|  67|0x000000070ca00000, 0x000000070ca00000, 0x000000070cc00000|  0%| F|  |TAMS 0x000000070ca00000, 0x000000070ca00000| Untracked 
|  68|0x000000070cc00000, 0x000000070cc00000, 0x000000070ce00000|  0%| F|  |TAMS 0x000000070cc00000, 0x000000070cc00000| Untracked 
|  69|0x000000070ce00000, 0x000000070ce00000, 0x000000070d000000|  0%| F|  |TAMS 0x000000070ce00000, 0x000000070ce00000| Untracked 
|  70|0x000000070d000000, 0x000000070d000000, 0x000000070d200000|  0%| F|  |TAMS 0x000000070d000000, 0x000000070d000000| Untracked 
|  71|0x000000070d200000, 0x000000070d200000, 0x000000070d400000|  0%| F|  |TAMS 0x000000070d200000, 0x000000070d200000| Untracked 
|  72|0x000000070d400000, 0x000000070d400000, 0x000000070d600000|  0%| F|  |TAMS 0x000000070d400000, 0x000000070d400000| Untracked 
|  73|0x000000070d600000, 0x000000070d600000, 0x000000070d800000|  0%| F|  |TAMS 0x000000070d600000, 0x000000070d600000| Untracked 
|  74|0x000000070d800000, 0x000000070d800000, 0x000000070da00000|  0%| F|  |TAMS 0x000000070d800000, 0x000000070d800000| Untracked 
|  75|0x000000070da00000, 0x000000070da00000, 0x000000070dc00000|  0%| F|  |TAMS 0x000000070da00000, 0x000000070da00000| Untracked 
|  76|0x000000070dc00000, 0x000000070dc00000, 0x000000070de00000|  0%| F|  |TAMS 0x000000070dc00000, 0x000000070dc00000| Untracked 
|  77|0x000000070de00000, 0x000000070de00000, 0x000000070e000000|  0%| F|  |TAMS 0x000000070de00000, 0x000000070de00000| Untracked 
|  78|0x000000070e000000, 0x000000070e000000, 0x000000070e200000|  0%| F|  |TAMS 0x000000070e000000, 0x000000070e000000| Untracked 
|  79|0x000000070e200000, 0x000000070e200000, 0x000000070e400000|  0%| F|  |TAMS 0x000000070e200000, 0x000000070e200000| Untracked 
|  80|0x000000070e400000, 0x000000070e400000, 0x000000070e600000|  0%| F|  |TAMS 0x000000070e400000, 0x000000070e400000| Untracked 
|  81|0x000000070e600000, 0x000000070e600000, 0x000000070e800000|  0%| F|  |TAMS 0x000000070e600000, 0x000000070e600000| Untracked 
|  82|0x000000070e800000, 0x000000070e800000, 0x000000070ea00000|  0%| F|  |TAMS 0x000000070e800000, 0x000000070e800000| Untracked 
|  83|0x000000070ea00000, 0x000000070ea00000, 0x000000070ec00000|  0%| F|  |TAMS 0x000000070ea00000, 0x000000070ea00000| Untracked 
|  84|0x000000070ec00000, 0x000000070ec00000, 0x000000070ee00000|  0%| F|  |TAMS 0x000000070ec00000, 0x000000070ec00000| Untracked 
|  85|0x000000070ee00000, 0x000000070ee00000, 0x000000070f000000|  0%| F|  |TAMS 0x000000070ee00000, 0x000000070ee00000| Untracked 
|  86|0x000000070f000000, 0x000000070f000000, 0x000000070f200000|  0%| F|  |TAMS 0x000000070f000000, 0x000000070f000000| Untracked 
|  87|0x000000070f200000, 0x000000070f200000, 0x000000070f400000|  0%| F|  |TAMS 0x000000070f200000, 0x000000070f200000| Untracked 
|  88|0x000000070f400000, 0x000000070f400000, 0x000000070f600000|  0%| F|  |TAMS 0x000000070f400000, 0x000000070f400000| Untracked 
|  89|0x000000070f600000, 0x000000070f600000, 0x000000070f800000|  0%| F|  |TAMS 0x000000070f600000, 0x000000070f600000| Untracked 
|  90|0x000000070f800000, 0x000000070f800000, 0x000000070fa00000|  0%| F|  |TAMS 0x000000070f800000, 0x000000070f800000| Untracked 
|  91|0x000000070fa00000, 0x000000070fa00000, 0x000000070fc00000|  0%| F|  |TAMS 0x000000070fa00000, 0x000000070fa00000| Untracked 
|  92|0x000000070fc00000, 0x000000070fc00000, 0x000000070fe00000|  0%| F|  |TAMS 0x000000070fc00000, 0x000000070fc00000| Untracked 
|  93|0x000000070fe00000, 0x000000070fe00000, 0x0000000710000000|  0%| F|  |TAMS 0x000000070fe00000, 0x000000070fe00000| Untracked 
|  94|0x0000000710000000, 0x0000000710000000, 0x0000000710200000|  0%| F|  |TAMS 0x0000000710000000, 0x0000000710000000| Untracked 
|  95|0x0000000710200000, 0x0000000710200000, 0x0000000710400000|  0%| F|  |TAMS 0x0000000710200000, 0x0000000710200000| Untracked 
|  96|0x0000000710400000, 0x0000000710400000, 0x0000000710600000|  0%| F|  |TAMS 0x0000000710400000, 0x0000000710400000| Untracked 
|  97|0x0000000710600000, 0x0000000710600000, 0x0000000710800000|  0%| F|  |TAMS 0x0000000710600000, 0x0000000710600000| Untracked 
|  98|0x0000000710800000, 0x0000000710800000, 0x0000000710a00000|  0%| F|  |TAMS 0x0000000710800000, 0x0000000710800000| Untracked 
|  99|0x0000000710a00000, 0x0000000710a00000, 0x0000000710c00000|  0%| F|  |TAMS 0x0000000710a00000, 0x0000000710a00000| Untracked 
| 100|0x0000000710c00000, 0x0000000710c00000, 0x0000000710e00000|  0%| F|  |TAMS 0x0000000710c00000, 0x0000000710c00000| Untracked 
| 101|0x0000000710e00000, 0x0000000710e00000, 0x0000000711000000|  0%| F|  |TAMS 0x0000000710e00000, 0x0000000710e00000| Untracked 
| 102|0x0000000711000000, 0x0000000711000000, 0x0000000711200000|  0%| F|  |TAMS 0x0000000711000000, 0x0000000711000000| Untracked 
| 103|0x0000000711200000, 0x0000000711200000, 0x0000000711400000|  0%| F|  |TAMS 0x0000000711200000, 0x0000000711200000| Untracked 
| 104|0x0000000711400000, 0x0000000711400000, 0x0000000711600000|  0%| F|  |TAMS 0x0000000711400000, 0x0000000711400000| Untracked 
| 105|0x0000000711600000, 0x0000000711600000, 0x0000000711800000|  0%| F|  |TAMS 0x0000000711600000, 0x0000000711600000| Untracked 
| 106|0x0000000711800000, 0x0000000711800000, 0x0000000711a00000|  0%| F|  |TAMS 0x0000000711800000, 0x0000000711800000| Untracked 
| 107|0x0000000711a00000, 0x0000000711a00000, 0x0000000711c00000|  0%| F|  |TAMS 0x0000000711a00000, 0x0000000711a00000| Untracked 
| 108|0x0000000711c00000, 0x0000000711c00000, 0x0000000711e00000|  0%| F|  |TAMS 0x0000000711c00000, 0x0000000711c00000| Untracked 
| 109|0x0000000711e00000, 0x0000000711e00000, 0x0000000712000000|  0%| F|  |TAMS 0x0000000711e00000, 0x0000000711e00000| Untracked 
| 110|0x0000000712000000, 0x0000000712000000, 0x0000000712200000|  0%| F|  |TAMS 0x0000000712000000, 0x0000000712000000| Untracked 
| 111|0x0000000712200000, 0x0000000712200000, 0x0000000712400000|  0%| F|  |TAMS 0x0000000712200000, 0x0000000712200000| Untracked 
| 112|0x0000000712400000, 0x0000000712400000, 0x0000000712600000|  0%| F|  |TAMS 0x0000000712400000, 0x0000000712400000| Untracked 
| 113|0x0000000712600000, 0x0000000712600000, 0x0000000712800000|  0%| F|  |TAMS 0x0000000712600000, 0x0000000712600000| Untracked 
| 114|0x0000000712800000, 0x0000000712800000, 0x0000000712a00000|  0%| F|  |TAMS 0x0000000712800000, 0x0000000712800000| Untracked 
| 115|0x0000000712a00000, 0x0000000712a00000, 0x0000000712c00000|  0%| F|  |TAMS 0x0000000712a00000, 0x0000000712a00000| Untracked 
| 116|0x0000000712c00000, 0x0000000712c00000, 0x0000000712e00000|  0%| F|  |TAMS 0x0000000712c00000, 0x0000000712c00000| Untracked 
| 117|0x0000000712e00000, 0x0000000712e00000, 0x0000000713000000|  0%| F|  |TAMS 0x0000000712e00000, 0x0000000712e00000| Untracked 
| 118|0x0000000713000000, 0x0000000713000000, 0x0000000713200000|  0%| F|  |TAMS 0x0000000713000000, 0x0000000713000000| Untracked 
| 119|0x0000000713200000, 0x0000000713362858, 0x0000000713400000| 69%| S|CS|TAMS 0x0000000713200000, 0x0000000713200000| Complete 
| 120|0x0000000713400000, 0x0000000713400000, 0x0000000713600000|  0%| F|  |TAMS 0x0000000713400000, 0x0000000713400000| Untracked 
| 121|0x0000000713600000, 0x0000000713600000, 0x0000000713800000|  0%| F|  |TAMS 0x0000000713600000, 0x0000000713600000| Untracked 
| 122|0x0000000713800000, 0x0000000713800000, 0x0000000713a00000|  0%| F|  |TAMS 0x0000000713800000, 0x0000000713800000| Untracked 
| 123|0x0000000713a00000, 0x0000000713a00000, 0x0000000713c00000|  0%| F|  |TAMS 0x0000000713a00000, 0x0000000713a00000| Untracked 
| 124|0x0000000713c00000, 0x0000000713c00000, 0x0000000713e00000|  0%| F|  |TAMS 0x0000000713c00000, 0x0000000713c00000| Untracked 
| 125|0x0000000713e00000, 0x0000000713e00000, 0x0000000714000000|  0%| F|  |TAMS 0x0000000713e00000, 0x0000000713e00000| Untracked 

Card table byte_map: [0x0000026636930000,0x0000026637110000] _byte_map_base: 0x000002663310e000

Marking Bits (Prev, Next): (CMBitMap*) 0x000002661f3b1f60, (CMBitMap*) 0x000002661f3b1fa0
 Prev Bits: [0x00000266378f0000, 0x000002663b7e0000)
 Next Bits: [0x000002663b7e0000, 0x000002663f6d0000)

Polling page: 0x000002661d490000

Metaspace:

Usage:
  Non-class:     13.99 MB used.
      Class:      1.82 MB used.
       Both:     15.82 MB used.

Virtual space:
  Non-class space:       64.00 MB reserved,      14.06 MB ( 22%) committed,  1 nodes.
      Class space:        1.00 GB reserved,       1.88 MB ( <1%) committed,  1 nodes.
             Both:        1.06 GB reserved,      15.94 MB (  1%) committed. 

Chunk freelists:
   Non-Class:  1.44 MB
       Class:  13.94 MB
        Both:  15.38 MB

MaxMetaspaceSize: unlimited
CompressedClassSpaceSize: 1.00 GB
Initial GC threshold: 21.00 MB
Current GC threshold: 21.00 MB
CDS: on
MetaspaceReclaimPolicy: balanced
 - commit_granule_bytes: 65536.
 - commit_granule_words: 8192.
 - virtual_space_node_default_size: 8388608.
 - enlarge_chunks_in_place: 1.
 - new_chunks_are_fully_committed: 0.
 - uncommit_free_chunks: 1.
 - use_allocation_guard: 0.
 - handle_deallocations: 1.


Internal statistics:

num_allocs_failed_limit: 0.
num_arena_births: 106.
num_arena_deaths: 0.
num_vsnodes_births: 2.
num_vsnodes_deaths: 0.
num_space_committed: 255.
num_space_uncommitted: 0.
num_chunks_returned_to_freelist: 0.
num_chunks_taken_from_freelist: 666.
num_chunk_merges: 0.
num_chunk_splits: 455.
num_chunks_enlarged: 367.
num_inconsistent_stats: 0.

CodeHeap 'non-profiled nmethods': size=120000Kb used=2542Kb max_used=2542Kb free=117457Kb
 bounds [0x000002662e6d0000, 0x000002662e950000, 0x0000026635c00000]
CodeHeap 'profiled nmethods': size=120000Kb used=9589Kb max_used=9589Kb free=110410Kb
 bounds [0x0000026626c00000, 0x0000026627560000, 0x000002662e130000]
CodeHeap 'non-nmethods': size=5760Kb used=1180Kb max_used=1249Kb free=4579Kb
 bounds [0x000002662e130000, 0x000002662e3a0000, 0x000002662e6d0000]
 total_blobs=4864 nmethods=4394 adapters=382
 compilation: enabled
              stopped_count=0, restarted_count=0
 full_count=0

Compilation events (20 events):
Event: 4.706 Thread 0x0000026642497e70 4406   !   3       java.util.concurrent.ConcurrentHashMap::compute (654 bytes)
Event: 4.709 Thread 0x0000026642497e70 nmethod 4406 0x0000026627551710 code [0x0000026627551b80, 0x0000026627554338]
Event: 4.709 Thread 0x0000026642497e70 4400  s!   3       sun.nio.ch.NativeThreadSet::signalAndWait (134 bytes)
Event: 4.709 Thread 0x0000026642497e70 nmethod 4400 0x0000026627555790 code [0x0000026627555980, 0x0000026627555ff8]
Event: 4.709 Thread 0x0000026642497e70 4401       3       org.eclipse.aether.RepositoryEvent::<init> (69 bytes)
Event: 4.709 Thread 0x0000026642497e70 nmethod 4401 0x0000026627556290 code [0x0000026627556440, 0x0000026627556918]
Event: 4.710 Thread 0x0000026642497e70 4402       3       org.eclipse.aether.internal.impl.DefaultRepositoryEventDispatcher::dispatch (78 bytes)
Event: 4.710 Thread 0x0000026642497e70 nmethod 4402 0x0000026627556a10 code [0x0000026627556c40, 0x0000026627557528]
Event: 4.710 Thread 0x0000026642497e70 4405       3       java.util.AbstractMap$2$1::next (18 bytes)
Event: 4.710 Thread 0x0000026642497e70 nmethod 4405 0x0000026627557810 code [0x00000266275579e0, 0x0000026627557d98]
Event: 4.710 Thread 0x0000026642497e70 4403       3       org.eclipse.sisu.wire.EntrySetAdapter::isEmpty (19 bytes)
Event: 4.711 Thread 0x0000026642497e70 nmethod 4403 0x0000026627557e90 code [0x0000026627558080, 0x00000266275585b8]
Event: 4.711 Thread 0x0000026642497e70 4404   !   3       org.eclipse.aether.internal.impl.DefaultRepositoryEventDispatcher::dispatch (331 bytes)
Event: 4.713 Thread 0x0000026642497e70 nmethod 4404 0x0000026627558790 code [0x0000026627558ba0, 0x000002662755aec8]
Event: 4.713 Thread 0x0000026642497e70 4399       3       org.eclipse.aether.repository.LocalArtifactResult::setFile (7 bytes)
Event: 4.713 Thread 0x0000026642497e70 nmethod 4399 0x000002662755bc90 code [0x000002662755be20, 0x000002662755bf78]
Event: 4.713 Thread 0x0000026642497e70 4394       3       org.eclipse.aether.resolution.ArtifactRequest::setRepositories (21 bytes)
Event: 4.714 Thread 0x0000026642497e70 nmethod 4394 0x000002662755c010 code [0x000002662755c1c0, 0x000002662755c458]
Event: 4.714 Thread 0x0000026642497e70 4398       3       org.eclipse.aether.internal.impl.synccontext.named.GAVNameMapper::getArtifactName (66 bytes)
Event: 4.714 Thread 0x0000026642497e70 nmethod 4398 0x000002662755c510 code [0x000002662755c7c0, 0x000002662755d268]

GC Heap History (13 events):
Event: 0.450 GC heap before
{Heap before GC invocations=0 (full 0):
 garbage-first heap   total 258048K, used 22528K [0x0000000704400000, 0x0000000800000000)
  region size 2048K, 11 young (22528K), 0 survivors (0K)
 Metaspace       used 5414K, committed 5632K, reserved 1114112K
  class space    used 655K, committed 768K, reserved 1048576K
}
Event: 0.453 GC heap after
{Heap after GC invocations=1 (full 0):
 garbage-first heap   total 258048K, used 3752K [0x0000000704400000, 0x0000000800000000)
  region size 2048K, 2 young (4096K), 2 survivors (4096K)
 Metaspace       used 5414K, committed 5632K, reserved 1114112K
  class space    used 655K, committed 768K, reserved 1048576K
}
Event: 0.795 GC heap before
{Heap before GC invocations=1 (full 0):
 garbage-first heap   total 258048K, used 34472K [0x0000000704400000, 0x0000000800000000)
  region size 2048K, 17 young (34816K), 2 survivors (4096K)
 Metaspace       used 9241K, committed 9408K, reserved 1114112K
  class space    used 1123K, committed 1216K, reserved 1048576K
}
Event: 0.799 GC heap after
{Heap after GC invocations=2 (full 0):
 garbage-first heap   total 258048K, used 5299K [0x0000000704400000, 0x0000000800000000)
  region size 2048K, 1 young (2048K), 1 survivors (2048K)
 Metaspace       used 9241K, committed 9408K, reserved 1114112K
  class space    used 1123K, committed 1216K, reserved 1048576K
}
Event: 3.320 GC heap before
{Heap before GC invocations=2 (full 0):
 garbage-first heap   total 258048K, used 156851K [0x0000000704400000, 0x0000000800000000)
  region size 2048K, 75 young (153600K), 1 survivors (2048K)
 Metaspace       used 15993K, committed 16192K, reserved 1114112K
  class space    used 1862K, committed 1920K, reserved 1048576K
}
Event: 4.303 GC heap after
{Heap after GC invocations=3 (full 0):
 garbage-first heap   total 258048K, used 14213K [0x0000000704400000, 0x0000000800000000)
  region size 2048K, 6 young (12288K), 6 survivors (12288K)
 Metaspace       used 15993K, committed 16192K, reserved 1114112K
  class space    used 1862K, committed 1920K, reserved 1048576K
}
Event: 4.324 GC heap before
{Heap before GC invocations=3 (full 0):
 garbage-first heap   total 258048K, used 16261K [0x0000000704400000, 0x0000000800000000)
  region size 2048K, 7 young (14336K), 6 survivors (12288K)
 Metaspace       used 16005K, committed 16192K, reserved 1114112K
  class space    used 1862K, committed 1920K, reserved 1048576K
}
Event: 4.330 GC heap after
{Heap after GC invocations=4 (full 0):
 garbage-first heap   total 258048K, used 15581K [0x0000000704400000, 0x0000000800000000)
  region size 2048K, 1 young (2048K), 1 survivors (2048K)
 Metaspace       used 16005K, committed 16192K, reserved 1114112K
  class space    used 1862K, committed 1920K, reserved 1048576K
}
Event: 4.421 GC heap before
{Heap before GC invocations=4 (full 0):
 garbage-first heap   total 258048K, used 25821K [0x0000000704400000, 0x0000000800000000)
  region size 2048K, 6 young (12288K), 1 survivors (2048K)
 Metaspace       used 16034K, committed 16192K, reserved 1114112K
  class space    used 1862K, committed 1920K, reserved 1048576K
}
Event: 4.422 GC heap after
{Heap after GC invocations=5 (full 0):
 garbage-first heap   total 258048K, used 14439K [0x0000000704400000, 0x0000000800000000)
  region size 2048K, 1 young (2048K), 1 survivors (2048K)
 Metaspace       used 16034K, committed 16192K, reserved 1114112K
  class space    used 1862K, committed 1920K, reserved 1048576K
}
Event: 4.563 GC heap before
{Heap before GC invocations=5 (full 0):
 garbage-first heap   total 258048K, used 24679K [0x0000000704400000, 0x0000000800000000)
  region size 2048K, 6 young (12288K), 1 survivors (2048K)
 Metaspace       used 16111K, committed 16256K, reserved 1114112K
  class space    used 1867K, committed 1920K, reserved 1048576K
}
Event: 4.565 GC heap after
{Heap after GC invocations=6 (full 0):
 garbage-first heap   total 258048K, used 14947K [0x0000000704400000, 0x0000000800000000)
  region size 2048K, 1 young (2048K), 1 survivors (2048K)
 Metaspace       used 16111K, committed 16256K, reserved 1114112K
  class space    used 1867K, committed 1920K, reserved 1048576K
}
Event: 4.715 GC heap before
{Heap before GC invocations=6 (full 0):
 garbage-first heap   total 258048K, used 23139K [0x0000000704400000, 0x0000000800000000)
  region size 2048K, 6 young (12288K), 1 survivors (2048K)
 Metaspace       used 16197K, committed 16320K, reserved 1114112K
  class space    used 1868K, committed 1920K, reserved 1048576K
}

Deoptimization events (20 events):
Event: 4.607 Thread 0x000002661f346510 DEOPT PACKING pc=0x000002662e92f360 sp=0x000000d27b4fc160
Event: 4.607 Thread 0x000002661f346510 DEOPT UNPACKING pc=0x000002662e1823a3 sp=0x000000d27b4fc120 mode 2
Event: 4.615 Thread 0x000002661f346510 Uncommon trap: trap_request=0xffffff45 fr.pc=0x000002662e87e588 relative=0x0000000000002788
Event: 4.615 Thread 0x000002661f346510 Uncommon trap: reason=unstable_if action=reinterpret pc=0x000002662e87e588 method=org.codehaus.plexus.util.xml.pull.MXParser.parseAttribute()C @ 758 c2
Event: 4.615 Thread 0x000002661f346510 DEOPT PACKING pc=0x000002662e87e588 sp=0x000000d27b4fb4d0
Event: 4.615 Thread 0x000002661f346510 DEOPT UNPACKING pc=0x000002662e1823a3 sp=0x000000d27b4fb458 mode 2
Event: 4.616 Thread 0x000002661f346510 Uncommon trap: trap_request=0xffffff45 fr.pc=0x000002662e8d89a0 relative=0x0000000000002dc0
Event: 4.616 Thread 0x000002661f346510 Uncommon trap: reason=unstable_if action=reinterpret pc=0x000002662e8d89a0 method=org.apache.maven.model.merge.MavenModelMerger.mergePlugin_Executions(Lorg/apache/maven/model/Plugin;Lorg/apache/maven/model/Plugin;ZLjava/util/Map;)V @ 88 c2
Event: 4.616 Thread 0x000002661f346510 DEOPT PACKING pc=0x000002662e8d89a0 sp=0x000000d27b4fbad0
Event: 4.616 Thread 0x000002661f346510 DEOPT UNPACKING pc=0x000002662e1823a3 sp=0x000000d27b4fba20 mode 2
Event: 4.645 Thread 0x000002661f346510 Uncommon trap: trap_request=0xffffff45 fr.pc=0x000002662e803fd0 relative=0x00000000000012f0
Event: 4.645 Thread 0x000002661f346510 Uncommon trap: reason=unstable_if action=reinterpret pc=0x000002662e803fd0 method=org.codehaus.plexus.util.xml.pull.MXParser.nextImpl()I @ 973 c2
Event: 4.645 Thread 0x000002661f346510 DEOPT PACKING pc=0x000002662e803fd0 sp=0x000000d27b4fba60
Event: 4.645 Thread 0x000002661f346510 DEOPT UNPACKING pc=0x000002662e1823a3 sp=0x000000d27b4fba08 mode 2
Event: 4.668 Thread 0x000002661f346510 DEOPT PACKING pc=0x0000026627514be2 sp=0x000000d27b4fbca0
Event: 4.668 Thread 0x000002661f346510 DEOPT UNPACKING pc=0x000002662e182b43 sp=0x000000d27b4fb1c8 mode 0
Event: 4.674 Thread 0x000002661f346510 DEOPT PACKING pc=0x0000026627514be2 sp=0x000000d27b4fba10
Event: 4.674 Thread 0x000002661f346510 DEOPT UNPACKING pc=0x000002662e182b43 sp=0x000000d27b4faf38 mode 0
Event: 4.709 Thread 0x000002661f346510 DEOPT PACKING pc=0x0000026627514be2 sp=0x000000d27b4fb8a0
Event: 4.709 Thread 0x000002661f346510 DEOPT UNPACKING pc=0x000002662e182b43 sp=0x000000d27b4fadc8 mode 0

Classes unloaded (0 events):
No events

Classes redefined (0 events):
No events

Internal exceptions (20 events):
Event: 0.408 Thread 0x000002661f346510 Exception <a 'java/lang/NoSuchMethodError'{0x0000000712c9fd48}: 'int java.lang.invoke.DirectMethodHandle$Holder.invokeStaticInit(java.lang.Object, java.lang.Object)'> (0x0000000712c9fd48) 
thrown [s\open\src\hotspot\share\interpreter\linkResolver.cpp, line 759]
Event: 0.415 Thread 0x000002661f346510 Exception <a 'java/lang/NoClassDefFoundError'{0x0000000712cd9328}: javax/enterprise/inject/Typed> (0x0000000712cd9328) 
thrown [s\open\src\hotspot\share\classfile\systemDictionary.cpp, line 245]
Event: 0.890 Thread 0x000002661f346510 Exception <a 'java/lang/NoSuchMethodError'{0x0000000713bf45e0}: 'void java.lang.invoke.DirectMethodHandle$Holder.invokeStaticInit(java.lang.Object, java.lang.Object, java.lang.Object)'> (0x0000000713bf45e0) 
thrown [s\open\src\hotspot\share\interpreter\linkResolver.cpp, line 759]
Event: 0.893 Thread 0x000002661f346510 Exception <a 'java/lang/ExceptionInInitializerError'{0x0000000713820e50}> (0x0000000713820e50) 
thrown [s\open\src\hotspot\share\oops\instanceKlass.cpp, line 1216]
Event: 0.910 Thread 0x000002661f346510 Implicit null exception at 0x000002662e75672f to 0x000002662e756890
Event: 0.911 Thread 0x000002661f346510 Exception <a 'java/lang/NoSuchMethodError'{0x0000000713935e68}: 'java.lang.Object java.lang.invoke.Invokers$Holder.invokeExact_MT(java.lang.Object, int, java.lang.Object)'> (0x0000000713935e68) 
thrown [s\open\src\hotspot\share\interpreter\linkResolver.cpp, line 759]
Event: 0.920 Thread 0x000002661f346510 Exception <a 'java/lang/NoSuchMethodError'{0x00000007139a1d00}: 'int java.lang.invoke.DirectMethodHandle$Holder.invokeSpecial(java.lang.Object, java.lang.Object, java.lang.Object, java.lang.Object)'> (0x00000007139a1d00) 
thrown [s\open\src\hotspot\share\interpreter\linkResolver.cpp, line 759]
Event: 1.057 Thread 0x000002661f346510 Exception <a 'java/lang/NoClassDefFoundError'{0x00000007131e06a8}: com/google/inject/servlet/ServletModuleTargetVisitor> (0x00000007131e06a8) 
thrown [s\open\src\hotspot\share\classfile\systemDictionary.cpp, line 245]
Event: 1.090 Thread 0x000002661f346510 Exception <a 'java/lang/NoSuchMethodError'{0x0000000712f76828}: 'void java.lang.invoke.DirectMethodHandle$Holder.invokeVirtual(java.lang.Object, java.lang.Object)'> (0x0000000712f76828) 
thrown [s\open\src\hotspot\share\interpreter\linkResolver.cpp, line 759]
Event: 1.103 Thread 0x000002661f346510 Exception <a 'java/lang/NoSuchMethodError'{0x0000000712feeea8}: 'java.lang.Object java.lang.invoke.DirectMethodHandle$Holder.invokeStaticInit(java.lang.Object, int, int, int, int)'> (0x0000000712feeea8) 
thrown [s\open\src\hotspot\share\interpreter\linkResolver.cpp, line 759]
Event: 1.173 Thread 0x000002661f346510 Implicit null exception at 0x000002662e6f3572 to 0x000002662e6f3b54
Event: 1.174 Thread 0x000002661f346510 Implicit null exception at 0x000002662e6ff772 to 0x000002662e6ffd68
Event: 1.207 Thread 0x000002661f346510 Exception <a 'java/lang/NoSuchMethodError'{0x000000071263b980}: 'void java.lang.invoke.DirectMethodHandle$Holder.invokeSpecial(java.lang.Object, java.lang.Object, java.lang.Object, java.lang.Object, java.lang.Object)'> (0x000000071263b980) 
thrown [s\open\src\hotspot\share\interpreter\linkResolver.cpp, line 759]
Event: 1.210 Thread 0x000002661f346510 Exception <a 'java/lang/NoSuchMethodError'{0x0000000712659008}: 'void java.lang.invoke.DirectMethodHandle$Holder.invokeSpecial(java.lang.Object, java.lang.Object, java.lang.Object, java.lang.Object, java.lang.Object, java.lang.Object)'> (0x0000000712659008) 
thrown [s\open\src\hotspot\share\interpreter\linkResolver.cpp, line 759]
Event: 1.220 Thread 0x000002661f346510 Exception <a 'java/lang/NoSuchMethodError'{0x0000000712752538}: 'java.lang.Object java.lang.invoke.DirectMethodHandle$Holder.invokeVirtual(java.lang.Object, java.lang.Object, java.lang.Object)'> (0x0000000712752538) 
thrown [s\open\src\hotspot\share\interpreter\linkResolver.cpp, line 759]
Event: 1.594 Thread 0x000002661f346510 Implicit null exception at 0x000002662e7d9903 to 0x000002662e7daf6c
Event: 1.594 Thread 0x000002661f346510 Implicit null exception at 0x000002662e78746d to 0x000002662e787644
Event: 1.594 Thread 0x000002661f346510 Implicit null exception at 0x000002662e760958 to 0x000002662e7609ee
Event: 4.512 Thread 0x000002661f346510 Implicit null exception at 0x000002662e8fecd4 to 0x000002662e9038e0
Event: 4.532 Thread 0x000002661f346510 Implicit null exception at 0x000002662e926e87 to 0x000002662e928828

VM Operations (20 events):
Event: 1.282 Executing VM operation: ICBufferFull done
Event: 1.513 Executing VM operation: ICBufferFull
Event: 1.513 Executing VM operation: ICBufferFull done
Event: 1.594 Executing VM operation: HandshakeAllThreads
Event: 1.594 Executing VM operation: HandshakeAllThreads done
Event: 1.661 Executing VM operation: ICBufferFull
Event: 1.661 Executing VM operation: ICBufferFull done
Event: 1.999 Executing VM operation: ICBufferFull
Event: 1.999 Executing VM operation: ICBufferFull done
Event: 3.002 Executing VM operation: Cleanup
Event: 3.300 Executing VM operation: Cleanup done
Event: 3.320 Executing VM operation: G1CollectForAllocation
Event: 4.303 Executing VM operation: G1CollectForAllocation done
Event: 4.324 Executing VM operation: G1CollectForAllocation
Event: 4.330 Executing VM operation: G1CollectForAllocation done
Event: 4.421 Executing VM operation: G1CollectForAllocation
Event: 4.422 Executing VM operation: G1CollectForAllocation done
Event: 4.563 Executing VM operation: G1CollectForAllocation
Event: 4.565 Executing VM operation: G1CollectForAllocation done
Event: 4.715 Executing VM operation: G1CollectForAllocation

Events (20 events):
Event: 1.199 loading class java/util/AbstractMap$2$1
Event: 1.199 loading class java/util/AbstractMap$2$1 done
Event: 1.208 loading class java/lang/invoke/MethodHandle$1
Event: 1.208 loading class java/lang/invoke/MethodHandle$1 done
Event: 1.320 loading class java/util/stream/Streams$RangeIntSpliterator
Event: 1.320 loading class java/util/stream/Streams$RangeIntSpliterator done
Event: 1.524 loading class java/util/stream/MatchOps$MatchKind
Event: 1.524 loading class java/util/stream/MatchOps$MatchKind done
Event: 1.525 loading class java/util/stream/MatchOps
Event: 1.525 loading class java/util/stream/MatchOps done
Event: 1.525 loading class java/util/stream/MatchOps$MatchOp
Event: 1.525 loading class java/util/stream/MatchOps$MatchOp done
Event: 1.525 loading class java/util/stream/MatchOps$BooleanTerminalSink
Event: 1.525 loading class java/util/stream/MatchOps$BooleanTerminalSink done
Event: 1.525 loading class java/util/stream/MatchOps$1MatchSink
Event: 1.525 loading class java/util/stream/MatchOps$1MatchSink done
Event: 1.670 loading class sun/nio/cs/ISO_8859_1$Decoder
Event: 1.670 loading class sun/nio/cs/ISO_8859_1$Decoder done
Event: 4.637 loading class java/util/Collections$UnmodifiableList$1
Event: 4.637 loading class java/util/Collections$UnmodifiableList$1 done


Dynamic libraries:
0x00007ff61f1c0000 - 0x00007ff61f1d0000 	C:\Program Files\Java\jdk-17\bin\java.exe
0x00007ffe2a940000 - 0x00007ffe2aba7000 	C:\WINDOWS\SYSTEM32\ntdll.dll
0x00007ffe28ef0000 - 0x00007ffe28fb9000 	C:\WINDOWS\System32\KERNEL32.DLL
0x00007ffe27d30000 - 0x00007ffe2811f000 	C:\WINDOWS\System32\KERNELBASE.dll
0x00007ffe28160000 - 0x00007ffe282ab000 	C:\WINDOWS\System32\ucrtbase.dll
0x00007ffe14460000 - 0x00007ffe14479000 	C:\Program Files\Java\jdk-17\bin\jli.dll
0x00007ffdfc120000 - 0x00007ffdfc13b000 	C:\Program Files\Java\jdk-17\bin\VCRUNTIME140.dll
0x00007ffe28e10000 - 0x00007ffe28ec4000 	C:\WINDOWS\System32\ADVAPI32.dll
0x00007ffe2a850000 - 0x00007ffe2a8f9000 	C:\WINDOWS\System32\msvcrt.dll
0x00007ffe29e60000 - 0x00007ffe29f06000 	C:\WINDOWS\System32\sechost.dll
0x00007ffe2a1f0000 - 0x00007ffe2a308000 	C:\WINDOWS\System32\RPCRT4.dll
0x00007ffe29fa0000 - 0x00007ffe2a165000 	C:\WINDOWS\System32\USER32.dll
0x00007ffe28130000 - 0x00007ffe28157000 	C:\WINDOWS\System32\win32u.dll
0x00007ffe287a0000 - 0x00007ffe287cb000 	C:\WINDOWS\System32\GDI32.dll
0x00007ffe0b460000 - 0x00007ffe0b6f3000 	C:\WINDOWS\WinSxS\amd64_microsoft.windows.common-controls_6595b64144ccf1df_6.0.26100.7309_none_3e05feeae336a044\COMCTL32.dll
0x00007ffe27b40000 - 0x00007ffe27c6c000 	C:\WINDOWS\System32\gdi32full.dll
0x00007ffe28340000 - 0x00007ffe283e3000 	C:\WINDOWS\System32\msvcp_win.dll
0x00007ffe0df10000 - 0x00007ffe0df1b000 	C:\WINDOWS\SYSTEM32\VERSION.dll
0x00007ffe28760000 - 0x00007ffe28791000 	C:\WINDOWS\System32\IMM32.DLL
0x00007ffe143f0000 - 0x00007ffe143fc000 	C:\Program Files\Java\jdk-17\bin\vcruntime140_1.dll
0x00007ffde46c0000 - 0x00007ffde474e000 	C:\Program Files\Java\jdk-17\bin\msvcp140.dll
0x00007ffd83620000 - 0x00007ffd84200000 	C:\Program Files\Java\jdk-17\bin\server\jvm.dll
0x00007ffe28df0000 - 0x00007ffe28df8000 	C:\WINDOWS\System32\PSAPI.DLL
0x00007ffe1ee70000 - 0x00007ffe1eea5000 	C:\WINDOWS\SYSTEM32\WINMM.dll
0x00007ffe0a2f0000 - 0x00007ffe0a2fa000 	C:\WINDOWS\SYSTEM32\WSOCK32.dll
0x00007ffe2a170000 - 0x00007ffe2a1e4000 	C:\WINDOWS\System32\WS2_32.dll
0x00007ffe26810000 - 0x00007ffe2682b000 	C:\WINDOWS\SYSTEM32\kernel.appcore.dll
0x00007ffe03d70000 - 0x00007ffe03d7a000 	C:\Program Files\Java\jdk-17\bin\jimage.dll
0x00007ffe24be0000 - 0x00007ffe24e22000 	C:\WINDOWS\SYSTEM32\DBGHELP.DLL
0x00007ffe288d0000 - 0x00007ffe28c55000 	C:\WINDOWS\System32\combase.dll
0x00007ffe29310000 - 0x00007ffe293e6000 	C:\WINDOWS\System32\OLEAUT32.dll
0x00007ffe0a180000 - 0x00007ffe0a1bc000 	C:\WINDOWS\SYSTEM32\dbgcore.DLL
0x00007ffe27a90000 - 0x00007ffe27b35000 	C:\WINDOWS\System32\bcryptPrimitives.dll
0x00007ffdfbad0000 - 0x00007ffdfbaf5000 	C:\Program Files\Java\jdk-17\bin\java.dll
0x00007ffde2270000 - 0x00007ffde2347000 	C:\Program Files\Java\jdk-17\bin\jsvml.dll
0x00007ffe29530000 - 0x00007ffe29c83000 	C:\WINDOWS\System32\SHELL32.dll
0x00007ffe28570000 - 0x00007ffe286da000 	C:\WINDOWS\System32\wintypes.dll
0x00007ffe25650000 - 0x00007ffe25eae000 	C:\WINDOWS\SYSTEM32\windows.storage.dll
0x00007ffe287d0000 - 0x00007ffe288c5000 	C:\WINDOWS\System32\SHCORE.dll
0x00007ffe293f0000 - 0x00007ffe29456000 	C:\WINDOWS\System32\shlwapi.dll
0x00007ffe279b0000 - 0x00007ffe279d9000 	C:\WINDOWS\SYSTEM32\profapi.dll
0x00007ffdfaac0000 - 0x00007ffdfaad9000 	C:\Program Files\Java\jdk-17\bin\net.dll
0x00007ffe18540000 - 0x00007ffe18668000 	C:\WINDOWS\SYSTEM32\WINHTTP.dll
0x00007ffe26d60000 - 0x00007ffe26dcb000 	C:\WINDOWS\system32\mswsock.dll
0x00007ffdfaa70000 - 0x00007ffdfaa86000 	C:\Program Files\Java\jdk-17\bin\nio.dll
0x00007ffdfaa50000 - 0x00007ffdfaa68000 	C:\Program Files\Java\jdk-17\bin\zip.dll
0x00007ffdfaa20000 - 0x00007ffdfaa44000 	C:\Users\sheta\.m2\wrapper\dists\apache-maven-3.9.9\977a63e90f436cd6ade95b4c0e10c20c\lib\jansi-native\Windows\x86_64\jansi.dll
0x00007ffdfcb70000 - 0x00007ffdfcb80000 	C:\Program Files\Java\jdk-17\bin\verify.dll

dbghelp: loaded successfully - version: 4.0.5 - missing functions: none
symbol engine: initialized successfully - sym options: 0x614 - pdb path: .;C:\Program Files\Java\jdk-17\bin;C:\WINDOWS\SYSTEM32;C:\WINDOWS\WinSxS\amd64_microsoft.windows.common-controls_6595b64144ccf1df_6.0.26100.7309_none_3e05feeae336a044;C:\Program Files\Java\jdk-17\bin\server;C:\Users\sheta\.m2\wrapper\dists\apache-maven-3.9.9\977a63e90f436cd6ade95b4c0e10c20c\lib\jansi-native\Windows\x86_64

VM Arguments:
jvm_args: -Dclassworlds.conf=C:\Users\sheta\.m2\wrapper\dists\apache-maven-3.9.9\977a63e90f436cd6ade95b4c0e10c20c\bin\m2.conf -Dmaven.home=C:\Users\sheta\.m2\wrapper\dists\apache-maven-3.9.9\977a63e90f436cd6ade95b4c0e10c20c -Dlibrary.jansi.path=C:\Users\sheta\.m2\wrapper\dists\apache-maven-3.9.9\977a63e90f436cd6ade95b4c0e10c20c\lib\jansi-native -Dmaven.multiModuleProjectDirectory=C:\Users\sheta\Downloads\CodeAmigos--Backend-main (1) (1)\CodeAmigos--Backend-main (1)\CodeAmigos--Backend-main (1)\CodeAmigos--Backend-main 
java_command: org.codehaus.plexus.classworlds.launcher.Launcher spring-boot:run
java_class_path (initial): C:\Users\sheta\.m2\wrapper\dists\apache-maven-3.9.9\977a63e90f436cd6ade95b4c0e10c20c\boot\plexus-classworlds-2.8.0.jar
Launcher Type: SUN_STANDARD

[Global flags]
     intx CICompilerCount                          = 4                                         {product} {ergonomic}
     uint ConcGCThreads                            = 3                                         {product} {ergonomic}
     uint G1ConcRefinementThreads                  = 10                                        {product} {ergonomic}
   size_t G1HeapRegionSize                         = 2097152                                   {product} {ergonomic}
    uintx GCDrainStackTargetSize                   = 64                                        {product} {ergonomic}
   size_t InitialHeapSize                          = 264241152                                 {product} {ergonomic}
   size_t MarkStackSize                            = 4194304                                   {product} {ergonomic}
   size_t MaxHeapSize                              = 4223664128                                {product} {ergonomic}
   size_t MaxNewSize                               = 2533359616                                {product} {ergonomic}
   size_t MinHeapDeltaBytes                        = 2097152                                   {product} {ergonomic}
   size_t MinHeapSize                              = 8388608                                   {product} {ergonomic}
    uintx NonNMethodCodeHeapSize                   = 5839372                                {pd product} {ergonomic}
    uintx NonProfiledCodeHeapSize                  = 122909434                              {pd product} {ergonomic}
    uintx ProfiledCodeHeapSize                     = 122909434                              {pd product} {ergonomic}
    uintx ReservedCodeCacheSize                    = 251658240                              {pd product} {ergonomic}
     bool SegmentedCodeCache                       = true                                      {product} {ergonomic}
   size_t SoftMaxHeapSize                          = 4223664128                             {manageable} {ergonomic}
     bool UseCompressedClassPointers               = true                           {product lp64_product} {ergonomic}
     bool UseCompressedOops                        = true                           {product lp64_product} {ergonomic}
     bool UseG1GC                                  = true                                      {product} {ergonomic}
     bool UseLargePagesIndividualAllocation        = false                                  {pd product} {ergonomic}

Logging:
Log output configuration:
 #0: stdout all=warning uptime,level,tags
 #1: stderr all=off uptime,level,tags

Environment Variables:
PATH=C:\Program Files\Common Files\Oracle\Java\javapath;C:\WINDOWS\system32;C:\WINDOWS;C:\WINDOWS\System32\Wbem;C:\WINDOWS\System32\WindowsPowerShell\v1.0\;C:\WINDOWS\System32\OpenSSH\;C:\MinGW\bin;C:\Windows\System32\Wbem;C:\ProgramData\chocolatey\bin;C:\Program Files\nodejs;C:\Program Files\Git\cmd;E:\coding\PY;C:\Users\sheta\AppData\Local\Programs\Python\Python313;C:\Users\sheta\AppData\Local\Programs\Python\Python313\Scripts;C:\Program Files\Docker\Docker\resources\bin;C:\Program Files\cursor\resources\app\bin;C:\Program Files\MongoDB\Server\8.2;C:\Users\sheta\Downloads\flutter_windows_3.35.4-stable\flutter\bin;C:\Users\sheta\Downloads\apache-maven-3.9.11-bin\apache-maven-3.9.11\bin;C:\Program Files\MySQL\MySQL Server 8.0\bin;C:\Program Files\MySQL\MySQL Shell 8.0\bin\;C:\Users\sheta\AppData\Local\Programs\Python\Python313\Scripts\;C:\Users\sheta\AppData\Local\Programs\Python\Python313\;C:\Users\sheta\AppData\Local\Microsoft\WindowsApps;C:\Users\sheta\AppData\Local\Programs\Microsoft VS Code\bin;C:\Users\sheta\AppData\Roaming\npm;C:\Users\sheta\AppData\Local\Programs\mongosh\;C:\Users\sheta\AppData\Local\Programs\Antigravity\bin;C:\Users\sheta\AppData\Local\Programs\Qoder\bin;C:\Users\sheta\AppData\Local\GitHubDesktop\bin;c:\Users\sheta\.antigravity\extensions\vscjava.vscode-java-debug-0.58.5-universal\bundled\scripts\noConfigScripts
USERNAME=Darshan_Sheta
LANG=en_US.UTF-8
OS=Windows_NT
PROCESSOR_IDENTIFIER=Intel64 Family 6 Model 154 Stepping 4, GenuineIntel



---------------  S Y S T E M  ---------------

OS:
 Windows 11 , 64 bit Build 26100 (10.0.26100.7309)
OS uptime: 0 days 7:39 hours
Hyper-V role detected

CPU: total 12 (initial active 12) (6 cores per cpu, 2 threads per core) family 6 model 154 stepping 4 microcode 0x437, cx8, cmov, fxsr, ht, mmx, 3dnowpref, sse, sse2, sse3, ssse3, sse4.1, sse4.2, popcnt, lzcnt, tsc, tscinvbit, avx, avx2, aes, erms, clmul, bmi1, bmi2, adx, sha, fma, vzeroupper, clflush, clflushopt, clwb, hv

Memory: 4k page, system-wide physical 16108M (4927M free)
TotalPageFile size 16108M (AvailPageFile size 5M)
current process WorkingSet (physical memory assigned to process): 272M, peak: 298M
current process commit charge ("private bytes"): 404M, peak: 684M

vm_info: Java HotSpot(TM) 64-Bit Server VM (17.0.12+8-LTS-286) for windows-amd64 JRE (17.0.12+8-LTS-286), built on Jun  5 2024 06:46:59 by "mach5one" with MS VC++ 17.6 (VS2022)

END.
