#
# There is insufficient memory for the Java Runtime Environment to continue.
# Native memory allocation (mmap) failed to map 264241152 bytes for G1 virtual space
# Possible reasons:
#   The system is out of physical RAM or swap space
#   The process is running with CompressedOops enabled, and the Java Heap may be blocking the growth of the native heap
# Possible solutions:
#   Reduce memory load on the system
#   Increase physical memory or swap space
#   Check if swap backing store is full
#   Decrease Java heap size (-Xmx/-Xms)
#   Decrease number of Java threads
#   Decrease Java thread stack sizes (-Xss)
#   Set larger code cache with -XX:ReservedCodeCacheSize=
#   JVM is running with Zero Based Compressed Oops mode in which the Java heap is
#     placed in the first 32GB address space. The Java Heap base address is the
#     maximum limit for the native heap growth. Please use -XX:HeapBaseMinAddress
#     to set the Java Heap base and to place the Java Heap above 32GB virtual address.
# This output file may be truncated or incomplete.
#
#  Out of Memory Error (os_windows.cpp:3548), pid=15040, tid=23380
#
# JRE version:  (17.0.12+8) (build )
# Java VM: Java HotSpot(TM) 64-Bit Server VM (17.0.12+8-LTS-286, mixed mode, sharing, tiered, compressed oops, compressed class ptrs, g1 gc, windows-amd64)
# No core dump will be written. Minidumps are not enabled by default on client versions of Windows
#

---------------  S U M M A R Y ------------

Command Line: -Dclassworlds.conf=C:\Users\sheta\.m2\wrapper\dists\apache-maven-3.9.9\977a63e90f436cd6ade95b4c0e10c20c\bin\m2.conf -Dmaven.home=C:\Users\sheta\.m2\wrapper\dists\apache-maven-3.9.9\977a63e90f436cd6ade95b4c0e10c20c -Dlibrary.jansi.path=C:\Users\sheta\.m2\wrapper\dists\apache-maven-3.9.9\977a63e90f436cd6ade95b4c0e10c20c\lib\jansi-native -Dmaven.multiModuleProjectDirectory=C:\Users\sheta\Downloads\CodeAmigosProject\CodeAmigosProject\CodeAmigos--Backend-main org.codehaus.plexus.classworlds.launcher.Launcher spring-boot:run -Dspring-boot .run.profiles=dev

Host: 12th Gen Intel(R) Core(TM) i5-1235U, 12 cores, 15G,  Windows 11 , 64 bit Build 26100 (10.0.26100.7309)
Time: Mon Jan 12 16:05:53 2026 India Standard Time elapsed time: 1.145413 seconds (0d 0h 0m 1s)

---------------  T H R E A D  ---------------

Current thread (0x00000171b97aafe0):  JavaThread "Unknown thread" [_thread_in_vm, id=23380, stack(0x00000028c7300000,0x00000028c7400000)]

Stack: [0x00000028c7300000,0x00000028c7400000]
Native frames: (J=compiled Java code, j=interpreted, Vv=VM code, C=native code)
V  [jvm.dll+0x67a04a]
V  [jvm.dll+0x7da4ed]
V  [jvm.dll+0x7dbe33]
V  [jvm.dll+0x7dc4a3]
V  [jvm.dll+0x24508f]
V  [jvm.dll+0x677089]
V  [jvm.dll+0x66bd32]
V  [jvm.dll+0x301fa6]
V  [jvm.dll+0x309546]
V  [jvm.dll+0x359d2e]
V  [jvm.dll+0x359f5f]
V  [jvm.dll+0x2d9078]
V  [jvm.dll+0x2d9fe4]
V  [jvm.dll+0x7aca21]
V  [jvm.dll+0x367591]
V  [jvm.dll+0x78b999]
V  [jvm.dll+0x3ec83f]
V  [jvm.dll+0x3ee471]
C  [jli.dll+0x5297]
C  [ucrtbase.dll+0x37b0]
C  [KERNEL32.DLL+0x2e8d7]
C  [ntdll.dll+0x8c53c]


---------------  P R O C E S S  ---------------

Threads class SMR info:
_java_thread_list=0x00007ffd97987a18, length=0, elements={
}

Java Threads: ( => current thread )

Other Threads:
  0x00000171b9940080 GCTaskThread "GC Thread#0" [stack: 0x00000028c7400000,0x00000028c7500000] [id=23028]
  0x00000171b9950b90 ConcurrentGCThread "G1 Main Marker" [stack: 0x00000028c7500000,0x00000028c7600000] [id=25336]
  0x00000171b99515a0 ConcurrentGCThread "G1 Conc#0" [stack: 0x00000028c7600000,0x00000028c7700000] [id=19096]

[error occurred during error reporting (printing all threads), id 0xc0000005, EXCEPTION_ACCESS_VIOLATION (0xc0000005) at pc=0x00007ffd971b9b67]

VM state: not at safepoint (not fully initialized)

VM Mutex/Monitor currently owned by a thread:  ([mutex/lock_event])
[0x00000171b98d3b00] Heap_lock - owner thread: 0x00000171b97aafe0

Heap address: 0x0000000704400000, size: 4028 MB, Compressed Oops mode: Zero based, Oop shift amount: 3

CDS archive(s) mapped at: [0x0000000000000000-0x0000000000000000-0x0000000000000000), size 0, SharedBaseAddress: 0x0000000800000000, ArchiveRelocationMode: 1.
Narrow klass base: 0x0000000000000000, Narrow klass shift: 0, Narrow klass range: 0x0

GC Precious Log:
<Empty>

Heap:
 garbage-first heap   total 0K, used 0K [0x0000000704400000, 0x0000000800000000)
  region size 2048K, 0 young (0K), 0 survivors (0K)

[error occurred during error reporting (printing heap information), id 0xc0000005, EXCEPTION_ACCESS_VIOLATION (0xc0000005) at pc=0x00007ffd975a3859]

GC Heap History (0 events):
No events

Deoptimization events (0 events):
No events

Classes unloaded (0 events):
No events

Classes redefined (0 events):
No events

Internal exceptions (0 events):
No events

VM Operations (0 events):
No events

Events (1 events):
Event: 0.006 Loaded shared library C:\Program Files\Java\jdk-17\bin\java.dll


Dynamic libraries:
0x00007ff653230000 - 0x00007ff653240000 	C:\Program Files\Java\jdk-17\bin\java.exe
0x00007ffe566e0000 - 0x00007ffe56947000 	C:\WINDOWS\SYSTEM32\ntdll.dll
0x00007ffe55b50000 - 0x00007ffe55c19000 	C:\WINDOWS\System32\KERNEL32.DLL
0x00007ffe53cc0000 - 0x00007ffe540af000 	C:\WINDOWS\System32\KERNELBASE.dll
0x00007ffe54240000 - 0x00007ffe5438b000 	C:\WINDOWS\System32\ucrtbase.dll
0x00007ffe419e0000 - 0x00007ffe419f9000 	C:\Program Files\Java\jdk-17\bin\jli.dll
0x00007ffe54480000 - 0x00007ffe54534000 	C:\WINDOWS\System32\ADVAPI32.dll
0x00007ffe417e0000 - 0x00007ffe417fb000 	C:\Program Files\Java\jdk-17\bin\VCRUNTIME140.dll
0x00007ffe55760000 - 0x00007ffe55809000 	C:\WINDOWS\System32\msvcrt.dll
0x00007ffe54c10000 - 0x00007ffe54cb6000 	C:\WINDOWS\System32\sechost.dll
0x00007ffe54560000 - 0x00007ffe54678000 	C:\WINDOWS\System32\RPCRT4.dll
0x00007ffe55520000 - 0x00007ffe556e5000 	C:\WINDOWS\System32\USER32.dll
0x00007ffe54450000 - 0x00007ffe54477000 	C:\WINDOWS\System32\win32u.dll
0x00007ffe55a10000 - 0x00007ffe55a3b000 	C:\WINDOWS\System32\GDI32.dll
0x00007ffe539a0000 - 0x00007ffe53acc000 	C:\WINDOWS\System32\gdi32full.dll
0x00007ffe53b80000 - 0x00007ffe53c23000 	C:\WINDOWS\System32\msvcp_win.dll
0x00007ffe35ef0000 - 0x00007ffe36183000 	C:\WINDOWS\WinSxS\amd64_microsoft.windows.common-controls_6595b64144ccf1df_6.0.26100.7309_none_3e05feeae336a044\COMCTL32.dll
0x00007ffe36d90000 - 0x00007ffe36d9b000 	C:\WINDOWS\SYSTEM32\VERSION.dll
0x00007ffe56660000 - 0x00007ffe56691000 	C:\WINDOWS\System32\IMM32.DLL
0x00007ffe417d0000 - 0x00007ffe417dc000 	C:\Program Files\Java\jdk-17\bin\vcruntime140_1.dll
0x00007ffe0ac70000 - 0x00007ffe0acfe000 	C:\Program Files\Java\jdk-17\bin\msvcp140.dll
0x00007ffd96ed0000 - 0x00007ffd97ab0000 	C:\Program Files\Java\jdk-17\bin\server\jvm.dll
0x00007ffe55d70000 - 0x00007ffe55d78000 	C:\WINDOWS\System32\PSAPI.DLL
0x00007ffe34f10000 - 0x00007ffe34f1a000 	C:\WINDOWS\SYSTEM32\WSOCK32.dll
0x00007ffe4b680000 - 0x00007ffe4b6b5000 	C:\WINDOWS\SYSTEM32\WINMM.dll
0x00007ffe552c0000 - 0x00007ffe55334000 	C:\WINDOWS\System32\WS2_32.dll
0x00007ffe525c0000 - 0x00007ffe525db000 	C:\WINDOWS\SYSTEM32\kernel.appcore.dll
0x00007ffe41790000 - 0x00007ffe4179a000 	C:\Program Files\Java\jdk-17\bin\jimage.dll
0x00007ffe50cc0000 - 0x00007ffe50f02000 	C:\WINDOWS\SYSTEM32\DBGHELP.DLL
0x00007ffe54cd0000 - 0x00007ffe55055000 	C:\WINDOWS\System32\combase.dll
0x00007ffe551d0000 - 0x00007ffe552a6000 	C:\WINDOWS\System32\OLEAUT32.dll
0x00007ffe34ed0000 - 0x00007ffe34f0c000 	C:\WINDOWS\SYSTEM32\dbgcore.DLL
0x00007ffe53ad0000 - 0x00007ffe53b75000 	C:\WINDOWS\System32\bcryptPrimitives.dll
0x00007ffe40aa0000 - 0x00007ffe40ac5000 	C:\Program Files\Java\jdk-17\bin\java.dll

dbghelp: loaded successfully - version: 4.0.5 - missing functions: none
symbol engine: initialized successfully - sym options: 0x614 - pdb path: .;C:\Program Files\Java\jdk-17\bin;C:\WINDOWS\SYSTEM32;C:\WINDOWS\WinSxS\amd64_microsoft.windows.common-controls_6595b64144ccf1df_6.0.26100.7309_none_3e05feeae336a044;C:\Program Files\Java\jdk-17\bin\server

VM Arguments:
jvm_args: -Dclassworlds.conf=C:\Users\sheta\.m2\wrapper\dists\apache-maven-3.9.9\977a63e90f436cd6ade95b4c0e10c20c\bin\m2.conf -Dmaven.home=C:\Users\sheta\.m2\wrapper\dists\apache-maven-3.9.9\977a63e90f436cd6ade95b4c0e10c20c -Dlibrary.jansi.path=C:\Users\sheta\.m2\wrapper\dists\apache-maven-3.9.9\977a63e90f436cd6ade95b4c0e10c20c\lib\jansi-native -Dmaven.multiModuleProjectDirectory=C:\Users\sheta\Downloads\CodeAmigosProject\CodeAmigosProject\CodeAmigos--Backend-main 
java_command: org.codehaus.plexus.classworlds.launcher.Launcher spring-boot:run -Dspring-boot .run.profiles=dev
java_class_path (initial): C:\Users\sheta\.m2\wrapper\dists\apache-maven-3.9.9\977a63e90f436cd6ade95b4c0e10c20c\boot\plexus-classworlds-2.8.0.jar
Launcher Type: SUN_STANDARD

[Global flags]
     intx CICompilerCount                          = 4                                         {product} {ergonomic}
     uint ConcGCThreads                            = 3                                         {product} {ergonomic}
     uint G1ConcRefinementThreads                  = 10                                        {product} {ergonomic}
   size_t G1HeapRegionSize                         = 2097152                                   {product} {ergonomic}
    uintx GCDrainStackTargetSize                   = 64                                        {product} {ergonomic}
   size_t InitialHeapSize                          = 264241152                                 {product} {ergonomic}
   size_t MarkStackSize                            = 4194304                                   {product} {ergonomic}
   size_t MaxHeapSize                              = 4223664128                                {product} {ergonomic}
   size_t MinHeapDeltaBytes                        = 2097152                                   {product} {ergonomic}
   size_t MinHeapSize                              = 8388608                                   {product} {ergonomic}
    uintx NonNMethodCodeHeapSize                   = 5839372                                {pd product} {ergonomic}
    uintx NonProfiledCodeHeapSize                  = 122909434                              {pd product} {ergonomic}
    uintx ProfiledCodeHeapSize                     = 122909434                              {pd product} {ergonomic}
    uintx ReservedCodeCacheSize                    = 251658240                              {pd product} {ergonomic}
     bool SegmentedCodeCache                       = true                                      {product} {ergonomic}
   size_t SoftMaxHeapSize                          = 4223664128                             {manageable} {ergonomic}
     bool UseCompressedClassPointers               = true                           {product lp64_product} {ergonomic}
     bool UseCompressedOops                        = true                           {product lp64_product} {ergonomic}
     bool UseG1GC                                  = true                                      {product} {ergonomic}
     bool UseLargePagesIndividualAllocation        = false                                  {pd product} {ergonomic}

Logging:
Log output configuration:
 #0: stdout all=warning uptime,level,tags
 #1: stderr all=off uptime,level,tags

Environment Variables:
PATH=C:\Program Files\Common Files\Oracle\Java\javapath;C:\WINDOWS\system32;C:\WINDOWS;C:\WINDOWS\System32\Wbem;C:\WINDOWS\System32\WindowsPowerShell\v1.0\;C:\WINDOWS\System32\OpenSSH\;C:\MinGW\bin;C:\Windows\System32\Wbem;C:\ProgramData\chocolatey\bin;C:\Program Files\nodejs;C:\Program Files\Git\cmd;E:\coding\PY;C:\Users\sheta\AppData\Local\Programs\Python\Python313;C:\Users\sheta\AppData\Local\Programs\Python\Python313\Scripts;C:\Program Files\Docker\Docker\resources\bin;C:\Program Files\cursor\resources\app\bin;C:\Program Files\MongoDB\Server\8.2;C:\Users\sheta\Downloads\flutter_windows_3.35.4-stable\flutter\bin;C:\Users\sheta\Downloads\apache-maven-3.9.11-bin\apache-maven-3.9.11\bin;C:\Program Files\MySQL\MySQL Server 8.0\bin;C:\Program Files\MySQL\MySQL Shell 8.0\bin\;C:\Users\sheta\AppData\Local\Programs\Python\Python313\Scripts\;C:\Users\sheta\AppData\Local\Programs\Python\Python313\;C:\Users\sheta\AppData\Local\Microsoft\WindowsApps;C:\Users\sheta\AppData\Local\Programs\Microsoft VS Code\bin;C:\Users\sheta\AppData\Roaming\npm;C:\Users\sheta\AppData\Local\Programs\mongosh\;C:\Users\sheta\AppData\Local\Programs\Antigravity\bin;C:\Users\sheta\AppData\Local\Programs\Qoder\bin;C:\Users\sheta\AppData\Local\GitHubDesktop\bin
USERNAME=Darshan_Sheta
LANG=en_US.UTF-8
OS=Windows_NT
PROCESSOR_IDENTIFIER=Intel64 Family 6 Model 154 Stepping 4, GenuineIntel



---------------  S Y S T E M  ---------------

OS:
 Windows 11 , 64 bit Build 26100 (10.0.26100.7309)
OS uptime: 0 days 16:08 hours
Hyper-V role detected

CPU: total 12 (initial active 12) (6 cores per cpu, 2 threads per core) family 6 model 154 stepping 4 microcode 0x437, cx8, cmov, fxsr, ht, mmx, 3dnowpref, sse, sse2, sse3, ssse3, sse4.1, sse4.2, popcnt, lzcnt, tsc, tscinvbit, avx, avx2, aes, erms, clmul, bmi1, bmi2, adx, sha, fma, vzeroupper, clflush, clflushopt, clwb, hv

Memory: 4k page, system-wide physical 16108M (4479M free)
TotalPageFile size 16108M (AvailPageFile size 218M)
current process WorkingSet (physical memory assigned to process): 12M, peak: 12M
current process commit charge ("private bytes"): 64M, peak: 316M

vm_info: Java HotSpot(TM) 64-Bit Server VM (17.0.12+8-LTS-286) for windows-amd64 JRE (17.0.12+8-LTS-286), built on Jun  5 2024 06:46:59 by "mach5one" with MS VC++ 17.6 (VS2022)

END.
