#
# There is insufficient memory for the Java Runtime Environment to continue.
# Native memory allocation (malloc) failed to allocate 1485936 bytes for Chunk::new
# Possible reasons:
#   The system is out of physical RAM or swap space
#   The process is running with CompressedOops enabled, and the Java Heap may be blocking the growth of the native heap
# Possible solutions:
#   Reduce memory load on the system
#   Increase physical memory or swap space
#   Check if swap backing store is full
#   Decrease Java heap size (-Xmx/-Xms)
#   Decrease number of Java threads
#   Decrease Java thread stack sizes (-Xss)
#   Set larger code cache with -XX:ReservedCodeCacheSize=
#   JVM is running with Zero Based Compressed Oops mode in which the Java heap is
#     placed in the first 32GB address space. The Java Heap base address is the
#     maximum limit for the native heap growth. Please use -XX:HeapBaseMinAddress
#     to set the Java Heap base and to place the Java Heap above 32GB virtual address.
# This output file may be truncated or incomplete.
#
#  Out of Memory Error (arena.cpp:189), pid=12504, tid=6616
#
# JRE version: Java(TM) SE Runtime Environment (17.0.12+8) (build 17.0.12+8-LTS-286)
# Java VM: Java HotSpot(TM) 64-Bit Server VM (17.0.12+8-LTS-286, mixed mode, sharing, tiered, compressed oops, compressed class ptrs, g1 gc, windows-amd64)
# No core dump will be written. Minidumps are not enabled by default on client versions of Windows
#

---------------  S U M M A R Y ------------

Command Line: -Dclassworlds.conf=C:\Users\sheta\.m2\wrapper\dists\apache-maven-3.9.9\977a63e90f436cd6ade95b4c0e10c20c\bin\m2.conf -Dmaven.home=C:\Users\sheta\.m2\wrapper\dists\apache-maven-3.9.9\977a63e90f436cd6ade95b4c0e10c20c -Dlibrary.jansi.path=C:\Users\sheta\.m2\wrapper\dists\apache-maven-3.9.9\977a63e90f436cd6ade95b4c0e10c20c\lib\jansi-native -Dmaven.multiModuleProjectDirectory=C:\Users\sheta\Downloads\CodeAmigosProject\CodeAmigosProject\CodeAmigos--Backend-main org.codehaus.plexus.classworlds.launcher.Launcher clean package -DskipTests

Host: 12th Gen Intel(R) Core(TM) i5-1235U, 12 cores, 15G,  Windows 11 , 64 bit Build 26100 (10.0.26100.7309)
Time: Tue Jan 13 08:53:56 2026 India Standard Time elapsed time: 15.511536 seconds (0d 0h 0m 15s)

---------------  T H R E A D  ---------------

Current thread (0x000001fa170edb30):  JavaThread "C2 CompilerThread2" daemon [_thread_in_native, id=6616, stack(0x000000f218600000,0x000000f218700000)]


Current CompileTask:
C2:  15511 11196   !   4       java.lang.ClassLoader::loadClass (121 bytes)

Stack: [0x000000f218600000,0x000000f218700000]
Native frames: (J=compiled Java code, j=interpreted, Vv=VM code, C=native code)
V  [jvm.dll+0x67a04a]
V  [jvm.dll+0x7da4ed]
V  [jvm.dll+0x7dbe33]
V  [jvm.dll+0x7dc4a3]
V  [jvm.dll+0x24508f]
V  [jvm.dll+0xab773]
V  [jvm.dll+0xabd3c]
V  [jvm.dll+0x2aa52f]
V  [jvm.dll+0x581eb9]
V  [jvm.dll+0x21f422]
V  [jvm.dll+0x21837b]
V  [jvm.dll+0x215b65]
V  [jvm.dll+0x1a2960]
V  [jvm.dll+0x22610b]
V  [jvm.dll+0x2242ab]
V  [jvm.dll+0x79075c]
V  [jvm.dll+0x78abea]
V  [jvm.dll+0x678f35]
C  [ucrtbase.dll+0x37b0]
C  [KERNEL32.DLL+0x2e8d7]
C  [ntdll.dll+0x8c53c]


---------------  P R O C E S S  ---------------

Threads class SMR info:
_java_thread_list=0x000001fa129f0460, length=15, elements={
0x000001f9a93d58e0, 0x000001f9cc3180d0, 0x000001f9cc319610, 0x000001f9cc331300,
0x000001f9cc333be0, 0x000001f9cc335020, 0x000001f9cc33efe0, 0x000001f9cc343190,
0x000001f9cc350b00, 0x000001f9cc3599c0, 0x000001f9cc3594b0, 0x000001f9cc358070,
0x000001f9cc356720, 0x000001fa170efb10, 0x000001fa170edb30
}

Java Threads: ( => current thread )
  0x000001f9a93d58e0 JavaThread "main" [_thread_in_Java, id=23956, stack(0x000000f217200000,0x000000f217300000)]
  0x000001f9cc3180d0 JavaThread "Reference Handler" daemon [_thread_blocked, id=9072, stack(0x000000f217900000,0x000000f217a00000)]
  0x000001f9cc319610 JavaThread "Finalizer" daemon [_thread_blocked, id=25312, stack(0x000000f217a00000,0x000000f217b00000)]
  0x000001f9cc331300 JavaThread "Signal Dispatcher" daemon [_thread_blocked, id=18556, stack(0x000000f217b00000,0x000000f217c00000)]
  0x000001f9cc333be0 JavaThread "Attach Listener" daemon [_thread_blocked, id=26152, stack(0x000000f217c00000,0x000000f217d00000)]
  0x000001f9cc335020 JavaThread "Service Thread" daemon [_thread_blocked, id=31980, stack(0x000000f217d00000,0x000000f217e00000)]
  0x000001f9cc33efe0 JavaThread "Monitor Deflation Thread" daemon [_thread_blocked, id=25776, stack(0x000000f217e00000,0x000000f217f00000)]
  0x000001f9cc343190 JavaThread "C2 CompilerThread0" daemon [_thread_in_native, id=30616, stack(0x000000f217f00000,0x000000f218000000)]
  0x000001f9cc350b00 JavaThread "C1 CompilerThread0" daemon [_thread_blocked, id=30604, stack(0x000000f218000000,0x000000f218100000)]
  0x000001f9cc3599c0 JavaThread "Sweeper thread" daemon [_thread_blocked, id=20436, stack(0x000000f218100000,0x000000f218200000)]
  0x000001f9cc3594b0 JavaThread "Notification Thread" daemon [_thread_blocked, id=10840, stack(0x000000f218200000,0x000000f218300000)]
  0x000001f9cc358070 JavaThread "Common-Cleaner" daemon [_thread_blocked, id=14820, stack(0x000000f218400000,0x000000f218500000)]
  0x000001f9cc356720 JavaThread "Thread-1" daemon [_thread_blocked, id=28860, stack(0x000000f218f00000,0x000000f219000000)]
  0x000001fa170efb10 JavaThread "C2 CompilerThread1" daemon [_thread_blocked, id=13336, stack(0x000000f218500000,0x000000f218600000)]
=>0x000001fa170edb30 JavaThread "C2 CompilerThread2" daemon [_thread_in_native, id=6616, stack(0x000000f218600000,0x000000f218700000)]

Other Threads:
  0x000001f9cba7d910 VMThread "VM Thread" [stack: 0x000000f217800000,0x000000f217900000] [id=32188]
  0x000001f9cc48cfe0 WatcherThread [stack: 0x000000f218300000,0x000000f218400000] [id=30744]
  0x000001f9a943fad0 GCTaskThread "GC Thread#0" [stack: 0x000000f217300000,0x000000f217400000] [id=3892]
  0x000001f9cc4ad470 GCTaskThread "GC Thread#1" [stack: 0x000000f218700000,0x000000f218800000] [id=23928]
  0x000001fa12b33fa0 GCTaskThread "GC Thread#2" [stack: 0x000000f218800000,0x000000f218900000] [id=29704]
  0x000001fa12a632a0 GCTaskThread "GC Thread#3" [stack: 0x000000f218900000,0x000000f218a00000] [id=15176]
  0x000001fa12a52fa0 GCTaskThread "GC Thread#4" [stack: 0x000000f218a00000,0x000000f218b00000] [id=428]
  0x000001fa12b443c0 GCTaskThread "GC Thread#5" [stack: 0x000000f218b00000,0x000000f218c00000] [id=30864]
  0x000001fa12bedb60 GCTaskThread "GC Thread#6" [stack: 0x000000f218c00000,0x000000f218d00000] [id=28032]
  0x000001fa12785520 GCTaskThread "GC Thread#7" [stack: 0x000000f218d00000,0x000000f218e00000] [id=29812]
  0x000001fa12bd9190 GCTaskThread "GC Thread#8" [stack: 0x000000f218e00000,0x000000f218f00000] [id=29900]
  0x000001fa134e4500 GCTaskThread "GC Thread#9" [stack: 0x000000f219000000,0x000000f219100000] [id=1320]
  0x000001f9a9451500 ConcurrentGCThread "G1 Main Marker" [stack: 0x000000f217400000,0x000000f217500000] [id=32128]
  0x000001f9a9453b00 ConcurrentGCThread "G1 Conc#0" [stack: 0x000000f217500000,0x000000f217600000] [id=22000]
  0x000001fa15135700 ConcurrentGCThread "G1 Conc#1" [stack: 0x000000f219100000,0x000000f219200000] [id=17776]
  0x000001fa15136a40 ConcurrentGCThread "G1 Conc#2" [stack: 0x000000f219200000,0x000000f219300000] [id=20220]
  0x000001f9cb9467c0 ConcurrentGCThread "G1 Refine#0" [stack: 0x000000f217600000,0x000000f217700000] [id=13304]
  0x000001fa126e7be0 ConcurrentGCThread "G1 Refine#1" [stack: 0x000000f219300000,0x000000f219400000] [id=6784]
  0x000001fa1401bc90 ConcurrentGCThread "G1 Refine#2" [stack: 0x000000f219400000,0x000000f219500000] [id=25020]
  0x000001fa14558360 ConcurrentGCThread "G1 Refine#3" [stack: 0x000000f219500000,0x000000f219600000] [id=32676]
  0x000001fa14558650 ConcurrentGCThread "G1 Refine#4" [stack: 0x000000f219600000,0x000000f219700000] [id=13476]
  0x000001f9cb947100 ConcurrentGCThread "G1 Service" [stack: 0x000000f217700000,0x000000f217800000] [id=24648]

Threads with active compile tasks:
C2 CompilerThread0    15540 11218   !   4       com.google.inject.spi.InjectionPoint::getInjectionPoints (491 bytes)
C2 CompilerThread1    15541 11260       4       com.google.inject.internal.DeclaredMembers$$Lambda$60/0x000001f9ce0939c0::apply (8 bytes)
C2 CompilerThread2    15541 11196   !   4       java.lang.ClassLoader::loadClass (121 bytes)

VM state: not at safepoint (normal execution)

VM Mutex/Monitor currently owned by a thread: None

Heap address: 0x0000000704400000, size: 4028 MB, Compressed Oops mode: Zero based, Oop shift amount: 3

CDS archive(s) mapped at: [0x000001f9cd000000-0x000001f9cdbd0000-0x000001f9cdbd0000), size 12386304, SharedBaseAddress: 0x000001f9cd000000, ArchiveRelocationMode: 1.
Compressed class space mapped at: 0x000001f9ce000000-0x000001fa0e000000, reserved size: 1073741824
Narrow klass base: 0x000001f9cd000000, Narrow klass shift: 0, Narrow klass range: 0x100000000

GC Precious Log:
 CPUs: 12 total, 12 available
 Memory: 16108M
 Large Page Support: Disabled
 NUMA Support: Disabled
 Compressed Oops: Enabled (Zero based)
 Heap Region Size: 2M
 Heap Min Capacity: 8M
 Heap Initial Capacity: 252M
 Heap Max Capacity: 4028M
 Pre-touch: Disabled
 Parallel Workers: 10
 Concurrent Workers: 3
 Concurrent Refinement Workers: 10
 Periodic GC: Disabled

Heap:
 garbage-first heap   total 237568K, used 106450K [0x0000000704400000, 0x0000000800000000)
  region size 2048K, 6 young (12288K), 2 survivors (4096K)
 Metaspace       used 37772K, committed 38144K, reserved 1114112K
  class space    used 4171K, committed 4352K, reserved 1048576K

Heap Regions: E=young(eden), S=young(survivor), O=old, HS=humongous(starts), HC=humongous(continues), CS=collection set, F=free, OA=open archive, CA=closed archive, TAMS=top-at-mark-start (previous, next)
|   0|0x0000000704400000, 0x0000000704600000, 0x0000000704600000|100%| O|  |TAMS 0x0000000704600000, 0x0000000704400000| Untracked 
|   1|0x0000000704600000, 0x0000000704800000, 0x0000000704800000|100%| O|  |TAMS 0x0000000704800000, 0x0000000704600000| Untracked 
|   2|0x0000000704800000, 0x0000000704a00000, 0x0000000704a00000|100%| O|  |TAMS 0x0000000704a00000, 0x0000000704800000| Untracked 
|   3|0x0000000704a00000, 0x0000000704c00000, 0x0000000704c00000|100%|HS|  |TAMS 0x0000000704c00000, 0x0000000704a00000| Complete 
|   4|0x0000000704c00000, 0x0000000704e00000, 0x0000000704e00000|100%| O|  |TAMS 0x0000000704e00000, 0x0000000704c00000| Untracked 
|   5|0x0000000704e00000, 0x0000000705000000, 0x0000000705000000|100%| O|  |TAMS 0x0000000705000000, 0x0000000704e00000| Untracked 
|   6|0x0000000705000000, 0x0000000705200000, 0x0000000705200000|100%| O|  |TAMS 0x0000000705200000, 0x0000000705000000| Untracked 
|   7|0x0000000705200000, 0x0000000705400000, 0x0000000705400000|100%| O|  |TAMS 0x0000000705400000, 0x0000000705200000| Untracked 
|   8|0x0000000705400000, 0x0000000705600000, 0x0000000705600000|100%| O|  |TAMS 0x0000000705600000, 0x0000000705400000| Untracked 
|   9|0x0000000705600000, 0x0000000705800000, 0x0000000705800000|100%| O|  |TAMS 0x0000000705800000, 0x0000000705600000| Untracked 
|  10|0x0000000705800000, 0x0000000705a00000, 0x0000000705a00000|100%| O|  |TAMS 0x0000000705a00000, 0x0000000705800000| Untracked 
|  11|0x0000000705a00000, 0x0000000705c00000, 0x0000000705c00000|100%| O|  |TAMS 0x0000000705c00000, 0x0000000705a00000| Untracked 
|  12|0x0000000705c00000, 0x0000000705e00000, 0x0000000705e00000|100%| O|  |TAMS 0x0000000705e00000, 0x0000000705c00000| Untracked 
|  13|0x0000000705e00000, 0x0000000706000000, 0x0000000706000000|100%| O|  |TAMS 0x0000000706000000, 0x0000000705e00000| Untracked 
|  14|0x0000000706000000, 0x0000000706200000, 0x0000000706200000|100%| O|  |TAMS 0x0000000706200000, 0x0000000706000000| Untracked 
|  15|0x0000000706200000, 0x0000000706400000, 0x0000000706400000|100%| O|  |TAMS 0x0000000706400000, 0x0000000706200000| Untracked 
|  16|0x0000000706400000, 0x0000000706600000, 0x0000000706600000|100%| O|  |TAMS 0x0000000706600000, 0x0000000706400000| Untracked 
|  17|0x0000000706600000, 0x0000000706800000, 0x0000000706800000|100%| O|  |TAMS 0x0000000706800000, 0x0000000706600000| Untracked 
|  18|0x0000000706800000, 0x0000000706a00000, 0x0000000706a00000|100%| O|  |TAMS 0x0000000706a00000, 0x0000000706800000| Untracked 
|  19|0x0000000706a00000, 0x0000000706c00000, 0x0000000706c00000|100%| O|  |TAMS 0x0000000706a00000, 0x0000000706a00000| Untracked 
|  20|0x0000000706c00000, 0x0000000706e00000, 0x0000000706e00000|100%| O|  |TAMS 0x0000000706e00000, 0x0000000706c00000| Untracked 
|  21|0x0000000706e00000, 0x0000000707000000, 0x0000000707000000|100%| O|  |TAMS 0x0000000707000000, 0x0000000706e00000| Untracked 
|  22|0x0000000707000000, 0x0000000707200000, 0x0000000707200000|100%| O|  |TAMS 0x0000000707200000, 0x0000000707000000| Untracked 
|  23|0x0000000707200000, 0x0000000707400000, 0x0000000707400000|100%| O|  |TAMS 0x0000000707400000, 0x0000000707200000| Untracked 
|  24|0x0000000707400000, 0x0000000707600000, 0x0000000707600000|100%| O|  |TAMS 0x0000000707400000, 0x0000000707400000| Untracked 
|  25|0x0000000707600000, 0x0000000707800000, 0x0000000707800000|100%| O|  |TAMS 0x0000000707600000, 0x0000000707600000| Untracked 
|  26|0x0000000707800000, 0x0000000707a00000, 0x0000000707a00000|100%| O|  |TAMS 0x0000000707800000, 0x0000000707800000| Untracked 
|  27|0x0000000707a00000, 0x0000000707c00000, 0x0000000707c00000|100%| O|  |TAMS 0x0000000707a00000, 0x0000000707a00000| Untracked 
|  28|0x0000000707c00000, 0x0000000707e00000, 0x0000000707e00000|100%|HS|  |TAMS 0x0000000707c00000, 0x0000000707c00000| Complete 
|  29|0x0000000707e00000, 0x0000000708000000, 0x0000000708000000|100%| O|  |TAMS 0x0000000707e00000, 0x0000000707e00000| Untracked 
|  30|0x0000000708000000, 0x0000000708200000, 0x0000000708200000|100%| O|  |TAMS 0x0000000708000000, 0x0000000708000000| Untracked 
|  31|0x0000000708200000, 0x0000000708400000, 0x0000000708400000|100%| O|  |TAMS 0x0000000708200000, 0x0000000708200000| Untracked 
|  32|0x0000000708400000, 0x0000000708600000, 0x0000000708600000|100%| O|  |TAMS 0x0000000708400000, 0x0000000708400000| Untracked 
|  33|0x0000000708600000, 0x0000000708800000, 0x0000000708800000|100%| O|  |TAMS 0x0000000708600000, 0x0000000708600000| Untracked 
|  34|0x0000000708800000, 0x0000000708a00000, 0x0000000708a00000|100%| O|  |TAMS 0x0000000708800000, 0x0000000708800000| Untracked 
|  35|0x0000000708a00000, 0x0000000708c00000, 0x0000000708c00000|100%| O|  |TAMS 0x0000000708a00000, 0x0000000708a00000| Untracked 
|  36|0x0000000708c00000, 0x0000000708e00000, 0x0000000708e00000|100%| O|  |TAMS 0x0000000708c00000, 0x0000000708c00000| Untracked 
|  37|0x0000000708e00000, 0x0000000709000000, 0x0000000709000000|100%| O|  |TAMS 0x0000000708e00000, 0x0000000708e00000| Untracked 
|  38|0x0000000709000000, 0x0000000709200000, 0x0000000709200000|100%| O|  |TAMS 0x0000000709000000, 0x0000000709000000| Untracked 
|  39|0x0000000709200000, 0x0000000709400000, 0x0000000709400000|100%| O|  |TAMS 0x0000000709200000, 0x0000000709200000| Untracked 
|  40|0x0000000709400000, 0x0000000709600000, 0x0000000709600000|100%| O|  |TAMS 0x0000000709400000, 0x0000000709400000| Untracked 
|  41|0x0000000709600000, 0x0000000709800000, 0x0000000709800000|100%| O|  |TAMS 0x0000000709600000, 0x0000000709600000| Untracked 
|  42|0x0000000709800000, 0x0000000709a00000, 0x0000000709a00000|100%| O|  |TAMS 0x0000000709800000, 0x0000000709800000| Untracked 
|  43|0x0000000709a00000, 0x0000000709a00000, 0x0000000709c00000|  0%| F|  |TAMS 0x0000000709a00000, 0x0000000709a00000| Untracked 
|  44|0x0000000709c00000, 0x0000000709c00000, 0x0000000709e00000|  0%| F|  |TAMS 0x0000000709c00000, 0x0000000709c00000| Untracked 
|  45|0x0000000709e00000, 0x000000070a000000, 0x000000070a000000|100%| O|  |TAMS 0x0000000709e00000, 0x0000000709e00000| Untracked 
|  46|0x000000070a000000, 0x000000070a200000, 0x000000070a200000|100%| O|  |TAMS 0x000000070a000000, 0x000000070a000000| Untracked 
|  47|0x000000070a200000, 0x000000070a299200, 0x000000070a400000| 29%| O|  |TAMS 0x000000070a200000, 0x000000070a200000| Untracked 
|  48|0x000000070a400000, 0x000000070a400000, 0x000000070a600000|  0%| F|  |TAMS 0x000000070a400000, 0x000000070a400000| Untracked 
|  49|0x000000070a600000, 0x000000070a600000, 0x000000070a800000|  0%| F|  |TAMS 0x000000070a600000, 0x000000070a600000| Untracked 
|  50|0x000000070a800000, 0x000000070a800000, 0x000000070aa00000|  0%| F|  |TAMS 0x000000070a800000, 0x000000070a800000| Untracked 
|  51|0x000000070aa00000, 0x000000070aa00000, 0x000000070ac00000|  0%| F|  |TAMS 0x000000070aa00000, 0x000000070aa00000| Untracked 
|  52|0x000000070ac00000, 0x000000070ac00000, 0x000000070ae00000|  0%| F|  |TAMS 0x000000070ac00000, 0x000000070ac00000| Untracked 
|  53|0x000000070ae00000, 0x000000070ae00000, 0x000000070b000000|  0%| F|  |TAMS 0x000000070ae00000, 0x000000070ae00000| Untracked 
|  54|0x000000070b000000, 0x000000070b000000, 0x000000070b200000|  0%| F|  |TAMS 0x000000070b000000, 0x000000070b000000| Untracked 
|  55|0x000000070b200000, 0x000000070b200000, 0x000000070b400000|  0%| F|  |TAMS 0x000000070b200000, 0x000000070b200000| Untracked 
|  56|0x000000070b400000, 0x000000070b400000, 0x000000070b600000|  0%| F|  |TAMS 0x000000070b400000, 0x000000070b400000| Untracked 
|  57|0x000000070b600000, 0x000000070b600000, 0x000000070b800000|  0%| F|  |TAMS 0x000000070b600000, 0x000000070b600000| Untracked 
|  58|0x000000070b800000, 0x000000070b800000, 0x000000070ba00000|  0%| F|  |TAMS 0x000000070b800000, 0x000000070b800000| Untracked 
|  59|0x000000070ba00000, 0x000000070ba00000, 0x000000070bc00000|  0%| F|  |TAMS 0x000000070ba00000, 0x000000070ba00000| Untracked 
|  60|0x000000070bc00000, 0x000000070bc00000, 0x000000070be00000|  0%| F|  |TAMS 0x000000070bc00000, 0x000000070bc00000| Untracked 
|  61|0x000000070be00000, 0x000000070be00000, 0x000000070c000000|  0%| F|  |TAMS 0x000000070be00000, 0x000000070be00000| Untracked 
|  62|0x000000070c000000, 0x000000070c000000, 0x000000070c200000|  0%| F|  |TAMS 0x000000070c000000, 0x000000070c000000| Untracked 
|  63|0x000000070c200000, 0x000000070c200000, 0x000000070c400000|  0%| F|  |TAMS 0x000000070c200000, 0x000000070c200000| Untracked 
|  64|0x000000070c400000, 0x000000070c400000, 0x000000070c600000|  0%| F|  |TAMS 0x000000070c400000, 0x000000070c400000| Untracked 
|  65|0x000000070c600000, 0x000000070c600000, 0x000000070c800000|  0%| F|  |TAMS 0x000000070c600000, 0x000000070c600000| Untracked 
|  66|0x000000070c800000, 0x000000070c800000, 0x000000070ca00000|  0%| F|  |TAMS 0x000000070c800000, 0x000000070c800000| Untracked 
|  67|0x000000070ca00000, 0x000000070ca00000, 0x000000070cc00000|  0%| F|  |TAMS 0x000000070ca00000, 0x000000070ca00000| Untracked 
|  68|0x000000070cc00000, 0x000000070cc00000, 0x000000070ce00000|  0%| F|  |TAMS 0x000000070cc00000, 0x000000070cc00000| Untracked 
|  69|0x000000070ce00000, 0x000000070ce00000, 0x000000070d000000|  0%| F|  |TAMS 0x000000070ce00000, 0x000000070ce00000| Untracked 
|  70|0x000000070d000000, 0x000000070d000000, 0x000000070d200000|  0%| F|  |TAMS 0x000000070d000000, 0x000000070d000000| Untracked 
|  71|0x000000070d200000, 0x000000070d200000, 0x000000070d400000|  0%| F|  |TAMS 0x000000070d200000, 0x000000070d200000| Untracked 
|  72|0x000000070d400000, 0x000000070d400000, 0x000000070d600000|  0%| F|  |TAMS 0x000000070d400000, 0x000000070d400000| Untracked 
|  73|0x000000070d600000, 0x000000070d600000, 0x000000070d800000|  0%| F|  |TAMS 0x000000070d600000, 0x000000070d600000| Untracked 
|  74|0x000000070d800000, 0x000000070d800000, 0x000000070da00000|  0%| F|  |TAMS 0x000000070d800000, 0x000000070d800000| Untracked 
|  75|0x000000070da00000, 0x000000070da00000, 0x000000070dc00000|  0%| F|  |TAMS 0x000000070da00000, 0x000000070da00000| Untracked 
|  76|0x000000070dc00000, 0x000000070dc00000, 0x000000070de00000|  0%| F|  |TAMS 0x000000070dc00000, 0x000000070dc00000| Untracked 
|  77|0x000000070de00000, 0x000000070de00000, 0x000000070e000000|  0%| F|  |TAMS 0x000000070de00000, 0x000000070de00000| Untracked 
|  78|0x000000070e000000, 0x000000070e15b840, 0x000000070e200000| 67%| S|CS|TAMS 0x000000070e000000, 0x000000070e000000| Complete 
|  79|0x000000070e200000, 0x000000070e400000, 0x000000070e400000|100%| S|CS|TAMS 0x000000070e200000, 0x000000070e200000| Complete 
|  80|0x000000070e400000, 0x000000070e400000, 0x000000070e600000|  0%| F|  |TAMS 0x000000070e400000, 0x000000070e400000| Untracked 
|  81|0x000000070e600000, 0x000000070e600000, 0x000000070e800000|  0%| F|  |TAMS 0x000000070e600000, 0x000000070e600000| Untracked 
|  82|0x000000070e800000, 0x000000070e800000, 0x000000070ea00000|  0%| F|  |TAMS 0x000000070e800000, 0x000000070e800000| Untracked 
|  83|0x000000070ea00000, 0x000000070ea00000, 0x000000070ec00000|  0%| F|  |TAMS 0x000000070ea00000, 0x000000070ea00000| Untracked 
|  84|0x000000070ec00000, 0x000000070ec00000, 0x000000070ee00000|  0%| F|  |TAMS 0x000000070ec00000, 0x000000070ec00000| Untracked 
|  85|0x000000070ee00000, 0x000000070ee00000, 0x000000070f000000|  0%| F|  |TAMS 0x000000070ee00000, 0x000000070ee00000| Untracked 
|  86|0x000000070f000000, 0x000000070f000000, 0x000000070f200000|  0%| F|  |TAMS 0x000000070f000000, 0x000000070f000000| Untracked 
|  87|0x000000070f200000, 0x000000070f200000, 0x000000070f400000|  0%| F|  |TAMS 0x000000070f200000, 0x000000070f200000| Untracked 
|  88|0x000000070f400000, 0x000000070f400000, 0x000000070f600000|  0%| F|  |TAMS 0x000000070f400000, 0x000000070f400000| Untracked 
|  89|0x000000070f600000, 0x000000070f600000, 0x000000070f800000|  0%| F|  |TAMS 0x000000070f600000, 0x000000070f600000| Untracked 
|  90|0x000000070f800000, 0x000000070f800000, 0x000000070fa00000|  0%| F|  |TAMS 0x000000070f800000, 0x000000070f800000| Untracked 
|  91|0x000000070fa00000, 0x000000070fa00000, 0x000000070fc00000|  0%| F|  |TAMS 0x000000070fa00000, 0x000000070fa00000| Untracked 
|  92|0x000000070fc00000, 0x000000070fc00000, 0x000000070fe00000|  0%| F|  |TAMS 0x000000070fc00000, 0x000000070fc00000| Untracked 
|  93|0x000000070fe00000, 0x000000070fe00000, 0x0000000710000000|  0%| F|  |TAMS 0x000000070fe00000, 0x000000070fe00000| Untracked 
|  94|0x0000000710000000, 0x0000000710000000, 0x0000000710200000|  0%| F|  |TAMS 0x0000000710000000, 0x0000000710000000| Untracked 
|  95|0x0000000710200000, 0x0000000710200000, 0x0000000710400000|  0%| F|  |TAMS 0x0000000710200000, 0x0000000710200000| Untracked 
|  96|0x0000000710400000, 0x0000000710400000, 0x0000000710600000|  0%| F|  |TAMS 0x0000000710400000, 0x0000000710400000| Untracked 
|  97|0x0000000710600000, 0x0000000710600000, 0x0000000710800000|  0%| F|  |TAMS 0x0000000710600000, 0x0000000710600000| Untracked 
|  98|0x0000000710800000, 0x0000000710800000, 0x0000000710a00000|  0%| F|  |TAMS 0x0000000710800000, 0x0000000710800000| Untracked 
|  99|0x0000000710a00000, 0x0000000710a00000, 0x0000000710c00000|  0%| F|  |TAMS 0x0000000710a00000, 0x0000000710a00000| Untracked 
| 100|0x0000000710c00000, 0x0000000710c00000, 0x0000000710e00000|  0%| F|  |TAMS 0x0000000710c00000, 0x0000000710c00000| Untracked 
| 101|0x0000000710e00000, 0x0000000710e00000, 0x0000000711000000|  0%| F|  |TAMS 0x0000000710e00000, 0x0000000710e00000| Untracked 
| 102|0x0000000711000000, 0x0000000711000000, 0x0000000711200000|  0%| F|  |TAMS 0x0000000711000000, 0x0000000711000000| Untracked 
| 103|0x0000000711200000, 0x0000000711200000, 0x0000000711400000|  0%| F|  |TAMS 0x0000000711200000, 0x0000000711200000| Untracked 
| 104|0x0000000711400000, 0x0000000711400000, 0x0000000711600000|  0%| F|  |TAMS 0x0000000711400000, 0x0000000711400000| Untracked 
| 105|0x0000000711600000, 0x0000000711600000, 0x0000000711800000|  0%| F|  |TAMS 0x0000000711600000, 0x0000000711600000| Untracked 
| 106|0x0000000711800000, 0x0000000711800000, 0x0000000711a00000|  0%| F|  |TAMS 0x0000000711800000, 0x0000000711800000| Untracked 
| 107|0x0000000711a00000, 0x0000000711a00000, 0x0000000711c00000|  0%| F|  |TAMS 0x0000000711a00000, 0x0000000711a00000| Untracked 
| 108|0x0000000711c00000, 0x0000000711c00000, 0x0000000711e00000|  0%| F|  |TAMS 0x0000000711c00000, 0x0000000711c00000| Untracked 
| 109|0x0000000711e00000, 0x0000000711e00000, 0x0000000712000000|  0%| F|  |TAMS 0x0000000711e00000, 0x0000000711e00000| Untracked 
| 110|0x0000000712000000, 0x0000000712200000, 0x0000000712200000|100%| E|  |TAMS 0x0000000712000000, 0x0000000712000000| Complete 
| 111|0x0000000712200000, 0x0000000712400000, 0x0000000712400000|100%| E|CS|TAMS 0x0000000712200000, 0x0000000712200000| Complete 
| 112|0x0000000712400000, 0x0000000712600000, 0x0000000712600000|100%| E|CS|TAMS 0x0000000712400000, 0x0000000712400000| Complete 
| 125|0x0000000713e00000, 0x0000000714000000, 0x0000000714000000|100%| E|CS|TAMS 0x0000000713e00000, 0x0000000713e00000| Complete 
|2012|0x00000007ffc00000, 0x00000007ffe00000, 0x00000007ffe00000|100%| O|  |TAMS 0x00000007ffe00000, 0x00000007ffc00000| Untracked 
|2013|0x00000007ffe00000, 0x0000000800000000, 0x0000000800000000|100%| O|  |TAMS 0x0000000800000000, 0x00000007ffe00000| Untracked 

Card table byte_map: [0x000001f9c08c0000,0x000001f9c10a0000] _byte_map_base: 0x000001f9bd09e000

Marking Bits (Prev, Next): (CMBitMap*) 0x000001f9a9441010, (CMBitMap*) 0x000001f9a9441050
 Prev Bits: [0x000001f9c1880000, 0x000001f9c5770000)
 Next Bits: [0x000001f9c5770000, 0x000001f9c9660000)

Polling page: 0x000001f9a7010000

Metaspace:

Usage:
  Non-class:     32.83 MB used.
      Class:      4.08 MB used.
       Both:     36.91 MB used.

Virtual space:
  Non-class space:       64.00 MB reserved,      33.00 MB ( 52%) committed,  1 nodes.
      Class space:        1.00 GB reserved,       4.31 MB ( <1%) committed,  1 nodes.
             Both:        1.06 GB reserved,      37.31 MB (  3%) committed. 

Chunk freelists:
   Non-Class:  14.81 MB
       Class:  11.73 MB
        Both:  26.55 MB

MaxMetaspaceSize: unlimited
CompressedClassSpaceSize: 1.00 GB
Initial GC threshold: 21.00 MB
Current GC threshold: 45.94 MB
CDS: on
MetaspaceReclaimPolicy: balanced
 - commit_granule_bytes: 65536.
 - commit_granule_words: 8192.
 - virtual_space_node_default_size: 8388608.
 - enlarge_chunks_in_place: 1.
 - new_chunks_are_fully_committed: 0.
 - uncommit_free_chunks: 1.
 - use_allocation_guard: 0.
 - handle_deallocations: 1.


Internal statistics:

num_allocs_failed_limit: 3.
num_arena_births: 310.
num_arena_deaths: 0.
num_vsnodes_births: 2.
num_vsnodes_deaths: 0.
num_space_committed: 597.
num_space_uncommitted: 0.
num_chunks_returned_to_freelist: 3.
num_chunks_taken_from_freelist: 1775.
num_chunk_merges: 3.
num_chunk_splits: 1227.
num_chunks_enlarged: 923.
num_inconsistent_stats: 0.

CodeHeap 'non-profiled nmethods': size=120000Kb used=6126Kb max_used=6126Kb free=113873Kb
 bounds [0x000001f9b8760000, 0x000001f9b8d70000, 0x000001f9bfc90000]
CodeHeap 'profiled nmethods': size=120000Kb used=19907Kb max_used=21117Kb free=100092Kb
 bounds [0x000001f9b0c90000, 0x000001f9b2130000, 0x000001f9b81c0000]
CodeHeap 'non-nmethods': size=5760Kb used=1234Kb max_used=1315Kb free=4525Kb
 bounds [0x000001f9b81c0000, 0x000001f9b8430000, 0x000001f9b8760000]
 total_blobs=9347 nmethods=8804 adapters=455
 compilation: enabled
              stopped_count=0, restarted_count=0
 full_count=0

Compilation events (20 events):
Event: 14.486 Thread 0x000001f9cc350b00 nmethod 11230 0x000001f9b1a01410 code [0x000001f9b1a015c0, 0x000001f9b1a01768]
Event: 14.486 Thread 0x000001f9cc350b00 11231       3       com.google.inject.internal.ProvisionListenerCallbackStore::access$000 (6 bytes)
Event: 14.487 Thread 0x000001f9cc350b00 nmethod 11231 0x000001f9b19c8390 code [0x000001f9b19c8520, 0x000001f9b19c8648]
Event: 14.492 Thread 0x000001fa170efb10 nmethod 11219 0x000001f9b89fca90 code [0x000001f9b89fcc60, 0x000001f9b89fd248]
Event: 14.492 Thread 0x000001fa170efb10 11236 %     4       java.util.TimSort::binarySort @ 69 (223 bytes)
Event: 14.493 Thread 0x000001f9cc350b00 11237       3       java.util.TimSort::gallopRight (335 bytes)
Event: 14.493 Thread 0x000001f9cc350b00 nmethod 11237 0x000001f9b0fec490 code [0x000001f9b0fec6c0, 0x000001f9b0fed1f8]
Event: 14.493 Thread 0x000001f9cc350b00 11243       3       java.lang.reflect.Field::get (29 bytes)
Event: 14.494 Thread 0x000001f9cc350b00 nmethod 11243 0x000001f9b1aa4010 code [0x000001f9b1aa41e0, 0x000001f9b1aa45b8]
Event: 14.494 Thread 0x000001f9cc350b00 11238       3       com.google.inject.spi.InjectionPoint::getAnnotations (34 bytes)
Event: 14.494 Thread 0x000001f9cc350b00 nmethod 11238 0x000001f9b197e710 code [0x000001f9b197e900, 0x000001f9b197ef48]
Event: 14.494 Thread 0x000001f9cc350b00 11239       3       java.lang.reflect.Field::getDeclaredAnnotations (8 bytes)
Event: 14.494 Thread 0x000001f9cc350b00 nmethod 11239 0x000001f9b1a9f910 code [0x000001f9b1a9fae0, 0x000001f9b1a9ff28]
Event: 14.494 Thread 0x000001f9cc350b00 11240       3       com.google.inject.internal.KotlinSupport$KotlinUnsupported::getAnnotations (4 bytes)
Event: 14.494 Thread 0x000001f9cc350b00 nmethod 11240 0x000001f9b19d9910 code [0x000001f9b19d9aa0, 0x000001f9b19d9bb8]
Event: 14.494 Thread 0x000001f9cc350b00 11241       3       java.lang.reflect.Field::getAnnotatedType (32 bytes)
Event: 14.496 Thread 0x000001f9cc350b00 nmethod 11241 0x000001f9b1c8a390 code [0x000001f9b1c8a6c0, 0x000001f9b1c8be48]
Event: 14.496 Thread 0x000001f9cc350b00 11244       3       java.util.TimSort::gallopLeft (335 bytes)
Event: 14.496 Thread 0x000001f9cc350b00 nmethod 11244 0x000001f9b15d2e90 code [0x000001f9b15d30c0, 0x000001f9b15d3bd8]
Event: 14.496 Thread 0x000001f9cc350b00 11247       3       com.google.inject.internal.asm.$ClassWriter::toByteArray (1535 bytes)

GC Heap History (20 events):
Event: 7.664 GC heap before
{Heap before GC invocations=7 (full 0):
 garbage-first heap   total 106496K, used 74693K [0x0000000704400000, 0x0000000800000000)
  region size 2048K, 16 young (32768K), 1 survivors (2048K)
 Metaspace       used 26942K, committed 27264K, reserved 1114112K
  class space    used 3052K, committed 3200K, reserved 1048576K
}
Event: 7.674 GC heap after
{Heap after GC invocations=8 (full 0):
 garbage-first heap   total 106496K, used 50176K [0x0000000704400000, 0x0000000800000000)
  region size 2048K, 2 young (4096K), 2 survivors (4096K)
 Metaspace       used 26942K, committed 27264K, reserved 1114112K
  class space    used 3052K, committed 3200K, reserved 1048576K
}
Event: 7.815 GC heap before
{Heap before GC invocations=8 (full 0):
 garbage-first heap   total 106496K, used 74752K [0x0000000704400000, 0x0000000800000000)
  region size 2048K, 14 young (28672K), 2 survivors (4096K)
 Metaspace       used 27161K, committed 27456K, reserved 1114112K
  class space    used 3055K, committed 3200K, reserved 1048576K
}
Event: 7.828 GC heap after
{Heap after GC invocations=9 (full 0):
 garbage-first heap   total 106496K, used 55296K [0x0000000704400000, 0x0000000800000000)
  region size 2048K, 2 young (4096K), 2 survivors (4096K)
 Metaspace       used 27161K, committed 27456K, reserved 1114112K
  class space    used 3055K, committed 3200K, reserved 1048576K
}
Event: 8.135 GC heap before
{Heap before GC invocations=9 (full 0):
 garbage-first heap   total 106496K, used 75776K [0x0000000704400000, 0x0000000800000000)
  region size 2048K, 13 young (26624K), 2 survivors (4096K)
 Metaspace       used 27868K, committed 28224K, reserved 1114112K
  class space    used 3117K, committed 3264K, reserved 1048576K
}
Event: 8.149 GC heap after
{Heap after GC invocations=10 (full 0):
 garbage-first heap   total 196608K, used 59896K [0x0000000704400000, 0x0000000800000000)
  region size 2048K, 2 young (4096K), 2 survivors (4096K)
 Metaspace       used 27868K, committed 28224K, reserved 1114112K
  class space    used 3117K, committed 3264K, reserved 1048576K
}
Event: 9.334 GC heap before
{Heap before GC invocations=11 (full 0):
 garbage-first heap   total 196608K, used 129528K [0x0000000704400000, 0x0000000800000000)
  region size 2048K, 36 young (73728K), 2 survivors (4096K)
 Metaspace       used 30390K, committed 30720K, reserved 1114112K
  class space    used 3394K, committed 3520K, reserved 1048576K
}
Event: 9.340 GC heap after
{Heap after GC invocations=12 (full 0):
 garbage-first heap   total 196608K, used 61284K [0x0000000704400000, 0x0000000800000000)
  region size 2048K, 3 young (6144K), 3 survivors (6144K)
 Metaspace       used 30390K, committed 30720K, reserved 1114112K
  class space    used 3394K, committed 3520K, reserved 1048576K
}
Event: 9.746 GC heap before
{Heap before GC invocations=12 (full 0):
 garbage-first heap   total 196608K, used 135012K [0x0000000704400000, 0x0000000800000000)
  region size 2048K, 39 young (79872K), 3 survivors (6144K)
 Metaspace       used 30829K, committed 31168K, reserved 1114112K
  class space    used 3419K, committed 3584K, reserved 1048576K
}
Event: 9.754 GC heap after
{Heap after GC invocations=13 (full 0):
 garbage-first heap   total 196608K, used 65180K [0x0000000704400000, 0x0000000800000000)
  region size 2048K, 3 young (6144K), 3 survivors (6144K)
 Metaspace       used 30829K, committed 31168K, reserved 1114112K
  class space    used 3419K, committed 3584K, reserved 1048576K
}
Event: 10.085 GC heap before
{Heap before GC invocations=13 (full 0):
 garbage-first heap   total 196608K, used 140956K [0x0000000704400000, 0x0000000800000000)
  region size 2048K, 40 young (81920K), 3 survivors (6144K)
 Metaspace       used 30938K, committed 31296K, reserved 1114112K
  class space    used 3421K, committed 3584K, reserved 1048576K
}
Event: 10.091 GC heap after
{Heap after GC invocations=14 (full 0):
 garbage-first heap   total 196608K, used 65651K [0x0000000704400000, 0x0000000800000000)
  region size 2048K, 3 young (6144K), 3 survivors (6144K)
 Metaspace       used 30938K, committed 31296K, reserved 1114112K
  class space    used 3421K, committed 3584K, reserved 1048576K
}
Event: 10.685 GC heap before
{Heap before GC invocations=14 (full 0):
 garbage-first heap   total 196608K, used 145523K [0x0000000704400000, 0x0000000800000000)
  region size 2048K, 42 young (86016K), 3 survivors (6144K)
 Metaspace       used 32159K, committed 32512K, reserved 1114112K
  class space    used 3573K, committed 3712K, reserved 1048576K
}
Event: 10.693 GC heap after
{Heap after GC invocations=15 (full 0):
 garbage-first heap   total 196608K, used 66572K [0x0000000704400000, 0x0000000800000000)
  region size 2048K, 4 young (8192K), 4 survivors (8192K)
 Metaspace       used 32159K, committed 32512K, reserved 1114112K
  class space    used 3573K, committed 3712K, reserved 1048576K
}
Event: 11.845 GC heap before
{Heap before GC invocations=15 (full 0):
 garbage-first heap   total 196608K, used 148492K [0x0000000704400000, 0x0000000800000000)
  region size 2048K, 44 young (90112K), 4 survivors (8192K)
 Metaspace       used 33563K, committed 33984K, reserved 1114112K
  class space    used 3666K, committed 3840K, reserved 1048576K
}
Event: 11.858 GC heap after
{Heap after GC invocations=16 (full 0):
 garbage-first heap   total 196608K, used 70865K [0x0000000704400000, 0x0000000800000000)
  region size 2048K, 5 young (10240K), 5 survivors (10240K)
 Metaspace       used 33563K, committed 33984K, reserved 1114112K
  class space    used 3666K, committed 3840K, reserved 1048576K
}
Event: 12.929 GC heap before
{Heap before GC invocations=16 (full 0):
 garbage-first heap   total 196608K, used 152785K [0x0000000704400000, 0x0000000800000000)
  region size 2048K, 45 young (92160K), 5 survivors (10240K)
 Metaspace       used 34150K, committed 34560K, reserved 1114112K
  class space    used 3716K, committed 3904K, reserved 1048576K
}
Event: 12.950 GC heap after
{Heap after GC invocations=17 (full 0):
 garbage-first heap   total 237568K, used 102233K [0x0000000704400000, 0x0000000800000000)
  region size 2048K, 6 young (12288K), 6 survivors (12288K)
 Metaspace       used 34150K, committed 34560K, reserved 1114112K
  class space    used 3716K, committed 3904K, reserved 1048576K
}
Event: 14.341 GC heap before
{Heap before GC invocations=17 (full 0):
 garbage-first heap   total 237568K, used 171865K [0x0000000704400000, 0x0000000800000000)
  region size 2048K, 40 young (81920K), 6 survivors (12288K)
 Metaspace       used 37108K, committed 37568K, reserved 1114112K
  class space    used 4082K, committed 4288K, reserved 1048576K
}
Event: 14.352 GC heap after
{Heap after GC invocations=18 (full 0):
 garbage-first heap   total 237568K, used 100306K [0x0000000704400000, 0x0000000800000000)
  region size 2048K, 2 young (4096K), 2 survivors (4096K)
 Metaspace       used 37108K, committed 37568K, reserved 1114112K
  class space    used 4082K, committed 4288K, reserved 1048576K
}

Deoptimization events (20 events):
Event: 13.999 Thread 0x000001f9a93d58e0 Uncommon trap: trap_request=0xffffffde fr.pc=0x000001f9b884daa0 relative=0x0000000000000080
Event: 13.999 Thread 0x000001f9a93d58e0 Uncommon trap: reason=class_check action=maybe_recompile pc=0x000001f9b884daa0 method=com.google.inject.internal.MoreTypes.getRawType(Ljava/lang/reflect/Type;)Ljava/lang/Class; @ 13 c2
Event: 13.999 Thread 0x000001f9a93d58e0 DEOPT PACKING pc=0x000001f9b884daa0 sp=0x000000f2172fd8b0
Event: 13.999 Thread 0x000001f9a93d58e0 DEOPT UNPACKING pc=0x000001f9b82123a3 sp=0x000000f2172fd840 mode 2
Event: 14.010 Thread 0x000001fa16004120 Uncommon trap: trap_request=0xffffff45 fr.pc=0x000001f9b898f2e4 relative=0x00000000000020e4
Event: 14.010 Thread 0x000001fa16004120 Uncommon trap: reason=unstable_if action=reinterpret pc=0x000001f9b898f2e4 method=jdk.internal.org.objectweb.asm.Frame.execute(IILjdk/internal/org/objectweb/asm/Symbol;Ljdk/internal/org/objectweb/asm/SymbolTable;)V @ 1 c2
Event: 14.010 Thread 0x000001fa16004120 DEOPT PACKING pc=0x000001f9b898f2e4 sp=0x000000f2197fc1f0
Event: 14.010 Thread 0x000001fa16004120 DEOPT UNPACKING pc=0x000001f9b82123a3 sp=0x000000f2197fc1a8 mode 2
Event: 14.023 Thread 0x000001f9a93d58e0 DEOPT PACKING pc=0x000001f9b13a1851 sp=0x000000f2172fbe50
Event: 14.023 Thread 0x000001f9a93d58e0 DEOPT UNPACKING pc=0x000001f9b8212b43 sp=0x000000f2172fb2f8 mode 0
Event: 14.036 Thread 0x000001f9a93d58e0 DEOPT PACKING pc=0x000001f9b12079e8 sp=0x000000f2172fb7f0
Event: 14.036 Thread 0x000001f9a93d58e0 DEOPT UNPACKING pc=0x000001f9b8212b43 sp=0x000000f2172fac90 mode 0
Event: 14.135 Thread 0x000001f9a93d58e0 Uncommon trap: trap_request=0xffffff45 fr.pc=0x000001f9b8870498 relative=0x0000000000002758
Event: 14.135 Thread 0x000001f9a93d58e0 Uncommon trap: reason=unstable_if action=reinterpret pc=0x000001f9b8870498 method=org.codehaus.plexus.util.xml.pull.MXParser.parseAttribute()C @ 786 c2
Event: 14.135 Thread 0x000001f9a93d58e0 DEOPT PACKING pc=0x000001f9b8870498 sp=0x000000f2172fb940
Event: 14.135 Thread 0x000001f9a93d58e0 DEOPT UNPACKING pc=0x000001f9b82123a3 sp=0x000000f2172fb8c8 mode 2
Event: 14.375 Thread 0x000001f9a93d58e0 Uncommon trap: trap_request=0xffffff45 fr.pc=0x000001f9b8ae5ecc relative=0x000000000000022c
Event: 14.375 Thread 0x000001f9a93d58e0 Uncommon trap: reason=unstable_if action=reinterpret pc=0x000001f9b8ae5ecc method=java.lang.StringLatin1.lastIndexOf([BI[BII)I @ 86 c2
Event: 14.375 Thread 0x000001f9a93d58e0 DEOPT PACKING pc=0x000001f9b8ae5ecc sp=0x000000f2172fcc00
Event: 14.375 Thread 0x000001f9a93d58e0 DEOPT UNPACKING pc=0x000001f9b82123a3 sp=0x000000f2172fca48 mode 2

Classes unloaded (0 events):
No events

Classes redefined (0 events):
No events

Internal exceptions (20 events):
Event: 13.537 Thread 0x000001f9a93d58e0 Exception <a 'sun/nio/fs/WindowsException'{0x0000000710959850}> (0x0000000710959850) 
thrown [s\open\src\hotspot\share\prims\jni.cpp, line 516]
Event: 13.537 Thread 0x000001f9a93d58e0 Exception <a 'sun/nio/fs/WindowsException'{0x0000000710959c40}> (0x0000000710959c40) 
thrown [s\open\src\hotspot\share\prims\jni.cpp, line 516]
Event: 13.537 Thread 0x000001f9a93d58e0 Exception <a 'sun/nio/fs/WindowsException'{0x000000071095ac88}> (0x000000071095ac88) 
thrown [s\open\src\hotspot\share\prims\jni.cpp, line 516]
Event: 13.537 Thread 0x000001f9a93d58e0 Exception <a 'sun/nio/fs/WindowsException'{0x000000071095b138}> (0x000000071095b138) 
thrown [s\open\src\hotspot\share\prims\jni.cpp, line 516]
Event: 13.537 Thread 0x000001f9a93d58e0 Exception <a 'sun/nio/fs/WindowsException'{0x000000071095c248}> (0x000000071095c248) 
thrown [s\open\src\hotspot\share\prims\jni.cpp, line 516]
Event: 13.537 Thread 0x000001f9a93d58e0 Exception <a 'sun/nio/fs/WindowsException'{0x000000071095c660}> (0x000000071095c660) 
thrown [s\open\src\hotspot\share\prims\jni.cpp, line 516]
Event: 13.540 Thread 0x000001f9a93d58e0 Exception <a 'sun/nio/fs/WindowsException'{0x000000071063ab70}> (0x000000071063ab70) 
thrown [s\open\src\hotspot\share\prims\jni.cpp, line 516]
Event: 13.543 Thread 0x000001f9a93d58e0 Exception <a 'sun/nio/fs/WindowsException'{0x0000000710655198}> (0x0000000710655198) 
thrown [s\open\src\hotspot\share\prims\jni.cpp, line 516]
Event: 13.547 Thread 0x000001f9a93d58e0 Exception <a 'sun/nio/fs/WindowsException'{0x0000000710672978}> (0x0000000710672978) 
thrown [s\open\src\hotspot\share\prims\jni.cpp, line 516]
Event: 13.547 Thread 0x000001f9a93d58e0 Exception <a 'sun/nio/fs/WindowsException'{0x0000000710673148}> (0x0000000710673148) 
thrown [s\open\src\hotspot\share\prims\jni.cpp, line 516]
Event: 13.547 Thread 0x000001f9a93d58e0 Exception <a 'sun/nio/fs/WindowsException'{0x0000000710673708}> (0x0000000710673708) 
thrown [s\open\src\hotspot\share\prims\jni.cpp, line 516]
Event: 13.548 Thread 0x000001f9a93d58e0 Exception <a 'sun/nio/fs/WindowsException'{0x0000000710673ea8}> (0x0000000710673ea8) 
thrown [s\open\src\hotspot\share\prims\jni.cpp, line 516]
Event: 13.548 Thread 0x000001f9a93d58e0 Exception <a 'sun/nio/fs/WindowsException'{0x0000000710674298}> (0x0000000710674298) 
thrown [s\open\src\hotspot\share\prims\jni.cpp, line 516]
Event: 13.548 Thread 0x000001f9a93d58e0 Exception <a 'sun/nio/fs/WindowsException'{0x0000000710674fa8}> (0x0000000710674fa8) 
thrown [s\open\src\hotspot\share\prims\jni.cpp, line 516]
Event: 13.548 Thread 0x000001f9a93d58e0 Exception <a 'sun/nio/fs/WindowsException'{0x0000000710675368}> (0x0000000710675368) 
thrown [s\open\src\hotspot\share\prims\jni.cpp, line 516]
Event: 13.548 Thread 0x000001f9a93d58e0 Exception <a 'sun/nio/fs/WindowsException'{0x0000000710676070}> (0x0000000710676070) 
thrown [s\open\src\hotspot\share\prims\jni.cpp, line 516]
Event: 14.010 Thread 0x000001fa16004120 Exception <a 'java/lang/NoSuchMethodError'{0x000000070f48bd10}: 'java.lang.Object java.lang.invoke.DirectMethodHandle$Holder.invokeStatic(java.lang.Object, java.lang.Object, long, java.lang.Object)'> (0x000000070f48bd10) 
thrown [s\open\src\hotspot\share\interpreter\linkResolver.cpp, line 759]
Event: 14.010 Thread 0x000001fa16004120 Exception <a 'java/lang/NoSuchMethodError'{0x000000070f48f4e8}: 'java.lang.Object java.lang.invoke.DirectMethodHandle$Holder.invokeStaticInit(java.lang.Object, java.lang.Object, long, java.lang.Object)'> (0x000000070f48f4e8) 
thrown [s\open\src\hotspot\share\interpreter\linkResolver.cpp, line 759]
Event: 14.011 Thread 0x000001fa16004120 Exception <a 'java/lang/NoSuchMethodError'{0x000000070f495b30}: 'java.lang.Object java.lang.invoke.DirectMethodHandle$Holder.newInvokeSpecial(java.lang.Object, java.lang.Object, long)'> (0x000000070f495b30) 
thrown [s\open\src\hotspot\share\interpreter\linkResolver.cpp, line 759]
Event: 14.011 Thread 0x000001fa16004120 Exception <a 'java/lang/NoSuchMethodError'{0x000000070f4996a0}: 'java.lang.Object java.lang.invoke.Invokers$Holder.linkToTargetMethod(java.lang.Object, long, java.lang.Object)'> (0x000000070f4996a0) 
thrown [s\open\src\hotspot\share\interpreter\linkResolver.cpp, line 759]

VM Operations (20 events):
Event: 12.242 Executing VM operation: HandshakeAllThreads done
Event: 12.282 Executing VM operation: HandshakeAllThreads
Event: 12.282 Executing VM operation: HandshakeAllThreads done
Event: 12.329 Executing VM operation: HandshakeAllThreads
Event: 12.329 Executing VM operation: HandshakeAllThreads done
Event: 12.356 Executing VM operation: ICBufferFull
Event: 12.356 Executing VM operation: ICBufferFull done
Event: 12.929 Executing VM operation: G1CollectForAllocation
Event: 12.952 Executing VM operation: G1CollectForAllocation done
Event: 13.961 Executing VM operation: Cleanup
Event: 13.961 Executing VM operation: Cleanup done
Event: 13.993 Executing VM operation: HandshakeAllThreads
Event: 13.993 Executing VM operation: HandshakeAllThreads done
Event: 13.996 Executing VM operation: HandshakeAllThreads
Event: 13.996 Executing VM operation: HandshakeAllThreads done
Event: 14.341 Executing VM operation: G1CollectForAllocation
Event: 14.352 Executing VM operation: G1CollectForAllocation done
Event: 14.425 Executing VM operation: HandshakeAllThreads
Event: 14.425 Executing VM operation: HandshakeAllThreads done
Event: 15.440 Executing VM operation: Cleanup

Events (20 events):
Event: 14.009 loading class java/util/concurrent/CompletableFuture done
Event: 14.009 loading class java/lang/ProcessHandle$Info
Event: 14.009 loading class java/lang/ProcessHandle$Info done
Event: 14.009 loading class java/lang/ProcessHandleImpl
Event: 14.009 loading class java/lang/ProcessHandleImpl done
Event: 14.011 loading class java/util/concurrent/SynchronousQueue
Event: 14.011 loading class java/util/concurrent/SynchronousQueue done
Event: 14.011 loading class java/util/concurrent/SynchronousQueue$TransferStack
Event: 14.011 loading class java/util/concurrent/SynchronousQueue$Transferer
Event: 14.011 loading class java/util/concurrent/SynchronousQueue$Transferer done
Event: 14.011 loading class java/util/concurrent/SynchronousQueue$TransferStack done
Event: 14.011 loading class java/util/concurrent/SynchronousQueue$TransferStack$SNode
Event: 14.011 loading class java/util/concurrent/SynchronousQueue$TransferStack$SNode done
Event: 14.012 Thread 0x000001fa16004120 Thread exited: 0x000001fa16004120
Event: 14.428 loading class java/util/zip/GZIPInputStream
Event: 14.428 loading class java/util/zip/GZIPInputStream done
Event: 14.431 loading class java/util/zip/ZipOutputStream
Event: 14.432 loading class java/util/zip/ZipOutputStream done
Event: 14.448 loading class java/util/zip/GZIPOutputStream
Event: 14.449 loading class java/util/zip/GZIPOutputStream done


Dynamic libraries:
0x00007ff7a16b0000 - 0x00007ff7a16c0000 	C:\Program Files\Java\jdk-17\bin\java.exe
0x00007ffa10220000 - 0x00007ffa10487000 	C:\WINDOWS\SYSTEM32\ntdll.dll
0x00007ffa0e5a0000 - 0x00007ffa0e669000 	C:\WINDOWS\System32\KERNEL32.DLL
0x00007ffa0d370000 - 0x00007ffa0d75f000 	C:\WINDOWS\System32\KERNELBASE.dll
0x00007ffa0dad0000 - 0x00007ffa0dc1b000 	C:\WINDOWS\System32\ucrtbase.dll
0x00007ff9fb260000 - 0x00007ff9fb27b000 	C:\Program Files\Java\jdk-17\bin\VCRUNTIME140.dll
0x00007ff9fb1b0000 - 0x00007ff9fb1c9000 	C:\Program Files\Java\jdk-17\bin\jli.dll
0x00007ffa0fd00000 - 0x00007ffa0fdb4000 	C:\WINDOWS\System32\ADVAPI32.dll
0x00007ffa0f960000 - 0x00007ffa0fa09000 	C:\WINDOWS\System32\msvcrt.dll
0x00007ffa100a0000 - 0x00007ffa10146000 	C:\WINDOWS\System32\sechost.dll
0x00007ffa0dfc0000 - 0x00007ffa0e0d8000 	C:\WINDOWS\System32\RPCRT4.dll
0x00007ffa0e1a0000 - 0x00007ffa0e365000 	C:\WINDOWS\System32\USER32.dll
0x00007ffa0daa0000 - 0x00007ffa0dac7000 	C:\WINDOWS\System32\win32u.dll
0x00007ff9ed350000 - 0x00007ff9ed5e3000 	C:\WINDOWS\WinSxS\amd64_microsoft.windows.common-controls_6595b64144ccf1df_6.0.26100.7309_none_3e05feeae336a044\COMCTL32.dll
0x00007ffa10070000 - 0x00007ffa1009b000 	C:\WINDOWS\System32\GDI32.dll
0x00007ffa0d970000 - 0x00007ffa0da9c000 	C:\WINDOWS\System32\gdi32full.dll
0x00007ffa0de60000 - 0x00007ffa0df03000 	C:\WINDOWS\System32\msvcp_win.dll
0x00007ff9eeef0000 - 0x00007ff9eeefb000 	C:\WINDOWS\SYSTEM32\VERSION.dll
0x00007ffa0e0e0000 - 0x00007ffa0e111000 	C:\WINDOWS\System32\IMM32.DLL
0x00007ff9fb250000 - 0x00007ff9fb25c000 	C:\Program Files\Java\jdk-17\bin\vcruntime140_1.dll
0x00007ff9de400000 - 0x00007ff9de48e000 	C:\Program Files\Java\jdk-17\bin\msvcp140.dll
0x00007ff956f20000 - 0x00007ff957b00000 	C:\Program Files\Java\jdk-17\bin\server\jvm.dll
0x00007ffa0f1f0000 - 0x00007ffa0f1f8000 	C:\WINDOWS\System32\PSAPI.DLL
0x00007ff9ed200000 - 0x00007ff9ed20a000 	C:\WINDOWS\SYSTEM32\WSOCK32.dll
0x00007ffa04f20000 - 0x00007ffa04f55000 	C:\WINDOWS\SYSTEM32\WINMM.dll
0x00007ffa0fff0000 - 0x00007ffa10064000 	C:\WINDOWS\System32\WS2_32.dll
0x00007ffa0c0f0000 - 0x00007ffa0c10b000 	C:\WINDOWS\SYSTEM32\kernel.appcore.dll
0x00007ff9fb100000 - 0x00007ff9fb10a000 	C:\Program Files\Java\jdk-17\bin\jimage.dll
0x00007ffa0a2a0000 - 0x00007ffa0a4e2000 	C:\WINDOWS\SYSTEM32\DBGHELP.DLL
0x00007ffa0eb80000 - 0x00007ffa0ef05000 	C:\WINDOWS\System32\combase.dll
0x00007ffa0ef10000 - 0x00007ffa0efe6000 	C:\WINDOWS\System32\OLEAUT32.dll
0x00007ff9e7630000 - 0x00007ff9e766c000 	C:\WINDOWS\SYSTEM32\dbgcore.DLL
0x00007ffa0df10000 - 0x00007ffa0dfb5000 	C:\WINDOWS\System32\bcryptPrimitives.dll
0x00007ff9df0c0000 - 0x00007ff9df0e5000 	C:\Program Files\Java\jdk-17\bin\java.dll
0x00007ff9dd580000 - 0x00007ff9dd657000 	C:\Program Files\Java\jdk-17\bin\jsvml.dll
0x00007ffa0f200000 - 0x00007ffa0f953000 	C:\WINDOWS\System32\SHELL32.dll
0x00007ffa0d770000 - 0x00007ffa0d8da000 	C:\WINDOWS\System32\wintypes.dll
0x00007ffa0af30000 - 0x00007ffa0b78e000 	C:\WINDOWS\SYSTEM32\windows.storage.dll
0x00007ffa0fc00000 - 0x00007ffa0fcf5000 	C:\WINDOWS\System32\SHCORE.dll
0x00007ffa0e120000 - 0x00007ffa0e186000 	C:\WINDOWS\System32\shlwapi.dll
0x00007ffa0d290000 - 0x00007ffa0d2b9000 	C:\WINDOWS\SYSTEM32\profapi.dll
0x00007ff9faf50000 - 0x00007ff9faf69000 	C:\Program Files\Java\jdk-17\bin\net.dll
0x00007ffa03be0000 - 0x00007ffa03d08000 	C:\WINDOWS\SYSTEM32\WINHTTP.dll
0x00007ffa0c640000 - 0x00007ffa0c6ab000 	C:\WINDOWS\system32\mswsock.dll
0x00007ff9fad70000 - 0x00007ff9fad86000 	C:\Program Files\Java\jdk-17\bin\nio.dll
0x00007ff9f7090000 - 0x00007ff9f70a8000 	C:\Program Files\Java\jdk-17\bin\zip.dll
0x00007ff9de3d0000 - 0x00007ff9de3f4000 	C:\Users\sheta\.m2\wrapper\dists\apache-maven-3.9.9\977a63e90f436cd6ade95b4c0e10c20c\lib\jansi-native\Windows\x86_64\jansi.dll
0x00007ff9fb0f0000 - 0x00007ff9fb100000 	C:\Program Files\Java\jdk-17\bin\verify.dll

dbghelp: loaded successfully - version: 4.0.5 - missing functions: none
symbol engine: initialized successfully - sym options: 0x614 - pdb path: .;C:\Program Files\Java\jdk-17\bin;C:\WINDOWS\SYSTEM32;C:\WINDOWS\WinSxS\amd64_microsoft.windows.common-controls_6595b64144ccf1df_6.0.26100.7309_none_3e05feeae336a044;C:\Program Files\Java\jdk-17\bin\server;C:\Users\sheta\.m2\wrapper\dists\apache-maven-3.9.9\977a63e90f436cd6ade95b4c0e10c20c\lib\jansi-native\Windows\x86_64

VM Arguments:
jvm_args: -Dclassworlds.conf=C:\Users\sheta\.m2\wrapper\dists\apache-maven-3.9.9\977a63e90f436cd6ade95b4c0e10c20c\bin\m2.conf -Dmaven.home=C:\Users\sheta\.m2\wrapper\dists\apache-maven-3.9.9\977a63e90f436cd6ade95b4c0e10c20c -Dlibrary.jansi.path=C:\Users\sheta\.m2\wrapper\dists\apache-maven-3.9.9\977a63e90f436cd6ade95b4c0e10c20c\lib\jansi-native -Dmaven.multiModuleProjectDirectory=C:\Users\sheta\Downloads\CodeAmigosProject\CodeAmigosProject\CodeAmigos--Backend-main 
java_command: org.codehaus.plexus.classworlds.launcher.Launcher clean package -DskipTests
java_class_path (initial): C:\Users\sheta\.m2\wrapper\dists\apache-maven-3.9.9\977a63e90f436cd6ade95b4c0e10c20c\boot\plexus-classworlds-2.8.0.jar
Launcher Type: SUN_STANDARD

[Global flags]
     intx CICompilerCount                          = 4                                         {product} {ergonomic}
     uint ConcGCThreads                            = 3                                         {product} {ergonomic}
     uint G1ConcRefinementThreads                  = 10                                        {product} {ergonomic}
   size_t G1HeapRegionSize                         = 2097152                                   {product} {ergonomic}
    uintx GCDrainStackTargetSize                   = 64                                        {product} {ergonomic}
   size_t InitialHeapSize                          = 264241152                                 {product} {ergonomic}
   size_t MarkStackSize                            = 4194304                                   {product} {ergonomic}
   size_t MaxHeapSize                              = 4223664128                                {product} {ergonomic}
   size_t MaxNewSize                               = 2533359616                                {product} {ergonomic}
   size_t MinHeapDeltaBytes                        = 2097152                                   {product} {ergonomic}
   size_t MinHeapSize                              = 8388608                                   {product} {ergonomic}
    uintx NonNMethodCodeHeapSize                   = 5839372                                {pd product} {ergonomic}
    uintx NonProfiledCodeHeapSize                  = 122909434                              {pd product} {ergonomic}
    uintx ProfiledCodeHeapSize                     = 122909434                              {pd product} {ergonomic}
    uintx ReservedCodeCacheSize                    = 251658240                              {pd product} {ergonomic}
     bool SegmentedCodeCache                       = true                                      {product} {ergonomic}
   size_t SoftMaxHeapSize                          = 4223664128                             {manageable} {ergonomic}
     bool UseCompressedClassPointers               = true                           {product lp64_product} {ergonomic}
     bool UseCompressedOops                        = true                           {product lp64_product} {ergonomic}
     bool UseG1GC                                  = true                                      {product} {ergonomic}
     bool UseLargePagesIndividualAllocation        = false                                  {pd product} {ergonomic}

Logging:
Log output configuration:
 #0: stdout all=warning uptime,level,tags
 #1: stderr all=off uptime,level,tags

Environment Variables:
PATH=C:\Program Files\Common Files\Oracle\Java\javapath;C:\WINDOWS\system32;C:\WINDOWS;C:\WINDOWS\System32\Wbem;C:\WINDOWS\System32\WindowsPowerShell\v1.0\;C:\WINDOWS\System32\OpenSSH\;C:\MinGW\bin;C:\Windows\System32\Wbem;C:\ProgramData\chocolatey\bin;C:\Program Files\nodejs;C:\Program Files\Git\cmd;E:\coding\PY;C:\Users\sheta\AppData\Local\Programs\Python\Python313;C:\Users\sheta\AppData\Local\Programs\Python\Python313\Scripts;C:\Program Files\Docker\Docker\resources\bin;C:\Program Files\cursor\resources\app\bin;C:\Program Files\MongoDB\Server\8.2;C:\Users\sheta\Downloads\flutter_windows_3.35.4-stable\flutter\bin;C:\Users\sheta\Downloads\apache-maven-3.9.11-bin\apache-maven-3.9.11\bin;C:\Program Files\MySQL\MySQL Server 8.0\bin;C:\Program Files\MySQL\MySQL Shell 8.0\bin\;C:\Users\sheta\AppData\Local\Programs\Python\Python313\Scripts\;C:\Users\sheta\AppData\Local\Programs\Python\Python313\;C:\Users\sheta\AppData\Local\Microsoft\WindowsApps;C:\Users\sheta\AppData\Local\Programs\Microsoft VS Code\bin;C:\Users\sheta\AppData\Roaming\npm;C:\Users\sheta\AppData\Local\Programs\mongosh\;C:\Users\sheta\AppData\Local\Programs\Antigravity\bin;C:\Users\sheta\AppData\Local\Programs\Qoder\bin;C:\Users\sheta\AppData\Local\GitHubDesktop\bin;c:\Users\sheta\.antigravity\extensions\vscjava.vscode-java-debug-0.58.5-universal\bundled\scripts\noConfigScripts
USERNAME=Darshan_Sheta
LANG=en_US.UTF-8
OS=Windows_NT
PROCESSOR_IDENTIFIER=Intel64 Family 6 Model 154 Stepping 4, GenuineIntel



---------------  S Y S T E M  ---------------

OS:
 Windows 11 , 64 bit Build 26100 (10.0.26100.7309)
OS uptime: 0 days 15:07 hours
Hyper-V role detected

CPU: total 12 (initial active 12) (6 cores per cpu, 2 threads per core) family 6 model 154 stepping 4 microcode 0x437, cx8, cmov, fxsr, ht, mmx, 3dnowpref, sse, sse2, sse3, ssse3, sse4.1, sse4.2, popcnt, lzcnt, tsc, tscinvbit, avx, avx2, aes, erms, clmul, bmi1, bmi2, adx, sha, fma, vzeroupper, clflush, clflushopt, clwb, hv

Memory: 4k page, system-wide physical 16108M (4014M free)
TotalPageFile size 16108M (AvailPageFile size 35M)
current process WorkingSet (physical memory assigned to process): 412M, peak: 426M
current process commit charge ("private bytes"): 448M, peak: 466M

vm_info: Java HotSpot(TM) 64-Bit Server VM (17.0.12+8-LTS-286) for windows-amd64 JRE (17.0.12+8-LTS-286), built on Jun  5 2024 06:46:59 by "mach5one" with MS VC++ 17.6 (VS2022)

END.
