#
# There is insufficient memory for the Java Runtime Environment to continue.
# Native memory allocation (mmap) failed to map 264241152 bytes for G1 virtual space
# Possible reasons:
#   The system is out of physical RAM or swap space
#   The process is running with CompressedOops enabled, and the Java Heap may be blocking the growth of the native heap
# Possible solutions:
#   Reduce memory load on the system
#   Increase physical memory or swap space
#   Check if swap backing store is full
#   Decrease Java heap size (-Xmx/-Xms)
#   Decrease number of Java threads
#   Decrease Java thread stack sizes (-Xss)
#   Set larger code cache with -XX:ReservedCodeCacheSize=
#   JVM is running with Zero Based Compressed Oops mode in which the Java heap is
#     placed in the first 32GB address space. The Java Heap base address is the
#     maximum limit for the native heap growth. Please use -XX:HeapBaseMinAddress
#     to set the Java Heap base and to place the Java Heap above 32GB virtual address.
# This output file may be truncated or incomplete.
#
#  Out of Memory Error (os_windows.cpp:3548), pid=9560, tid=17300
#
# JRE version:  (17.0.12+8) (build )
# Java VM: Java HotSpot(TM) 64-Bit Server VM (17.0.12+8-LTS-286, mixed mode, emulated-client, sharing, tiered, compressed oops, compressed class ptrs, g1 gc, windows-amd64)
# No core dump will be written. Minidumps are not enabled by default on client versions of Windows
#

---------------  S U M M A R Y ------------

Command Line: -XX:TieredStopAtLevel=1 com.spring.codeamigosbackend.CodeAmigosBackendApplication

Host: 12th Gen Intel(R) Core(TM) i5-1235U, 12 cores, 15G,  Windows 11 , 64 bit Build 26100 (10.0.26100.7309)
Time: Sat Jan 10 16:50:30 2026 India Standard Time elapsed time: 1.285388 seconds (0d 0h 0m 1s)

---------------  T H R E A D  ---------------

Current thread (0x000002366b8d8010):  JavaThread "Unknown thread" [_thread_in_vm, id=17300, stack(0x000000d0c7800000,0x000000d0c7900000)]

Stack: [0x000000d0c7800000,0x000000d0c7900000]
Native frames: (J=compiled Java code, j=interpreted, Vv=VM code, C=native code)
V  [jvm.dll+0x67a04a]
V  [jvm.dll+0x7da4ed]
V  [jvm.dll+0x7dbe33]
V  [jvm.dll+0x7dc4a3]
V  [jvm.dll+0x24508f]
V  [jvm.dll+0x677089]
V  [jvm.dll+0x66bd32]
V  [jvm.dll+0x301fa6]
V  [jvm.dll+0x309546]
V  [jvm.dll+0x359d2e]
V  [jvm.dll+0x359f5f]
V  [jvm.dll+0x2d9078]
V  [jvm.dll+0x2d9fe4]
V  [jvm.dll+0x7aca21]
V  [jvm.dll+0x367591]
V  [jvm.dll+0x78b999]
V  [jvm.dll+0x3ec83f]
V  [jvm.dll+0x3ee471]
C  [jli.dll+0x5297]
C  [ucrtbase.dll+0x37b0]
C  [KERNEL32.DLL+0x2e8d7]
C  [ntdll.dll+0x8c53c]


---------------  P R O C E S S  ---------------

Threads class SMR info:
_java_thread_list=0x00007ffd8c2b7a18, length=0, elements={
}

Java Threads: ( => current thread )

Other Threads:
  0x000002366b94cee0 GCTaskThread "GC Thread#0" [stack: 0x000000d0c7900000,0x000000d0c7a00000] [id=32008]
  0x000002366b95d9f0 ConcurrentGCThread "G1 Main Marker" [stack: 0x000000d0c7a00000,0x000000d0c7b00000] [id=13524]
  0x000002366b95e400 ConcurrentGCThread "G1 Conc#0" [stack: 0x000000d0c7b00000,0x000000d0c7c00000] [id=29260]

[error occurred during error reporting (printing all threads), id 0xc0000005, EXCEPTION_ACCESS_VIOLATION (0xc0000005) at pc=0x00007ffd8bae9b67]

VM state: not at safepoint (not fully initialized)

VM Mutex/Monitor currently owned by a thread:  ([mutex/lock_event])
[0x000002366b8d3950] Heap_lock - owner thread: 0x000002366b8d8010

Heap address: 0x0000000704400000, size: 4028 MB, Compressed Oops mode: Zero based, Oop shift amount: 3

CDS archive(s) mapped at: [0x0000000000000000-0x0000000000000000-0x0000000000000000), size 0, SharedBaseAddress: 0x0000000800000000, ArchiveRelocationMode: 1.
Narrow klass base: 0x0000000000000000, Narrow klass shift: 0, Narrow klass range: 0x0

GC Precious Log:
<Empty>

Heap:
 garbage-first heap   total 0K, used 0K [0x0000000704400000, 0x0000000800000000)
  region size 2048K, 0 young (0K), 0 survivors (0K)

[error occurred during error reporting (printing heap information), id 0xc0000005, EXCEPTION_ACCESS_VIOLATION (0xc0000005) at pc=0x00007ffd8bed3859]

GC Heap History (0 events):
No events

Deoptimization events (0 events):
No events

Classes unloaded (0 events):
No events

Classes redefined (0 events):
No events

Internal exceptions (0 events):
No events

VM Operations (0 events):
No events

Events (1 events):
Event: 0.007 Loaded shared library C:\Program Files\Java\jdk-17\bin\java.dll


Dynamic libraries:
0x00007ff61f1c0000 - 0x00007ff61f1d0000 	C:\Program Files\Java\jdk-17\bin\java.exe
0x00007ffe2a940000 - 0x00007ffe2aba7000 	C:\WINDOWS\SYSTEM32\ntdll.dll
0x00007ffe28ef0000 - 0x00007ffe28fb9000 	C:\WINDOWS\System32\KERNEL32.DLL
0x00007ffe27d30000 - 0x00007ffe2811f000 	C:\WINDOWS\System32\KERNELBASE.dll
0x00007ffe28160000 - 0x00007ffe282ab000 	C:\WINDOWS\System32\ucrtbase.dll
0x00007ffdfaa20000 - 0x00007ffdfaa39000 	C:\Program Files\Java\jdk-17\bin\jli.dll
0x00007ffdfaa40000 - 0x00007ffdfaa5b000 	C:\Program Files\Java\jdk-17\bin\VCRUNTIME140.dll
0x00007ffe28e10000 - 0x00007ffe28ec4000 	C:\WINDOWS\System32\ADVAPI32.dll
0x00007ffe2a850000 - 0x00007ffe2a8f9000 	C:\WINDOWS\System32\msvcrt.dll
0x00007ffe29e60000 - 0x00007ffe29f06000 	C:\WINDOWS\System32\sechost.dll
0x00007ffe2a1f0000 - 0x00007ffe2a308000 	C:\WINDOWS\System32\RPCRT4.dll
0x00007ffe29fa0000 - 0x00007ffe2a165000 	C:\WINDOWS\System32\USER32.dll
0x00007ffe28130000 - 0x00007ffe28157000 	C:\WINDOWS\System32\win32u.dll
0x00007ffe0b460000 - 0x00007ffe0b6f3000 	C:\WINDOWS\WinSxS\amd64_microsoft.windows.common-controls_6595b64144ccf1df_6.0.26100.7309_none_3e05feeae336a044\COMCTL32.dll
0x00007ffe287a0000 - 0x00007ffe287cb000 	C:\WINDOWS\System32\GDI32.dll
0x00007ffe27b40000 - 0x00007ffe27c6c000 	C:\WINDOWS\System32\gdi32full.dll
0x00007ffe28340000 - 0x00007ffe283e3000 	C:\WINDOWS\System32\msvcp_win.dll
0x00007ffe0df10000 - 0x00007ffe0df1b000 	C:\WINDOWS\SYSTEM32\VERSION.dll
0x00007ffe28760000 - 0x00007ffe28791000 	C:\WINDOWS\System32\IMM32.DLL
0x00007ffe14480000 - 0x00007ffe1448c000 	C:\Program Files\Java\jdk-17\bin\vcruntime140_1.dll
0x00007ffdcee80000 - 0x00007ffdcef0e000 	C:\Program Files\Java\jdk-17\bin\msvcp140.dll
0x00007ffd8b800000 - 0x00007ffd8c3e0000 	C:\Program Files\Java\jdk-17\bin\server\jvm.dll
0x00007ffe28df0000 - 0x00007ffe28df8000 	C:\WINDOWS\System32\PSAPI.DLL
0x00007ffe1ee70000 - 0x00007ffe1eea5000 	C:\WINDOWS\SYSTEM32\WINMM.dll
0x00007ffe0a2f0000 - 0x00007ffe0a2fa000 	C:\WINDOWS\SYSTEM32\WSOCK32.dll
0x00007ffe2a170000 - 0x00007ffe2a1e4000 	C:\WINDOWS\System32\WS2_32.dll
0x00007ffe26810000 - 0x00007ffe2682b000 	C:\WINDOWS\SYSTEM32\kernel.appcore.dll
0x00007ffe143c0000 - 0x00007ffe143ca000 	C:\Program Files\Java\jdk-17\bin\jimage.dll
0x00007ffe24be0000 - 0x00007ffe24e22000 	C:\WINDOWS\SYSTEM32\DBGHELP.DLL
0x00007ffe288d0000 - 0x00007ffe28c55000 	C:\WINDOWS\System32\combase.dll
0x00007ffe29310000 - 0x00007ffe293e6000 	C:\WINDOWS\System32\OLEAUT32.dll
0x00007ffe0a180000 - 0x00007ffe0a1bc000 	C:\WINDOWS\SYSTEM32\dbgcore.DLL
0x00007ffe27a90000 - 0x00007ffe27b35000 	C:\WINDOWS\System32\bcryptPrimitives.dll
0x00007ffde3c30000 - 0x00007ffde3c55000 	C:\Program Files\Java\jdk-17\bin\java.dll

dbghelp: loaded successfully - version: 4.0.5 - missing functions: none
symbol engine: initialized successfully - sym options: 0x614 - pdb path: .;C:\Program Files\Java\jdk-17\bin;C:\WINDOWS\SYSTEM32;C:\WINDOWS\WinSxS\amd64_microsoft.windows.common-controls_6595b64144ccf1df_6.0.26100.7309_none_3e05feeae336a044;C:\Program Files\Java\jdk-17\bin\server

VM Arguments:
jvm_args: -XX:TieredStopAtLevel=1 
java_command: com.spring.codeamigosbackend.CodeAmigosBackendApplication
java_class_path (initial): C:\Users\sheta\Downloads\CodeAmigos--Backend-main (1) (1)\CodeAmigos--Backend-main (1)\CodeAmigos--Backend-main (1)\CodeAmigos--Backend-main\target\classes;C:\Users\sheta\.m2\repository\com\razorpay\razorpay-java\1.4.8\razorpay-java-1.4.8.jar;C:\Users\sheta\.m2\repository\org\json\json\20231013\json-20231013.jar;C:\Users\sheta\.m2\repository\com\squareup\okhttp3\okhttp\3.10.0\okhttp-3.10.0.jar;C:\Users\sheta\.m2\repository\com\squareup\okio\okio\1.14.0\okio-1.14.0.jar;C:\Users\sheta\.m2\repository\com\squareup\okhttp3\logging-interceptor\3.10.0\logging-interceptor-3.10.0.jar;C:\Users\sheta\.m2\repository\commons-codec\commons-codec\1.17.2\commons-codec-1.17.2.jar;C:\Users\sheta\.m2\repository\org\apache\commons\commons-text\1.3\commons-text-1.3.jar;C:\Users\sheta\.m2\repository\com\fasterxml\jackson\core\jackson-databind\2.15.2\jackson-databind-2.15.2.jar;C:\Users\sheta\.m2\repository\com\fasterxml\jackson\core\jackson-annotations\2.18.3\jackson-annotations-2.18.3.jar;C:\Users\sheta\.m2\repository\com\fasterxml\jackson\core\jackson-core\2.18.3\jackson-core-2.18.3.jar;C:\Users\sheta\.m2\repository\com\opencagedata\jopencage\2.2.2\jopencage-2.2.2.jar;C:\Users\sheta\.m2\repository\org\apache\httpcomponents\client5\httpclient5\5.4.3\httpclient5-5.4.3.jar;C:\Users\sheta\.m2\repository\org\apache\httpcomponents\core5\httpcore5-h2\5.3.4\httpcore5-h2-5.3.4.jar;C:\Users\sheta\.m2\repository\org\slf4j\slf4j-api\2.0.17\slf4j-api-2.0.17.jar;C:\Users\sheta\.m2\repository\com\google\genai\google-genai\0.4.0\google-genai-0.4.0.jar;C:\Users\sheta\.m2\repository\com\google\auth\google-auth-library-oauth2-http\1.30.1\google-auth-library-oauth2-http-1.30.1.jar;C:\Users\sheta\.m2\repository\com\google\auto\value\auto-value-annotations\1.11.0\auto-value-annotations-1.11.0.jar;C:\Users\sheta\.m2\repository\com\google\code\findbugs\jsr305\3.0.2\jsr305-3.0.2.jar;C:\Users\sheta\.m2\repository\com\google\auth\google-auth-library-credentials\1.30.1\google-auth-lib
Launcher Type: SUN_STANDARD

[Global flags]
     intx CICompilerCount                          = 4                                         {product} {ergonomic}
     uint ConcGCThreads                            = 3                                         {product} {ergonomic}
     uint G1ConcRefinementThreads                  = 10                                        {product} {ergonomic}
   size_t G1HeapRegionSize                         = 2097152                                   {product} {ergonomic}
    uintx GCDrainStackTargetSize                   = 64                                        {product} {ergonomic}
   size_t InitialHeapSize                          = 264241152                                 {product} {ergonomic}
   size_t MarkStackSize                            = 4194304                                   {product} {ergonomic}
   size_t MaxHeapSize                              = 4223664128                                {product} {ergonomic}
   size_t MinHeapDeltaBytes                        = 2097152                                   {product} {ergonomic}
   size_t MinHeapSize                              = 8388608                                   {product} {ergonomic}
    uintx NonProfiledCodeHeapSize                  = 0                                      {pd product} {ergonomic}
     bool ProfileInterpreter                       = false                                  {pd product} {command line}
    uintx ProfiledCodeHeapSize                     = 0                                      {pd product} {ergonomic}
   size_t SoftMaxHeapSize                          = 4223664128                             {manageable} {ergonomic}
     intx TieredStopAtLevel                        = 1                                         {product} {command line}
     bool UseCompressedClassPointers               = true                           {product lp64_product} {ergonomic}
     bool UseCompressedOops                        = true                           {product lp64_product} {ergonomic}
     bool UseG1GC                                  = true                                      {product} {ergonomic}
     bool UseLargePagesIndividualAllocation        = false                                  {pd product} {ergonomic}

Logging:
Log output configuration:
 #0: stdout all=warning uptime,level,tags
 #1: stderr all=off uptime,level,tags

Environment Variables:
PATH=C:\Program Files\Common Files\Oracle\Java\javapath;C:\WINDOWS\system32;C:\WINDOWS;C:\WINDOWS\System32\Wbem;C:\WINDOWS\System32\WindowsPowerShell\v1.0\;C:\WINDOWS\System32\OpenSSH\;C:\MinGW\bin;C:\Windows\System32\Wbem;C:\ProgramData\chocolatey\bin;C:\Program Files\nodejs;C:\Program Files\Git\cmd;E:\coding\PY;C:\Users\sheta\AppData\Local\Programs\Python\Python313;C:\Users\sheta\AppData\Local\Programs\Python\Python313\Scripts;C:\Program Files\Docker\Docker\resources\bin;C:\Program Files\cursor\resources\app\bin;C:\Program Files\MongoDB\Server\8.2;C:\Users\sheta\Downloads\flutter_windows_3.35.4-stable\flutter\bin;C:\Users\sheta\Downloads\apache-maven-3.9.11-bin\apache-maven-3.9.11\bin;C:\Program Files\MySQL\MySQL Server 8.0\bin;C:\Program Files\MySQL\MySQL Shell 8.0\bin\;C:\Users\sheta\AppData\Local\Programs\Python\Python313\Scripts\;C:\Users\sheta\AppData\Local\Programs\Python\Python313\;C:\Users\sheta\AppData\Local\Microsoft\WindowsApps;C:\Users\sheta\AppData\Local\Programs\Microsoft VS Code\bin;C:\Users\sheta\AppData\Roaming\npm;C:\Users\sheta\AppData\Local\Programs\mongosh\;C:\Users\sheta\AppData\Local\Programs\Antigravity\bin;C:\Users\sheta\AppData\Local\Programs\Qoder\bin;C:\Users\sheta\AppData\Local\GitHubDesktop\bin;c:\Users\sheta\.antigravity\extensions\vscjava.vscode-java-debug-0.58.5-universal\bundled\scripts\noConfigScripts
USERNAME=Darshan_Sheta
LANG=en_US.UTF-8
OS=Windows_NT
PROCESSOR_IDENTIFIER=Intel64 Family 6 Model 154 Stepping 4, GenuineIntel



---------------  S Y S T E M  ---------------

OS:
 Windows 11 , 64 bit Build 26100 (10.0.26100.7309)
OS uptime: 0 days 7:33 hours
Hyper-V role detected

CPU: total 12 (initial active 12) (6 cores per cpu, 2 threads per core) family 6 model 154 stepping 4 microcode 0x437, cx8, cmov, fxsr, ht, mmx, 3dnowpref, sse, sse2, sse3, ssse3, sse4.1, sse4.2, popcnt, lzcnt, tsc, tscinvbit, avx, avx2, aes, erms, clmul, bmi1, bmi2, adx, sha, fma, vzeroupper, clflush, clflushopt, clwb, hv

Memory: 4k page, system-wide physical 16108M (5137M free)
TotalPageFile size 16108M (AvailPageFile size 172M)
current process WorkingSet (physical memory assigned to process): 12M, peak: 12M
current process commit charge ("private bytes"): 60M, peak: 311M

vm_info: Java HotSpot(TM) 64-Bit Server VM (17.0.12+8-LTS-286) for windows-amd64 JRE (17.0.12+8-LTS-286), built on Jun  5 2024 06:46:59 by "mach5one" with MS VC++ 17.6 (VS2022)

END.
