#
# There is insufficient memory for the Java Runtime Environment to continue.
# Native memory allocation (malloc) failed to allocate 494928 bytes for Chunk::new
# Possible reasons:
#   The system is out of physical RAM or swap space
#   The process is running with CompressedOops enabled, and the Java Heap may be blocking the growth of the native heap
# Possible solutions:
#   Reduce memory load on the system
#   Increase physical memory or swap space
#   Check if swap backing store is full
#   Decrease Java heap size (-Xmx/-Xms)
#   Decrease number of Java threads
#   Decrease Java thread stack sizes (-Xss)
#   Set larger code cache with -XX:ReservedCodeCacheSize=
#   JVM is running with Zero Based Compressed Oops mode in which the Java heap is
#     placed in the first 32GB address space. The Java Heap base address is the
#     maximum limit for the native heap growth. Please use -XX:HeapBaseMinAddress
#     to set the Java Heap base and to place the Java Heap above 32GB virtual address.
# This output file may be truncated or incomplete.
#
#  Out of Memory Error (arena.cpp:189), pid=29220, tid=30832
#
# JRE version: Java(TM) SE Runtime Environment (17.0.12+8) (build 17.0.12+8-LTS-286)
# Java VM: Java HotSpot(TM) 64-Bit Server VM (17.0.12+8-LTS-286, mixed mode, sharing, tiered, compressed oops, compressed class ptrs, g1 gc, windows-amd64)
# No core dump will be written. Minidumps are not enabled by default on client versions of Windows
#

---------------  S U M M A R Y ------------

Command Line: -Dclassworlds.conf=C:\Users\sheta\.m2\wrapper\dists\apache-maven-3.9.9\977a63e90f436cd6ade95b4c0e10c20c\bin\m2.conf -Dmaven.home=C:\Users\sheta\.m2\wrapper\dists\apache-maven-3.9.9\977a63e90f436cd6ade95b4c0e10c20c -Dlibrary.jansi.path=C:\Users\sheta\.m2\wrapper\dists\apache-maven-3.9.9\977a63e90f436cd6ade95b4c0e10c20c\lib\jansi-native -Dmaven.multiModuleProjectDirectory=C:\Users\sheta\Downloads\CodeAmigos--Backend-main (1) (1)\CodeAmigos--Backend-main (1)\CodeAmigos--Backend-main (1)\CodeAmigos--Backend-main org.codehaus.plexus.classworlds.launcher.Launcher spring-boot:run

Host: 12th Gen Intel(R) Core(TM) i5-1235U, 12 cores, 15G,  Windows 11 , 64 bit Build 26100 (10.0.26100.7309)
Time: Sat Jan 10 16:55:57 2026 India Standard Time elapsed time: 3.409382 seconds (0d 0h 0m 3s)

---------------  T H R E A D  ---------------

Current thread (0x0000023bd2455f30):  JavaThread "C2 CompilerThread0" daemon [_thread_in_native, id=30832, stack(0x000000ef27900000,0x000000ef27a00000)]


Current CompileTask:
C2:   3409 2457   !   4       java.net.URL::<init> (543 bytes)

Stack: [0x000000ef27900000,0x000000ef27a00000]
Native frames: (J=compiled Java code, j=interpreted, Vv=VM code, C=native code)
V  [jvm.dll+0x67a04a]
V  [jvm.dll+0x7da4ed]
V  [jvm.dll+0x7dbe33]
V  [jvm.dll+0x7dc4a3]
V  [jvm.dll+0x24508f]
V  [jvm.dll+0xab773]
V  [jvm.dll+0xabd3c]
V  [jvm.dll+0x361bee]
V  [jvm.dll+0x1ba64a]
V  [jvm.dll+0x216997]
V  [jvm.dll+0x215c6f]
V  [jvm.dll+0x1a2960]
V  [jvm.dll+0x22610b]
V  [jvm.dll+0x2242ab]
V  [jvm.dll+0x79075c]
V  [jvm.dll+0x78abea]
V  [jvm.dll+0x678f35]
C  [ucrtbase.dll+0x37b0]
C  [KERNEL32.DLL+0x2e8d7]
C  [ntdll.dll+0x8c53c]


---------------  P R O C E S S  ---------------

Threads class SMR info:
_java_thread_list=0x0000023c18d0ecd0, length=15, elements={
0x0000023baf314c70, 0x0000023bd23257b0, 0x0000023bd2326280, 0x0000023bd233da40,
0x0000023bd233e310, 0x0000023bd2452c00, 0x0000023bd24547c0, 0x0000023bd2455f30,
0x0000023bd2457460, 0x0000023bd245f310, 0x0000023bd245ca90, 0x0000023bd245e3e0,
0x0000023c184413a0, 0x0000023c1871adf0, 0x0000023bd245e8f0
}

Java Threads: ( => current thread )
  0x0000023baf314c70 JavaThread "main" [_thread_in_vm, id=30696, stack(0x000000ef26c00000,0x000000ef26d00000)]
  0x0000023bd23257b0 JavaThread "Reference Handler" daemon [_thread_blocked, id=31260, stack(0x000000ef27300000,0x000000ef27400000)]
  0x0000023bd2326280 JavaThread "Finalizer" daemon [_thread_blocked, id=2836, stack(0x000000ef27400000,0x000000ef27500000)]
  0x0000023bd233da40 JavaThread "Signal Dispatcher" daemon [_thread_blocked, id=16444, stack(0x000000ef27500000,0x000000ef27600000)]
  0x0000023bd233e310 JavaThread "Attach Listener" daemon [_thread_blocked, id=21396, stack(0x000000ef27600000,0x000000ef27700000)]
  0x0000023bd2452c00 JavaThread "Service Thread" daemon [_thread_blocked, id=30744, stack(0x000000ef27700000,0x000000ef27800000)]
  0x0000023bd24547c0 JavaThread "Monitor Deflation Thread" daemon [_thread_blocked, id=22924, stack(0x000000ef27800000,0x000000ef27900000)]
=>0x0000023bd2455f30 JavaThread "C2 CompilerThread0" daemon [_thread_in_native, id=30832, stack(0x000000ef27900000,0x000000ef27a00000)]
  0x0000023bd2457460 JavaThread "C1 CompilerThread0" daemon [_thread_blocked, id=22916, stack(0x000000ef27a00000,0x000000ef27b00000)]
  0x0000023bd245f310 JavaThread "Sweeper thread" daemon [_thread_blocked, id=28956, stack(0x000000ef27b00000,0x000000ef27c00000)]
  0x0000023bd245ca90 JavaThread "Notification Thread" daemon [_thread_blocked, id=25736, stack(0x000000ef27c00000,0x000000ef27d00000)]
  0x0000023bd245e3e0 JavaThread "Common-Cleaner" daemon [_thread_blocked, id=30980, stack(0x000000ef27e00000,0x000000ef27f00000)]
  0x0000023c184413a0 JavaThread "C2 CompilerThread1" daemon [_thread_in_native, id=27336, stack(0x000000ef27f00000,0x000000ef28000000)]
  0x0000023c1871adf0 JavaThread "C2 CompilerThread2" daemon [_thread_in_native, id=27748, stack(0x000000ef28000000,0x000000ef28100000)]
  0x0000023bd245e8f0 JavaThread "Thread-1" daemon [_thread_blocked, id=4388, stack(0x000000ef28900000,0x000000ef28a00000)]

Other Threads:
  0x0000023bd2320af0 VMThread "VM Thread" [stack: 0x000000ef27200000,0x000000ef27300000] [id=3460]
  0x0000023bd25a4850 WatcherThread [stack: 0x000000ef27d00000,0x000000ef27e00000] [id=19132]
  0x0000023baf383d00 GCTaskThread "GC Thread#0" [stack: 0x000000ef26d00000,0x000000ef26e00000] [id=2092]
  0x0000023bd2694540 GCTaskThread "GC Thread#1" [stack: 0x000000ef28100000,0x000000ef28200000] [id=24088]
  0x0000023c18847d50 GCTaskThread "GC Thread#2" [stack: 0x000000ef28200000,0x000000ef28300000] [id=12868]
  0x0000023c188bf870 GCTaskThread "GC Thread#3" [stack: 0x000000ef28300000,0x000000ef28400000] [id=32636]
  0x0000023c18b98b40 GCTaskThread "GC Thread#4" [stack: 0x000000ef28400000,0x000000ef28500000] [id=28460]
  0x0000023c18bc1490 GCTaskThread "GC Thread#5" [stack: 0x000000ef28500000,0x000000ef28600000] [id=20640]
  0x0000023c18c56d00 GCTaskThread "GC Thread#6" [stack: 0x000000ef28600000,0x000000ef28700000] [id=12320]
  0x0000023c186df9b0 GCTaskThread "GC Thread#7" [stack: 0x000000ef28700000,0x000000ef28800000] [id=28812]
  0x0000023c18a91bc0 GCTaskThread "GC Thread#8" [stack: 0x000000ef28800000,0x000000ef28900000] [id=9104]
  0x0000023baf394730 ConcurrentGCThread "G1 Main Marker" [stack: 0x000000ef26e00000,0x000000ef26f00000] [id=6956]
  0x0000023baf395050 ConcurrentGCThread "G1 Conc#0" [stack: 0x000000ef26f00000,0x000000ef27000000] [id=30652]
  0x0000023baf3ddb80 ConcurrentGCThread "G1 Refine#0" [stack: 0x000000ef27000000,0x000000ef27100000] [id=22000]
  0x0000023baf3de4c0 ConcurrentGCThread "G1 Service" [stack: 0x000000ef27100000,0x000000ef27200000] [id=29628]

Threads with active compile tasks:
C2 CompilerThread0     3428 2457   !   4       java.net.URL::<init> (543 bytes)
C1 CompilerThread0     3428 2523       3       org.apache.maven.model.io.xpp3.MavenXpp3ReaderEx$1::transform (2 bytes)
C2 CompilerThread1     3428 2521       4       org.codehaus.plexus.util.xml.pull.MXParser::nextImpl (1203 bytes)
C2 CompilerThread2     3428 2500       4       org.codehaus.plexus.util.xml.pull.MXParser::parseStartTag (1190 bytes)

VM state: not at safepoint (normal execution)

VM Mutex/Monitor currently owned by a thread: None

Heap address: 0x0000000704400000, size: 4028 MB, Compressed Oops mode: Zero based, Oop shift amount: 3

CDS archive(s) mapped at: [0x0000023bd3000000-0x0000023bd3bd0000-0x0000023bd3bd0000), size 12386304, SharedBaseAddress: 0x0000023bd3000000, ArchiveRelocationMode: 1.
Compressed class space mapped at: 0x0000023bd4000000-0x0000023c14000000, reserved size: 1073741824
Narrow klass base: 0x0000023bd3000000, Narrow klass shift: 0, Narrow klass range: 0x100000000

GC Precious Log:
 CPUs: 12 total, 12 available
 Memory: 16108M
 Large Page Support: Disabled
 NUMA Support: Disabled
 Compressed Oops: Enabled (Zero based)
 Heap Region Size: 2M
 Heap Min Capacity: 8M
 Heap Initial Capacity: 252M
 Heap Max Capacity: 4028M
 Pre-touch: Disabled
 Parallel Workers: 10
 Concurrent Workers: 3
 Concurrent Refinement Workers: 10
 Periodic GC: Disabled

Heap:
 garbage-first heap   total 258048K, used 29784K [0x0000000704400000, 0x0000000800000000)
  region size 2048K, 14 young (28672K), 1 survivors (2048K)
 Metaspace       used 14130K, committed 14336K, reserved 1114112K
  class space    used 1748K, committed 1856K, reserved 1048576K

Heap Regions: E=young(eden), S=young(survivor), O=old, HS=humongous(starts), HC=humongous(continues), CS=collection set, F=free, OA=open archive, CA=closed archive, TAMS=top-at-mark-start (previous, next)
|   0|0x0000000704400000, 0x0000000704600000, 0x0000000704600000|100%| O|  |TAMS 0x0000000704400000, 0x0000000704400000| Untracked 
|   1|0x0000000704600000, 0x000000070475f000, 0x0000000704800000| 68%| O|  |TAMS 0x0000000704600000, 0x0000000704600000| Untracked 
|   2|0x0000000704800000, 0x0000000704800000, 0x0000000704a00000|  0%| F|  |TAMS 0x0000000704800000, 0x0000000704800000| Untracked 
|   3|0x0000000704a00000, 0x0000000704a00000, 0x0000000704c00000|  0%| F|  |TAMS 0x0000000704a00000, 0x0000000704a00000| Untracked 
|   4|0x0000000704c00000, 0x0000000704c00000, 0x0000000704e00000|  0%| F|  |TAMS 0x0000000704c00000, 0x0000000704c00000| Untracked 
|   5|0x0000000704e00000, 0x0000000704e00000, 0x0000000705000000|  0%| F|  |TAMS 0x0000000704e00000, 0x0000000704e00000| Untracked 
|   6|0x0000000705000000, 0x0000000705000000, 0x0000000705200000|  0%| F|  |TAMS 0x0000000705000000, 0x0000000705000000| Untracked 
|   7|0x0000000705200000, 0x0000000705200000, 0x0000000705400000|  0%| F|  |TAMS 0x0000000705200000, 0x0000000705200000| Untracked 
|   8|0x0000000705400000, 0x0000000705400000, 0x0000000705600000|  0%| F|  |TAMS 0x0000000705400000, 0x0000000705400000| Untracked 
|   9|0x0000000705600000, 0x0000000705600000, 0x0000000705800000|  0%| F|  |TAMS 0x0000000705600000, 0x0000000705600000| Untracked 
|  10|0x0000000705800000, 0x0000000705800000, 0x0000000705a00000|  0%| F|  |TAMS 0x0000000705800000, 0x0000000705800000| Untracked 
|  11|0x0000000705a00000, 0x0000000705a00000, 0x0000000705c00000|  0%| F|  |TAMS 0x0000000705a00000, 0x0000000705a00000| Untracked 
|  12|0x0000000705c00000, 0x0000000705c00000, 0x0000000705e00000|  0%| F|  |TAMS 0x0000000705c00000, 0x0000000705c00000| Untracked 
|  13|0x0000000705e00000, 0x0000000705e00000, 0x0000000706000000|  0%| F|  |TAMS 0x0000000705e00000, 0x0000000705e00000| Untracked 
|  14|0x0000000706000000, 0x0000000706000000, 0x0000000706200000|  0%| F|  |TAMS 0x0000000706000000, 0x0000000706000000| Untracked 
|  15|0x0000000706200000, 0x0000000706200000, 0x0000000706400000|  0%| F|  |TAMS 0x0000000706200000, 0x0000000706200000| Untracked 
|  16|0x0000000706400000, 0x0000000706400000, 0x0000000706600000|  0%| F|  |TAMS 0x0000000706400000, 0x0000000706400000| Untracked 
|  17|0x0000000706600000, 0x0000000706600000, 0x0000000706800000|  0%| F|  |TAMS 0x0000000706600000, 0x0000000706600000| Untracked 
|  18|0x0000000706800000, 0x0000000706800000, 0x0000000706a00000|  0%| F|  |TAMS 0x0000000706800000, 0x0000000706800000| Untracked 
|  19|0x0000000706a00000, 0x0000000706a00000, 0x0000000706c00000|  0%| F|  |TAMS 0x0000000706a00000, 0x0000000706a00000| Untracked 
|  20|0x0000000706c00000, 0x0000000706c00000, 0x0000000706e00000|  0%| F|  |TAMS 0x0000000706c00000, 0x0000000706c00000| Untracked 
|  21|0x0000000706e00000, 0x0000000706e00000, 0x0000000707000000|  0%| F|  |TAMS 0x0000000706e00000, 0x0000000706e00000| Untracked 
|  22|0x0000000707000000, 0x0000000707000000, 0x0000000707200000|  0%| F|  |TAMS 0x0000000707000000, 0x0000000707000000| Untracked 
|  23|0x0000000707200000, 0x0000000707200000, 0x0000000707400000|  0%| F|  |TAMS 0x0000000707200000, 0x0000000707200000| Untracked 
|  24|0x0000000707400000, 0x0000000707400000, 0x0000000707600000|  0%| F|  |TAMS 0x0000000707400000, 0x0000000707400000| Untracked 
|  25|0x0000000707600000, 0x0000000707600000, 0x0000000707800000|  0%| F|  |TAMS 0x0000000707600000, 0x0000000707600000| Untracked 
|  26|0x0000000707800000, 0x0000000707800000, 0x0000000707a00000|  0%| F|  |TAMS 0x0000000707800000, 0x0000000707800000| Untracked 
|  27|0x0000000707a00000, 0x0000000707a00000, 0x0000000707c00000|  0%| F|  |TAMS 0x0000000707a00000, 0x0000000707a00000| Untracked 
|  28|0x0000000707c00000, 0x0000000707c00000, 0x0000000707e00000|  0%| F|  |TAMS 0x0000000707c00000, 0x0000000707c00000| Untracked 
|  29|0x0000000707e00000, 0x0000000707e00000, 0x0000000708000000|  0%| F|  |TAMS 0x0000000707e00000, 0x0000000707e00000| Untracked 
|  30|0x0000000708000000, 0x0000000708000000, 0x0000000708200000|  0%| F|  |TAMS 0x0000000708000000, 0x0000000708000000| Untracked 
|  31|0x0000000708200000, 0x0000000708200000, 0x0000000708400000|  0%| F|  |TAMS 0x0000000708200000, 0x0000000708200000| Untracked 
|  32|0x0000000708400000, 0x0000000708400000, 0x0000000708600000|  0%| F|  |TAMS 0x0000000708400000, 0x0000000708400000| Untracked 
|  33|0x0000000708600000, 0x0000000708600000, 0x0000000708800000|  0%| F|  |TAMS 0x0000000708600000, 0x0000000708600000| Untracked 
|  34|0x0000000708800000, 0x0000000708800000, 0x0000000708a00000|  0%| F|  |TAMS 0x0000000708800000, 0x0000000708800000| Untracked 
|  35|0x0000000708a00000, 0x0000000708a00000, 0x0000000708c00000|  0%| F|  |TAMS 0x0000000708a00000, 0x0000000708a00000| Untracked 
|  36|0x0000000708c00000, 0x0000000708c00000, 0x0000000708e00000|  0%| F|  |TAMS 0x0000000708c00000, 0x0000000708c00000| Untracked 
|  37|0x0000000708e00000, 0x0000000708e00000, 0x0000000709000000|  0%| F|  |TAMS 0x0000000708e00000, 0x0000000708e00000| Untracked 
|  38|0x0000000709000000, 0x0000000709000000, 0x0000000709200000|  0%| F|  |TAMS 0x0000000709000000, 0x0000000709000000| Untracked 
|  39|0x0000000709200000, 0x0000000709200000, 0x0000000709400000|  0%| F|  |TAMS 0x0000000709200000, 0x0000000709200000| Untracked 
|  40|0x0000000709400000, 0x0000000709400000, 0x0000000709600000|  0%| F|  |TAMS 0x0000000709400000, 0x0000000709400000| Untracked 
|  41|0x0000000709600000, 0x0000000709600000, 0x0000000709800000|  0%| F|  |TAMS 0x0000000709600000, 0x0000000709600000| Untracked 
|  42|0x0000000709800000, 0x0000000709800000, 0x0000000709a00000|  0%| F|  |TAMS 0x0000000709800000, 0x0000000709800000| Untracked 
|  43|0x0000000709a00000, 0x0000000709a00000, 0x0000000709c00000|  0%| F|  |TAMS 0x0000000709a00000, 0x0000000709a00000| Untracked 
|  44|0x0000000709c00000, 0x0000000709c00000, 0x0000000709e00000|  0%| F|  |TAMS 0x0000000709c00000, 0x0000000709c00000| Untracked 
|  45|0x0000000709e00000, 0x0000000709e00000, 0x000000070a000000|  0%| F|  |TAMS 0x0000000709e00000, 0x0000000709e00000| Untracked 
|  46|0x000000070a000000, 0x000000070a000000, 0x000000070a200000|  0%| F|  |TAMS 0x000000070a000000, 0x000000070a000000| Untracked 
|  47|0x000000070a200000, 0x000000070a200000, 0x000000070a400000|  0%| F|  |TAMS 0x000000070a200000, 0x000000070a200000| Untracked 
|  48|0x000000070a400000, 0x000000070a400000, 0x000000070a600000|  0%| F|  |TAMS 0x000000070a400000, 0x000000070a400000| Untracked 
|  49|0x000000070a600000, 0x000000070a600000, 0x000000070a800000|  0%| F|  |TAMS 0x000000070a600000, 0x000000070a600000| Untracked 
|  50|0x000000070a800000, 0x000000070a800000, 0x000000070aa00000|  0%| F|  |TAMS 0x000000070a800000, 0x000000070a800000| Untracked 
|  51|0x000000070aa00000, 0x000000070aa00000, 0x000000070ac00000|  0%| F|  |TAMS 0x000000070aa00000, 0x000000070aa00000| Untracked 
|  52|0x000000070ac00000, 0x000000070ac00000, 0x000000070ae00000|  0%| F|  |TAMS 0x000000070ac00000, 0x000000070ac00000| Untracked 
|  53|0x000000070ae00000, 0x000000070ae00000, 0x000000070b000000|  0%| F|  |TAMS 0x000000070ae00000, 0x000000070ae00000| Untracked 
|  54|0x000000070b000000, 0x000000070b000000, 0x000000070b200000|  0%| F|  |TAMS 0x000000070b000000, 0x000000070b000000| Untracked 
|  55|0x000000070b200000, 0x000000070b200000, 0x000000070b400000|  0%| F|  |TAMS 0x000000070b200000, 0x000000070b200000| Untracked 
|  56|0x000000070b400000, 0x000000070b400000, 0x000000070b600000|  0%| F|  |TAMS 0x000000070b400000, 0x000000070b400000| Untracked 
|  57|0x000000070b600000, 0x000000070b600000, 0x000000070b800000|  0%| F|  |TAMS 0x000000070b600000, 0x000000070b600000| Untracked 
|  58|0x000000070b800000, 0x000000070b800000, 0x000000070ba00000|  0%| F|  |TAMS 0x000000070b800000, 0x000000070b800000| Untracked 
|  59|0x000000070ba00000, 0x000000070ba00000, 0x000000070bc00000|  0%| F|  |TAMS 0x000000070ba00000, 0x000000070ba00000| Untracked 
|  60|0x000000070bc00000, 0x000000070bc00000, 0x000000070be00000|  0%| F|  |TAMS 0x000000070bc00000, 0x000000070bc00000| Untracked 
|  61|0x000000070be00000, 0x000000070be00000, 0x000000070c000000|  0%| F|  |TAMS 0x000000070be00000, 0x000000070be00000| Untracked 
|  62|0x000000070c000000, 0x000000070c000000, 0x000000070c200000|  0%| F|  |TAMS 0x000000070c000000, 0x000000070c000000| Untracked 
|  63|0x000000070c200000, 0x000000070c200000, 0x000000070c400000|  0%| F|  |TAMS 0x000000070c200000, 0x000000070c200000| Untracked 
|  64|0x000000070c400000, 0x000000070c400000, 0x000000070c600000|  0%| F|  |TAMS 0x000000070c400000, 0x000000070c400000| Untracked 
|  65|0x000000070c600000, 0x000000070c600000, 0x000000070c800000|  0%| F|  |TAMS 0x000000070c600000, 0x000000070c600000| Untracked 
|  66|0x000000070c800000, 0x000000070c800000, 0x000000070ca00000|  0%| F|  |TAMS 0x000000070c800000, 0x000000070c800000| Untracked 
|  67|0x000000070ca00000, 0x000000070ca00000, 0x000000070cc00000|  0%| F|  |TAMS 0x000000070ca00000, 0x000000070ca00000| Untracked 
|  68|0x000000070cc00000, 0x000000070cc00000, 0x000000070ce00000|  0%| F|  |TAMS 0x000000070cc00000, 0x000000070cc00000| Untracked 
|  69|0x000000070ce00000, 0x000000070ce00000, 0x000000070d000000|  0%| F|  |TAMS 0x000000070ce00000, 0x000000070ce00000| Untracked 
|  70|0x000000070d000000, 0x000000070d000000, 0x000000070d200000|  0%| F|  |TAMS 0x000000070d000000, 0x000000070d000000| Untracked 
|  71|0x000000070d200000, 0x000000070d200000, 0x000000070d400000|  0%| F|  |TAMS 0x000000070d200000, 0x000000070d200000| Untracked 
|  72|0x000000070d400000, 0x000000070d400000, 0x000000070d600000|  0%| F|  |TAMS 0x000000070d400000, 0x000000070d400000| Untracked 
|  73|0x000000070d600000, 0x000000070d600000, 0x000000070d800000|  0%| F|  |TAMS 0x000000070d600000, 0x000000070d600000| Untracked 
|  74|0x000000070d800000, 0x000000070d800000, 0x000000070da00000|  0%| F|  |TAMS 0x000000070d800000, 0x000000070d800000| Untracked 
|  75|0x000000070da00000, 0x000000070da00000, 0x000000070dc00000|  0%| F|  |TAMS 0x000000070da00000, 0x000000070da00000| Untracked 
|  76|0x000000070dc00000, 0x000000070dc00000, 0x000000070de00000|  0%| F|  |TAMS 0x000000070dc00000, 0x000000070dc00000| Untracked 
|  77|0x000000070de00000, 0x000000070de00000, 0x000000070e000000|  0%| F|  |TAMS 0x000000070de00000, 0x000000070de00000| Untracked 
|  78|0x000000070e000000, 0x000000070e000000, 0x000000070e200000|  0%| F|  |TAMS 0x000000070e000000, 0x000000070e000000| Untracked 
|  79|0x000000070e200000, 0x000000070e200000, 0x000000070e400000|  0%| F|  |TAMS 0x000000070e200000, 0x000000070e200000| Untracked 
|  80|0x000000070e400000, 0x000000070e400000, 0x000000070e600000|  0%| F|  |TAMS 0x000000070e400000, 0x000000070e400000| Untracked 
|  81|0x000000070e600000, 0x000000070e600000, 0x000000070e800000|  0%| F|  |TAMS 0x000000070e600000, 0x000000070e600000| Untracked 
|  82|0x000000070e800000, 0x000000070e800000, 0x000000070ea00000|  0%| F|  |TAMS 0x000000070e800000, 0x000000070e800000| Untracked 
|  83|0x000000070ea00000, 0x000000070ea00000, 0x000000070ec00000|  0%| F|  |TAMS 0x000000070ea00000, 0x000000070ea00000| Untracked 
|  84|0x000000070ec00000, 0x000000070ec00000, 0x000000070ee00000|  0%| F|  |TAMS 0x000000070ec00000, 0x000000070ec00000| Untracked 
|  85|0x000000070ee00000, 0x000000070ee00000, 0x000000070f000000|  0%| F|  |TAMS 0x000000070ee00000, 0x000000070ee00000| Untracked 
|  86|0x000000070f000000, 0x000000070f000000, 0x000000070f200000|  0%| F|  |TAMS 0x000000070f000000, 0x000000070f000000| Untracked 
|  87|0x000000070f200000, 0x000000070f200000, 0x000000070f400000|  0%| F|  |TAMS 0x000000070f200000, 0x000000070f200000| Untracked 
|  88|0x000000070f400000, 0x000000070f400000, 0x000000070f600000|  0%| F|  |TAMS 0x000000070f400000, 0x000000070f400000| Untracked 
|  89|0x000000070f600000, 0x000000070f600000, 0x000000070f800000|  0%| F|  |TAMS 0x000000070f600000, 0x000000070f600000| Untracked 
|  90|0x000000070f800000, 0x000000070f800000, 0x000000070fa00000|  0%| F|  |TAMS 0x000000070f800000, 0x000000070f800000| Untracked 
|  91|0x000000070fa00000, 0x000000070fa00000, 0x000000070fc00000|  0%| F|  |TAMS 0x000000070fa00000, 0x000000070fa00000| Untracked 
|  92|0x000000070fc00000, 0x000000070fc00000, 0x000000070fe00000|  0%| F|  |TAMS 0x000000070fc00000, 0x000000070fc00000| Untracked 
|  93|0x000000070fe00000, 0x000000070fe00000, 0x0000000710000000|  0%| F|  |TAMS 0x000000070fe00000, 0x000000070fe00000| Untracked 
|  94|0x0000000710000000, 0x0000000710000000, 0x0000000710200000|  0%| F|  |TAMS 0x0000000710000000, 0x0000000710000000| Untracked 
|  95|0x0000000710200000, 0x0000000710200000, 0x0000000710400000|  0%| F|  |TAMS 0x0000000710200000, 0x0000000710200000| Untracked 
|  96|0x0000000710400000, 0x0000000710400000, 0x0000000710600000|  0%| F|  |TAMS 0x0000000710400000, 0x0000000710400000| Untracked 
|  97|0x0000000710600000, 0x0000000710600000, 0x0000000710800000|  0%| F|  |TAMS 0x0000000710600000, 0x0000000710600000| Untracked 
|  98|0x0000000710800000, 0x0000000710800000, 0x0000000710a00000|  0%| F|  |TAMS 0x0000000710800000, 0x0000000710800000| Untracked 
|  99|0x0000000710a00000, 0x0000000710a00000, 0x0000000710c00000|  0%| F|  |TAMS 0x0000000710a00000, 0x0000000710a00000| Untracked 
| 100|0x0000000710c00000, 0x0000000710c00000, 0x0000000710e00000|  0%| F|  |TAMS 0x0000000710c00000, 0x0000000710c00000| Untracked 
| 101|0x0000000710e00000, 0x0000000710e00000, 0x0000000711000000|  0%| F|  |TAMS 0x0000000710e00000, 0x0000000710e00000| Untracked 
| 102|0x0000000711000000, 0x0000000711000000, 0x0000000711200000|  0%| F|  |TAMS 0x0000000711000000, 0x0000000711000000| Untracked 
| 103|0x0000000711200000, 0x0000000711200000, 0x0000000711400000|  0%| F|  |TAMS 0x0000000711200000, 0x0000000711200000| Untracked 
| 104|0x0000000711400000, 0x0000000711400000, 0x0000000711600000|  0%| F|  |TAMS 0x0000000711400000, 0x0000000711400000| Untracked 
| 105|0x0000000711600000, 0x0000000711600000, 0x0000000711800000|  0%| F|  |TAMS 0x0000000711600000, 0x0000000711600000| Untracked 
| 106|0x0000000711800000, 0x0000000711800000, 0x0000000711a00000|  0%| F|  |TAMS 0x0000000711800000, 0x0000000711800000| Untracked 
| 107|0x0000000711a00000, 0x0000000711a00000, 0x0000000711c00000|  0%| F|  |TAMS 0x0000000711a00000, 0x0000000711a00000| Untracked 
| 108|0x0000000711c00000, 0x0000000711db7080, 0x0000000711e00000| 85%| S|CS|TAMS 0x0000000711c00000, 0x0000000711c00000| Complete 
| 109|0x0000000711e00000, 0x0000000711e00000, 0x0000000712000000|  0%| F|  |TAMS 0x0000000711e00000, 0x0000000711e00000| Untracked 
| 110|0x0000000712000000, 0x0000000712000000, 0x0000000712200000|  0%| F|  |TAMS 0x0000000712000000, 0x0000000712000000| Untracked 
| 111|0x0000000712200000, 0x0000000712200000, 0x0000000712400000|  0%| F|  |TAMS 0x0000000712200000, 0x0000000712200000| Untracked 
| 112|0x0000000712400000, 0x0000000712400000, 0x0000000712600000|  0%| F|  |TAMS 0x0000000712400000, 0x0000000712400000| Untracked 
| 113|0x0000000712600000, 0x0000000712700800, 0x0000000712800000| 50%| E|  |TAMS 0x0000000712600000, 0x0000000712600000| Complete 
| 114|0x0000000712800000, 0x0000000712a00000, 0x0000000712a00000|100%| E|CS|TAMS 0x0000000712800000, 0x0000000712800000| Complete 
| 115|0x0000000712a00000, 0x0000000712c00000, 0x0000000712c00000|100%| E|CS|TAMS 0x0000000712a00000, 0x0000000712a00000| Complete 
| 116|0x0000000712c00000, 0x0000000712e00000, 0x0000000712e00000|100%| E|CS|TAMS 0x0000000712c00000, 0x0000000712c00000| Complete 
| 117|0x0000000712e00000, 0x0000000713000000, 0x0000000713000000|100%| E|CS|TAMS 0x0000000712e00000, 0x0000000712e00000| Complete 
| 118|0x0000000713000000, 0x0000000713200000, 0x0000000713200000|100%| E|CS|TAMS 0x0000000713000000, 0x0000000713000000| Complete 
| 119|0x0000000713200000, 0x0000000713400000, 0x0000000713400000|100%| E|CS|TAMS 0x0000000713200000, 0x0000000713200000| Complete 
| 120|0x0000000713400000, 0x0000000713600000, 0x0000000713600000|100%| E|CS|TAMS 0x0000000713400000, 0x0000000713400000| Complete 
| 121|0x0000000713600000, 0x0000000713800000, 0x0000000713800000|100%| E|CS|TAMS 0x0000000713600000, 0x0000000713600000| Complete 
| 122|0x0000000713800000, 0x0000000713a00000, 0x0000000713a00000|100%| E|CS|TAMS 0x0000000713800000, 0x0000000713800000| Complete 
| 123|0x0000000713a00000, 0x0000000713c00000, 0x0000000713c00000|100%| E|CS|TAMS 0x0000000713a00000, 0x0000000713a00000| Complete 
| 124|0x0000000713c00000, 0x0000000713e00000, 0x0000000713e00000|100%| E|CS|TAMS 0x0000000713c00000, 0x0000000713c00000| Complete 
| 125|0x0000000713e00000, 0x0000000714000000, 0x0000000714000000|100%| E|CS|TAMS 0x0000000713e00000, 0x0000000713e00000| Complete 

Card table byte_map: [0x0000023bc6900000,0x0000023bc70e0000] _byte_map_base: 0x0000023bc30de000

Marking Bits (Prev, Next): (CMBitMap*) 0x0000023baf384240, (CMBitMap*) 0x0000023baf384280
 Prev Bits: [0x0000023bc78c0000, 0x0000023bcb7b0000)
 Next Bits: [0x0000023bcb7b0000, 0x0000023bcf6a0000)

Polling page: 0x0000023bad270000

Metaspace:

Usage:
  Non-class:     12.09 MB used.
      Class:      1.71 MB used.
       Both:     13.80 MB used.

Virtual space:
  Non-class space:       64.00 MB reserved,      12.19 MB ( 19%) committed,  1 nodes.
      Class space:        1.00 GB reserved,       1.81 MB ( <1%) committed,  1 nodes.
             Both:        1.06 GB reserved,      14.00 MB (  1%) committed. 

Chunk freelists:
   Non-Class:  2.92 MB
       Class:  14.04 MB
        Both:  16.97 MB

MaxMetaspaceSize: unlimited
CompressedClassSpaceSize: 1.00 GB
Initial GC threshold: 21.00 MB
Current GC threshold: 21.00 MB
CDS: on
MetaspaceReclaimPolicy: balanced
 - commit_granule_bytes: 65536.
 - commit_granule_words: 8192.
 - virtual_space_node_default_size: 8388608.
 - enlarge_chunks_in_place: 1.
 - new_chunks_are_fully_committed: 0.
 - uncommit_free_chunks: 1.
 - use_allocation_guard: 0.
 - handle_deallocations: 1.


Internal statistics:

num_allocs_failed_limit: 0.
num_arena_births: 86.
num_arena_deaths: 0.
num_vsnodes_births: 2.
num_vsnodes_deaths: 0.
num_space_committed: 224.
num_space_uncommitted: 0.
num_chunks_returned_to_freelist: 0.
num_chunks_taken_from_freelist: 574.
num_chunk_merges: 0.
num_chunk_splits: 397.
num_chunks_enlarged: 323.
num_inconsistent_stats: 0.

CodeHeap 'non-profiled nmethods': size=120000Kb used=1036Kb max_used=1036Kb free=118964Kb
 bounds [0x0000023bbe6a0000, 0x0000023bbe910000, 0x0000023bc5bd0000]
CodeHeap 'profiled nmethods': size=120000Kb used=5025Kb max_used=5025Kb free=114974Kb
 bounds [0x0000023bb6bd0000, 0x0000023bb70c0000, 0x0000023bbe100000]
CodeHeap 'non-nmethods': size=5760Kb used=1179Kb max_used=1202Kb free=4580Kb
 bounds [0x0000023bbe100000, 0x0000023bbe370000, 0x0000023bbe6a0000]
 total_blobs=2989 nmethods=2520 adapters=380
 compilation: enabled
              stopped_count=0, restarted_count=0
 full_count=0

Compilation events (20 events):
Event: 1.378 Thread 0x0000023bd2457460 nmethod 2481 0x0000023bb70a3590 code [0x0000023bb70a3740, 0x0000023bb70a3968]
Event: 1.378 Thread 0x0000023bd2457460 2482       3       org.eclipse.sisu.inject.InjectorBindings::publishWildcardMatches (82 bytes)
Event: 1.379 Thread 0x0000023bd2457460 nmethod 2482 0x0000023bb70a3a90 code [0x0000023bb70a3cc0, 0x0000023bb70a45d8]
Event: 1.379 Thread 0x0000023bd2457460 2483       3       com.google.inject.internal.Scoping$4::acceptVisitor (10 bytes)
Event: 1.379 Thread 0x0000023bd2457460 nmethod 2483 0x0000023bb70a4990 code [0x0000023bb70a4b40, 0x0000023bb70a4d28]
Event: 1.380 Thread 0x0000023bd2457460 2484       3       org.slf4j.impl.SimpleLoggerConfiguration::getStringProperty (16 bytes)
Event: 1.381 Thread 0x0000023bd2457460 nmethod 2484 0x0000023bb70a4e10 code [0x0000023bb70a5020, 0x0000023bb70a56d8]
Event: 1.381 Thread 0x0000023bd2457460 2485       3       java.lang.invoke.MethodHandles$Lookup::in (283 bytes)
Event: 1.383 Thread 0x0000023bd2457460 nmethod 2485 0x0000023bb70a5990 code [0x0000023bb70a5dc0, 0x0000023bb70a78c8]
Event: 1.383 Thread 0x0000023bd2457460 2490       3       java.lang.Class::descriptorString (170 bytes)
Event: 1.383 Thread 0x0000023c1871adf0 2491       4       java.util.concurrent.ConcurrentHashMap::get (162 bytes)
Event: 1.384 Thread 0x0000023bd2457460 nmethod 2490 0x0000023bb70a8190 code [0x0000023bb70a8660, 0x0000023bb70aa298]
Event: 1.384 Thread 0x0000023bd2457460 2486       3       java.lang.invoke.MemberName::hashCode (43 bytes)
Event: 1.384 Thread 0x0000023bd2457460 nmethod 2486 0x0000023bb70aac90 code [0x0000023bb70aaee0, 0x0000023bb70abc48]
Event: 1.384 Thread 0x0000023bd2457460 2487       3       java.lang.Byte::<init> (10 bytes)
Event: 1.384 Thread 0x0000023bd2457460 nmethod 2487 0x0000023bb70abf90 code [0x0000023bb70ac140, 0x0000023bb70ac318]
Event: 1.384 Thread 0x0000023bd2457460 2488       3       java.util.Objects::hash (5 bytes)
Event: 1.384 Thread 0x0000023bd2457460 nmethod 2488 0x0000023bb70ac410 code [0x0000023bb70ac5a0, 0x0000023bb70ac6a8]
Event: 1.384 Thread 0x0000023bd2457460 2489       3       java.lang.Byte::hashCode (8 bytes)
Event: 1.384 Thread 0x0000023bd2457460 nmethod 2489 0x0000023bb70ac790 code [0x0000023bb70ac920, 0x0000023bb70aca78]

GC Heap History (4 events):
Event: 0.602 GC heap before
{Heap before GC invocations=0 (full 0):
 garbage-first heap   total 258048K, used 22528K [0x0000000704400000, 0x0000000800000000)
  region size 2048K, 11 young (22528K), 0 survivors (0K)
 Metaspace       used 5409K, committed 5632K, reserved 1114112K
  class space    used 653K, committed 768K, reserved 1048576K
}
Event: 0.605 GC heap after
{Heap after GC invocations=1 (full 0):
 garbage-first heap   total 258048K, used 3807K [0x0000000704400000, 0x0000000800000000)
  region size 2048K, 2 young (4096K), 2 survivors (4096K)
 Metaspace       used 5409K, committed 5632K, reserved 1114112K
  class space    used 653K, committed 768K, reserved 1048576K
}
Event: 0.978 GC heap before
{Heap before GC invocations=1 (full 0):
 garbage-first heap   total 258048K, used 34527K [0x0000000704400000, 0x0000000800000000)
  region size 2048K, 17 young (34816K), 2 survivors (4096K)
 Metaspace       used 9373K, committed 9536K, reserved 1114112K
  class space    used 1142K, committed 1216K, reserved 1048576K
}
Event: 0.981 GC heap after
{Heap after GC invocations=2 (full 0):
 garbage-first heap   total 258048K, used 5208K [0x0000000704400000, 0x0000000800000000)
  region size 2048K, 1 young (2048K), 1 survivors (2048K)
 Metaspace       used 9373K, committed 9536K, reserved 1114112K
  class space    used 1142K, committed 1216K, reserved 1048576K
}

Deoptimization events (20 events):
Event: 1.349 Thread 0x0000023baf314c70 Uncommon trap: trap_request=0xffffff45 fr.pc=0x0000023bbe75ab50 relative=0x0000000000000a10
Event: 1.349 Thread 0x0000023baf314c70 Uncommon trap: reason=unstable_if action=reinterpret pc=0x0000023bbe75ab50 method=sun.net.util.IPAddressUtil.scan(Ljava/lang/String;JJ[C)I @ 14 c2
Event: 1.349 Thread 0x0000023baf314c70 DEOPT PACKING pc=0x0000023bbe75ab50 sp=0x000000ef26cfddd0
Event: 1.349 Thread 0x0000023baf314c70 DEOPT UNPACKING pc=0x0000023bbe1523a3 sp=0x000000ef26cfdc50 mode 2
Event: 1.350 Thread 0x0000023baf314c70 Uncommon trap: trap_request=0xffffff45 fr.pc=0x0000023bbe759044 relative=0x0000000000000044
Event: 1.350 Thread 0x0000023baf314c70 Uncommon trap: reason=unstable_if action=reinterpret pc=0x0000023bbe759044 method=sun.net.util.IPAddressUtil.scan(Ljava/lang/String;JJ[C)I @ 14 c2
Event: 1.350 Thread 0x0000023baf314c70 DEOPT PACKING pc=0x0000023bbe759044 sp=0x000000ef26cfdd50
Event: 1.350 Thread 0x0000023baf314c70 DEOPT UNPACKING pc=0x0000023bbe1523a3 sp=0x000000ef26cfdc38 mode 2
Event: 1.356 Thread 0x0000023baf314c70 Uncommon trap: trap_request=0xffffff45 fr.pc=0x0000023bbe742670 relative=0x0000000000000e50
Event: 1.356 Thread 0x0000023baf314c70 Uncommon trap: reason=unstable_if action=reinterpret pc=0x0000023bbe742670 method=java.lang.String.<init>([BIILjava/nio/charset/Charset;)V @ 47 c2
Event: 1.356 Thread 0x0000023baf314c70 DEOPT PACKING pc=0x0000023bbe742670 sp=0x000000ef26cfdca0
Event: 1.356 Thread 0x0000023baf314c70 DEOPT UNPACKING pc=0x0000023bbe1523a3 sp=0x000000ef26cfdc78 mode 2
Event: 1.370 Thread 0x0000023baf314c70 Uncommon trap: trap_request=0xffffff45 fr.pc=0x0000023bbe6c556c relative=0x000000000000062c
Event: 1.370 Thread 0x0000023baf314c70 Uncommon trap: reason=unstable_if action=reinterpret pc=0x0000023bbe6c556c method=java.lang.AbstractStringBuilder.append(Ljava/lang/String;)Ljava/lang/AbstractStringBuilder; @ 1 c2
Event: 1.370 Thread 0x0000023baf314c70 DEOPT PACKING pc=0x0000023bbe6c556c sp=0x000000ef26cfdd20
Event: 1.370 Thread 0x0000023baf314c70 DEOPT UNPACKING pc=0x0000023bbe1523a3 sp=0x000000ef26cfdca0 mode 2
Event: 1.370 Thread 0x0000023baf314c70 Uncommon trap: trap_request=0xffffff45 fr.pc=0x0000023bbe6d0500 relative=0x0000000000000640
Event: 1.370 Thread 0x0000023baf314c70 Uncommon trap: reason=unstable_if action=reinterpret pc=0x0000023bbe6d0500 method=java.lang.AbstractStringBuilder.append(Ljava/lang/String;)Ljava/lang/AbstractStringBuilder; @ 1 c2
Event: 1.370 Thread 0x0000023baf314c70 DEOPT PACKING pc=0x0000023bbe6d0500 sp=0x000000ef26cfdcc0
Event: 1.370 Thread 0x0000023baf314c70 DEOPT UNPACKING pc=0x0000023bbe1523a3 sp=0x000000ef26cfdca8 mode 2

Classes unloaded (0 events):
No events

Classes redefined (0 events):
No events

Internal exceptions (20 events):
Event: 0.167 Thread 0x0000023baf314c70 Exception <a 'java/lang/NoSuchMethodError'{0x0000000713be3608}: 'void java.lang.invoke.DirectMethodHandle$Holder.invokeStaticInit(java.lang.Object, java.lang.Object)'> (0x0000000713be3608) 
thrown [s\open\src\hotspot\share\interpreter\linkResolver.cpp, line 759]
Event: 0.174 Thread 0x0000023baf314c70 Exception <a 'java/lang/NoSuchMethodError'{0x00000007138218d0}: 'void java.lang.invoke.DirectMethodHandle$Holder.invokeStatic(java.lang.Object, java.lang.Object, java.lang.Object)'> (0x00000007138218d0) 
thrown [s\open\src\hotspot\share\interpreter\linkResolver.cpp, line 759]
Event: 0.214 Thread 0x0000023baf314c70 Exception <a 'java/lang/NoSuchMethodError'{0x00000007139b7438}: 'java.lang.Object java.lang.invoke.DirectMethodHandle$Holder.invokeSpecialIFC(java.lang.Object, java.lang.Object, java.lang.Object, java.lang.Object)'> (0x00000007139b7438) 
thrown [s\open\src\hotspot\share\interpreter\linkResolver.cpp, line 759]
Event: 0.458 Thread 0x0000023baf314c70 Exception <a 'java/lang/NoSuchMethodError'{0x00000007133b2ae8}: 'void java.lang.invoke.DirectMethodHandle$Holder.invokeSpecial(java.lang.Object, java.lang.Object, java.lang.Object)'> (0x00000007133b2ae8) 
thrown [s\open\src\hotspot\share\interpreter\linkResolver.cpp, line 759]
Event: 0.487 Thread 0x0000023baf314c70 Exception <a 'java/lang/NoSuchMethodError'{0x000000071311ef28}: 'java.lang.Object java.lang.invoke.DirectMethodHandle$Holder.invokeInterface(java.lang.Object, java.lang.Object)'> (0x000000071311ef28) 
thrown [s\open\src\hotspot\share\interpreter\linkResolver.cpp, line 759]
Event: 0.501 Thread 0x0000023baf314c70 Exception <a 'java/lang/NoSuchMethodError'{0x00000007131ce330}: 'java.lang.Object java.lang.invoke.Invokers$Holder.invokeExact_MT(java.lang.Object, java.lang.Object, java.lang.Object, java.lang.Object, java.lang.Object, java.lang.Object)'> (0x00000007131ce330) 
thrown [s\open\src\hotspot\share\interpreter\linkResolver.cpp, line 759]
Event: 0.502 Thread 0x0000023baf314c70 Exception <a 'java/lang/NoSuchMethodError'{0x00000007131df790}: 'int java.lang.invoke.DirectMethodHandle$Holder.invokeSpecialIFC(java.lang.Object, java.lang.Object, java.lang.Object, java.lang.Object, java.lang.Object)'> (0x00000007131df790) 
thrown [s\open\src\hotspot\share\interpreter\linkResolver.cpp, line 759]
Event: 0.537 Thread 0x0000023baf314c70 Exception <a 'java/lang/NoSuchMethodError'{0x0000000712f913e0}: 'java.lang.Object java.lang.invoke.DirectMethodHandle$Holder.newInvokeSpecial(java.lang.Object, java.lang.Object, java.lang.Object, java.lang.Object, java.lang.Object)'> (0x0000000712f913e0) 
thrown [s\open\src\hotspot\share\interpreter\linkResolver.cpp, line 759]
Event: 0.558 Thread 0x0000023baf314c70 Exception <a 'java/lang/NoSuchMethodError'{0x0000000712c9d7e0}: 'int java.lang.invoke.DirectMethodHandle$Holder.invokeStaticInit(java.lang.Object, java.lang.Object)'> (0x0000000712c9d7e0) 
thrown [s\open\src\hotspot\share\interpreter\linkResolver.cpp, line 759]
Event: 0.564 Thread 0x0000023baf314c70 Exception <a 'java/lang/NoClassDefFoundError'{0x0000000712cd6dc0}: javax/enterprise/inject/Typed> (0x0000000712cd6dc0) 
thrown [s\open\src\hotspot\share\classfile\systemDictionary.cpp, line 245]
Event: 1.063 Thread 0x0000023baf314c70 Exception <a 'java/lang/NoSuchMethodError'{0x0000000713830b28}: 'void java.lang.invoke.DirectMethodHandle$Holder.invokeStaticInit(java.lang.Object, java.lang.Object, java.lang.Object)'> (0x0000000713830b28) 
thrown [s\open\src\hotspot\share\interpreter\linkResolver.cpp, line 759]
Event: 1.068 Thread 0x0000023baf314c70 Exception <a 'java/lang/ExceptionInInitializerError'{0x000000071385ce58}> (0x000000071385ce58) 
thrown [s\open\src\hotspot\share\oops\instanceKlass.cpp, line 1216]
Event: 1.090 Thread 0x0000023baf314c70 Implicit null exception at 0x0000023bbe72672f to 0x0000023bbe726890
Event: 1.092 Thread 0x0000023baf314c70 Exception <a 'java/lang/NoSuchMethodError'{0x00000007139732e0}: 'java.lang.Object java.lang.invoke.Invokers$Holder.invokeExact_MT(java.lang.Object, int, java.lang.Object)'> (0x00000007139732e0) 
thrown [s\open\src\hotspot\share\interpreter\linkResolver.cpp, line 759]
Event: 1.100 Thread 0x0000023baf314c70 Exception <a 'java/lang/NoSuchMethodError'{0x00000007139df178}: 'int java.lang.invoke.DirectMethodHandle$Holder.invokeSpecial(java.lang.Object, java.lang.Object, java.lang.Object, java.lang.Object)'> (0x00000007139df178) 
thrown [s\open\src\hotspot\share\interpreter\linkResolver.cpp, line 759]
Event: 1.245 Thread 0x0000023baf314c70 Exception <a 'java/lang/NoClassDefFoundError'{0x0000000712e1cba8}: com/google/inject/servlet/ServletModuleTargetVisitor> (0x0000000712e1cba8) 
thrown [s\open\src\hotspot\share\classfile\systemDictionary.cpp, line 245]
Event: 1.283 Thread 0x0000023baf314c70 Exception <a 'java/lang/NoSuchMethodError'{0x0000000712fb2658}: 'void java.lang.invoke.DirectMethodHandle$Holder.invokeVirtual(java.lang.Object, java.lang.Object)'> (0x0000000712fb2658) 
thrown [s\open\src\hotspot\share\interpreter\linkResolver.cpp, line 759]
Event: 1.295 Thread 0x0000023baf314c70 Exception <a 'java/lang/NoSuchMethodError'{0x0000000712c2b168}: 'java.lang.Object java.lang.invoke.DirectMethodHandle$Holder.invokeStaticInit(java.lang.Object, int, int, int, int)'> (0x0000000712c2b168) 
thrown [s\open\src\hotspot\share\interpreter\linkResolver.cpp, line 759]
Event: 1.370 Thread 0x0000023baf314c70 Implicit null exception at 0x0000023bbe6c4f72 to 0x0000023bbe6c5554
Event: 1.370 Thread 0x0000023baf314c70 Implicit null exception at 0x0000023bbe6cfef2 to 0x0000023bbe6d04e8

VM Operations (20 events):
Event: 1.115 Executing VM operation: HandshakeAllThreads
Event: 1.115 Executing VM operation: HandshakeAllThreads done
Event: 1.116 Executing VM operation: HandshakeAllThreads
Event: 1.116 Executing VM operation: HandshakeAllThreads done
Event: 1.156 Executing VM operation: HandshakeAllThreads
Event: 1.156 Executing VM operation: HandshakeAllThreads done
Event: 1.162 Executing VM operation: ICBufferFull
Event: 1.162 Executing VM operation: ICBufferFull done
Event: 1.231 Executing VM operation: HandshakeAllThreads
Event: 1.231 Executing VM operation: HandshakeAllThreads done
Event: 1.289 Executing VM operation: HandshakeAllThreads
Event: 1.289 Executing VM operation: HandshakeAllThreads done
Event: 1.303 Executing VM operation: HandshakeAllThreads
Event: 1.303 Executing VM operation: HandshakeAllThreads done
Event: 1.348 Executing VM operation: HandshakeAllThreads
Event: 1.348 Executing VM operation: HandshakeAllThreads done
Event: 1.349 Executing VM operation: HandshakeAllThreads
Event: 1.349 Executing VM operation: HandshakeAllThreads done
Event: 2.353 Executing VM operation: Cleanup
Event: 2.353 Executing VM operation: Cleanup done

Events (20 events):
Event: 1.348 loading class java/net/URL$2
Event: 1.348 loading class java/net/URL$2 done
Event: 1.348 loading class java/net/URL$1
Event: 1.348 loading class java/net/URL$1 done
Event: 1.348 loading class java/net/spi/URLStreamHandlerProvider
Event: 1.348 loading class java/net/spi/URLStreamHandlerProvider done
Event: 1.348 loading class sun/net/www/protocol/https/Handler
Event: 1.349 loading class sun/net/www/protocol/http/Handler
Event: 1.349 loading class sun/net/www/protocol/http/Handler done
Event: 1.349 loading class sun/net/www/protocol/https/Handler done
Event: 1.350 loading class java/util/regex/Pattern$Pos
Event: 1.350 loading class java/util/regex/Pattern$Pos done
Event: 1.352 loading class java/util/ArrayList$SubList$1
Event: 1.352 loading class java/util/ArrayList$SubList$1 done
Event: 1.353 loading class java/util/concurrent/atomic/AtomicReference
Event: 1.353 loading class java/util/concurrent/atomic/AtomicReference done
Event: 1.374 loading class java/util/Formatter$FixedString
Event: 1.374 loading class java/util/Formatter$FixedString done
Event: 1.382 loading class java/lang/ThreadLocal$SuppliedThreadLocal
Event: 1.382 loading class java/lang/ThreadLocal$SuppliedThreadLocal done


Dynamic libraries:
0x00007ff61f1c0000 - 0x00007ff61f1d0000 	C:\Program Files\Java\jdk-17\bin\java.exe
0x00007ffe2a940000 - 0x00007ffe2aba7000 	C:\WINDOWS\SYSTEM32\ntdll.dll
0x00007ffe28ef0000 - 0x00007ffe28fb9000 	C:\WINDOWS\System32\KERNEL32.DLL
0x00007ffe27d30000 - 0x00007ffe2811f000 	C:\WINDOWS\System32\KERNELBASE.dll
0x00007ffe28160000 - 0x00007ffe282ab000 	C:\WINDOWS\System32\ucrtbase.dll
0x00007ffe14460000 - 0x00007ffe14479000 	C:\Program Files\Java\jdk-17\bin\jli.dll
0x00007ffdfc120000 - 0x00007ffdfc13b000 	C:\Program Files\Java\jdk-17\bin\VCRUNTIME140.dll
0x00007ffe28e10000 - 0x00007ffe28ec4000 	C:\WINDOWS\System32\ADVAPI32.dll
0x00007ffe2a850000 - 0x00007ffe2a8f9000 	C:\WINDOWS\System32\msvcrt.dll
0x00007ffe29e60000 - 0x00007ffe29f06000 	C:\WINDOWS\System32\sechost.dll
0x00007ffe2a1f0000 - 0x00007ffe2a308000 	C:\WINDOWS\System32\RPCRT4.dll
0x00007ffe29fa0000 - 0x00007ffe2a165000 	C:\WINDOWS\System32\USER32.dll
0x00007ffe28130000 - 0x00007ffe28157000 	C:\WINDOWS\System32\win32u.dll
0x00007ffe287a0000 - 0x00007ffe287cb000 	C:\WINDOWS\System32\GDI32.dll
0x00007ffe0b460000 - 0x00007ffe0b6f3000 	C:\WINDOWS\WinSxS\amd64_microsoft.windows.common-controls_6595b64144ccf1df_6.0.26100.7309_none_3e05feeae336a044\COMCTL32.dll
0x00007ffe27b40000 - 0x00007ffe27c6c000 	C:\WINDOWS\System32\gdi32full.dll
0x00007ffe28340000 - 0x00007ffe283e3000 	C:\WINDOWS\System32\msvcp_win.dll
0x00007ffe0df10000 - 0x00007ffe0df1b000 	C:\WINDOWS\SYSTEM32\VERSION.dll
0x00007ffe28760000 - 0x00007ffe28791000 	C:\WINDOWS\System32\IMM32.DLL
0x00007ffe143f0000 - 0x00007ffe143fc000 	C:\Program Files\Java\jdk-17\bin\vcruntime140_1.dll
0x00007ffde46c0000 - 0x00007ffde474e000 	C:\Program Files\Java\jdk-17\bin\msvcp140.dll
0x00007ffd83620000 - 0x00007ffd84200000 	C:\Program Files\Java\jdk-17\bin\server\jvm.dll
0x00007ffe28df0000 - 0x00007ffe28df8000 	C:\WINDOWS\System32\PSAPI.DLL
0x00007ffe1ee70000 - 0x00007ffe1eea5000 	C:\WINDOWS\SYSTEM32\WINMM.dll
0x00007ffe0a2f0000 - 0x00007ffe0a2fa000 	C:\WINDOWS\SYSTEM32\WSOCK32.dll
0x00007ffe2a170000 - 0x00007ffe2a1e4000 	C:\WINDOWS\System32\WS2_32.dll
0x00007ffe26810000 - 0x00007ffe2682b000 	C:\WINDOWS\SYSTEM32\kernel.appcore.dll
0x00007ffe03d70000 - 0x00007ffe03d7a000 	C:\Program Files\Java\jdk-17\bin\jimage.dll
0x00007ffe24be0000 - 0x00007ffe24e22000 	C:\WINDOWS\SYSTEM32\DBGHELP.DLL
0x00007ffe288d0000 - 0x00007ffe28c55000 	C:\WINDOWS\System32\combase.dll
0x00007ffe29310000 - 0x00007ffe293e6000 	C:\WINDOWS\System32\OLEAUT32.dll
0x00007ffe0a180000 - 0x00007ffe0a1bc000 	C:\WINDOWS\SYSTEM32\dbgcore.DLL
0x00007ffe27a90000 - 0x00007ffe27b35000 	C:\WINDOWS\System32\bcryptPrimitives.dll
0x00007ffdfbad0000 - 0x00007ffdfbaf5000 	C:\Program Files\Java\jdk-17\bin\java.dll
0x00007ffde2270000 - 0x00007ffde2347000 	C:\Program Files\Java\jdk-17\bin\jsvml.dll
0x00007ffe29530000 - 0x00007ffe29c83000 	C:\WINDOWS\System32\SHELL32.dll
0x00007ffe28570000 - 0x00007ffe286da000 	C:\WINDOWS\System32\wintypes.dll
0x00007ffe25650000 - 0x00007ffe25eae000 	C:\WINDOWS\SYSTEM32\windows.storage.dll
0x00007ffe287d0000 - 0x00007ffe288c5000 	C:\WINDOWS\System32\SHCORE.dll
0x00007ffe293f0000 - 0x00007ffe29456000 	C:\WINDOWS\System32\shlwapi.dll
0x00007ffe279b0000 - 0x00007ffe279d9000 	C:\WINDOWS\SYSTEM32\profapi.dll
0x00007ffdfaac0000 - 0x00007ffdfaad9000 	C:\Program Files\Java\jdk-17\bin\net.dll
0x00007ffe18540000 - 0x00007ffe18668000 	C:\WINDOWS\SYSTEM32\WINHTTP.dll
0x00007ffe26d60000 - 0x00007ffe26dcb000 	C:\WINDOWS\system32\mswsock.dll
0x00007ffdfaa70000 - 0x00007ffdfaa86000 	C:\Program Files\Java\jdk-17\bin\nio.dll
0x00007ffdfaa50000 - 0x00007ffdfaa68000 	C:\Program Files\Java\jdk-17\bin\zip.dll
0x00007ffdfaa20000 - 0x00007ffdfaa44000 	C:\Users\sheta\.m2\wrapper\dists\apache-maven-3.9.9\977a63e90f436cd6ade95b4c0e10c20c\lib\jansi-native\Windows\x86_64\jansi.dll
0x00007ffdfcb70000 - 0x00007ffdfcb80000 	C:\Program Files\Java\jdk-17\bin\verify.dll

dbghelp: loaded successfully - version: 4.0.5 - missing functions: none
symbol engine: initialized successfully - sym options: 0x614 - pdb path: .;C:\Program Files\Java\jdk-17\bin;C:\WINDOWS\SYSTEM32;C:\WINDOWS\WinSxS\amd64_microsoft.windows.common-controls_6595b64144ccf1df_6.0.26100.7309_none_3e05feeae336a044;C:\Program Files\Java\jdk-17\bin\server;C:\Users\sheta\.m2\wrapper\dists\apache-maven-3.9.9\977a63e90f436cd6ade95b4c0e10c20c\lib\jansi-native\Windows\x86_64

VM Arguments:
jvm_args: -Dclassworlds.conf=C:\Users\sheta\.m2\wrapper\dists\apache-maven-3.9.9\977a63e90f436cd6ade95b4c0e10c20c\bin\m2.conf -Dmaven.home=C:\Users\sheta\.m2\wrapper\dists\apache-maven-3.9.9\977a63e90f436cd6ade95b4c0e10c20c -Dlibrary.jansi.path=C:\Users\sheta\.m2\wrapper\dists\apache-maven-3.9.9\977a63e90f436cd6ade95b4c0e10c20c\lib\jansi-native -Dmaven.multiModuleProjectDirectory=C:\Users\sheta\Downloads\CodeAmigos--Backend-main (1) (1)\CodeAmigos--Backend-main (1)\CodeAmigos--Backend-main (1)\CodeAmigos--Backend-main 
java_command: org.codehaus.plexus.classworlds.launcher.Launcher spring-boot:run
java_class_path (initial): C:\Users\sheta\.m2\wrapper\dists\apache-maven-3.9.9\977a63e90f436cd6ade95b4c0e10c20c\boot\plexus-classworlds-2.8.0.jar
Launcher Type: SUN_STANDARD

[Global flags]
     intx CICompilerCount                          = 4                                         {product} {ergonomic}
     uint ConcGCThreads                            = 3                                         {product} {ergonomic}
     uint G1ConcRefinementThreads                  = 10                                        {product} {ergonomic}
   size_t G1HeapRegionSize                         = 2097152                                   {product} {ergonomic}
    uintx GCDrainStackTargetSize                   = 64                                        {product} {ergonomic}
   size_t InitialHeapSize                          = 264241152                                 {product} {ergonomic}
   size_t MarkStackSize                            = 4194304                                   {product} {ergonomic}
   size_t MaxHeapSize                              = 4223664128                                {product} {ergonomic}
   size_t MaxNewSize                               = 2533359616                                {product} {ergonomic}
   size_t MinHeapDeltaBytes                        = 2097152                                   {product} {ergonomic}
   size_t MinHeapSize                              = 8388608                                   {product} {ergonomic}
    uintx NonNMethodCodeHeapSize                   = 5839372                                {pd product} {ergonomic}
    uintx NonProfiledCodeHeapSize                  = 122909434                              {pd product} {ergonomic}
    uintx ProfiledCodeHeapSize                     = 122909434                              {pd product} {ergonomic}
    uintx ReservedCodeCacheSize                    = 251658240                              {pd product} {ergonomic}
     bool SegmentedCodeCache                       = true                                      {product} {ergonomic}
   size_t SoftMaxHeapSize                          = 4223664128                             {manageable} {ergonomic}
     bool UseCompressedClassPointers               = true                           {product lp64_product} {ergonomic}
     bool UseCompressedOops                        = true                           {product lp64_product} {ergonomic}
     bool UseG1GC                                  = true                                      {product} {ergonomic}
     bool UseLargePagesIndividualAllocation        = false                                  {pd product} {ergonomic}

Logging:
Log output configuration:
 #0: stdout all=warning uptime,level,tags
 #1: stderr all=off uptime,level,tags

Environment Variables:
PATH=C:\Program Files\Common Files\Oracle\Java\javapath;C:\WINDOWS\system32;C:\WINDOWS;C:\WINDOWS\System32\Wbem;C:\WINDOWS\System32\WindowsPowerShell\v1.0\;C:\WINDOWS\System32\OpenSSH\;C:\MinGW\bin;C:\Windows\System32\Wbem;C:\ProgramData\chocolatey\bin;C:\Program Files\nodejs;C:\Program Files\Git\cmd;E:\coding\PY;C:\Users\sheta\AppData\Local\Programs\Python\Python313;C:\Users\sheta\AppData\Local\Programs\Python\Python313\Scripts;C:\Program Files\Docker\Docker\resources\bin;C:\Program Files\cursor\resources\app\bin;C:\Program Files\MongoDB\Server\8.2;C:\Users\sheta\Downloads\flutter_windows_3.35.4-stable\flutter\bin;C:\Users\sheta\Downloads\apache-maven-3.9.11-bin\apache-maven-3.9.11\bin;C:\Program Files\MySQL\MySQL Server 8.0\bin;C:\Program Files\MySQL\MySQL Shell 8.0\bin\;C:\Users\sheta\AppData\Local\Programs\Python\Python313\Scripts\;C:\Users\sheta\AppData\Local\Programs\Python\Python313\;C:\Users\sheta\AppData\Local\Microsoft\WindowsApps;C:\Users\sheta\AppData\Local\Programs\Microsoft VS Code\bin;C:\Users\sheta\AppData\Roaming\npm;C:\Users\sheta\AppData\Local\Programs\mongosh\;C:\Users\sheta\AppData\Local\Programs\Antigravity\bin;C:\Users\sheta\AppData\Local\Programs\Qoder\bin;C:\Users\sheta\AppData\Local\GitHubDesktop\bin;c:\Users\sheta\.antigravity\extensions\vscjava.vscode-java-debug-0.58.5-universal\bundled\scripts\noConfigScripts
USERNAME=Darshan_Sheta
LANG=en_US.UTF-8
OS=Windows_NT
PROCESSOR_IDENTIFIER=Intel64 Family 6 Model 154 Stepping 4, GenuineIntel



---------------  S Y S T E M  ---------------

OS:
 Windows 11 , 64 bit Build 26100 (10.0.26100.7309)
OS uptime: 0 days 7:39 hours
Hyper-V role detected

CPU: total 12 (initial active 12) (6 cores per cpu, 2 threads per core) family 6 model 154 stepping 4 microcode 0x437, cx8, cmov, fxsr, ht, mmx, 3dnowpref, sse, sse2, sse3, ssse3, sse4.1, sse4.2, popcnt, lzcnt, tsc, tscinvbit, avx, avx2, aes, erms, clmul, bmi1, bmi2, adx, sha, fma, vzeroupper, clflush, clflushopt, clwb, hv

Memory: 4k page, system-wide physical 16108M (4987M free)
TotalPageFile size 16108M (AvailPageFile size 5M)
current process WorkingSet (physical memory assigned to process): 118M, peak: 118M
current process commit charge ("private bytes"): 382M, peak: 382M

vm_info: Java HotSpot(TM) 64-Bit Server VM (17.0.12+8-LTS-286) for windows-amd64 JRE (17.0.12+8-LTS-286), built on Jun  5 2024 06:46:59 by "mach5one" with MS VC++ 17.6 (VS2022)

END.
