#
# There is insufficient memory for the Java Runtime Environment to continue.
# Native memory allocation (malloc) failed to allocate 158240 bytes for Chunk::new
# Possible reasons:
#   The system is out of physical RAM or swap space
#   The process is running with CompressedOops enabled, and the Java Heap may be blocking the growth of the native heap
# Possible solutions:
#   Reduce memory load on the system
#   Increase physical memory or swap space
#   Check if swap backing store is full
#   Decrease Java heap size (-Xmx/-Xms)
#   Decrease number of Java threads
#   Decrease Java thread stack sizes (-Xss)
#   Set larger code cache with -XX:ReservedCodeCacheSize=
#   JVM is running with Zero Based Compressed Oops mode in which the Java heap is
#     placed in the first 32GB address space. The Java Heap base address is the
#     maximum limit for the native heap growth. Please use -XX:HeapBaseMinAddress
#     to set the Java Heap base and to place the Java Heap above 32GB virtual address.
# This output file may be truncated or incomplete.
#
#  Out of Memory Error (arena.cpp:189), pid=25724, tid=17580
#
# JRE version: Java(TM) SE Runtime Environment (17.0.12+8) (build 17.0.12+8-LTS-286)
# Java VM: Java HotSpot(TM) 64-Bit Server VM (17.0.12+8-LTS-286, mixed mode, sharing, tiered, compressed oops, compressed class ptrs, g1 gc, windows-amd64)
# No core dump will be written. Minidumps are not enabled by default on client versions of Windows
#

---------------  S U M M A R Y ------------

Command Line: -Dclassworlds.conf=C:\Users\sheta\.m2\wrapper\dists\apache-maven-3.9.9\977a63e90f436cd6ade95b4c0e10c20c\bin\m2.conf -Dmaven.home=C:\Users\sheta\.m2\wrapper\dists\apache-maven-3.9.9\977a63e90f436cd6ade95b4c0e10c20c -Dlibrary.jansi.path=C:\Users\sheta\.m2\wrapper\dists\apache-maven-3.9.9\977a63e90f436cd6ade95b4c0e10c20c\lib\jansi-native -Dmaven.multiModuleProjectDirectory=C:\Users\sheta\Downloads\CodeAmigosProject\CodeAmigosProject\CodeAmigos--Backend-main org.codehaus.plexus.classworlds.launcher.Launcher spring-boot:run

Host: 12th Gen Intel(R) Core(TM) i5-1235U, 12 cores, 15G,  Windows 11 , 64 bit Build 26100 (10.0.26100.7309)
Time: Mon Jan 12 16:05:21 2026 India Standard Time elapsed time: 7.846569 seconds (0d 0h 0m 7s)

---------------  T H R E A D  ---------------

Current thread (0x000001e3c90d8e30):  JavaThread "C2 CompilerThread2" daemon [_thread_in_native, id=17580, stack(0x0000006f7a800000,0x0000006f7a900000)]


Current CompileTask:
C2:   7846 5322       4       java.util.TimSort::binarySort (223 bytes)

Stack: [0x0000006f7a800000,0x0000006f7a900000]
Native frames: (J=compiled Java code, j=interpreted, Vv=VM code, C=native code)
V  [jvm.dll+0x67a04a]
V  [jvm.dll+0x7da4ed]
V  [jvm.dll+0x7dbe33]
V  [jvm.dll+0x7dc4a3]
V  [jvm.dll+0x24508f]
V  [jvm.dll+0xab773]
V  [jvm.dll+0xabd3c]
V  [jvm.dll+0x361bee]
V  [jvm.dll+0x1ba0e4]
V  [jvm.dll+0x216997]
V  [jvm.dll+0x215c6f]
V  [jvm.dll+0x1a2960]
V  [jvm.dll+0x22610b]
V  [jvm.dll+0x2242ab]
V  [jvm.dll+0x79075c]
V  [jvm.dll+0x78abea]
V  [jvm.dll+0x678f35]
C  [ucrtbase.dll+0x37b0]
C  [KERNEL32.DLL+0x2e8d7]
C  [ntdll.dll+0x8c53c]


---------------  P R O C E S S  ---------------

Threads class SMR info:
_java_thread_list=0x000001e3cab2e4e0, length=15, elements={
0x000001e3dd613520, 0x000001e3ffb6e7f0, 0x000001e382449030, 0x000001e38245d0d0,
0x000001e38245faa0, 0x000001e382460fd0, 0x000001e382462b10, 0x000001e3824715e0,
0x000001e3824724a0, 0x000001e382473eb0, 0x000001e3825bfa70, 0x000001e3825e26e0,
0x000001e3c8155890, 0x000001e3c8f5d930, 0x000001e3c90d8e30
}

Java Threads: ( => current thread )
  0x000001e3dd613520 JavaThread "main" [_thread_in_native, id=24944, stack(0x0000006f79400000,0x0000006f79500000)]
  0x000001e3ffb6e7f0 JavaThread "Reference Handler" daemon [_thread_blocked, id=18120, stack(0x0000006f79b00000,0x0000006f79c00000)]
  0x000001e382449030 JavaThread "Finalizer" daemon [_thread_blocked, id=15992, stack(0x0000006f79c00000,0x0000006f79d00000)]
  0x000001e38245d0d0 JavaThread "Signal Dispatcher" daemon [_thread_blocked, id=26964, stack(0x0000006f79d00000,0x0000006f79e00000)]
  0x000001e38245faa0 JavaThread "Attach Listener" daemon [_thread_blocked, id=2108, stack(0x0000006f79e00000,0x0000006f79f00000)]
  0x000001e382460fd0 JavaThread "Service Thread" daemon [_thread_blocked, id=16668, stack(0x0000006f79f00000,0x0000006f7a000000)]
  0x000001e382462b10 JavaThread "Monitor Deflation Thread" daemon [_thread_blocked, id=9728, stack(0x0000006f7a000000,0x0000006f7a100000)]
  0x000001e3824715e0 JavaThread "C2 CompilerThread0" daemon [_thread_blocked, id=24816, stack(0x0000006f7a100000,0x0000006f7a200000)]
  0x000001e3824724a0 JavaThread "C1 CompilerThread0" daemon [_thread_blocked, id=19116, stack(0x0000006f7a200000,0x0000006f7a300000)]
  0x000001e382473eb0 JavaThread "Sweeper thread" daemon [_thread_blocked, id=10184, stack(0x0000006f7a300000,0x0000006f7a400000)]
  0x000001e3825bfa70 JavaThread "Notification Thread" daemon [_thread_blocked, id=3208, stack(0x0000006f7a400000,0x0000006f7a500000)]
  0x000001e3825e26e0 JavaThread "Common-Cleaner" daemon [_thread_blocked, id=25432, stack(0x0000006f7a600000,0x0000006f7a700000)]
  0x000001e3c8155890 JavaThread "C2 CompilerThread1" daemon [_thread_blocked, id=19224, stack(0x0000006f7a700000,0x0000006f7a800000)]
  0x000001e3c8f5d930 JavaThread "Thread-1" daemon [_thread_blocked, id=28460, stack(0x0000006f7b100000,0x0000006f7b200000)]
=>0x000001e3c90d8e30 JavaThread "C2 CompilerThread2" daemon [_thread_in_native, id=17580, stack(0x0000006f7a800000,0x0000006f7a900000)]

Other Threads:
  0x000001e3ffb6d200 VMThread "VM Thread" [stack: 0x0000006f79a00000,0x0000006f79b00000] [id=10976]
  0x000001e3dd69c2c0 WatcherThread [stack: 0x0000006f7a500000,0x0000006f7a600000] [id=5192]
  0x000001e3dd680a00 GCTaskThread "GC Thread#0" [stack: 0x0000006f79500000,0x0000006f79600000] [id=6808]
  0x000001e3c881e900 GCTaskThread "GC Thread#1" [stack: 0x0000006f7a900000,0x0000006f7aa00000] [id=8304]
  0x000001e3826c67a0 GCTaskThread "GC Thread#2" [stack: 0x0000006f7aa00000,0x0000006f7ab00000] [id=15928]
  0x000001e3c861d910 GCTaskThread "GC Thread#3" [stack: 0x0000006f7ab00000,0x0000006f7ac00000] [id=9836]
  0x000001e3c88a0f60 GCTaskThread "GC Thread#4" [stack: 0x0000006f7ac00000,0x0000006f7ad00000] [id=1812]
  0x000001e3c889c030 GCTaskThread "GC Thread#5" [stack: 0x0000006f7ad00000,0x0000006f7ae00000] [id=10152]
  0x000001e3c888fcb0 GCTaskThread "GC Thread#6" [stack: 0x0000006f7ae00000,0x0000006f7af00000] [id=15260]
  0x000001e3c8adda70 GCTaskThread "GC Thread#7" [stack: 0x0000006f7af00000,0x0000006f7b000000] [id=11008]
  0x000001e3c8addd30 GCTaskThread "GC Thread#8" [stack: 0x0000006f7b000000,0x0000006f7b100000] [id=2644]
  0x000001e3ca1e0320 GCTaskThread "GC Thread#9" [stack: 0x0000006f7b200000,0x0000006f7b300000] [id=26960]
  0x000001e3dd692980 ConcurrentGCThread "G1 Main Marker" [stack: 0x0000006f79600000,0x0000006f79700000] [id=18252]
  0x000001e3dd693390 ConcurrentGCThread "G1 Conc#0" [stack: 0x0000006f79700000,0x0000006f79800000] [id=26864]
  0x000001e3ffa355d0 ConcurrentGCThread "G1 Refine#0" [stack: 0x0000006f79800000,0x0000006f79900000] [id=26812]
  0x000001e3ffa35f10 ConcurrentGCThread "G1 Service" [stack: 0x0000006f79900000,0x0000006f79a00000] [id=27132]

Threads with active compile tasks:
C2 CompilerThread2     7865 5322       4       java.util.TimSort::binarySort (223 bytes)

VM state: not at safepoint (normal execution)

VM Mutex/Monitor currently owned by a thread: None

Heap address: 0x0000000704400000, size: 4028 MB, Compressed Oops mode: Zero based, Oop shift amount: 3

CDS archive(s) mapped at: [0x000001e383000000-0x000001e383bd0000-0x000001e383bd0000), size 12386304, SharedBaseAddress: 0x000001e383000000, ArchiveRelocationMode: 1.
Compressed class space mapped at: 0x000001e384000000-0x000001e3c4000000, reserved size: 1073741824
Narrow klass base: 0x000001e383000000, Narrow klass shift: 0, Narrow klass range: 0x100000000

GC Precious Log:
 CPUs: 12 total, 12 available
 Memory: 16108M
 Large Page Support: Disabled
 NUMA Support: Disabled
 Compressed Oops: Enabled (Zero based)
 Heap Region Size: 2M
 Heap Min Capacity: 8M
 Heap Initial Capacity: 252M
 Heap Max Capacity: 4028M
 Pre-touch: Disabled
 Parallel Workers: 10
 Concurrent Workers: 3
 Concurrent Refinement Workers: 10
 Periodic GC: Disabled

Heap:
 garbage-first heap   total 258048K, used 184142K [0x0000000704400000, 0x0000000800000000)
  region size 2048K, 74 young (151552K), 6 survivors (12288K)
 Metaspace       used 19138K, committed 19392K, reserved 1114112K
  class space    used 2152K, committed 2240K, reserved 1048576K

Heap Regions: E=young(eden), S=young(survivor), O=old, HS=humongous(starts), HC=humongous(continues), CS=collection set, F=free, OA=open archive, CA=closed archive, TAMS=top-at-mark-start (previous, next)
|   0|0x0000000704400000, 0x0000000704600000, 0x0000000704600000|100%| O|  |TAMS 0x0000000704400000, 0x0000000704400000| Untracked 
|   1|0x0000000704600000, 0x000000070475d000, 0x0000000704800000| 68%| O|  |TAMS 0x0000000704600000, 0x0000000704600000| Untracked 
|   2|0x0000000704800000, 0x0000000704a00000, 0x0000000704a00000|100%|HS|  |TAMS 0x0000000704800000, 0x0000000704800000| Complete 
|   3|0x0000000704a00000, 0x0000000704c00000, 0x0000000704c00000|100%|HC|  |TAMS 0x0000000704a00000, 0x0000000704a00000| Complete 
|   4|0x0000000704c00000, 0x0000000704e00000, 0x0000000704e00000|100%|HC|  |TAMS 0x0000000704c00000, 0x0000000704c00000| Complete 
|   5|0x0000000704e00000, 0x0000000705000000, 0x0000000705000000|100%|HC|  |TAMS 0x0000000704e00000, 0x0000000704e00000| Complete 
|   6|0x0000000705000000, 0x0000000705200000, 0x0000000705200000|100%|HS|  |TAMS 0x0000000705000000, 0x0000000705000000| Complete 
|   7|0x0000000705200000, 0x0000000705400000, 0x0000000705400000|100%|HC|  |TAMS 0x0000000705200000, 0x0000000705200000| Complete 
|   8|0x0000000705400000, 0x0000000705600000, 0x0000000705600000|100%|HC|  |TAMS 0x0000000705400000, 0x0000000705400000| Complete 
|   9|0x0000000705600000, 0x0000000705800000, 0x0000000705800000|100%|HC|  |TAMS 0x0000000705600000, 0x0000000705600000| Complete 
|  10|0x0000000705800000, 0x0000000705a00000, 0x0000000705a00000|100%|HC|  |TAMS 0x0000000705800000, 0x0000000705800000| Complete 
|  11|0x0000000705a00000, 0x0000000705c00000, 0x0000000705c00000|100%|HC|  |TAMS 0x0000000705a00000, 0x0000000705a00000| Complete 
|  12|0x0000000705c00000, 0x0000000705e00000, 0x0000000705e00000|100%|HS|  |TAMS 0x0000000705c00000, 0x0000000705c00000| Complete 
|  13|0x0000000705e00000, 0x0000000706000000, 0x0000000706000000|100%|HC|  |TAMS 0x0000000705e00000, 0x0000000705e00000| Complete 
|  14|0x0000000706000000, 0x0000000706200000, 0x0000000706200000|100%|HC|  |TAMS 0x0000000706000000, 0x0000000706000000| Complete 
|  15|0x0000000706200000, 0x0000000706400000, 0x0000000706400000|100%|HC|  |TAMS 0x0000000706200000, 0x0000000706200000| Complete 
|  16|0x0000000706400000, 0x0000000706600000, 0x0000000706600000|100%|HC|  |TAMS 0x0000000706400000, 0x0000000706400000| Complete 
|  17|0x0000000706600000, 0x0000000706800000, 0x0000000706800000|100%|HC|  |TAMS 0x0000000706600000, 0x0000000706600000| Complete 
|  18|0x0000000706800000, 0x0000000706800000, 0x0000000706a00000|  0%| F|  |TAMS 0x0000000706800000, 0x0000000706800000| Untracked 
|  19|0x0000000706a00000, 0x0000000706a00000, 0x0000000706c00000|  0%| F|  |TAMS 0x0000000706a00000, 0x0000000706a00000| Untracked 
|  20|0x0000000706c00000, 0x0000000706c00000, 0x0000000706e00000|  0%| F|  |TAMS 0x0000000706c00000, 0x0000000706c00000| Untracked 
|  21|0x0000000706e00000, 0x0000000706e00000, 0x0000000707000000|  0%| F|  |TAMS 0x0000000706e00000, 0x0000000706e00000| Untracked 
|  22|0x0000000707000000, 0x0000000707000000, 0x0000000707200000|  0%| F|  |TAMS 0x0000000707000000, 0x0000000707000000| Untracked 
|  23|0x0000000707200000, 0x0000000707200000, 0x0000000707400000|  0%| F|  |TAMS 0x0000000707200000, 0x0000000707200000| Untracked 
|  24|0x0000000707400000, 0x0000000707400000, 0x0000000707600000|  0%| F|  |TAMS 0x0000000707400000, 0x0000000707400000| Untracked 
|  25|0x0000000707600000, 0x0000000707600000, 0x0000000707800000|  0%| F|  |TAMS 0x0000000707600000, 0x0000000707600000| Untracked 
|  26|0x0000000707800000, 0x0000000707800000, 0x0000000707a00000|  0%| F|  |TAMS 0x0000000707800000, 0x0000000707800000| Untracked 
|  27|0x0000000707a00000, 0x0000000707a00000, 0x0000000707c00000|  0%| F|  |TAMS 0x0000000707a00000, 0x0000000707a00000| Untracked 
|  28|0x0000000707c00000, 0x0000000707c00000, 0x0000000707e00000|  0%| F|  |TAMS 0x0000000707c00000, 0x0000000707c00000| Untracked 
|  29|0x0000000707e00000, 0x0000000707e00000, 0x0000000708000000|  0%| F|  |TAMS 0x0000000707e00000, 0x0000000707e00000| Untracked 
|  30|0x0000000708000000, 0x0000000708000000, 0x0000000708200000|  0%| F|  |TAMS 0x0000000708000000, 0x0000000708000000| Untracked 
|  31|0x0000000708200000, 0x0000000708200000, 0x0000000708400000|  0%| F|  |TAMS 0x0000000708200000, 0x0000000708200000| Untracked 
|  32|0x0000000708400000, 0x0000000708400000, 0x0000000708600000|  0%| F|  |TAMS 0x0000000708400000, 0x0000000708400000| Untracked 
|  33|0x0000000708600000, 0x0000000708600000, 0x0000000708800000|  0%| F|  |TAMS 0x0000000708600000, 0x0000000708600000| Untracked 
|  34|0x0000000708800000, 0x0000000708800000, 0x0000000708a00000|  0%| F|  |TAMS 0x0000000708800000, 0x0000000708800000| Untracked 
|  35|0x0000000708a00000, 0x0000000708a00000, 0x0000000708c00000|  0%| F|  |TAMS 0x0000000708a00000, 0x0000000708a00000| Untracked 
|  36|0x0000000708c00000, 0x0000000708c00000, 0x0000000708e00000|  0%| F|  |TAMS 0x0000000708c00000, 0x0000000708c00000| Untracked 
|  37|0x0000000708e00000, 0x0000000708e00000, 0x0000000709000000|  0%| F|  |TAMS 0x0000000708e00000, 0x0000000708e00000| Untracked 
|  38|0x0000000709000000, 0x0000000709000000, 0x0000000709200000|  0%| F|  |TAMS 0x0000000709000000, 0x0000000709000000| Untracked 
|  39|0x0000000709200000, 0x0000000709200000, 0x0000000709400000|  0%| F|  |TAMS 0x0000000709200000, 0x0000000709200000| Untracked 
|  40|0x0000000709400000, 0x0000000709400000, 0x0000000709600000|  0%| F|  |TAMS 0x0000000709400000, 0x0000000709400000| Untracked 
|  41|0x0000000709600000, 0x0000000709600000, 0x0000000709800000|  0%| F|  |TAMS 0x0000000709600000, 0x0000000709600000| Untracked 
|  42|0x0000000709800000, 0x0000000709800000, 0x0000000709a00000|  0%| F|  |TAMS 0x0000000709800000, 0x0000000709800000| Untracked 
|  43|0x0000000709a00000, 0x0000000709a00000, 0x0000000709c00000|  0%| F|  |TAMS 0x0000000709a00000, 0x0000000709a00000| Untracked 
|  44|0x0000000709c00000, 0x0000000709c00000, 0x0000000709e00000|  0%| F|  |TAMS 0x0000000709c00000, 0x0000000709c00000| Untracked 
|  45|0x0000000709e00000, 0x0000000709e76b80, 0x000000070a000000| 23%| S|CS|TAMS 0x0000000709e00000, 0x0000000709e00000| Complete 
|  46|0x000000070a000000, 0x000000070a200000, 0x000000070a200000|100%| S|CS|TAMS 0x000000070a000000, 0x000000070a000000| Complete 
|  47|0x000000070a200000, 0x000000070a400000, 0x000000070a400000|100%| S|CS|TAMS 0x000000070a200000, 0x000000070a200000| Complete 
|  48|0x000000070a400000, 0x000000070a600000, 0x000000070a600000|100%| S|CS|TAMS 0x000000070a400000, 0x000000070a400000| Complete 
|  49|0x000000070a600000, 0x000000070a800000, 0x000000070a800000|100%| S|CS|TAMS 0x000000070a600000, 0x000000070a600000| Complete 
|  50|0x000000070a800000, 0x000000070aa00000, 0x000000070aa00000|100%| S|CS|TAMS 0x000000070a800000, 0x000000070a800000| Complete 
|  51|0x000000070aa00000, 0x000000070aa00000, 0x000000070ac00000|  0%| F|  |TAMS 0x000000070aa00000, 0x000000070aa00000| Untracked 
|  52|0x000000070ac00000, 0x000000070ac00000, 0x000000070ae00000|  0%| F|  |TAMS 0x000000070ac00000, 0x000000070ac00000| Untracked 
|  53|0x000000070ae00000, 0x000000070ae00000, 0x000000070b000000|  0%| F|  |TAMS 0x000000070ae00000, 0x000000070ae00000| Untracked 
|  54|0x000000070b000000, 0x000000070b000000, 0x000000070b200000|  0%| F|  |TAMS 0x000000070b000000, 0x000000070b000000| Untracked 
|  55|0x000000070b200000, 0x000000070b200000, 0x000000070b400000|  0%| F|  |TAMS 0x000000070b200000, 0x000000070b200000| Untracked 
|  56|0x000000070b400000, 0x000000070b400000, 0x000000070b600000|  0%| F|  |TAMS 0x000000070b400000, 0x000000070b400000| Untracked 
|  57|0x000000070b600000, 0x000000070b600000, 0x000000070b800000|  0%| F|  |TAMS 0x000000070b600000, 0x000000070b600000| Untracked 
|  58|0x000000070b800000, 0x000000070ba00000, 0x000000070ba00000|100%| E|  |TAMS 0x000000070b800000, 0x000000070b800000| Complete 
|  59|0x000000070ba00000, 0x000000070bc00000, 0x000000070bc00000|100%| E|CS|TAMS 0x000000070ba00000, 0x000000070ba00000| Complete 
|  60|0x000000070bc00000, 0x000000070be00000, 0x000000070be00000|100%| E|CS|TAMS 0x000000070bc00000, 0x000000070bc00000| Complete 
|  61|0x000000070be00000, 0x000000070c000000, 0x000000070c000000|100%| E|CS|TAMS 0x000000070be00000, 0x000000070be00000| Complete 
|  62|0x000000070c000000, 0x000000070c200000, 0x000000070c200000|100%| E|CS|TAMS 0x000000070c000000, 0x000000070c000000| Complete 
|  63|0x000000070c200000, 0x000000070c400000, 0x000000070c400000|100%| E|CS|TAMS 0x000000070c200000, 0x000000070c200000| Complete 
|  64|0x000000070c400000, 0x000000070c600000, 0x000000070c600000|100%| E|CS|TAMS 0x000000070c400000, 0x000000070c400000| Complete 
|  65|0x000000070c600000, 0x000000070c800000, 0x000000070c800000|100%| E|CS|TAMS 0x000000070c600000, 0x000000070c600000| Complete 
|  66|0x000000070c800000, 0x000000070ca00000, 0x000000070ca00000|100%| E|CS|TAMS 0x000000070c800000, 0x000000070c800000| Complete 
|  67|0x000000070ca00000, 0x000000070cc00000, 0x000000070cc00000|100%| E|CS|TAMS 0x000000070ca00000, 0x000000070ca00000| Complete 
|  68|0x000000070cc00000, 0x000000070ce00000, 0x000000070ce00000|100%| E|CS|TAMS 0x000000070cc00000, 0x000000070cc00000| Complete 
|  69|0x000000070ce00000, 0x000000070d000000, 0x000000070d000000|100%| E|CS|TAMS 0x000000070ce00000, 0x000000070ce00000| Complete 
|  70|0x000000070d000000, 0x000000070d200000, 0x000000070d200000|100%| E|CS|TAMS 0x000000070d000000, 0x000000070d000000| Complete 
|  71|0x000000070d200000, 0x000000070d400000, 0x000000070d400000|100%| E|CS|TAMS 0x000000070d200000, 0x000000070d200000| Complete 
|  72|0x000000070d400000, 0x000000070d600000, 0x000000070d600000|100%| E|CS|TAMS 0x000000070d400000, 0x000000070d400000| Complete 
|  73|0x000000070d600000, 0x000000070d800000, 0x000000070d800000|100%| E|CS|TAMS 0x000000070d600000, 0x000000070d600000| Complete 
|  74|0x000000070d800000, 0x000000070da00000, 0x000000070da00000|100%| E|CS|TAMS 0x000000070d800000, 0x000000070d800000| Complete 
|  75|0x000000070da00000, 0x000000070dc00000, 0x000000070dc00000|100%| E|CS|TAMS 0x000000070da00000, 0x000000070da00000| Complete 
|  76|0x000000070dc00000, 0x000000070de00000, 0x000000070de00000|100%| E|CS|TAMS 0x000000070dc00000, 0x000000070dc00000| Complete 
|  77|0x000000070de00000, 0x000000070e000000, 0x000000070e000000|100%| E|CS|TAMS 0x000000070de00000, 0x000000070de00000| Complete 
|  78|0x000000070e000000, 0x000000070e200000, 0x000000070e200000|100%| E|CS|TAMS 0x000000070e000000, 0x000000070e000000| Complete 
|  79|0x000000070e200000, 0x000000070e400000, 0x000000070e400000|100%| E|CS|TAMS 0x000000070e200000, 0x000000070e200000| Complete 
|  80|0x000000070e400000, 0x000000070e600000, 0x000000070e600000|100%| E|CS|TAMS 0x000000070e400000, 0x000000070e400000| Complete 
|  81|0x000000070e600000, 0x000000070e800000, 0x000000070e800000|100%| E|CS|TAMS 0x000000070e600000, 0x000000070e600000| Complete 
|  82|0x000000070e800000, 0x000000070ea00000, 0x000000070ea00000|100%| E|CS|TAMS 0x000000070e800000, 0x000000070e800000| Complete 
|  83|0x000000070ea00000, 0x000000070ec00000, 0x000000070ec00000|100%| E|CS|TAMS 0x000000070ea00000, 0x000000070ea00000| Complete 
|  84|0x000000070ec00000, 0x000000070ee00000, 0x000000070ee00000|100%| E|CS|TAMS 0x000000070ec00000, 0x000000070ec00000| Complete 
|  85|0x000000070ee00000, 0x000000070f000000, 0x000000070f000000|100%| E|CS|TAMS 0x000000070ee00000, 0x000000070ee00000| Complete 
|  86|0x000000070f000000, 0x000000070f200000, 0x000000070f200000|100%| E|CS|TAMS 0x000000070f000000, 0x000000070f000000| Complete 
|  87|0x000000070f200000, 0x000000070f400000, 0x000000070f400000|100%| E|CS|TAMS 0x000000070f200000, 0x000000070f200000| Complete 
|  88|0x000000070f400000, 0x000000070f600000, 0x000000070f600000|100%| E|CS|TAMS 0x000000070f400000, 0x000000070f400000| Complete 
|  89|0x000000070f600000, 0x000000070f800000, 0x000000070f800000|100%| E|CS|TAMS 0x000000070f600000, 0x000000070f600000| Complete 
|  90|0x000000070f800000, 0x000000070fa00000, 0x000000070fa00000|100%| E|CS|TAMS 0x000000070f800000, 0x000000070f800000| Complete 
|  91|0x000000070fa00000, 0x000000070fc00000, 0x000000070fc00000|100%| E|CS|TAMS 0x000000070fa00000, 0x000000070fa00000| Complete 
|  92|0x000000070fc00000, 0x000000070fe00000, 0x000000070fe00000|100%| E|CS|TAMS 0x000000070fc00000, 0x000000070fc00000| Complete 
|  93|0x000000070fe00000, 0x0000000710000000, 0x0000000710000000|100%| E|CS|TAMS 0x000000070fe00000, 0x000000070fe00000| Complete 
|  94|0x0000000710000000, 0x0000000710200000, 0x0000000710200000|100%| E|CS|TAMS 0x0000000710000000, 0x0000000710000000| Complete 
|  95|0x0000000710200000, 0x0000000710400000, 0x0000000710400000|100%| E|CS|TAMS 0x0000000710200000, 0x0000000710200000| Complete 
|  96|0x0000000710400000, 0x0000000710600000, 0x0000000710600000|100%| E|CS|TAMS 0x0000000710400000, 0x0000000710400000| Complete 
|  97|0x0000000710600000, 0x0000000710800000, 0x0000000710800000|100%| E|CS|TAMS 0x0000000710600000, 0x0000000710600000| Complete 
|  98|0x0000000710800000, 0x0000000710a00000, 0x0000000710a00000|100%| E|CS|TAMS 0x0000000710800000, 0x0000000710800000| Complete 
|  99|0x0000000710a00000, 0x0000000710c00000, 0x0000000710c00000|100%| E|CS|TAMS 0x0000000710a00000, 0x0000000710a00000| Complete 
| 100|0x0000000710c00000, 0x0000000710e00000, 0x0000000710e00000|100%| E|CS|TAMS 0x0000000710c00000, 0x0000000710c00000| Complete 
| 101|0x0000000710e00000, 0x0000000711000000, 0x0000000711000000|100%| E|CS|TAMS 0x0000000710e00000, 0x0000000710e00000| Complete 
| 102|0x0000000711000000, 0x0000000711200000, 0x0000000711200000|100%| E|CS|TAMS 0x0000000711000000, 0x0000000711000000| Complete 
| 103|0x0000000711200000, 0x0000000711400000, 0x0000000711400000|100%| E|CS|TAMS 0x0000000711200000, 0x0000000711200000| Complete 
| 104|0x0000000711400000, 0x0000000711600000, 0x0000000711600000|100%| E|CS|TAMS 0x0000000711400000, 0x0000000711400000| Complete 
| 105|0x0000000711600000, 0x0000000711800000, 0x0000000711800000|100%| E|CS|TAMS 0x0000000711600000, 0x0000000711600000| Complete 
| 106|0x0000000711800000, 0x0000000711a00000, 0x0000000711a00000|100%| E|CS|TAMS 0x0000000711800000, 0x0000000711800000| Complete 
| 107|0x0000000711a00000, 0x0000000711c00000, 0x0000000711c00000|100%| E|CS|TAMS 0x0000000711a00000, 0x0000000711a00000| Complete 
| 108|0x0000000711c00000, 0x0000000711e00000, 0x0000000711e00000|100%| E|CS|TAMS 0x0000000711c00000, 0x0000000711c00000| Complete 
| 109|0x0000000711e00000, 0x0000000712000000, 0x0000000712000000|100%| E|CS|TAMS 0x0000000711e00000, 0x0000000711e00000| Complete 
| 110|0x0000000712000000, 0x0000000712200000, 0x0000000712200000|100%| E|CS|TAMS 0x0000000712000000, 0x0000000712000000| Complete 
| 111|0x0000000712200000, 0x0000000712400000, 0x0000000712400000|100%| E|CS|TAMS 0x0000000712200000, 0x0000000712200000| Complete 
| 112|0x0000000712400000, 0x0000000712600000, 0x0000000712600000|100%| E|CS|TAMS 0x0000000712400000, 0x0000000712400000| Complete 
| 113|0x0000000712600000, 0x0000000712800000, 0x0000000712800000|100%| E|CS|TAMS 0x0000000712600000, 0x0000000712600000| Complete 
| 114|0x0000000712800000, 0x0000000712a00000, 0x0000000712a00000|100%| E|CS|TAMS 0x0000000712800000, 0x0000000712800000| Complete 
| 115|0x0000000712a00000, 0x0000000712c00000, 0x0000000712c00000|100%| E|CS|TAMS 0x0000000712a00000, 0x0000000712a00000| Complete 
| 116|0x0000000712c00000, 0x0000000712e00000, 0x0000000712e00000|100%| E|CS|TAMS 0x0000000712c00000, 0x0000000712c00000| Complete 
| 117|0x0000000712e00000, 0x0000000713000000, 0x0000000713000000|100%| E|CS|TAMS 0x0000000712e00000, 0x0000000712e00000| Complete 
| 118|0x0000000713000000, 0x0000000713200000, 0x0000000713200000|100%| E|CS|TAMS 0x0000000713000000, 0x0000000713000000| Complete 
| 119|0x0000000713200000, 0x0000000713400000, 0x0000000713400000|100%| E|CS|TAMS 0x0000000713200000, 0x0000000713200000| Complete 
| 120|0x0000000713400000, 0x0000000713600000, 0x0000000713600000|100%| E|CS|TAMS 0x0000000713400000, 0x0000000713400000| Complete 
| 121|0x0000000713600000, 0x0000000713800000, 0x0000000713800000|100%| E|CS|TAMS 0x0000000713600000, 0x0000000713600000| Complete 
| 122|0x0000000713800000, 0x0000000713a00000, 0x0000000713a00000|100%| E|CS|TAMS 0x0000000713800000, 0x0000000713800000| Complete 
| 123|0x0000000713a00000, 0x0000000713c00000, 0x0000000713c00000|100%| E|CS|TAMS 0x0000000713a00000, 0x0000000713a00000| Complete 
| 124|0x0000000713c00000, 0x0000000713e00000, 0x0000000713e00000|100%| E|CS|TAMS 0x0000000713c00000, 0x0000000713c00000| Complete 
| 125|0x0000000713e00000, 0x0000000714000000, 0x0000000714000000|100%| E|CS|TAMS 0x0000000713e00000, 0x0000000713e00000| Complete 

Card table byte_map: [0x000001e3f6910000,0x000001e3f70f0000] _byte_map_base: 0x000001e3f30ee000

Marking Bits (Prev, Next): (CMBitMap*) 0x000001e3dd681020, (CMBitMap*) 0x000001e3dd681060
 Prev Bits: [0x000001e3f78d0000, 0x000001e3fb7c0000)
 Next Bits: [0x000001e3fb7c0000, 0x000001e3ff6b0000)

Polling page: 0x000001e3dd350000

Metaspace:

Usage:
  Non-class:     16.59 MB used.
      Class:      2.10 MB used.
       Both:     18.69 MB used.

Virtual space:
  Non-class space:       64.00 MB reserved,      16.75 MB ( 26%) committed,  1 nodes.
      Class space:        1.00 GB reserved,       2.19 MB ( <1%) committed,  1 nodes.
             Both:        1.06 GB reserved,      18.94 MB (  2%) committed. 

Chunk freelists:
   Non-Class:  15.22 MB
       Class:  13.69 MB
        Both:  28.92 MB

MaxMetaspaceSize: unlimited
CompressedClassSpaceSize: 1.00 GB
Initial GC threshold: 21.00 MB
Current GC threshold: 21.00 MB
CDS: on
MetaspaceReclaimPolicy: balanced
 - commit_granule_bytes: 65536.
 - commit_granule_words: 8192.
 - virtual_space_node_default_size: 8388608.
 - enlarge_chunks_in_place: 1.
 - new_chunks_are_fully_committed: 0.
 - uncommit_free_chunks: 1.
 - use_allocation_guard: 0.
 - handle_deallocations: 1.


Internal statistics:

num_allocs_failed_limit: 0.
num_arena_births: 138.
num_arena_deaths: 0.
num_vsnodes_births: 2.
num_vsnodes_deaths: 0.
num_space_committed: 303.
num_space_uncommitted: 0.
num_chunks_returned_to_freelist: 0.
num_chunks_taken_from_freelist: 823.
num_chunk_merges: 0.
num_chunk_splits: 558.
num_chunks_enlarged: 438.
num_inconsistent_stats: 0.

CodeHeap 'non-profiled nmethods': size=120000Kb used=2817Kb max_used=2995Kb free=117182Kb
 bounds [0x000001e3edf80000, 0x000001e3ee270000, 0x000001e3f54b0000]
CodeHeap 'profiled nmethods': size=120000Kb used=9956Kb max_used=10658Kb free=110043Kb
 bounds [0x000001e3e64b0000, 0x000001e3e6f20000, 0x000001e3ed9e0000]
CodeHeap 'non-nmethods': size=5760Kb used=1192Kb max_used=1245Kb free=4567Kb
 bounds [0x000001e3ed9e0000, 0x000001e3edc50000, 0x000001e3edf80000]
 total_blobs=5092 nmethods=4604 adapters=400
 compilation: enabled
              stopped_count=0, restarted_count=0
 full_count=0

Compilation events (20 events):
Event: 5.806 Thread 0x000001e3824724a0 5318       3       org.springframework.asm.ClassReader::readClass (7 bytes)
Event: 5.806 Thread 0x000001e3824724a0 nmethod 5318 0x000001e3e697bb90 code [0x000001e3e697bd60, 0x000001e3e697c0a8]
Event: 5.806 Thread 0x000001e3824724a0 5319       3       org.springframework.asm.ClassReader::readStringish (16 bytes)
Event: 5.806 Thread 0x000001e3824724a0 nmethod 5319 0x000001e3e697b510 code [0x000001e3e697b6e0, 0x000001e3e697b9c8]
Event: 5.811 Thread 0x000001e3824724a0 5320       3       java.io.File::<init> (78 bytes)
Event: 5.811 Thread 0x000001e3824724a0 nmethod 5320 0x000001e3e697af90 code [0x000001e3e697b140, 0x000001e3e697b3e8]
Event: 5.814 Thread 0x000001e3824724a0 5321       3       org.springframework.asm.ClassReader::getFirstAttributeOffset (136 bytes)
Event: 5.814 Thread 0x000001e3824724a0 nmethod 5321 0x000001e3e697a410 code [0x000001e3e697a640, 0x000001e3e697acc8]
Event: 5.820 Thread 0x000001e3c90d8e30 5322       4       java.util.TimSort::binarySort (223 bytes)
Event: 5.822 Thread 0x000001e3824724a0 5323       3       org.springframework.asm.ClassReader::readField (667 bytes)
Event: 5.823 Thread 0x000001e3824715e0 5325       4       org.springframework.asm.ClassReader::readUtf (44 bytes)
Event: 5.824 Thread 0x000001e3824724a0 nmethod 5323 0x000001e3e6a0cb90 code [0x000001e3e6a0d0e0, 0x000001e3e6a0f488]
Event: 5.824 Thread 0x000001e3824724a0 5324       3       org.springframework.asm.ClassVisitor::visitField (24 bytes)
Event: 5.824 Thread 0x000001e3824724a0 nmethod 5324 0x000001e3e6a0c510 code [0x000001e3e6a0c6e0, 0x000001e3e6a0ca88]
Event: 5.830 Thread 0x000001e3824724a0 5326       3       java.util.ImmutableCollections$SetN::iterator (9 bytes)
Event: 5.831 Thread 0x000001e3824724a0 nmethod 5326 0x000001e3e6a0c110 code [0x000001e3e6a0c2c0, 0x000001e3e6a0c468]
Event: 5.831 Thread 0x000001e3824724a0 5327       3       java.util.ImmutableCollections$SetN$SetNIterator::<init> (36 bytes)
Event: 5.831 Thread 0x000001e3824724a0 nmethod 5327 0x000001e3e6a0ba90 code [0x000001e3e6a0bc40, 0x000001e3e6a0be58]
Event: 5.831 Thread 0x000001e3824724a0 5328       3       java.lang.Module::isExported (18 bytes)
Event: 5.831 Thread 0x000001e3824724a0 nmethod 5328 0x000001e3e6979c90 code [0x000001e3e6979e60, 0x000001e3e697a268]

GC Heap History (6 events):
Event: 0.566 GC heap before
{Heap before GC invocations=0 (full 0):
 garbage-first heap   total 258048K, used 22528K [0x0000000704400000, 0x0000000800000000)
  region size 2048K, 11 young (22528K), 0 survivors (0K)
 Metaspace       used 5412K, committed 5632K, reserved 1114112K
  class space    used 653K, committed 768K, reserved 1048576K
}
Event: 0.570 GC heap after
{Heap after GC invocations=1 (full 0):
 garbage-first heap   total 258048K, used 3710K [0x0000000704400000, 0x0000000800000000)
  region size 2048K, 2 young (4096K), 2 survivors (4096K)
 Metaspace       used 5412K, committed 5632K, reserved 1114112K
  class space    used 653K, committed 768K, reserved 1048576K
}
Event: 0.927 GC heap before
{Heap before GC invocations=1 (full 0):
 garbage-first heap   total 258048K, used 34430K [0x0000000704400000, 0x0000000800000000)
  region size 2048K, 17 young (34816K), 2 survivors (4096K)
 Metaspace       used 9283K, committed 9408K, reserved 1114112K
  class space    used 1127K, committed 1216K, reserved 1048576K
}
Event: 0.931 GC heap after
{Heap after GC invocations=2 (full 0):
 garbage-first heap   total 258048K, used 5104K [0x0000000704400000, 0x0000000800000000)
  region size 2048K, 1 young (2048K), 1 survivors (2048K)
 Metaspace       used 9283K, committed 9408K, reserved 1114112K
  class space    used 1127K, committed 1216K, reserved 1048576K
}
Event: 2.668 GC heap before
{Heap before GC invocations=2 (full 0):
 garbage-first heap   total 258048K, used 156656K [0x0000000704400000, 0x0000000800000000)
  region size 2048K, 75 young (153600K), 1 survivors (2048K)
 Metaspace       used 16080K, committed 16256K, reserved 1114112K
  class space    used 1862K, committed 1920K, reserved 1048576K
}
Event: 2.675 GC heap after
{Heap after GC invocations=3 (full 0):
 garbage-first heap   total 258048K, used 14158K [0x0000000704400000, 0x0000000800000000)
  region size 2048K, 6 young (12288K), 6 survivors (12288K)
 Metaspace       used 16080K, committed 16256K, reserved 1114112K
  class space    used 1862K, committed 1920K, reserved 1048576K
}

Deoptimization events (20 events):
Event: 5.757 Thread 0x000001e3dd613520 Uncommon trap: trap_request=0xffffffde fr.pc=0x000001e3ee066720 relative=0x0000000000000080
Event: 5.757 Thread 0x000001e3dd613520 Uncommon trap: reason=class_check action=maybe_recompile pc=0x000001e3ee066720 method=com.google.inject.internal.MoreTypes.getRawType(Ljava/lang/reflect/Type;)Ljava/lang/Class; @ 13 c2
Event: 5.757 Thread 0x000001e3dd613520 DEOPT PACKING pc=0x000001e3ee066720 sp=0x0000006f794fd790
Event: 5.757 Thread 0x000001e3dd613520 DEOPT UNPACKING pc=0x000001e3eda323a3 sp=0x0000006f794fd720 mode 2
Event: 5.757 Thread 0x000001e3dd613520 Uncommon trap: trap_request=0xffffff45 fr.pc=0x000001e3ee06835c relative=0x0000000000000b1c
Event: 5.757 Thread 0x000001e3dd613520 Uncommon trap: reason=unstable_if action=reinterpret pc=0x000001e3ee06835c method=com.google.inject.internal.MoreTypes.canonicalize(Ljava/lang/reflect/Type;)Ljava/lang/reflect/Type; @ 16 c2
Event: 5.757 Thread 0x000001e3dd613520 DEOPT PACKING pc=0x000001e3ee06835c sp=0x0000006f794fd710
Event: 5.757 Thread 0x000001e3dd613520 DEOPT UNPACKING pc=0x000001e3eda323a3 sp=0x0000006f794fd718 mode 2
Event: 5.757 Thread 0x000001e3dd613520 Uncommon trap: trap_request=0xffffffde fr.pc=0x000001e3ee066720 relative=0x0000000000000080
Event: 5.757 Thread 0x000001e3dd613520 Uncommon trap: reason=class_check action=maybe_recompile pc=0x000001e3ee066720 method=com.google.inject.internal.MoreTypes.getRawType(Ljava/lang/reflect/Type;)Ljava/lang/Class; @ 13 c2
Event: 5.757 Thread 0x000001e3dd613520 DEOPT PACKING pc=0x000001e3ee066720 sp=0x0000006f794fd780
Event: 5.757 Thread 0x000001e3dd613520 DEOPT UNPACKING pc=0x000001e3eda323a3 sp=0x0000006f794fd710 mode 2
Event: 5.757 Thread 0x000001e3dd613520 Uncommon trap: trap_request=0xffffffde fr.pc=0x000001e3ee066720 relative=0x0000000000000080
Event: 5.757 Thread 0x000001e3dd613520 Uncommon trap: reason=class_check action=maybe_recompile pc=0x000001e3ee066720 method=com.google.inject.internal.MoreTypes.getRawType(Ljava/lang/reflect/Type;)Ljava/lang/Class; @ 13 c2
Event: 5.757 Thread 0x000001e3dd613520 DEOPT PACKING pc=0x000001e3ee066720 sp=0x0000006f794fd780
Event: 5.757 Thread 0x000001e3dd613520 DEOPT UNPACKING pc=0x000001e3eda323a3 sp=0x0000006f794fd710 mode 2
Event: 5.765 Thread 0x000001e3dd613520 Uncommon trap: trap_request=0xffffff76 fr.pc=0x000001e3edfed3f4 relative=0x0000000000001e74
Event: 5.765 Thread 0x000001e3dd613520 Uncommon trap: reason=predicate action=maybe_recompile pc=0x000001e3edfed3f4 method=java.util.TimSort.binarySort([Ljava/lang/Object;IIILjava/util/Comparator;)V @ 34 c2
Event: 5.765 Thread 0x000001e3dd613520 DEOPT PACKING pc=0x000001e3edfed3f4 sp=0x0000006f794fd740
Event: 5.765 Thread 0x000001e3dd613520 DEOPT UNPACKING pc=0x000001e3eda323a3 sp=0x0000006f794fd720 mode 2

Classes unloaded (0 events):
No events

Classes redefined (0 events):
No events

Internal exceptions (20 events):
Event: 1.052 Thread 0x000001e3dd613520 Exception <a 'java/lang/NoSuchMethodError'{0x000000071365fc20}: 'int java.lang.invoke.DirectMethodHandle$Holder.invokeSpecial(java.lang.Object, java.lang.Object, java.lang.Object, java.lang.Object)'> (0x000000071365fc20) 
thrown [s\open\src\hotspot\share\interpreter\linkResolver.cpp, line 759]
Event: 1.182 Thread 0x000001e3dd613520 Exception <a 'java/lang/NoClassDefFoundError'{0x0000000712e9ca60}: com/google/inject/servlet/ServletModuleTargetVisitor> (0x0000000712e9ca60) 
thrown [s\open\src\hotspot\share\classfile\systemDictionary.cpp, line 245]
Event: 1.224 Thread 0x000001e3dd613520 Exception <a 'java/lang/NoSuchMethodError'{0x0000000712c32d00}: 'void java.lang.invoke.DirectMethodHandle$Holder.invokeVirtual(java.lang.Object, java.lang.Object)'> (0x0000000712c32d00) 
thrown [s\open\src\hotspot\share\interpreter\linkResolver.cpp, line 759]
Event: 1.236 Thread 0x000001e3dd613520 Exception <a 'java/lang/NoSuchMethodError'{0x0000000712cab388}: 'java.lang.Object java.lang.invoke.DirectMethodHandle$Holder.invokeStaticInit(java.lang.Object, int, int, int, int)'> (0x0000000712cab388) 
thrown [s\open\src\hotspot\share\interpreter\linkResolver.cpp, line 759]
Event: 1.309 Thread 0x000001e3dd613520 Implicit null exception at 0x000001e3edfa4af2 to 0x000001e3edfa50d4
Event: 1.309 Thread 0x000001e3dd613520 Implicit null exception at 0x000001e3edfb16f2 to 0x000001e3edfb1ce8
Event: 1.337 Thread 0x000001e3dd613520 Exception <a 'java/lang/NoSuchMethodError'{0x00000007126f1d38}: 'void java.lang.invoke.DirectMethodHandle$Holder.invokeSpecial(java.lang.Object, java.lang.Object, java.lang.Object, java.lang.Object, java.lang.Object)'> (0x00000007126f1d38) 
thrown [s\open\src\hotspot\share\interpreter\linkResolver.cpp, line 759]
Event: 1.341 Thread 0x000001e3dd613520 Exception <a 'java/lang/NoSuchMethodError'{0x000000071270fb40}: 'void java.lang.invoke.DirectMethodHandle$Holder.invokeSpecial(java.lang.Object, java.lang.Object, java.lang.Object, java.lang.Object, java.lang.Object, java.lang.Object)'> (0x000000071270fb40) 
thrown [s\open\src\hotspot\share\interpreter\linkResolver.cpp, line 759]
Event: 1.353 Thread 0x000001e3dd613520 Exception <a 'java/lang/NoSuchMethodError'{0x0000000712409350}: 'java.lang.Object java.lang.invoke.DirectMethodHandle$Holder.invokeVirtual(java.lang.Object, java.lang.Object, java.lang.Object)'> (0x0000000712409350) 
thrown [s\open\src\hotspot\share\interpreter\linkResolver.cpp, line 759]
Event: 1.763 Thread 0x000001e3dd613520 Implicit null exception at 0x000001e3ee0890b1 to 0x000001e3ee08a6ec
Event: 1.763 Thread 0x000001e3dd613520 Implicit null exception at 0x000001e3ee03506d to 0x000001e3ee035244
Event: 1.763 Thread 0x000001e3dd613520 Implicit null exception at 0x000001e3ee00d558 to 0x000001e3ee00d5ee
Event: 2.878 Thread 0x000001e3dd613520 Implicit null exception at 0x000001e3ee1dc924 to 0x000001e3ee1e1594
Event: 3.647 Thread 0x000001e3dd613520 Implicit null exception at 0x000001e3edfb878f to 0x000001e3edfb8809
Event: 3.862 Thread 0x000001e3dd613520 Implicit null exception at 0x000001e3ee25d90f to 0x000001e3ee25d97a
Event: 3.863 Thread 0x000001e3dd613520 Exception <a 'java/lang/NoSuchMethodError'{0x000000070ed9d8a0}: 'java.lang.Object java.lang.invoke.DirectMethodHandle$Holder.newInvokeSpecial(java.lang.Object, java.lang.Object, java.lang.Object, java.lang.Object, java.lang.Object, java.lang.Object, java.lang.Object)'> (0x000000070ed9d8a0) 
thrown [s\open\src\hotspot\share\interpreter\linkResolver.cpp, line 759]
Event: 3.863 Thread 0x000001e3dd613520 Exception <a 'java/lang/NoSuchMethodError'{0x000000070eda21b0}: 'java.lang.Object java.lang.invoke.Invokers$Holder.linkToTargetMethod(java.lang.Object, java.lang.Object, java.lang.Object, java.lang.Object, java.lang.Object, java.lang.Object, java.lang.Object)'> (0x000000070eda21b0) 
thrown [s\open\src\hotspot\share\interpreter\linkResolver.cpp, line 759]
Event: 3.998 Thread 0x000001e3dd613520 Implicit null exception at 0x000001e3ee1509bb to 0x000001e3ee1510ec
Event: 4.005 Thread 0x000001e3dd613520 Exception <a 'java/lang/NoSuchMethodError'{0x000000070e356c30}: 'int java.lang.invoke.DirectMethodHandle$Holder.invokeVirtual(java.lang.Object, java.lang.Object)'> (0x000000070e356c30) 
thrown [s\open\src\hotspot\share\interpreter\linkResolver.cpp, line 759]
Event: 4.039 Thread 0x000001e3dd613520 Exception <a 'java/lang/NoSuchMethodError'{0x000000070e14d4b8}: 'int java.lang.invoke.DirectMethodHandle$Holder.invokeStatic(java.lang.Object, java.lang.Object, int)'> (0x000000070e14d4b8) 
thrown [s\open\src\hotspot\share\interpreter\linkResolver.cpp, line 759]

VM Operations (20 events):
Event: 2.155 Executing VM operation: ICBufferFull done
Event: 2.667 Executing VM operation: G1CollectForAllocation
Event: 2.676 Executing VM operation: G1CollectForAllocation done
Event: 3.050 Executing VM operation: ICBufferFull
Event: 3.051 Executing VM operation: ICBufferFull done
Event: 3.652 Executing VM operation: HandshakeAllThreads
Event: 3.652 Executing VM operation: HandshakeAllThreads done
Event: 3.654 Executing VM operation: ICBufferFull
Event: 3.655 Executing VM operation: ICBufferFull done
Event: 3.661 Executing VM operation: HandshakeAllThreads
Event: 3.662 Executing VM operation: HandshakeAllThreads done
Event: 3.671 Executing VM operation: HandshakeAllThreads
Event: 3.671 Executing VM operation: HandshakeAllThreads done
Event: 4.000 Executing VM operation: ICBufferFull
Event: 4.001 Executing VM operation: ICBufferFull done
Event: 4.352 Executing VM operation: HandshakeAllThreads
Event: 4.352 Executing VM operation: HandshakeAllThreads done
Event: 5.368 Executing VM operation: Cleanup
Event: 5.383 Executing VM operation: Cleanup done
Event: 6.385 Executing VM operation: Cleanup

Events (20 events):
Event: 5.742 loading class javax/management/JMException done
Event: 5.742 loading class javax/management/ReflectionException done
Event: 5.742 loading class javax/management/MBeanServerConnection
Event: 5.742 loading class javax/management/MBeanServerConnection done
Event: 5.742 loading class javax/management/InstanceNotFoundException
Event: 5.742 loading class javax/management/OperationsException
Event: 5.743 loading class javax/management/OperationsException done
Event: 5.743 loading class javax/management/InstanceNotFoundException done
Event: 5.743 loading class java/io/PushbackInputStream
Event: 5.743 loading class java/io/PushbackInputStream done
Event: 5.743 loading class java/util/jar/JarOutputStream
Event: 5.743 loading class java/util/zip/ZipOutputStream
Event: 5.744 loading class java/util/zip/DeflaterOutputStream
Event: 5.744 loading class java/util/zip/DeflaterOutputStream done
Event: 5.744 loading class java/util/zip/ZipOutputStream done
Event: 5.744 loading class java/util/jar/JarOutputStream done
Event: 5.744 loading class java/util/zip/ZipException
Event: 5.744 loading class java/util/zip/ZipException done
Event: 5.761 loading class java/io/FileFilter
Event: 5.761 loading class java/io/FileFilter done


Dynamic libraries:
0x00007ff653230000 - 0x00007ff653240000 	C:\Program Files\Java\jdk-17\bin\java.exe
0x00007ffe566e0000 - 0x00007ffe56947000 	C:\WINDOWS\SYSTEM32\ntdll.dll
0x00007ffe55b50000 - 0x00007ffe55c19000 	C:\WINDOWS\System32\KERNEL32.DLL
0x00007ffe53cc0000 - 0x00007ffe540af000 	C:\WINDOWS\System32\KERNELBASE.dll
0x00007ffe54240000 - 0x00007ffe5438b000 	C:\WINDOWS\System32\ucrtbase.dll
0x00007ffe40970000 - 0x00007ffe4098b000 	C:\Program Files\Java\jdk-17\bin\VCRUNTIME140.dll
0x00007ffe40950000 - 0x00007ffe40969000 	C:\Program Files\Java\jdk-17\bin\jli.dll
0x00007ffe54480000 - 0x00007ffe54534000 	C:\WINDOWS\System32\ADVAPI32.dll
0x00007ffe55760000 - 0x00007ffe55809000 	C:\WINDOWS\System32\msvcrt.dll
0x00007ffe54c10000 - 0x00007ffe54cb6000 	C:\WINDOWS\System32\sechost.dll
0x00007ffe54560000 - 0x00007ffe54678000 	C:\WINDOWS\System32\RPCRT4.dll
0x00007ffe55520000 - 0x00007ffe556e5000 	C:\WINDOWS\System32\USER32.dll
0x00007ffe54450000 - 0x00007ffe54477000 	C:\WINDOWS\System32\win32u.dll
0x00007ffe55a10000 - 0x00007ffe55a3b000 	C:\WINDOWS\System32\GDI32.dll
0x00007ffe35ef0000 - 0x00007ffe36183000 	C:\WINDOWS\WinSxS\amd64_microsoft.windows.common-controls_6595b64144ccf1df_6.0.26100.7309_none_3e05feeae336a044\COMCTL32.dll
0x00007ffe539a0000 - 0x00007ffe53acc000 	C:\WINDOWS\System32\gdi32full.dll
0x00007ffe53b80000 - 0x00007ffe53c23000 	C:\WINDOWS\System32\msvcp_win.dll
0x00007ffe36d90000 - 0x00007ffe36d9b000 	C:\WINDOWS\SYSTEM32\VERSION.dll
0x00007ffe56660000 - 0x00007ffe56691000 	C:\WINDOWS\System32\IMM32.DLL
0x00007ffe41790000 - 0x00007ffe4179c000 	C:\Program Files\Java\jdk-17\bin\vcruntime140_1.dll
0x00007ffdfe350000 - 0x00007ffdfe3de000 	C:\Program Files\Java\jdk-17\bin\msvcp140.dll
0x00007ffd96ed0000 - 0x00007ffd97ab0000 	C:\Program Files\Java\jdk-17\bin\server\jvm.dll
0x00007ffe55d70000 - 0x00007ffe55d78000 	C:\WINDOWS\System32\PSAPI.DLL
0x00007ffe34f10000 - 0x00007ffe34f1a000 	C:\WINDOWS\SYSTEM32\WSOCK32.dll
0x00007ffe552c0000 - 0x00007ffe55334000 	C:\WINDOWS\System32\WS2_32.dll
0x00007ffe4b680000 - 0x00007ffe4b6b5000 	C:\WINDOWS\SYSTEM32\WINMM.dll
0x00007ffe525c0000 - 0x00007ffe525db000 	C:\WINDOWS\SYSTEM32\kernel.appcore.dll
0x00007ffe415f0000 - 0x00007ffe415fa000 	C:\Program Files\Java\jdk-17\bin\jimage.dll
0x00007ffe50cc0000 - 0x00007ffe50f02000 	C:\WINDOWS\SYSTEM32\DBGHELP.DLL
0x00007ffe54cd0000 - 0x00007ffe55055000 	C:\WINDOWS\System32\combase.dll
0x00007ffe551d0000 - 0x00007ffe552a6000 	C:\WINDOWS\System32\OLEAUT32.dll
0x00007ffe34ed0000 - 0x00007ffe34f0c000 	C:\WINDOWS\SYSTEM32\dbgcore.DLL
0x00007ffe53ad0000 - 0x00007ffe53b75000 	C:\WINDOWS\System32\bcryptPrimitives.dll
0x00007ffe40920000 - 0x00007ffe40945000 	C:\Program Files\Java\jdk-17\bin\java.dll
0x00007ffdcb560000 - 0x00007ffdcb637000 	C:\Program Files\Java\jdk-17\bin\jsvml.dll
0x00007ffe55e00000 - 0x00007ffe56553000 	C:\WINDOWS\System32\SHELL32.dll
0x00007ffe53830000 - 0x00007ffe5399a000 	C:\WINDOWS\System32\wintypes.dll
0x00007ffe513f0000 - 0x00007ffe51c4e000 	C:\WINDOWS\SYSTEM32\windows.storage.dll
0x00007ffe54b10000 - 0x00007ffe54c05000 	C:\WINDOWS\System32\SHCORE.dll
0x00007ffe556f0000 - 0x00007ffe55756000 	C:\WINDOWS\System32\shlwapi.dll
0x00007ffe53750000 - 0x00007ffe53779000 	C:\WINDOWS\SYSTEM32\profapi.dll
0x00007ffe39620000 - 0x00007ffe39639000 	C:\Program Files\Java\jdk-17\bin\net.dll
0x00007ffe4a0a0000 - 0x00007ffe4a1c8000 	C:\WINDOWS\SYSTEM32\WINHTTP.dll
0x00007ffe52b50000 - 0x00007ffe52bbb000 	C:\WINDOWS\system32\mswsock.dll
0x00007ffe33ab0000 - 0x00007ffe33ac6000 	C:\Program Files\Java\jdk-17\bin\nio.dll
0x00007ffe33a90000 - 0x00007ffe33aa8000 	C:\Program Files\Java\jdk-17\bin\zip.dll
0x00007ffe15010000 - 0x00007ffe15034000 	C:\Users\sheta\.m2\wrapper\dists\apache-maven-3.9.9\977a63e90f436cd6ade95b4c0e10c20c\lib\jansi-native\Windows\x86_64\jansi.dll
0x00007ffe415a0000 - 0x00007ffe415b0000 	C:\Program Files\Java\jdk-17\bin\verify.dll

dbghelp: loaded successfully - version: 4.0.5 - missing functions: none
symbol engine: initialized successfully - sym options: 0x614 - pdb path: .;C:\Program Files\Java\jdk-17\bin;C:\WINDOWS\SYSTEM32;C:\WINDOWS\WinSxS\amd64_microsoft.windows.common-controls_6595b64144ccf1df_6.0.26100.7309_none_3e05feeae336a044;C:\Program Files\Java\jdk-17\bin\server;C:\Users\sheta\.m2\wrapper\dists\apache-maven-3.9.9\977a63e90f436cd6ade95b4c0e10c20c\lib\jansi-native\Windows\x86_64

VM Arguments:
jvm_args: -Dclassworlds.conf=C:\Users\sheta\.m2\wrapper\dists\apache-maven-3.9.9\977a63e90f436cd6ade95b4c0e10c20c\bin\m2.conf -Dmaven.home=C:\Users\sheta\.m2\wrapper\dists\apache-maven-3.9.9\977a63e90f436cd6ade95b4c0e10c20c -Dlibrary.jansi.path=C:\Users\sheta\.m2\wrapper\dists\apache-maven-3.9.9\977a63e90f436cd6ade95b4c0e10c20c\lib\jansi-native -Dmaven.multiModuleProjectDirectory=C:\Users\sheta\Downloads\CodeAmigosProject\CodeAmigosProject\CodeAmigos--Backend-main 
java_command: org.codehaus.plexus.classworlds.launcher.Launcher spring-boot:run
java_class_path (initial): C:\Users\sheta\.m2\wrapper\dists\apache-maven-3.9.9\977a63e90f436cd6ade95b4c0e10c20c\boot\plexus-classworlds-2.8.0.jar
Launcher Type: SUN_STANDARD

[Global flags]
     intx CICompilerCount                          = 4                                         {product} {ergonomic}
     uint ConcGCThreads                            = 3                                         {product} {ergonomic}
     uint G1ConcRefinementThreads                  = 10                                        {product} {ergonomic}
   size_t G1HeapRegionSize                         = 2097152                                   {product} {ergonomic}
    uintx GCDrainStackTargetSize                   = 64                                        {product} {ergonomic}
   size_t InitialHeapSize                          = 264241152                                 {product} {ergonomic}
   size_t MarkStackSize                            = 4194304                                   {product} {ergonomic}
   size_t MaxHeapSize                              = 4223664128                                {product} {ergonomic}
   size_t MaxNewSize                               = 2533359616                                {product} {ergonomic}
   size_t MinHeapDeltaBytes                        = 2097152                                   {product} {ergonomic}
   size_t MinHeapSize                              = 8388608                                   {product} {ergonomic}
    uintx NonNMethodCodeHeapSize                   = 5839372                                {pd product} {ergonomic}
    uintx NonProfiledCodeHeapSize                  = 122909434                              {pd product} {ergonomic}
    uintx ProfiledCodeHeapSize                     = 122909434                              {pd product} {ergonomic}
    uintx ReservedCodeCacheSize                    = 251658240                              {pd product} {ergonomic}
     bool SegmentedCodeCache                       = true                                      {product} {ergonomic}
   size_t SoftMaxHeapSize                          = 4223664128                             {manageable} {ergonomic}
     bool UseCompressedClassPointers               = true                           {product lp64_product} {ergonomic}
     bool UseCompressedOops                        = true                           {product lp64_product} {ergonomic}
     bool UseG1GC                                  = true                                      {product} {ergonomic}
     bool UseLargePagesIndividualAllocation        = false                                  {pd product} {ergonomic}

Logging:
Log output configuration:
 #0: stdout all=warning uptime,level,tags
 #1: stderr all=off uptime,level,tags

Environment Variables:
PATH=C:\Program Files\Common Files\Oracle\Java\javapath;C:\WINDOWS\system32;C:\WINDOWS;C:\WINDOWS\System32\Wbem;C:\WINDOWS\System32\WindowsPowerShell\v1.0\;C:\WINDOWS\System32\OpenSSH\;C:\MinGW\bin;C:\Windows\System32\Wbem;C:\ProgramData\chocolatey\bin;C:\Program Files\nodejs;C:\Program Files\Git\cmd;E:\coding\PY;C:\Users\sheta\AppData\Local\Programs\Python\Python313;C:\Users\sheta\AppData\Local\Programs\Python\Python313\Scripts;C:\Program Files\Docker\Docker\resources\bin;C:\Program Files\cursor\resources\app\bin;C:\Program Files\MongoDB\Server\8.2;C:\Users\sheta\Downloads\flutter_windows_3.35.4-stable\flutter\bin;C:\Users\sheta\Downloads\apache-maven-3.9.11-bin\apache-maven-3.9.11\bin;C:\Program Files\MySQL\MySQL Server 8.0\bin;C:\Program Files\MySQL\MySQL Shell 8.0\bin\;C:\Users\sheta\AppData\Local\Programs\Python\Python313\Scripts\;C:\Users\sheta\AppData\Local\Programs\Python\Python313\;C:\Users\sheta\AppData\Local\Microsoft\WindowsApps;C:\Users\sheta\AppData\Local\Programs\Microsoft VS Code\bin;C:\Users\sheta\AppData\Roaming\npm;C:\Users\sheta\AppData\Local\Programs\mongosh\;C:\Users\sheta\AppData\Local\Programs\Antigravity\bin;C:\Users\sheta\AppData\Local\Programs\Qoder\bin;C:\Users\sheta\AppData\Local\GitHubDesktop\bin
USERNAME=Darshan_Sheta
LANG=en_US.UTF-8
OS=Windows_NT
PROCESSOR_IDENTIFIER=Intel64 Family 6 Model 154 Stepping 4, GenuineIntel



---------------  S Y S T E M  ---------------

OS:
 Windows 11 , 64 bit Build 26100 (10.0.26100.7309)
OS uptime: 0 days 16:08 hours
Hyper-V role detected

CPU: total 12 (initial active 12) (6 cores per cpu, 2 threads per core) family 6 model 154 stepping 4 microcode 0x437, cx8, cmov, fxsr, ht, mmx, 3dnowpref, sse, sse2, sse3, ssse3, sse4.1, sse4.2, popcnt, lzcnt, tsc, tscinvbit, avx, avx2, aes, erms, clmul, bmi1, bmi2, adx, sha, fma, vzeroupper, clflush, clflushopt, clwb, hv

Memory: 4k page, system-wide physical 16108M (4337M free)
TotalPageFile size 16108M (AvailPageFile size 9M)
current process WorkingSet (physical memory assigned to process): 291M, peak: 310M
current process commit charge ("private bytes"): 399M, peak: 418M

vm_info: Java HotSpot(TM) 64-Bit Server VM (17.0.12+8-LTS-286) for windows-amd64 JRE (17.0.12+8-LTS-286), built on Jun  5 2024 06:46:59 by "mach5one" with MS VC++ 17.6 (VS2022)

END.
