#
# There is insufficient memory for the Java Runtime Environment to continue.
# Native memory allocation (malloc) failed to allocate 32744 bytes for ChunkPool::allocate
# Possible reasons:
#   The system is out of physical RAM or swap space
#   The process is running with CompressedOops enabled, and the Java Heap may be blocking the growth of the native heap
# Possible solutions:
#   Reduce memory load on the system
#   Increase physical memory or swap space
#   Check if swap backing store is full
#   Decrease Java heap size (-Xmx/-Xms)
#   Decrease number of Java threads
#   Decrease Java thread stack sizes (-Xss)
#   Set larger code cache with -XX:ReservedCodeCacheSize=
#   JVM is running with Zero Based Compressed Oops mode in which the Java heap is
#     placed in the first 32GB address space. The Java Heap base address is the
#     maximum limit for the native heap growth. Please use -XX:HeapBaseMinAddress
#     to set the Java Heap base and to place the Java Heap above 32GB virtual address.
# This output file may be truncated or incomplete.
#
#  Out of Memory Error (arena.cpp:78), pid=27996, tid=16560
#
# JRE version: Java(TM) SE Runtime Environment (17.0.12+8) (build 17.0.12+8-LTS-286)
# Java VM: Java HotSpot(TM) 64-Bit Server VM (17.0.12+8-LTS-286, mixed mode, emulated-client, sharing, tiered, compressed oops, compressed class ptrs, g1 gc, windows-amd64)
# No core dump will be written. Minidumps are not enabled by default on client versions of Windows
#

---------------  S U M M A R Y ------------

Command Line: -XX:TieredStopAtLevel=1 com.spring.codeamigosbackend.CodeAmigosBackendApplication

Host: 12th Gen Intel(R) Core(TM) i5-1235U, 12 cores, 15G,  Windows 11 , 64 bit Build 26100 (10.0.26100.7309)
Time: Tue Jan 13 08:52:25 2026 India Standard Time elapsed time: 21.493710 seconds (0d 0h 0m 21s)

---------------  T H R E A D  ---------------

Current thread (0x0000019eb9d5f630):  JavaThread "C1 CompilerThread1" daemon [_thread_in_native, id=16560, stack(0x00000055b7100000,0x00000055b7200000)]


Current CompileTask:
C1:  21494 6117       1       io.netty.util.internal.shaded.org.jctools.util.UnsafeRefArrayAccess::lvRefElement (9 bytes)

Stack: [0x00000055b7100000,0x00000055b7200000]
Native frames: (J=compiled Java code, j=interpreted, Vv=VM code, C=native code)
V  [jvm.dll+0x67a04a]
V  [jvm.dll+0x7da4ed]
V  [jvm.dll+0x7dbe33]
V  [jvm.dll+0x7dc4a3]
V  [jvm.dll+0x24508f]
V  [jvm.dll+0xab9a4]
V  [jvm.dll+0xabd3c]
V  [jvm.dll+0x169d5a]
V  [jvm.dll+0x15e16e]
V  [jvm.dll+0x14c490]
V  [jvm.dll+0x1355a7]
V  [jvm.dll+0x134eff]
V  [jvm.dll+0x135148]
V  [jvm.dll+0x1345d1]
V  [jvm.dll+0x1362bd]
V  [jvm.dll+0x22610b]
V  [jvm.dll+0x2242ab]
V  [jvm.dll+0x79075c]
V  [jvm.dll+0x78abea]
V  [jvm.dll+0x678f35]
C  [ucrtbase.dll+0x37b0]
C  [KERNEL32.DLL+0x2e8d7]
C  [ntdll.dll+0x8c53c]


---------------  P R O C E S S  ---------------

Threads class SMR info:
_java_thread_list=0x0000019e817a4a90, length=41, elements={
0x0000019ea2f99da0, 0x0000019eb9d78370, 0x0000019eb9d79aa0, 0x0000019eff0083f0,
0x0000019eff008cc0, 0x0000019eff009590, 0x0000019eff00aac0, 0x0000019eff00cc10,
0x0000019eff0124f0, 0x0000019eb9d5f630, 0x0000019eff00f250, 0x0000019eff010ba0,
0x0000019eff00f760, 0x0000019eff011fe0, 0x0000019eff0110b0, 0x0000019eff00fc70,
0x0000019eff0115c0, 0x0000019eff010180, 0x0000019eff010690, 0x0000019eff011ad0,
0x0000019eff00ed40, 0x0000019e80fc5610, 0x0000019e80fc2880, 0x0000019e80fc46e0,
0x0000019e80fc4bf0, 0x0000019e80fc32a0, 0x0000019e80fc41d0, 0x0000019e80fc5100,
0x0000019e80fc3cc0, 0x0000019e80fc2d90, 0x0000019e80fc6030, 0x0000019e80fc5b20,
0x0000019e80fc37b0, 0x0000019e8191b350, 0x0000019e8191a930, 0x0000019e8191b860,
0x0000019e8191a420, 0x0000019e81919a00, 0x0000019e81919f10, 0x0000019e8191ae40,
0x0000019e819180b0
}

Java Threads: ( => current thread )
  0x0000019ea2f99da0 JavaThread "main" [_thread_in_native, id=27552, stack(0x00000055b6200000,0x00000055b6300000)]
  0x0000019eb9d78370 JavaThread "Reference Handler" daemon [_thread_blocked, id=17052, stack(0x00000055b6900000,0x00000055b6a00000)]
  0x0000019eb9d79aa0 JavaThread "Finalizer" daemon [_thread_blocked, id=23424, stack(0x00000055b6a00000,0x00000055b6b00000)]
  0x0000019eff0083f0 JavaThread "Signal Dispatcher" daemon [_thread_blocked, id=15444, stack(0x00000055b6b00000,0x00000055b6c00000)]
  0x0000019eff008cc0 JavaThread "Attach Listener" daemon [_thread_blocked, id=14056, stack(0x00000055b6c00000,0x00000055b6d00000)]
  0x0000019eff009590 JavaThread "Service Thread" daemon [_thread_blocked, id=26968, stack(0x00000055b6d00000,0x00000055b6e00000)]
  0x0000019eff00aac0 JavaThread "Monitor Deflation Thread" daemon [_thread_blocked, id=31352, stack(0x00000055b6e00000,0x00000055b6f00000)]
  0x0000019eff00cc10 JavaThread "C1 CompilerThread0" daemon [_thread_blocked, id=30824, stack(0x00000055b6f00000,0x00000055b7000000)]
  0x0000019eff0124f0 JavaThread "Sweeper thread" daemon [_thread_blocked, id=5836, stack(0x00000055b7000000,0x00000055b7100000)]
=>0x0000019eb9d5f630 JavaThread "C1 CompilerThread1" daemon [_thread_in_native, id=16560, stack(0x00000055b7100000,0x00000055b7200000)]
  0x0000019eff00f250 JavaThread "Notification Thread" daemon [_thread_blocked, id=28188, stack(0x00000055b7400000,0x00000055b7500000)]
  0x0000019eff010ba0 JavaThread "Common-Cleaner" daemon [_thread_blocked, id=19704, stack(0x00000055b7600000,0x00000055b7700000)]
  0x0000019eff00f760 JavaThread "Thread-1" daemon [_thread_in_native, id=448, stack(0x00000055b8200000,0x00000055b8300000)]
  0x0000019eff011fe0 JavaThread "BufferPoolPruner-1-thread-1" daemon [_thread_blocked, id=1556, stack(0x00000055b8300000,0x00000055b8400000)]
  0x0000019eff0110b0 JavaThread "cluster-ClusterId{value='6965ba61eeacc055dab26761', description='null'}-srv-teambond2.7wk0tin.mongodb.net" daemon [_thread_blocked, id=11516, stack(0x00000055b8400000,0x00000055b8500000)]
  0x0000019eff00fc70 JavaThread "cluster-ClusterId{value='6965ba61eeacc055dab26761', description='null'}-ac-qlqejyj-shard-00-01.7wk0tin.mongodb.net:27017" daemon [_thread_in_native, id=4500, stack(0x00000055b8500000,0x00000055b8600000)]
  0x0000019eff0115c0 JavaThread "cluster-ClusterId{value='6965ba61eeacc055dab26761', description='null'}-ac-qlqejyj-shard-00-00.7wk0tin.mongodb.net:27017" daemon [_thread_in_native, id=26496, stack(0x00000055b8600000,0x00000055b8700000)]
  0x0000019eff010180 JavaThread "cluster-ClusterId{value='6965ba61eeacc055dab26761', description='null'}-ac-qlqejyj-shard-00-02.7wk0tin.mongodb.net:27017" daemon [_thread_in_native, id=25124, stack(0x00000055b8700000,0x00000055b8800000)]
  0x0000019eff010690 JavaThread "Catalina-utility-1" [_thread_blocked, id=12816, stack(0x00000055b8900000,0x00000055b8a00000)]
  0x0000019eff011ad0 JavaThread "Catalina-utility-2" [_thread_blocked, id=29608, stack(0x00000055b8a00000,0x00000055b8b00000)]
  0x0000019eff00ed40 JavaThread "container-0" [_thread_blocked, id=32292, stack(0x00000055b8b00000,0x00000055b8c00000)]
  0x0000019e80fc5610 JavaThread "cluster-rtt-ClusterId{value='6965ba61eeacc055dab26761', description='null'}-ac-qlqejyj-shard-00-01.7wk0tin.mongodb.net:27017" daemon [_thread_blocked, id=25536, stack(0x00000055b8c00000,0x00000055b8d00000)]
  0x0000019e80fc2880 JavaThread "cluster-rtt-ClusterId{value='6965ba61eeacc055dab26761', description='null'}-ac-qlqejyj-shard-00-00.7wk0tin.mongodb.net:27017" daemon [_thread_blocked, id=16020, stack(0x00000055b8d00000,0x00000055b8e00000)]
  0x0000019e80fc46e0 JavaThread "cluster-rtt-ClusterId{value='6965ba61eeacc055dab26761', description='null'}-ac-qlqejyj-shard-00-02.7wk0tin.mongodb.net:27017" daemon [_thread_blocked, id=17672, stack(0x00000055b8e00000,0x00000055b8f00000)]
  0x0000019e80fc4bf0 JavaThread "MaintenanceTimer-3-thread-1" daemon [_thread_blocked, id=25096, stack(0x00000055b8f00000,0x00000055b9000000)]
  0x0000019e80fc32a0 JavaThread "MaintenanceTimer-4-thread-1" daemon [_thread_blocked, id=27132, stack(0x00000055b9000000,0x00000055b9100000)]
  0x0000019e80fc41d0 JavaThread "MaintenanceTimer-2-thread-1" daemon [_thread_blocked, id=20156, stack(0x00000055b9100000,0x00000055b9200000)]
  0x0000019e80fc5100 JavaThread "lettuce-timer-3-1" daemon [_thread_blocked, id=9972, stack(0x00000055b9200000,0x00000055b9300000)]
  0x0000019e80fc3cc0 JavaThread "MessageBroker-1" [_thread_blocked, id=23796, stack(0x00000055b9300000,0x00000055b9400000)]
  0x0000019e80fc2d90 JavaThread "http-nio-8080-exec-1" daemon [_thread_blocked, id=30596, stack(0x00000055b9400000,0x00000055b9500000)]
  0x0000019e80fc6030 JavaThread "http-nio-8080-exec-2" daemon [_thread_blocked, id=18016, stack(0x00000055b9500000,0x00000055b9600000)]
  0x0000019e80fc5b20 JavaThread "http-nio-8080-exec-3" daemon [_thread_blocked, id=18072, stack(0x00000055b9600000,0x00000055b9700000)]
  0x0000019e80fc37b0 JavaThread "http-nio-8080-exec-4" daemon [_thread_blocked, id=24604, stack(0x00000055b9700000,0x00000055b9800000)]
  0x0000019e8191b350 JavaThread "http-nio-8080-exec-5" daemon [_thread_blocked, id=18276, stack(0x00000055b9800000,0x00000055b9900000)]
  0x0000019e8191a930 JavaThread "http-nio-8080-exec-6" daemon [_thread_blocked, id=27240, stack(0x00000055b9900000,0x00000055b9a00000)]
  0x0000019e8191b860 JavaThread "http-nio-8080-exec-7" daemon [_thread_blocked, id=7940, stack(0x00000055b9a00000,0x00000055b9b00000)]
  0x0000019e8191a420 JavaThread "http-nio-8080-exec-8" daemon [_thread_blocked, id=30624, stack(0x00000055b9b00000,0x00000055b9c00000)]
  0x0000019e81919a00 JavaThread "http-nio-8080-exec-9" daemon [_thread_blocked, id=31072, stack(0x00000055b9c00000,0x00000055b9d00000)]
  0x0000019e81919f10 JavaThread "http-nio-8080-exec-10" daemon [_thread_blocked, id=20452, stack(0x00000055b9d00000,0x00000055b9e00000)]
  0x0000019e8191ae40 JavaThread "http-nio-8080-Poller" daemon [_thread_in_native, id=17944, stack(0x00000055b9e00000,0x00000055b9f00000)]
  0x0000019e819180b0 JavaThread "http-nio-8080-Acceptor" daemon [_thread_in_native, id=6408, stack(0x00000055b9f00000,0x00000055ba000000)]

Other Threads:
  0x0000019eb9d715b0 VMThread "VM Thread" [stack: 0x00000055b6800000,0x00000055b6900000] [id=30328]
  0x0000019eff227980 WatcherThread [stack: 0x00000055b7500000,0x00000055b7600000] [id=31040]
  0x0000019ea300fa40 GCTaskThread "GC Thread#0" [stack: 0x00000055b6300000,0x00000055b6400000] [id=24816]
  0x0000019effa24ef0 GCTaskThread "GC Thread#1" [stack: 0x00000055b7700000,0x00000055b7800000] [id=31816]
  0x0000019effb07d80 GCTaskThread "GC Thread#2" [stack: 0x00000055b7800000,0x00000055b7900000] [id=6512]
  0x0000019effb08040 GCTaskThread "GC Thread#3" [stack: 0x00000055b7900000,0x00000055b7a00000] [id=26736]
  0x0000019effb0a330 GCTaskThread "GC Thread#4" [stack: 0x00000055b7a00000,0x00000055b7b00000] [id=21580]
  0x0000019effb0a5f0 GCTaskThread "GC Thread#5" [stack: 0x00000055b7b00000,0x00000055b7c00000] [id=7956]
  0x0000019e800de6e0 GCTaskThread "GC Thread#6" [stack: 0x00000055b7d00000,0x00000055b7e00000] [id=22616]
  0x0000019e804c6040 GCTaskThread "GC Thread#7" [stack: 0x00000055b7f00000,0x00000055b8000000] [id=7412]
  0x0000019e80511d20 GCTaskThread "GC Thread#8" [stack: 0x00000055b8000000,0x00000055b8100000] [id=31472]
  0x0000019e80511fe0 GCTaskThread "GC Thread#9" [stack: 0x00000055b8100000,0x00000055b8200000] [id=23256]
  0x0000019ea3020550 ConcurrentGCThread "G1 Main Marker" [stack: 0x00000055b6400000,0x00000055b6500000] [id=12012]
  0x0000019ea3020f60 ConcurrentGCThread "G1 Conc#0" [stack: 0x00000055b6500000,0x00000055b6600000] [id=7672]
  0x0000019e80881110 ConcurrentGCThread "G1 Conc#1" [stack: 0x00000055b7c00000,0x00000055b7d00000] [id=17144]
  0x0000019e808813d0 ConcurrentGCThread "G1 Conc#2" [stack: 0x00000055b7e00000,0x00000055b7f00000] [id=1928]
  0x0000019eb9c26370 ConcurrentGCThread "G1 Refine#0" [stack: 0x00000055b6600000,0x00000055b6700000] [id=16360]
  0x0000019eb9c27c50 ConcurrentGCThread "G1 Service" [stack: 0x00000055b6700000,0x00000055b6800000] [id=12132]

Threads with active compile tasks:
C1 CompilerThread1    21537 6117       1       io.netty.util.internal.shaded.org.jctools.util.UnsafeRefArrayAccess::lvRefElement (9 bytes)

VM state: not at safepoint (normal execution)

VM Mutex/Monitor currently owned by a thread: None

Heap address: 0x0000000704400000, size: 4028 MB, Compressed Oops mode: Zero based, Oop shift amount: 3

CDS archive(s) mapped at: [0x0000019eba000000-0x0000019ebabd0000-0x0000019ebabd0000), size 12386304, SharedBaseAddress: 0x0000019eba000000, ArchiveRelocationMode: 1.
Compressed class space mapped at: 0x0000019ebb000000-0x0000019efb000000, reserved size: 1073741824
Narrow klass base: 0x0000019eba000000, Narrow klass shift: 0, Narrow klass range: 0x100000000

GC Precious Log:
 CPUs: 12 total, 12 available
 Memory: 16108M
 Large Page Support: Disabled
 NUMA Support: Disabled
 Compressed Oops: Enabled (Zero based)
 Heap Region Size: 2M
 Heap Min Capacity: 8M
 Heap Initial Capacity: 252M
 Heap Max Capacity: 4028M
 Pre-touch: Disabled
 Parallel Workers: 10
 Concurrent Workers: 3
 Concurrent Refinement Workers: 10
 Periodic GC: Disabled

Heap:
 garbage-first heap   total 161792K, used 62315K [0x0000000704400000, 0x0000000800000000)
  region size 2048K, 18 young (36864K), 3 survivors (6144K)
 Metaspace       used 57748K, committed 58368K, reserved 1114112K
  class space    used 8286K, committed 8576K, reserved 1048576K

Heap Regions: E=young(eden), S=young(survivor), O=old, HS=humongous(starts), HC=humongous(continues), CS=collection set, F=free, OA=open archive, CA=closed archive, TAMS=top-at-mark-start (previous, next)
|   0|0x0000000704400000, 0x0000000704600000, 0x0000000704600000|100%| O|  |TAMS 0x0000000704600000, 0x0000000704400000| Untracked 
|   1|0x0000000704600000, 0x0000000704800000, 0x0000000704800000|100%| O|  |TAMS 0x0000000704800000, 0x0000000704600000| Untracked 
|   2|0x0000000704800000, 0x0000000704a00000, 0x0000000704a00000|100%| O|  |TAMS 0x0000000704a00000, 0x0000000704800000| Untracked 
|   3|0x0000000704a00000, 0x0000000704c00000, 0x0000000704c00000|100%| O|  |TAMS 0x0000000704a00000, 0x0000000704a00000| Untracked 
|   4|0x0000000704c00000, 0x0000000704e00000, 0x0000000704e00000|100%| O|  |TAMS 0x0000000704e00000, 0x0000000704c00000| Untracked 
|   5|0x0000000704e00000, 0x0000000705000000, 0x0000000705000000|100%| O|  |TAMS 0x0000000705000000, 0x0000000704e00000| Untracked 
|   6|0x0000000705000000, 0x0000000705200000, 0x0000000705200000|100%| O|  |TAMS 0x0000000705200000, 0x0000000705000000| Untracked 
|   7|0x0000000705200000, 0x0000000705400000, 0x0000000705400000|100%| O|  |TAMS 0x0000000705400000, 0x0000000705200000| Untracked 
|   8|0x0000000705400000, 0x0000000705600000, 0x0000000705600000|100%| O|  |TAMS 0x0000000705600000, 0x0000000705400000| Untracked 
|   9|0x0000000705600000, 0x0000000705800000, 0x0000000705800000|100%| O|  |TAMS 0x0000000705600000, 0x0000000705600000| Untracked 
|  10|0x0000000705800000, 0x0000000705a00000, 0x0000000705a00000|100%| O|  |TAMS 0x0000000705800000, 0x0000000705800000| Untracked 
|  11|0x0000000705a00000, 0x0000000705c00000, 0x0000000705c00000|100%| O|  |TAMS 0x0000000705a00000, 0x0000000705a00000| Untracked 
|  12|0x0000000705c00000, 0x0000000705e00000, 0x0000000705e00000|100%| O|  |TAMS 0x0000000705c00000, 0x0000000705c00000| Untracked 
|  13|0x0000000705e00000, 0x0000000706000000, 0x0000000706000000|100%| O|  |TAMS 0x0000000705e00000, 0x0000000705e00000| Untracked 
|  14|0x0000000706000000, 0x0000000706002400, 0x0000000706200000|  0%| O|  |TAMS 0x0000000706000000, 0x0000000706000000| Untracked 
|  15|0x0000000706200000, 0x0000000706200000, 0x0000000706400000|  0%| F|  |TAMS 0x0000000706200000, 0x0000000706200000| Untracked 
|  16|0x0000000706400000, 0x0000000706400000, 0x0000000706600000|  0%| F|  |TAMS 0x0000000706400000, 0x0000000706400000| Untracked 
|  17|0x0000000706600000, 0x0000000706600000, 0x0000000706800000|  0%| F|  |TAMS 0x0000000706600000, 0x0000000706600000| Untracked 
|  18|0x0000000706800000, 0x0000000706800000, 0x0000000706a00000|  0%| F|  |TAMS 0x0000000706800000, 0x0000000706800000| Untracked 
|  19|0x0000000706a00000, 0x0000000706a00000, 0x0000000706c00000|  0%| F|  |TAMS 0x0000000706a00000, 0x0000000706a00000| Untracked 
|  20|0x0000000706c00000, 0x0000000706c00000, 0x0000000706e00000|  0%| F|  |TAMS 0x0000000706c00000, 0x0000000706c00000| Untracked 
|  21|0x0000000706e00000, 0x0000000706e00000, 0x0000000707000000|  0%| F|  |TAMS 0x0000000706e00000, 0x0000000706e00000| Untracked 
|  22|0x0000000707000000, 0x00000007070d8a10, 0x0000000707200000| 42%| S|CS|TAMS 0x0000000707000000, 0x0000000707000000| Complete 
|  23|0x0000000707200000, 0x0000000707400000, 0x0000000707400000|100%| S|CS|TAMS 0x0000000707200000, 0x0000000707200000| Complete 
|  24|0x0000000707400000, 0x0000000707400000, 0x0000000707600000|  0%| F|  |TAMS 0x0000000707400000, 0x0000000707400000| Untracked 
|  25|0x0000000707600000, 0x0000000707800000, 0x0000000707800000|100%| S|CS|TAMS 0x0000000707600000, 0x0000000707600000| Complete 
|  26|0x0000000707800000, 0x0000000707800000, 0x0000000707a00000|  0%| F|  |TAMS 0x0000000707800000, 0x0000000707800000| Untracked 
|  27|0x0000000707a00000, 0x0000000707a00000, 0x0000000707c00000|  0%| F|  |TAMS 0x0000000707a00000, 0x0000000707a00000| Untracked 
|  28|0x0000000707c00000, 0x0000000707c00000, 0x0000000707e00000|  0%| F|  |TAMS 0x0000000707c00000, 0x0000000707c00000| Untracked 
|  29|0x0000000707e00000, 0x0000000707e00000, 0x0000000708000000|  0%| F|  |TAMS 0x0000000707e00000, 0x0000000707e00000| Untracked 
|  30|0x0000000708000000, 0x0000000708000000, 0x0000000708200000|  0%| F|  |TAMS 0x0000000708000000, 0x0000000708000000| Untracked 
|  31|0x0000000708200000, 0x0000000708200000, 0x0000000708400000|  0%| F|  |TAMS 0x0000000708200000, 0x0000000708200000| Untracked 
|  32|0x0000000708400000, 0x0000000708400000, 0x0000000708600000|  0%| F|  |TAMS 0x0000000708400000, 0x0000000708400000| Untracked 
|  33|0x0000000708600000, 0x0000000708600000, 0x0000000708800000|  0%| F|  |TAMS 0x0000000708600000, 0x0000000708600000| Untracked 
|  34|0x0000000708800000, 0x0000000708800000, 0x0000000708a00000|  0%| F|  |TAMS 0x0000000708800000, 0x0000000708800000| Untracked 
|  35|0x0000000708a00000, 0x0000000708a00000, 0x0000000708c00000|  0%| F|  |TAMS 0x0000000708a00000, 0x0000000708a00000| Untracked 
|  36|0x0000000708c00000, 0x0000000708c00000, 0x0000000708e00000|  0%| F|  |TAMS 0x0000000708c00000, 0x0000000708c00000| Untracked 
|  37|0x0000000708e00000, 0x0000000708e00000, 0x0000000709000000|  0%| F|  |TAMS 0x0000000708e00000, 0x0000000708e00000| Untracked 
|  38|0x0000000709000000, 0x0000000709000000, 0x0000000709200000|  0%| F|  |TAMS 0x0000000709000000, 0x0000000709000000| Untracked 
|  39|0x0000000709200000, 0x0000000709200000, 0x0000000709400000|  0%| F|  |TAMS 0x0000000709200000, 0x0000000709200000| Untracked 
|  40|0x0000000709400000, 0x0000000709400000, 0x0000000709600000|  0%| F|  |TAMS 0x0000000709400000, 0x0000000709400000| Untracked 
|  41|0x0000000709600000, 0x0000000709600000, 0x0000000709800000|  0%| F|  |TAMS 0x0000000709600000, 0x0000000709600000| Untracked 
|  42|0x0000000709800000, 0x0000000709800000, 0x0000000709a00000|  0%| F|  |TAMS 0x0000000709800000, 0x0000000709800000| Untracked 
|  43|0x0000000709a00000, 0x0000000709a00000, 0x0000000709c00000|  0%| F|  |TAMS 0x0000000709a00000, 0x0000000709a00000| Untracked 
|  44|0x0000000709c00000, 0x0000000709c00000, 0x0000000709e00000|  0%| F|  |TAMS 0x0000000709c00000, 0x0000000709c00000| Untracked 
|  45|0x0000000709e00000, 0x0000000709e00000, 0x000000070a000000|  0%| F|  |TAMS 0x0000000709e00000, 0x0000000709e00000| Untracked 
|  46|0x000000070a000000, 0x000000070a000000, 0x000000070a200000|  0%| F|  |TAMS 0x000000070a000000, 0x000000070a000000| Untracked 
|  47|0x000000070a200000, 0x000000070a200000, 0x000000070a400000|  0%| F|  |TAMS 0x000000070a200000, 0x000000070a200000| Untracked 
|  48|0x000000070a400000, 0x000000070a400000, 0x000000070a600000|  0%| F|  |TAMS 0x000000070a400000, 0x000000070a400000| Untracked 
|  49|0x000000070a600000, 0x000000070a600000, 0x000000070a800000|  0%| F|  |TAMS 0x000000070a600000, 0x000000070a600000| Untracked 
|  50|0x000000070a800000, 0x000000070a800000, 0x000000070aa00000|  0%| F|  |TAMS 0x000000070a800000, 0x000000070a800000| Untracked 
|  51|0x000000070aa00000, 0x000000070aa00000, 0x000000070ac00000|  0%| F|  |TAMS 0x000000070aa00000, 0x000000070aa00000| Untracked 
|  52|0x000000070ac00000, 0x000000070ac00000, 0x000000070ae00000|  0%| F|  |TAMS 0x000000070ac00000, 0x000000070ac00000| Untracked 
|  53|0x000000070ae00000, 0x000000070ae00000, 0x000000070b000000|  0%| F|  |TAMS 0x000000070ae00000, 0x000000070ae00000| Untracked 
|  54|0x000000070b000000, 0x000000070b000000, 0x000000070b200000|  0%| F|  |TAMS 0x000000070b000000, 0x000000070b000000| Untracked 
|  55|0x000000070b200000, 0x000000070b200000, 0x000000070b400000|  0%| F|  |TAMS 0x000000070b200000, 0x000000070b200000| Untracked 
|  56|0x000000070b400000, 0x000000070b400000, 0x000000070b600000|  0%| F|  |TAMS 0x000000070b400000, 0x000000070b400000| Untracked 
|  57|0x000000070b600000, 0x000000070b600000, 0x000000070b800000|  0%| F|  |TAMS 0x000000070b600000, 0x000000070b600000| Untracked 
|  58|0x000000070b800000, 0x000000070b800000, 0x000000070ba00000|  0%| F|  |TAMS 0x000000070b800000, 0x000000070b800000| Untracked 
|  59|0x000000070ba00000, 0x000000070ba00000, 0x000000070bc00000|  0%| F|  |TAMS 0x000000070ba00000, 0x000000070ba00000| Untracked 
|  60|0x000000070bc00000, 0x000000070bc00000, 0x000000070be00000|  0%| F|  |TAMS 0x000000070bc00000, 0x000000070bc00000| Untracked 
|  61|0x000000070be00000, 0x000000070be00000, 0x000000070c000000|  0%| F|  |TAMS 0x000000070be00000, 0x000000070be00000| Untracked 
|  62|0x000000070c000000, 0x000000070c000000, 0x000000070c200000|  0%| F|  |TAMS 0x000000070c000000, 0x000000070c000000| Untracked 
|  63|0x000000070c200000, 0x000000070c200000, 0x000000070c400000|  0%| F|  |TAMS 0x000000070c200000, 0x000000070c200000| Untracked 
|  64|0x000000070c400000, 0x000000070c4cfad8, 0x000000070c600000| 40%| E|  |TAMS 0x000000070c400000, 0x000000070c400000| Complete 
|  65|0x000000070c600000, 0x000000070c800000, 0x000000070c800000|100%| E|CS|TAMS 0x000000070c600000, 0x000000070c600000| Complete 
|  66|0x000000070c800000, 0x000000070ca00000, 0x000000070ca00000|100%| E|CS|TAMS 0x000000070c800000, 0x000000070c800000| Complete 
|  67|0x000000070ca00000, 0x000000070cc00000, 0x000000070cc00000|100%| E|CS|TAMS 0x000000070ca00000, 0x000000070ca00000| Complete 
|  68|0x000000070cc00000, 0x000000070ce00000, 0x000000070ce00000|100%| E|CS|TAMS 0x000000070cc00000, 0x000000070cc00000| Complete 
|  69|0x000000070ce00000, 0x000000070d000000, 0x000000070d000000|100%| E|CS|TAMS 0x000000070ce00000, 0x000000070ce00000| Complete 
|  70|0x000000070d000000, 0x000000070d200000, 0x000000070d200000|100%| E|CS|TAMS 0x000000070d000000, 0x000000070d000000| Complete 
|  71|0x000000070d200000, 0x000000070d400000, 0x000000070d400000|100%| E|CS|TAMS 0x000000070d200000, 0x000000070d200000| Complete 
|  72|0x000000070d400000, 0x000000070d600000, 0x000000070d600000|100%| E|CS|TAMS 0x000000070d400000, 0x000000070d400000| Complete 
|  73|0x000000070d600000, 0x000000070d800000, 0x000000070d800000|100%| E|CS|TAMS 0x000000070d600000, 0x000000070d600000| Complete 
|  74|0x000000070d800000, 0x000000070da00000, 0x000000070da00000|100%| E|CS|TAMS 0x000000070d800000, 0x000000070d800000| Complete 
|  75|0x000000070da00000, 0x000000070dc00000, 0x000000070dc00000|100%| E|CS|TAMS 0x000000070da00000, 0x000000070da00000| Complete 
|  76|0x000000070dc00000, 0x000000070de00000, 0x000000070de00000|100%| E|CS|TAMS 0x000000070dc00000, 0x000000070dc00000| Complete 
|  77|0x000000070de00000, 0x000000070e000000, 0x000000070e000000|100%| E|CS|TAMS 0x000000070de00000, 0x000000070de00000| Complete 
| 125|0x0000000713e00000, 0x0000000714000000, 0x0000000714000000|100%| E|CS|TAMS 0x0000000713e00000, 0x0000000713e00000| Complete 

Card table byte_map: [0x0000019eae350000,0x0000019eaeb30000] _byte_map_base: 0x0000019eaab2e000

Marking Bits (Prev, Next): (CMBitMap*) 0x0000019ea3010060, (CMBitMap*) 0x0000019ea30100a0
 Prev Bits: [0x0000019eaf310000, 0x0000019eb3200000)
 Next Bits: [0x0000019eb3200000, 0x0000019eb70f0000)

Polling page: 0x0000019ea0e00000

Metaspace:

Usage:
  Non-class:     48.30 MB used.
      Class:      8.09 MB used.
       Both:     56.39 MB used.

Virtual space:
  Non-class space:       64.00 MB reserved,      48.62 MB ( 76%) committed,  1 nodes.
      Class space:        1.00 GB reserved,       8.38 MB ( <1%) committed,  1 nodes.
             Both:        1.06 GB reserved,      57.00 MB (  5%) committed. 

Chunk freelists:
   Non-Class:  15.34 MB
       Class:  7.48 MB
        Both:  22.83 MB

MaxMetaspaceSize: unlimited
CompressedClassSpaceSize: 1.00 GB
Initial GC threshold: 21.00 MB
Current GC threshold: 58.75 MB
CDS: on
MetaspaceReclaimPolicy: balanced
 - commit_granule_bytes: 65536.
 - commit_granule_words: 8192.
 - virtual_space_node_default_size: 8388608.
 - enlarge_chunks_in_place: 1.
 - new_chunks_are_fully_committed: 0.
 - uncommit_free_chunks: 1.
 - use_allocation_guard: 0.
 - handle_deallocations: 1.


Internal statistics:

num_allocs_failed_limit: 6.
num_arena_births: 764.
num_arena_deaths: 0.
num_vsnodes_births: 2.
num_vsnodes_deaths: 0.
num_space_committed: 912.
num_space_uncommitted: 0.
num_chunks_returned_to_freelist: 6.
num_chunks_taken_from_freelist: 2917.
num_chunk_merges: 6.
num_chunk_splits: 2007.
num_chunks_enlarged: 1517.
num_inconsistent_stats: 0.

CodeCache: size=49152Kb used=11640Kb max_used=12739Kb free=37511Kb
 bounds [0x0000019eaa840000, 0x0000019eab4c0000, 0x0000019ead840000]
 total_blobs=6742 nmethods=6117 adapters=551
 compilation: enabled
              stopped_count=0, restarted_count=0
 full_count=0

Compilation events (20 events):
Event: 19.378 Thread 0x0000019eb9d5f630 nmethod 6107 0x0000019eaaaf1f90 code [0x0000019eaaaf2120, 0x0000019eaaaf21f8]
Event: 19.472 Thread 0x0000019eb9d5f630 6109       1       io.netty.util.HashedWheelTimer::access$400 (5 bytes)
Event: 19.472 Thread 0x0000019eff00cc10 6110       1       io.netty.util.HashedWheelTimer::access$1000 (5 bytes)
Event: 19.472 Thread 0x0000019eff00cc10 nmethod 6110 0x0000019eaaaf1c90 code [0x0000019eaaaf1e20, 0x0000019eaaaf1ed8]
Event: 19.472 Thread 0x0000019eb9d5f630 nmethod 6109 0x0000019eaaaf1990 code [0x0000019eaaaf1b20, 0x0000019eaaaf1bd8]
Event: 19.472 Thread 0x0000019eff00cc10 6111       1       io.netty.util.HashedWheelTimer::access$500 (5 bytes)
Event: 19.473 Thread 0x0000019eff00cc10 nmethod 6111 0x0000019eaaaf1690 code [0x0000019eaaaf1820, 0x0000019eaaaf18d8]
Event: 19.473 Thread 0x0000019eb9d5f630 6112       1       io.netty.util.HashedWheelTimer::access$700 (5 bytes)
Event: 19.473 Thread 0x0000019eb9d5f630 nmethod 6112 0x0000019eaaaf1390 code [0x0000019eaaaf1520, 0x0000019eaaaf15d8]
Event: 19.473 Thread 0x0000019eb9d5f630 6113       1       io.netty.util.internal.shaded.org.jctools.queues.MpscUnboundedArrayQueue::poll (5 bytes)
Event: 19.473 Thread 0x0000019eff00cc10 6114       1       io.netty.util.internal.shaded.org.jctools.queues.BaseMpscLinkedArrayQueue::poll (115 bytes)
Event: 19.473 Thread 0x0000019eb9d5f630 nmethod 6113 0x0000019eaaaf1090 code [0x0000019eaaaf1220, 0x0000019eaaaf1308]
Event: 19.473 Thread 0x0000019eb9d5f630 6115       1       io.netty.util.internal.shaded.org.jctools.queues.BaseMpscLinkedArrayQueueConsumerFields::lpConsumerIndex (11 bytes)
Event: 19.473 Thread 0x0000019eb9d5f630 nmethod 6115 0x0000019eaaaf0d90 code [0x0000019eaaaf0f20, 0x0000019eaaaf0ff8]
Event: 19.473 Thread 0x0000019eb9d5f630 6116       1       io.netty.util.internal.shaded.org.jctools.queues.LinkedArrayQueueUtil::modifiedCalcCircularRefElementOffset (14 bytes)
Event: 19.473 Thread 0x0000019eb9d5f630 nmethod 6116 0x0000019eaaaf0a90 code [0x0000019eaaaf0c20, 0x0000019eaaaf0cd8]
Event: 19.473 Thread 0x0000019eb9d5f630 6117       1       io.netty.util.internal.shaded.org.jctools.util.UnsafeRefArrayAccess::lvRefElement (9 bytes)
Event: 21.488 Thread 0x0000019eff00cc10 nmethod 6114 0x0000019eaaaf0410 code [0x0000019eaaaf05e0, 0x0000019eaaaf0998]
Event: 21.488 Thread 0x0000019eff00cc10 6118       1       sun.misc.Unsafe::getObjectVolatile (9 bytes)
Event: 21.488 Thread 0x0000019eff00cc10 nmethod 6118 0x0000019eaaaf0090 code [0x0000019eaaaf0220, 0x0000019eaaaf0358]

GC Heap History (20 events):
Event: 3.481 GC heap before
{Heap before GC invocations=3 (full 0):
 garbage-first heap   total 258048K, used 52353K [0x0000000704400000, 0x0000000800000000)
  region size 2048K, 23 young (47104K), 3 survivors (6144K)
 Metaspace       used 21221K, committed 21504K, reserved 1114112K
  class space    used 2939K, committed 3072K, reserved 1048576K
}
Event: 3.486 GC heap after
{Heap after GC invocations=4 (full 0):
 garbage-first heap   total 258048K, used 15862K [0x0000000704400000, 0x0000000800000000)
  region size 2048K, 5 young (10240K), 5 survivors (10240K)
 Metaspace       used 21221K, committed 21504K, reserved 1114112K
  class space    used 2939K, committed 3072K, reserved 1048576K
}
Event: 4.138 GC heap before
{Heap before GC invocations=5 (full 0):
 garbage-first heap   total 69632K, used 46582K [0x0000000704400000, 0x0000000800000000)
  region size 2048K, 20 young (40960K), 5 survivors (10240K)
 Metaspace       used 24998K, committed 25344K, reserved 1114112K
  class space    used 3542K, committed 3712K, reserved 1048576K
}
Event: 4.145 GC heap after
{Heap after GC invocations=6 (full 0):
 garbage-first heap   total 69632K, used 17532K [0x0000000704400000, 0x0000000800000000)
  region size 2048K, 3 young (6144K), 3 survivors (6144K)
 Metaspace       used 24998K, committed 25344K, reserved 1114112K
  class space    used 3542K, committed 3712K, reserved 1048576K
}
Event: 4.188 GC heap before
{Heap before GC invocations=6 (full 0):
 garbage-first heap   total 69632K, used 19580K [0x0000000704400000, 0x0000000800000000)
  region size 2048K, 4 young (8192K), 3 survivors (6144K)
 Metaspace       used 25135K, committed 25472K, reserved 1114112K
  class space    used 3570K, committed 3712K, reserved 1048576K
}
Event: 4.195 GC heap after
{Heap after GC invocations=7 (full 0):
 garbage-first heap   total 69632K, used 17857K [0x0000000704400000, 0x0000000800000000)
  region size 2048K, 1 young (2048K), 1 survivors (2048K)
 Metaspace       used 25135K, committed 25472K, reserved 1114112K
  class space    used 3570K, committed 3712K, reserved 1048576K
}
Event: 4.704 GC heap before
{Heap before GC invocations=7 (full 0):
 garbage-first heap   total 69632K, used 44481K [0x0000000704400000, 0x0000000800000000)
  region size 2048K, 15 young (30720K), 1 survivors (2048K)
 Metaspace       used 29056K, committed 29504K, reserved 1114112K
  class space    used 4173K, committed 4416K, reserved 1048576K
}
Event: 4.713 GC heap after
{Heap after GC invocations=8 (full 0):
 garbage-first heap   total 106496K, used 19589K [0x0000000704400000, 0x0000000800000000)
  region size 2048K, 2 young (4096K), 2 survivors (4096K)
 Metaspace       used 29056K, committed 29504K, reserved 1114112K
  class space    used 4173K, committed 4416K, reserved 1048576K
}
Event: 5.661 GC heap before
{Heap before GC invocations=8 (full 0):
 garbage-first heap   total 106496K, used 54405K [0x0000000704400000, 0x0000000800000000)
  region size 2048K, 20 young (40960K), 2 survivors (4096K)
 Metaspace       used 35550K, committed 35968K, reserved 1114112K
  class space    used 5057K, committed 5248K, reserved 1048576K
}
Event: 5.672 GC heap after
{Heap after GC invocations=9 (full 0):
 garbage-first heap   total 106496K, used 21426K [0x0000000704400000, 0x0000000800000000)
  region size 2048K, 3 young (6144K), 3 survivors (6144K)
 Metaspace       used 35550K, committed 35968K, reserved 1114112K
  class space    used 5057K, committed 5248K, reserved 1048576K
}
Event: 6.329 GC heap before
{Heap before GC invocations=10 (full 0):
 garbage-first heap   total 90112K, used 66482K [0x0000000704400000, 0x0000000800000000)
  region size 2048K, 26 young (53248K), 3 survivors (6144K)
 Metaspace       used 43420K, committed 43904K, reserved 1114112K
  class space    used 6190K, committed 6400K, reserved 1048576K
}
Event: 6.339 GC heap after
{Heap after GC invocations=11 (full 0):
 garbage-first heap   total 90112K, used 26895K [0x0000000704400000, 0x0000000800000000)
  region size 2048K, 4 young (8192K), 4 survivors (8192K)
 Metaspace       used 43420K, committed 43904K, reserved 1114112K
  class space    used 6190K, committed 6400K, reserved 1048576K
}
Event: 6.362 GC heap before
{Heap before GC invocations=11 (full 0):
 garbage-first heap   total 90112K, used 28943K [0x0000000704400000, 0x0000000800000000)
  region size 2048K, 5 young (10240K), 4 survivors (8192K)
 Metaspace       used 43641K, committed 44160K, reserved 1114112K
  class space    used 6219K, committed 6464K, reserved 1048576K
}
Event: 6.369 GC heap after
{Heap after GC invocations=12 (full 0):
 garbage-first heap   total 90112K, used 26778K [0x0000000704400000, 0x0000000800000000)
  region size 2048K, 1 young (2048K), 1 survivors (2048K)
 Metaspace       used 43641K, committed 44160K, reserved 1114112K
  class space    used 6219K, committed 6464K, reserved 1048576K
}
Event: 6.904 GC heap before
{Heap before GC invocations=12 (full 0):
 garbage-first heap   total 90112K, used 65690K [0x0000000704400000, 0x0000000800000000)
  region size 2048K, 20 young (40960K), 1 survivors (2048K)
 Metaspace       used 49645K, committed 50176K, reserved 1114112K
  class space    used 7042K, committed 7296K, reserved 1048576K
}
Event: 6.909 GC heap after
{Heap after GC invocations=13 (full 0):
 garbage-first heap   total 90112K, used 29047K [0x0000000704400000, 0x0000000800000000)
  region size 2048K, 2 young (4096K), 2 survivors (4096K)
 Metaspace       used 49645K, committed 50176K, reserved 1114112K
  class space    used 7042K, committed 7296K, reserved 1048576K
}
Event: 7.407 GC heap before
{Heap before GC invocations=13 (full 0):
 garbage-first heap   total 90112K, used 67959K [0x0000000704400000, 0x0000000800000000)
  region size 2048K, 21 young (43008K), 2 survivors (4096K)
 Metaspace       used 52668K, committed 53184K, reserved 1114112K
  class space    used 7530K, committed 7744K, reserved 1048576K
}
Event: 7.417 GC heap after
{Heap after GC invocations=14 (full 0):
 garbage-first heap   total 90112K, used 31220K [0x0000000704400000, 0x0000000800000000)
  region size 2048K, 3 young (6144K), 3 survivors (6144K)
 Metaspace       used 52668K, committed 53184K, reserved 1114112K
  class space    used 7530K, committed 7744K, reserved 1048576K
}
Event: 7.946 GC heap before
{Heap before GC invocations=14 (full 0):
 garbage-first heap   total 90112K, used 68084K [0x0000000704400000, 0x0000000800000000)
  region size 2048K, 21 young (43008K), 3 survivors (6144K)
 Metaspace       used 55362K, committed 55808K, reserved 1114112K
  class space    used 7940K, committed 8128K, reserved 1048576K
}
Event: 7.954 GC heap after
{Heap after GC invocations=15 (full 0):
 garbage-first heap   total 161792K, used 33643K [0x0000000704400000, 0x0000000800000000)
  region size 2048K, 3 young (6144K), 3 survivors (6144K)
 Metaspace       used 55362K, committed 55808K, reserved 1114112K
  class space    used 7940K, committed 8128K, reserved 1048576K
}

Deoptimization events (4 events):
Event: 6.210 Thread 0x0000019ea2f99da0 DEOPT PACKING pc=0x0000019eaadc0209 sp=0x00000055b62febe0
Event: 6.210 Thread 0x0000019ea2f99da0 DEOPT UNPACKING pc=0x0000019eaa892b43 sp=0x00000055b62fe070 mode 3
Event: 6.210 Thread 0x0000019eff011ad0 DEOPT PACKING pc=0x0000019eaadb929f sp=0x00000055b8afed20
Event: 6.210 Thread 0x0000019eff011ad0 DEOPT UNPACKING pc=0x0000019eaa892b43 sp=0x00000055b8afe178 mode 3

Classes unloaded (0 events):
No events

Classes redefined (0 events):
No events

Internal exceptions (20 events):
Event: 6.585 Thread 0x0000019e80fc46e0 Exception <a 'java/lang/reflect/InvocationTargetException'{0x000000070898d3c0}> (0x000000070898d3c0) 
thrown [s\open\src\hotspot\share\runtime\reflection.cpp, line 1121]
Event: 6.587 Thread 0x0000019eff0115c0 Exception <a 'java/lang/NoSuchMethodError'{0x00000007089b6020}: 'void java.lang.invoke.DirectMethodHandle$Holder.invokeStatic(java.lang.Object, java.lang.Object, long)'> (0x00000007089b6020) 
thrown [s\open\src\hotspot\share\interpreter\linkResolver.cpp, line 759]
Event: 6.598 Thread 0x0000019e80fc5610 Exception <a 'java/lang/reflect/InvocationTargetException'{0x00000007089cd6a0}> (0x00000007089cd6a0) 
thrown [s\open\src\hotspot\share\runtime\reflection.cpp, line 1121]
Event: 6.721 Thread 0x0000019ea2f99da0 Exception <a 'java/lang/NoSuchMethodError'{0x00000007083fdaf0}: 'java.lang.Object java.lang.invoke.DirectMethodHandle$Holder.invokeStaticInit(java.lang.Object, long)'> (0x00000007083fdaf0) 
thrown [s\open\src\hotspot\share\interpreter\linkResolver.cpp, line 759]
Event: 6.859 Thread 0x0000019ea2f99da0 Exception <a 'java/io/FileNotFoundException'{0x0000000707669980}> (0x0000000707669980) 
thrown [s\open\src\hotspot\share\prims\jni.cpp, line 516]
Event: 6.860 Thread 0x0000019ea2f99da0 Exception <a 'java/io/FileNotFoundException'{0x00000007076752d0}> (0x00000007076752d0) 
thrown [s\open\src\hotspot\share\prims\jni.cpp, line 516]
Event: 6.874 Thread 0x0000019ea2f99da0 Exception <a 'java/lang/NoSuchMethodError'{0x0000000707780978}: 'int java.lang.invoke.DirectMethodHandle$Holder.invokeStaticInit(java.lang.Object, int, java.lang.Object, java.lang.Object, java.lang.Object, java.lang.Object)'> (0x0000000707780978) 
thrown [s\open\src\hotspot\share\interpreter\linkResolver.cpp, line 759]
Event: 6.966 Thread 0x0000019ea2f99da0 Exception <a 'java/lang/IncompatibleClassChangeError'{0x0000000709692ba8}: Found class java.lang.Object, but interface was expected> (0x0000000709692ba8) 
thrown [s\open\src\hotspot\share\interpreter\linkResolver.cpp, line 826]
Event: 6.966 Thread 0x0000019ea2f99da0 Exception <a 'java/lang/IncompatibleClassChangeError'{0x00000007096995c0}: Found class java.lang.Object, but interface was expected> (0x00000007096995c0) 
thrown [s\open\src\hotspot\share\interpreter\linkResolver.cpp, line 826]
Event: 6.966 Thread 0x0000019ea2f99da0 Exception <a 'java/lang/IncompatibleClassChangeError'{0x000000070969fc68}: Found class java.lang.Object, but interface was expected> (0x000000070969fc68) 
thrown [s\open\src\hotspot\share\interpreter\linkResolver.cpp, line 826]
Event: 6.970 Thread 0x0000019ea2f99da0 Exception <a 'java/lang/NoSuchMethodError'{0x0000000709728340}: 'void java.lang.invoke.DirectMethodHandle$Holder.invokeSpecialIFC(java.lang.Object, java.lang.Object, java.lang.Object, java.lang.Object)'> (0x0000000709728340) 
thrown [s\open\src\hotspot\share\interpreter\linkResolver.cpp, line 759]
Event: 6.984 Thread 0x0000019ea2f99da0 Exception <a 'java/lang/NoSuchMethodError'{0x000000070940f7e0}: 'void java.lang.invoke.DirectMethodHandle$Holder.invokeVirtual(java.lang.Object, java.lang.Object, long)'> (0x000000070940f7e0) 
thrown [s\open\src\hotspot\share\interpreter\linkResolver.cpp, line 759]
Event: 7.204 Thread 0x0000019ea2f99da0 Exception <a 'java/lang/NoSuchMethodError'{0x00000007082229a8}: 'void java.lang.invoke.DirectMethodHandle$Holder.invokeStatic(java.lang.Object, java.lang.Object, int)'> (0x00000007082229a8) 
thrown [s\open\src\hotspot\share\interpreter\linkResolver.cpp, line 759]
Event: 7.576 Thread 0x0000019ea2f99da0 Exception <a 'java/lang/IncompatibleClassChangeError'{0x00000007090cb2b8}: Found class java.lang.Object, but interface was expected> (0x00000007090cb2b8) 
thrown [s\open\src\hotspot\share\interpreter\linkResolver.cpp, line 826]
Event: 7.670 Thread 0x0000019ea2f99da0 Exception <a 'java/lang/NoSuchMethodError'{0x000000070887e5d0}: 'java.lang.Object java.lang.invoke.DirectMethodHandle$Holder.invokeStaticInit(java.lang.Object, java.lang.Object, java.lang.Object, java.lang.Object)'> (0x000000070887e5d0) 
thrown [s\open\src\hotspot\share\interpreter\linkResolver.cpp, line 759]
Event: 7.766 Thread 0x0000019ea2f99da0 Exception <a 'java/lang/NoSuchMethodError'{0x00000007085f02b8}: 'java.lang.Object java.lang.invoke.DirectMethodHandle$Holder.invokeInterface(java.lang.Object, java.lang.Object, java.lang.Object, java.lang.Object)'> (0x00000007085f02b8) 
thrown [s\open\src\hotspot\share\interpreter\linkResolver.cpp, line 759]
Event: 7.966 Thread 0x0000019ea2f99da0 Exception <a 'java/lang/NoSuchMethodError'{0x0000000713f20190}: 'java.lang.Object java.lang.invoke.Invokers$Holder.invoke_MT(java.lang.Object, java.lang.Object, java.lang.Object, java.lang.Object, java.lang.Object, java.lang.Object, java.lang.Object, java.lang.Object, java.lang.Object)'> (0x0000000713f20190) 
thrown [s\open\src\hotspot\share\interpreter\linkResolver.cpp, line 759]
Event: 8.195 Thread 0x0000019ea2f99da0 Exception <a 'java/lang/NoSuchMethodError'{0x000000070cb41c20}: 'void java.lang.invoke.DirectMethodHandle$Holder.invokeSpecial(java.lang.Object, java.lang.Object, long)'> (0x000000070cb41c20) 
thrown [s\open\src\hotspot\share\interpreter\linkResolver.cpp, line 759]
Event: 8.195 Thread 0x0000019ea2f99da0 Exception <a 'java/lang/NoSuchMethodError'{0x000000070cb4b868}: 'void java.lang.invoke.DirectMethodHandle$Holder.invokeSpecial(java.lang.Object, java.lang.Object, int)'> (0x000000070cb4b868) 
thrown [s\open\src\hotspot\share\interpreter\linkResolver.cpp, line 759]
Event: 8.200 Thread 0x0000019ea2f99da0 Exception <a 'java/lang/NoSuchMethodError'{0x000000070cbc82c8}: 'java.lang.Object java.lang.invoke.DirectMethodHandle$Holder.newInvokeSpecial(java.lang.Object, java.lang.Object, int, java.lang.Object, java.lang.Object)'> (0x000000070cbc82c8) 
thrown [s\open\src\hotspot\share\interpreter\linkResolver.cpp, line 759]

VM Operations (20 events):
Event: 7.407 Executing VM operation: G1CollectForAllocation
Event: 7.417 Executing VM operation: G1CollectForAllocation done
Event: 7.493 Executing VM operation: HandshakeAllThreads
Event: 7.493 Executing VM operation: HandshakeAllThreads done
Event: 7.493 Executing VM operation: HandshakeAllThreads
Event: 7.493 Executing VM operation: HandshakeAllThreads done
Event: 7.583 Executing VM operation: HandshakeAllThreads
Event: 7.583 Executing VM operation: HandshakeAllThreads done
Event: 7.917 Executing VM operation: HandshakeAllThreads
Event: 7.917 Executing VM operation: HandshakeAllThreads done
Event: 7.946 Executing VM operation: G1CollectForAllocation
Event: 7.954 Executing VM operation: G1CollectForAllocation done
Event: 8.091 Executing VM operation: HandshakeAllThreads
Event: 8.091 Executing VM operation: HandshakeAllThreads done
Event: 9.103 Executing VM operation: Cleanup
Event: 9.104 Executing VM operation: Cleanup done
Event: 17.180 Executing VM operation: Cleanup
Event: 17.180 Executing VM operation: Cleanup done
Event: 20.212 Executing VM operation: Cleanup
Event: 20.212 Executing VM operation: Cleanup done

Events (20 events):
Event: 8.226 loading class sun/nio/ch/SourceChannelImpl
Event: 8.226 loading class java/nio/channels/Pipe$SourceChannel
Event: 8.226 loading class java/nio/channels/Pipe$SourceChannel done
Event: 8.226 loading class sun/nio/ch/SourceChannelImpl done
Event: 8.226 loading class sun/nio/ch/SinkChannelImpl
Event: 8.226 loading class java/nio/channels/Pipe$SinkChannel
Event: 8.226 loading class java/nio/channels/Pipe$SinkChannel done
Event: 8.226 loading class sun/nio/ch/SinkChannelImpl done
Event: 8.227 Thread 0x0000019e8191ae40 Thread added: 0x0000019e8191ae40
Event: 8.228 loading class java/nio/channels/spi/AbstractSelector$1
Event: 8.228 loading class java/nio/channels/spi/AbstractSelector$1 done
Event: 8.230 Thread 0x0000019e819180b0 Thread added: 0x0000019e819180b0
Event: 8.231 loading class java/util/TreeMap$ValueSpliterator
Event: 8.231 loading class java/util/TreeMap$TreeMapSpliterator
Event: 8.231 loading class java/util/TreeMap$TreeMapSpliterator done
Event: 8.231 loading class java/util/TreeMap$ValueSpliterator done
Event: 11.371 Thread 0x0000019eff1b03f0 Thread exited: 0x0000019eff1b03f0
Event: 16.711 loading class java/util/concurrent/ConcurrentLinkedDeque$CLDSpliterator
Event: 16.712 loading class java/util/concurrent/ConcurrentLinkedDeque$CLDSpliterator done
Event: 18.246 Thread 0x0000019eff1ab310 Thread exited: 0x0000019eff1ab310


Dynamic libraries:
0x00007ff7a16b0000 - 0x00007ff7a16c0000 	C:\Program Files\Java\jdk-17\bin\java.exe
0x00007ffa10220000 - 0x00007ffa10487000 	C:\WINDOWS\SYSTEM32\ntdll.dll
0x00007ffa0e5a0000 - 0x00007ffa0e669000 	C:\WINDOWS\System32\KERNEL32.DLL
0x00007ffa0d370000 - 0x00007ffa0d75f000 	C:\WINDOWS\System32\KERNELBASE.dll
0x00007ffa0dad0000 - 0x00007ffa0dc1b000 	C:\WINDOWS\System32\ucrtbase.dll
0x00007ff9fb250000 - 0x00007ff9fb269000 	C:\Program Files\Java\jdk-17\bin\jli.dll
0x00007ff9fb1b0000 - 0x00007ff9fb1cb000 	C:\Program Files\Java\jdk-17\bin\VCRUNTIME140.dll
0x00007ffa0fd00000 - 0x00007ffa0fdb4000 	C:\WINDOWS\System32\ADVAPI32.dll
0x00007ffa0f960000 - 0x00007ffa0fa09000 	C:\WINDOWS\System32\msvcrt.dll
0x00007ffa100a0000 - 0x00007ffa10146000 	C:\WINDOWS\System32\sechost.dll
0x00007ffa0dfc0000 - 0x00007ffa0e0d8000 	C:\WINDOWS\System32\RPCRT4.dll
0x00007ffa0e1a0000 - 0x00007ffa0e365000 	C:\WINDOWS\System32\USER32.dll
0x00007ffa0daa0000 - 0x00007ffa0dac7000 	C:\WINDOWS\System32\win32u.dll
0x00007ff9ed350000 - 0x00007ff9ed5e3000 	C:\WINDOWS\WinSxS\amd64_microsoft.windows.common-controls_6595b64144ccf1df_6.0.26100.7309_none_3e05feeae336a044\COMCTL32.dll
0x00007ffa10070000 - 0x00007ffa1009b000 	C:\WINDOWS\System32\GDI32.dll
0x00007ffa0d970000 - 0x00007ffa0da9c000 	C:\WINDOWS\System32\gdi32full.dll
0x00007ffa0de60000 - 0x00007ffa0df03000 	C:\WINDOWS\System32\msvcp_win.dll
0x00007ff9eeef0000 - 0x00007ff9eeefb000 	C:\WINDOWS\SYSTEM32\VERSION.dll
0x00007ffa0e0e0000 - 0x00007ffa0e111000 	C:\WINDOWS\System32\IMM32.DLL
0x00007ff9fb100000 - 0x00007ff9fb10c000 	C:\Program Files\Java\jdk-17\bin\vcruntime140_1.dll
0x00007ff9de400000 - 0x00007ff9de48e000 	C:\Program Files\Java\jdk-17\bin\msvcp140.dll
0x00007ff956f20000 - 0x00007ff957b00000 	C:\Program Files\Java\jdk-17\bin\server\jvm.dll
0x00007ffa0f1f0000 - 0x00007ffa0f1f8000 	C:\WINDOWS\System32\PSAPI.DLL
0x00007ff9ed200000 - 0x00007ff9ed20a000 	C:\WINDOWS\SYSTEM32\WSOCK32.dll
0x00007ffa04f20000 - 0x00007ffa04f55000 	C:\WINDOWS\SYSTEM32\WINMM.dll
0x00007ffa0fff0000 - 0x00007ffa10064000 	C:\WINDOWS\System32\WS2_32.dll
0x00007ffa0c0f0000 - 0x00007ffa0c10b000 	C:\WINDOWS\SYSTEM32\kernel.appcore.dll
0x00007ff9fb0f0000 - 0x00007ff9fb0fa000 	C:\Program Files\Java\jdk-17\bin\jimage.dll
0x00007ffa0a2a0000 - 0x00007ffa0a4e2000 	C:\WINDOWS\SYSTEM32\DBGHELP.DLL
0x00007ffa0eb80000 - 0x00007ffa0ef05000 	C:\WINDOWS\System32\combase.dll
0x00007ffa0ef10000 - 0x00007ffa0efe6000 	C:\WINDOWS\System32\OLEAUT32.dll
0x00007ff9e7630000 - 0x00007ff9e766c000 	C:\WINDOWS\SYSTEM32\dbgcore.DLL
0x00007ffa0df10000 - 0x00007ffa0dfb5000 	C:\WINDOWS\System32\bcryptPrimitives.dll
0x00007ff9e7ca0000 - 0x00007ff9e7cc5000 	C:\Program Files\Java\jdk-17\bin\java.dll
0x00007ff9dd580000 - 0x00007ff9dd657000 	C:\Program Files\Java\jdk-17\bin\jsvml.dll
0x00007ffa0f200000 - 0x00007ffa0f953000 	C:\WINDOWS\System32\SHELL32.dll
0x00007ffa0d770000 - 0x00007ffa0d8da000 	C:\WINDOWS\System32\wintypes.dll
0x00007ffa0af30000 - 0x00007ffa0b78e000 	C:\WINDOWS\SYSTEM32\windows.storage.dll
0x00007ffa0fc00000 - 0x00007ffa0fcf5000 	C:\WINDOWS\System32\SHCORE.dll
0x00007ffa0e120000 - 0x00007ffa0e186000 	C:\WINDOWS\System32\shlwapi.dll
0x00007ffa0d290000 - 0x00007ffa0d2b9000 	C:\WINDOWS\SYSTEM32\profapi.dll
0x00007ff9faf50000 - 0x00007ff9faf69000 	C:\Program Files\Java\jdk-17\bin\net.dll
0x00007ffa03be0000 - 0x00007ffa03d08000 	C:\WINDOWS\SYSTEM32\WINHTTP.dll
0x00007ffa0c640000 - 0x00007ffa0c6ab000 	C:\WINDOWS\system32\mswsock.dll
0x00007ff9fad70000 - 0x00007ff9fad86000 	C:\Program Files\Java\jdk-17\bin\nio.dll
0x00007ff9f7090000 - 0x00007ff9f70a8000 	C:\Program Files\Java\jdk-17\bin\zip.dll
0x00007ff9fadc0000 - 0x00007ff9fadd0000 	C:\Program Files\Java\jdk-17\bin\verify.dll
0x00007ff9f7060000 - 0x00007ff9f706e000 	C:\Program Files\Java\jdk-17\bin\sunmscapi.dll
0x00007ffa0dc20000 - 0x00007ffa0dd97000 	C:\WINDOWS\System32\CRYPT32.dll
0x00007ffa0cb70000 - 0x00007ffa0cba0000 	C:\WINDOWS\SYSTEM32\ncrypt.dll
0x00007ffa0cb20000 - 0x00007ffa0cb5f000 	C:\WINDOWS\SYSTEM32\NTASN1.dll
0x00007ffa0c8d0000 - 0x00007ffa0c8eb000 	C:\WINDOWS\SYSTEM32\CRYPTSP.dll
0x00007ffa0c050000 - 0x00007ffa0c08a000 	C:\WINDOWS\system32\rsaenh.dll
0x00007ffa0c6f0000 - 0x00007ffa0c71b000 	C:\WINDOWS\SYSTEM32\USERENV.dll
0x00007ffa0d260000 - 0x00007ffa0d28a000 	C:\WINDOWS\SYSTEM32\bcrypt.dll
0x00007ffa0c8f0000 - 0x00007ffa0c8fc000 	C:\WINDOWS\SYSTEM32\CRYPTBASE.dll
0x00007ffa0bb20000 - 0x00007ffa0bb54000 	C:\WINDOWS\SYSTEM32\IPHLPAPI.DLL
0x00007ffa0eff0000 - 0x00007ffa0effa000 	C:\WINDOWS\System32\NSI.dll
0x00007ffa06ed0000 - 0x00007ffa06eee000 	C:\WINDOWS\SYSTEM32\dhcpcsvc6.DLL
0x00007ffa06ea0000 - 0x00007ffa06ec3000 	C:\WINDOWS\SYSTEM32\dhcpcsvc.DLL
0x00007ffa0bbc0000 - 0x00007ffa0bcec000 	C:\WINDOWS\SYSTEM32\DNSAPI.dll
0x00007ff9f6f50000 - 0x00007ff9f6f5a000 	C:\Program Files\Java\jdk-17\bin\management.dll
0x00007ff9f2610000 - 0x00007ff9f261b000 	C:\Program Files\Java\jdk-17\bin\management_ext.dll
0x00007ffa04c90000 - 0x00007ffa04c9b000 	C:\Windows\System32\rasadhlp.dll
0x00007ffa07810000 - 0x00007ffa07896000 	C:\WINDOWS\System32\fwpuclnt.dll
0x00007ff9f1060000 - 0x00007ff9f1068000 	C:\WINDOWS\system32\wshunix.dll

dbghelp: loaded successfully - version: 4.0.5 - missing functions: none
symbol engine: initialized successfully - sym options: 0x614 - pdb path: .;C:\Program Files\Java\jdk-17\bin;C:\WINDOWS\SYSTEM32;C:\WINDOWS\WinSxS\amd64_microsoft.windows.common-controls_6595b64144ccf1df_6.0.26100.7309_none_3e05feeae336a044;C:\Program Files\Java\jdk-17\bin\server

VM Arguments:
jvm_args: -XX:TieredStopAtLevel=1 
java_command: com.spring.codeamigosbackend.CodeAmigosBackendApplication
java_class_path (initial): C:\Users\sheta\Downloads\CodeAmigosProject\CodeAmigosProject\CodeAmigos--Backend-main\target\classes;C:\Users\sheta\.m2\repository\com\razorpay\razorpay-java\1.4.8\razorpay-java-1.4.8.jar;C:\Users\sheta\.m2\repository\org\json\json\20231013\json-20231013.jar;C:\Users\sheta\.m2\repository\com\squareup\okhttp3\okhttp\3.10.0\okhttp-3.10.0.jar;C:\Users\sheta\.m2\repository\com\squareup\okio\okio\1.14.0\okio-1.14.0.jar;C:\Users\sheta\.m2\repository\com\squareup\okhttp3\logging-interceptor\3.10.0\logging-interceptor-3.10.0.jar;C:\Users\sheta\.m2\repository\commons-codec\commons-codec\1.17.2\commons-codec-1.17.2.jar;C:\Users\sheta\.m2\repository\org\apache\commons\commons-text\1.3\commons-text-1.3.jar;C:\Users\sheta\.m2\repository\com\fasterxml\jackson\core\jackson-databind\2.15.2\jackson-databind-2.15.2.jar;C:\Users\sheta\.m2\repository\com\fasterxml\jackson\core\jackson-annotations\2.18.3\jackson-annotations-2.18.3.jar;C:\Users\sheta\.m2\repository\com\fasterxml\jackson\core\jackson-core\2.18.3\jackson-core-2.18.3.jar;C:\Users\sheta\.m2\repository\com\opencagedata\jopencage\2.2.2\jopencage-2.2.2.jar;C:\Users\sheta\.m2\repository\org\apache\httpcomponents\client5\httpclient5\5.4.3\httpclient5-5.4.3.jar;C:\Users\sheta\.m2\repository\org\apache\httpcomponents\core5\httpcore5-h2\5.3.4\httpcore5-h2-5.3.4.jar;C:\Users\sheta\.m2\repository\org\slf4j\slf4j-api\2.0.17\slf4j-api-2.0.17.jar;C:\Users\sheta\.m2\repository\com\google\genai\google-genai\0.4.0\google-genai-0.4.0.jar;C:\Users\sheta\.m2\repository\com\google\auth\google-auth-library-oauth2-http\1.30.1\google-auth-library-oauth2-http-1.30.1.jar;C:\Users\sheta\.m2\repository\com\google\auto\value\auto-value-annotations\1.11.0\auto-value-annotations-1.11.0.jar;C:\Users\sheta\.m2\repository\com\google\code\findbugs\jsr305\3.0.2\jsr305-3.0.2.jar;C:\Users\sheta\.m2\repository\com\google\auth\google-auth-library-credentials\1.30.1\google-auth-library-credentials-1.30.1.jar;C:\Users\sheta\.m2\reposito
Launcher Type: SUN_STANDARD

[Global flags]
     intx CICompilerCount                          = 4                                         {product} {ergonomic}
     uint ConcGCThreads                            = 3                                         {product} {ergonomic}
     uint G1ConcRefinementThreads                  = 10                                        {product} {ergonomic}
   size_t G1HeapRegionSize                         = 2097152                                   {product} {ergonomic}
    uintx GCDrainStackTargetSize                   = 64                                        {product} {ergonomic}
   size_t InitialHeapSize                          = 264241152                                 {product} {ergonomic}
   size_t MarkStackSize                            = 4194304                                   {product} {ergonomic}
   size_t MaxHeapSize                              = 4223664128                                {product} {ergonomic}
   size_t MaxNewSize                               = 2533359616                                {product} {ergonomic}
   size_t MinHeapDeltaBytes                        = 2097152                                   {product} {ergonomic}
   size_t MinHeapSize                              = 8388608                                   {product} {ergonomic}
    uintx NonProfiledCodeHeapSize                  = 0                                      {pd product} {ergonomic}
     bool ProfileInterpreter                       = false                                  {pd product} {command line}
    uintx ProfiledCodeHeapSize                     = 0                                      {pd product} {ergonomic}
   size_t SoftMaxHeapSize                          = 4223664128                             {manageable} {ergonomic}
     intx TieredStopAtLevel                        = 1                                         {product} {command line}
     bool UseCompressedClassPointers               = true                           {product lp64_product} {ergonomic}
     bool UseCompressedOops                        = true                           {product lp64_product} {ergonomic}
     bool UseG1GC                                  = true                                      {product} {ergonomic}
     bool UseLargePagesIndividualAllocation        = false                                  {pd product} {ergonomic}

Logging:
Log output configuration:
 #0: stdout all=warning uptime,level,tags
 #1: stderr all=off uptime,level,tags

Environment Variables:
PATH=C:\Program Files\Common Files\Oracle\Java\javapath;C:\WINDOWS\system32;C:\WINDOWS;C:\WINDOWS\System32\Wbem;C:\WINDOWS\System32\WindowsPowerShell\v1.0\;C:\WINDOWS\System32\OpenSSH\;C:\MinGW\bin;C:\Windows\System32\Wbem;C:\ProgramData\chocolatey\bin;C:\Program Files\nodejs;C:\Program Files\Git\cmd;E:\coding\PY;C:\Users\sheta\AppData\Local\Programs\Python\Python313;C:\Users\sheta\AppData\Local\Programs\Python\Python313\Scripts;C:\Program Files\Docker\Docker\resources\bin;C:\Program Files\cursor\resources\app\bin;C:\Program Files\MongoDB\Server\8.2;C:\Users\sheta\Downloads\flutter_windows_3.35.4-stable\flutter\bin;C:\Users\sheta\Downloads\apache-maven-3.9.11-bin\apache-maven-3.9.11\bin;C:\Program Files\MySQL\MySQL Server 8.0\bin;C:\Program Files\MySQL\MySQL Shell 8.0\bin\;C:\Users\sheta\AppData\Local\Programs\Python\Python313\Scripts\;C:\Users\sheta\AppData\Local\Programs\Python\Python313\;C:\Users\sheta\AppData\Local\Microsoft\WindowsApps;C:\Users\sheta\AppData\Local\Programs\Microsoft VS Code\bin;C:\Users\sheta\AppData\Roaming\npm;C:\Users\sheta\AppData\Local\Programs\mongosh\;C:\Users\sheta\AppData\Local\Programs\Antigravity\bin;C:\Users\sheta\AppData\Local\Programs\Qoder\bin;C:\Users\sheta\AppData\Local\GitHubDesktop\bin;c:\Users\sheta\.antigravity\extensions\vscjava.vscode-java-debug-0.58.5-universal\bundled\scripts\noConfigScripts
USERNAME=Darshan_Sheta
LANG=en_US.UTF-8
OS=Windows_NT
PROCESSOR_IDENTIFIER=Intel64 Family 6 Model 154 Stepping 4, GenuineIntel



---------------  S Y S T E M  ---------------

OS:
 Windows 11 , 64 bit Build 26100 (10.0.26100.7309)
OS uptime: 0 days 15:06 hours
Hyper-V role detected

CPU: total 12 (initial active 12) (6 cores per cpu, 2 threads per core) family 6 model 154 stepping 4 microcode 0x437, cx8, cmov, fxsr, ht, mmx, 3dnowpref, sse, sse2, sse3, ssse3, sse4.1, sse4.2, popcnt, lzcnt, tsc, tscinvbit, avx, avx2, aes, erms, clmul, bmi1, bmi2, adx, sha, fma, vzeroupper, clflush, clflushopt, clwb, hv

Memory: 4k page, system-wide physical 16108M (4041M free)
TotalPageFile size 16108M (AvailPageFile size 3M)
current process WorkingSet (physical memory assigned to process): 251M, peak: 253M
current process commit charge ("private bytes"): 342M, peak: 384M

vm_info: Java HotSpot(TM) 64-Bit Server VM (17.0.12+8-LTS-286) for windows-amd64 JRE (17.0.12+8-LTS-286), built on Jun  5 2024 06:46:59 by "mach5one" with MS VC++ 17.6 (VS2022)

END.
